2023-12-10 23:12:41,746 file.manager INFO 2.0.1
2023-12-10 23:12:41,746 file.manager INFO Copyright (C) 2003-2022, Noriaki Ando and OpenRTM development team,
2023-12-10 23:12:41,746 file.manager INFO   Intelligent Systems Research Institute, AIST,
2023-12-10 23:12:41,746 file.manager INFO Copyright (C) 2022, Noriaki Ando and OpenRTM development team,
2023-12-10 23:12:41,746 file.manager INFO   Industrial Cyber-Physical Research Center, AIST,
2023-12-10 23:12:41,746 file.manager INFO   All right reserved.
2023-12-10 23:12:41,746 file.manager INFO Manager starting.
2023-12-10 23:12:41,746 file.manager INFO Starting local logging.
2023-12-10 23:12:41,746 file.manager.namingmanager INFO NameServer connection succeeded: corba/localhost
2023-12-10 23:12:45,808 file.ManagerServant INFO Master manager not found
2023-12-10 23:12:45,808 file.LocalServiceAdmin INFO All the local services are enabled.
2023-12-10 23:12:45,808 file.manager INFO Component type conf file: airphoto_get.conf loaded.
2023-12-10 23:12:45,808 file.ec_base INFO setRate(1000000.000000) done
2023-12-10 23:12:45,808 file.ec_base INFO setRate(1000.000000) done
2023-12-10 23:12:45,808 file.rtobject INFO 1 execution context was created.
2023-12-10 23:12:45,823 file.rtobject INFO Initial active configuration set is default.
2023-12-10 23:12:59,928 file.ManagerServant INFO Master manager not found
2023-12-10 23:13:09,979 file.ManagerServant INFO Master manager not found
2023-12-10 23:13:20,059 file.ManagerServant INFO Master manager not found
2023-12-10 23:13:30,118 file.ManagerServant INFO Master manager not found
2023-12-10 23:13:40,209 file.ManagerServant INFO Master manager not found
2023-12-10 23:13:50,233 file.ManagerServant INFO Master manager not found
2023-12-10 23:14:00,252 file.ManagerServant INFO Master manager not found
2023-12-10 23:14:10,276 file.ManagerServant INFO Master manager not found
