2023-12-12 17:44:47,953 file.manager INFO 2.0.1
2023-12-12 17:44:47,953 file.manager INFO Copyright (C) 2003-2022, Noriaki Ando and OpenRTM development team,
2023-12-12 17:44:47,953 file.manager INFO   Intelligent Systems Research Institute, AIST,
2023-12-12 17:44:47,953 file.manager INFO Copyright (C) 2022, Noriaki Ando and OpenRTM development team,
2023-12-12 17:44:47,953 file.manager INFO   Industrial Cyber-Physical Research Center, AIST,
2023-12-12 17:44:47,953 file.manager INFO   All right reserved.
2023-12-12 17:44:47,953 file.manager INFO Manager starting.
2023-12-12 17:44:47,953 file.manager INFO Starting local logging.
2023-12-12 17:44:47,969 file.manager.namingmanager INFO NameServer connection succeeded: corba/localhost
2023-12-12 17:44:52,038 file.ManagerServant INFO Master manager not found
2023-12-12 17:44:52,038 file.LocalServiceAdmin INFO All the local services are enabled.
2023-12-12 17:44:52,038 file.manager INFO Component type conf file: airphoto_get.conf loaded.
2023-12-12 17:44:52,038 file.ec_base INFO setRate(1000000.000000) done
2023-12-12 17:44:52,038 file.ec_base INFO setRate(1000.000000) done
2023-12-12 17:44:52,038 file.rtobject INFO 1 execution context was created.
2023-12-12 17:44:52,050 file.rtobject INFO Initial active configuration set is default.
2023-12-12 17:45:06,185 file.ManagerServant INFO Master manager not found
2023-12-12 17:45:16,223 file.ManagerServant INFO Master manager not found
2023-12-12 17:45:26,301 file.ManagerServant INFO Master manager not found
2023-12-12 17:45:36,327 file.ManagerServant INFO Master manager not found
2023-12-12 17:45:46,342 file.ManagerServant INFO Master manager not found
2023-12-12 17:45:56,373 file.ManagerServant INFO Master manager not found
2023-12-12 17:46:06,415 file.ManagerServant INFO Master manager not found
2023-12-12 17:46:16,493 file.ManagerServant INFO Master manager not found
2023-12-12 17:46:26,459 file.ManagerServant INFO Master manager not found
2023-12-12 17:46:36,481 file.ManagerServant INFO Master manager not found
2023-12-12 17:46:46,563 file.ManagerServant INFO Master manager not found
2023-12-12 17:46:56,595 file.ManagerServant INFO Master manager not found
2023-12-12 17:47:06,625 file.ManagerServant INFO Master manager not found
2023-12-12 17:47:16,640 file.ManagerServant INFO Master manager not found
2023-12-12 17:47:26,693 file.ManagerServant INFO Master manager not found
2023-12-12 17:47:36,702 file.ManagerServant INFO Master manager not found
2023-12-12 17:47:46,742 file.ManagerServant INFO Master manager not found
2023-12-12 17:47:56,760 file.ManagerServant INFO Master manager not found
