2023-12-13 00:55:54,094 file.manager INFO 2.0.1
2023-12-13 00:55:54,094 file.manager INFO Copyright (C) 2003-2022, Noriaki Ando and OpenRTM development team,
2023-12-13 00:55:54,094 file.manager INFO   Intelligent Systems Research Institute, AIST,
2023-12-13 00:55:54,094 file.manager INFO Copyright (C) 2022, Noriaki Ando and OpenRTM development team,
2023-12-13 00:55:54,094 file.manager INFO   Industrial Cyber-Physical Research Center, AIST,
2023-12-13 00:55:54,094 file.manager INFO   All right reserved.
2023-12-13 00:55:54,094 file.manager INFO Manager starting.
2023-12-13 00:55:54,094 file.manager INFO Starting local logging.
2023-12-13 00:55:54,094 file.manager.namingmanager INFO NameServer connection succeeded: corba/localhost
2023-12-13 00:55:58,185 file.ManagerServant INFO Master manager not found
2023-12-13 00:55:58,185 file.LocalServiceAdmin INFO All the local services are enabled.
2023-12-13 00:55:58,185 file.manager INFO Component type conf file: airphoto_get.conf loaded.
2023-12-13 00:55:58,185 file.ec_base INFO setRate(1000000.000000) done
2023-12-13 00:55:58,185 file.ec_base INFO setRate(1000.000000) done
2023-12-13 00:55:58,185 file.rtobject INFO 1 execution context was created.
2023-12-13 00:55:58,201 file.rtobject INFO Initial active configuration set is default.
2023-12-13 00:56:12,355 file.ManagerServant INFO Master manager not found
2023-12-13 00:56:22,449 file.ManagerServant INFO Master manager not found
2023-12-13 00:56:32,476 file.ManagerServant INFO Master manager not found
2023-12-13 00:56:42,550 file.ManagerServant INFO Master manager not found
2023-12-13 00:56:52,586 file.ManagerServant INFO Master manager not found
2023-12-13 00:57:02,682 file.ManagerServant INFO Master manager not found
2023-12-13 00:57:12,741 file.ManagerServant INFO Master manager not found
2023-12-13 00:57:22,793 file.ManagerServant INFO Master manager not found
2023-12-13 00:57:32,816 file.ManagerServant INFO Master manager not found
2023-12-13 00:57:42,858 file.ManagerServant INFO Master manager not found
2023-12-13 00:57:52,872 file.ManagerServant INFO Master manager not found
2023-12-13 00:58:02,933 file.ManagerServant INFO Master manager not found
