2023-12-10 22:33:12,592 file.manager INFO 2.0.1
2023-12-10 22:33:12,592 file.manager INFO Copyright (C) 2003-2022, Noriaki Ando and OpenRTM development team,
2023-12-10 22:33:12,592 file.manager INFO   Intelligent Systems Research Institute, AIST,
2023-12-10 22:33:12,592 file.manager INFO Copyright (C) 2022, Noriaki Ando and OpenRTM development team,
2023-12-10 22:33:12,592 file.manager INFO   Industrial Cyber-Physical Research Center, AIST,
2023-12-10 22:33:12,592 file.manager INFO   All right reserved.
2023-12-10 22:33:12,592 file.manager INFO Manager starting.
2023-12-10 22:33:12,592 file.manager INFO Starting local logging.
2023-12-10 22:33:12,607 file.manager.namingmanager INFO NameServer connection succeeded: corba/localhost
2023-12-10 22:33:16,686 file.ManagerServant INFO Master manager not found
2023-12-10 22:33:16,686 file.LocalServiceAdmin INFO All the local services are enabled.
2023-12-10 22:33:16,686 file.manager INFO Component type conf file: airphoto_get.conf loaded.
2023-12-10 22:33:16,686 file.ec_base INFO setRate(1000000.000000) done
2023-12-10 22:33:16,686 file.ec_base INFO setRate(1000.000000) done
2023-12-10 22:33:16,686 file.rtobject INFO 1 execution context was created.
2023-12-10 22:33:16,686 file.rtobject INFO Initial active configuration set is default.
2023-12-10 22:33:30,832 file.ManagerServant INFO Master manager not found
2023-12-10 22:33:40,871 file.ManagerServant INFO Master manager not found
2023-12-10 22:33:50,946 file.ManagerServant INFO Master manager not found
2023-12-10 22:34:01,043 file.ManagerServant INFO Master manager not found
2023-12-10 22:34:11,144 file.ManagerServant INFO Master manager not found
2023-12-10 22:34:21,150 file.ManagerServant INFO Master manager not found
2023-12-10 22:34:31,233 file.ManagerServant INFO Master manager not found
2023-12-10 22:34:41,303 file.ManagerServant INFO Master manager not found
2023-12-10 22:34:51,351 file.ManagerServant INFO Master manager not found
2023-12-10 22:35:01,434 file.ManagerServant INFO Master manager not found
2023-12-10 22:35:11,471 file.ManagerServant INFO Master manager not found
2023-12-10 22:35:21,490 file.ManagerServant INFO Master manager not found
