2023-12-10 20:36:26,639 file.manager INFO 2.0.1
2023-12-10 20:36:26,639 file.manager INFO Copyright (C) 2003-2022, Noriaki Ando and OpenRTM development team,
2023-12-10 20:36:26,639 file.manager INFO   Intelligent Systems Research Institute, AIST,
2023-12-10 20:36:26,639 file.manager INFO Copyright (C) 2022, Noriaki Ando and OpenRTM development team,
2023-12-10 20:36:26,639 file.manager INFO   Industrial Cyber-Physical Research Center, AIST,
2023-12-10 20:36:26,639 file.manager INFO   All right reserved.
2023-12-10 20:36:26,639 file.manager INFO Manager starting.
2023-12-10 20:36:26,639 file.manager INFO Starting local logging.
2023-12-10 20:36:26,655 file.manager.namingmanager INFO NameServer connection succeeded: corba/localhost
2023-12-10 20:36:30,744 file.ManagerServant INFO Master manager not found
2023-12-10 20:36:30,744 file.LocalServiceAdmin INFO All the local services are enabled.
2023-12-10 20:36:30,756 file.manager INFO Component type conf file: airphoto_get.conf loaded.
2023-12-10 20:36:30,756 file.ec_base INFO setRate(1000000.000000) done
2023-12-10 20:36:30,756 file.ec_base INFO setRate(1000.000000) done
2023-12-10 20:36:30,756 file.rtobject INFO 1 execution context was created.
2023-12-10 20:36:30,756 file.rtobject INFO Initial active configuration set is default.
2023-12-10 20:36:44,921 file.ManagerServant INFO Master manager not found
2023-12-10 20:36:54,950 file.ManagerServant INFO Master manager not found
2023-12-10 20:37:04,990 file.ManagerServant INFO Master manager not found
2023-12-10 20:37:15,113 file.ManagerServant INFO Master manager not found
2023-12-10 20:37:25,164 file.ManagerServant INFO Master manager not found
2023-12-10 20:37:35,173 file.ManagerServant INFO Master manager not found
2023-12-10 20:37:45,296 file.ManagerServant INFO Master manager not found
