2023-12-10 22:28:05,188 file.manager INFO 2.0.1
2023-12-10 22:28:05,188 file.manager INFO Copyright (C) 2003-2022, Noriaki Ando and OpenRTM development team,
2023-12-10 22:28:05,188 file.manager INFO   Intelligent Systems Research Institute, AIST,
2023-12-10 22:28:05,188 file.manager INFO Copyright (C) 2022, Noriaki Ando and OpenRTM development team,
2023-12-10 22:28:05,188 file.manager INFO   Industrial Cyber-Physical Research Center, AIST,
2023-12-10 22:28:05,188 file.manager INFO   All right reserved.
2023-12-10 22:28:05,188 file.manager INFO Manager starting.
2023-12-10 22:28:05,188 file.manager INFO Starting local logging.
2023-12-10 22:28:05,188 file.manager.namingmanager INFO NameServer connection succeeded: corba/localhost
2023-12-10 22:28:09,249 file.ManagerServant INFO Master manager not found
2023-12-10 22:28:09,249 file.LocalServiceAdmin INFO All the local services are enabled.
2023-12-10 22:28:09,249 file.manager INFO Component type conf file: airphoto_get.conf loaded.
2023-12-10 22:28:09,249 file.ec_base INFO setRate(1000000.000000) done
2023-12-10 22:28:09,249 file.ec_base INFO setRate(1000.000000) done
2023-12-10 22:28:09,249 file.rtobject INFO 1 execution context was created.
2023-12-10 22:28:09,249 file.rtobject INFO Initial active configuration set is default.
2023-12-10 22:28:23,364 file.ManagerServant INFO Master manager not found
2023-12-10 22:28:33,398 file.ManagerServant INFO Master manager not found
2023-12-10 22:28:43,475 file.ManagerServant INFO Master manager not found
2023-12-10 22:28:53,506 file.ManagerServant INFO Master manager not found
2023-12-10 22:29:03,521 file.ManagerServant INFO Master manager not found
2023-12-10 22:29:13,566 file.ManagerServant INFO Master manager not found
2023-12-10 22:29:23,628 file.ManagerServant INFO Master manager not found
2023-12-10 22:29:33,619 file.ManagerServant INFO Master manager not found
2023-12-10 22:29:43,722 file.ManagerServant INFO Master manager not found
