2023-11-09 16:33:28,769 file.manager INFO 2.0.1
2023-11-09 16:33:28,769 file.manager INFO Copyright (C) 2003-2022, Noriaki Ando and OpenRTM development team,
2023-11-09 16:33:28,769 file.manager INFO   Intelligent Systems Research Institute, AIST,
2023-11-09 16:33:28,769 file.manager INFO Copyright (C) 2022, Noriaki Ando and OpenRTM development team,
2023-11-09 16:33:28,769 file.manager INFO   Industrial Cyber-Physical Research Center, AIST,
2023-11-09 16:33:28,769 file.manager INFO   All right reserved.
2023-11-09 16:33:28,769 file.manager INFO Manager starting.
2023-11-09 16:33:28,769 file.manager INFO Starting local logging.
2023-11-09 16:33:28,769 file.manager.namingmanager INFO NameServer connection succeeded: corba/localhost
2023-11-09 16:33:32,833 file.ManagerServant INFO Master manager not found
2023-11-09 16:33:32,833 file.LocalServiceAdmin INFO All the local services are enabled.
2023-11-09 16:33:32,833 file.manager INFO Component type conf file: airphoto_get.conf loaded.
2023-11-09 16:33:32,833 file.ec_base INFO setRate(1000000.000000) done
2023-11-09 16:33:32,833 file.ec_base INFO setRate(1000.000000) done
2023-11-09 16:33:32,833 file.rtobject INFO 1 execution context was created.
2023-11-09 16:33:32,833 file.rtobject INFO Initial active configuration set is default.
2023-11-09 16:33:47,017 file.ManagerServant INFO Master manager not found
2023-11-09 16:33:57,072 file.ManagerServant INFO Master manager not found
2023-11-09 16:34:07,098 file.ManagerServant INFO Master manager not found
2023-11-09 16:34:17,073 file.ManagerServant INFO Master manager not found
2023-11-09 16:34:27,124 file.ManagerServant INFO Master manager not found
2023-11-09 16:34:37,149 file.ManagerServant INFO Master manager not found
2023-11-09 16:34:47,157 file.ManagerServant INFO Master manager not found
2023-11-09 16:34:51,185 file.SdoServiceAdmin WARNING No available SDO service in the factory: 
2023-11-09 16:34:51,186 file.SdoServiceAdmin ERROR type  not exists.
2023-11-09 16:34:57,246 file.ManagerServant INFO Master manager not found
2023-11-09 16:35:07,226 file.ManagerServant INFO Master manager not found
2023-11-09 16:35:17,281 file.ManagerServant INFO Master manager not found
2023-11-09 16:35:27,321 file.ManagerServant INFO Master manager not found
2023-11-09 16:35:37,314 file.ManagerServant INFO Master manager not found
