2023-12-12 13:28:36,851 file.manager INFO 2.0.1
2023-12-12 13:28:36,851 file.manager INFO Copyright (C) 2003-2022, Noriaki Ando and OpenRTM development team,
2023-12-12 13:28:36,851 file.manager INFO   Intelligent Systems Research Institute, AIST,
2023-12-12 13:28:36,851 file.manager INFO Copyright (C) 2022, Noriaki Ando and OpenRTM development team,
2023-12-12 13:28:36,851 file.manager INFO   Industrial Cyber-Physical Research Center, AIST,
2023-12-12 13:28:36,851 file.manager INFO   All right reserved.
2023-12-12 13:28:36,851 file.manager INFO Manager starting.
2023-12-12 13:28:36,851 file.manager INFO Starting local logging.
2023-12-12 13:28:36,867 file.manager.namingmanager INFO NameServer connection succeeded: corba/localhost
2023-12-12 13:28:40,961 file.ManagerServant INFO Master manager not found
2023-12-12 13:28:40,961 file.LocalServiceAdmin INFO All the local services are enabled.
2023-12-12 13:28:40,961 file.manager INFO Component type conf file: airphoto_get.conf loaded.
2023-12-12 13:28:40,961 file.ec_base INFO setRate(1000000.000000) done
2023-12-12 13:28:40,961 file.ec_base INFO setRate(1000.000000) done
2023-12-12 13:28:40,961 file.rtobject INFO 1 execution context was created.
2023-12-12 13:28:40,961 file.rtobject INFO Initial active configuration set is default.
2023-12-12 13:28:55,086 file.ManagerServant INFO Master manager not found
2023-12-12 13:28:55,877 file.SdoServiceAdmin WARNING No available SDO service in the factory: 
2023-12-12 13:28:55,877 file.SdoServiceAdmin ERROR type  not exists.
2023-12-12 13:29:05,133 file.ManagerServant INFO Master manager not found
2023-12-12 13:29:15,166 file.ManagerServant INFO Master manager not found
2023-12-12 13:29:25,217 file.ManagerServant INFO Master manager not found
2023-12-12 13:29:35,263 file.ManagerServant INFO Master manager not found
2023-12-12 13:29:45,290 file.ManagerServant INFO Master manager not found
2023-12-12 13:29:55,331 file.ManagerServant INFO Master manager not found
2023-12-12 13:30:05,381 file.ManagerServant INFO Master manager not found
2023-12-12 13:30:15,394 file.ManagerServant INFO Master manager not found
2023-12-12 13:30:25,416 file.ManagerServant INFO Master manager not found
2023-12-12 13:30:35,415 file.ManagerServant INFO Master manager not found
2023-12-12 13:30:45,493 file.ManagerServant INFO Master manager not found
2023-12-12 13:30:55,609 file.ManagerServant INFO Master manager not found
2023-12-12 13:31:05,683 file.ManagerServant INFO Master manager not found
2023-12-12 13:31:15,771 file.ManagerServant INFO Master manager not found
2023-12-12 13:31:25,819 file.ManagerServant INFO Master manager not found
2023-12-12 13:31:35,791 file.ManagerServant INFO Master manager not found
2023-12-12 13:31:45,842 file.ManagerServant INFO Master manager not found
2023-12-12 13:31:55,859 file.ManagerServant INFO Master manager not found
