2023-12-10 22:46:14,499 file.manager INFO 2.0.1
2023-12-10 22:46:14,500 file.manager INFO Copyright (C) 2003-2022, Noriaki Ando and OpenRTM development team,
2023-12-10 22:46:14,500 file.manager INFO   Intelligent Systems Research Institute, AIST,
2023-12-10 22:46:14,500 file.manager INFO Copyright (C) 2022, Noriaki Ando and OpenRTM development team,
2023-12-10 22:46:14,500 file.manager INFO   Industrial Cyber-Physical Research Center, AIST,
2023-12-10 22:46:14,500 file.manager INFO   All right reserved.
2023-12-10 22:46:14,500 file.manager INFO Manager starting.
2023-12-10 22:46:14,500 file.manager INFO Starting local logging.
2023-12-10 22:46:14,500 file.manager.namingmanager INFO NameServer connection succeeded: corba/localhost
2023-12-10 22:46:18,587 file.ManagerServant INFO Master manager not found
2023-12-10 22:46:18,587 file.LocalServiceAdmin INFO All the local services are enabled.
2023-12-10 22:46:18,587 file.manager INFO Component type conf file: airphoto_get.conf loaded.
2023-12-10 22:46:18,587 file.ec_base INFO setRate(1000000.000000) done
2023-12-10 22:46:18,587 file.ec_base INFO setRate(1000.000000) done
2023-12-10 22:46:18,587 file.rtobject INFO 1 execution context was created.
2023-12-10 22:46:18,587 file.rtobject INFO Initial active configuration set is default.
2023-12-10 22:46:32,743 file.ManagerServant INFO Master manager not found
2023-12-10 22:46:42,825 file.ManagerServant INFO Master manager not found
2023-12-10 22:46:52,846 file.ManagerServant INFO Master manager not found
2023-12-10 22:47:02,964 file.ManagerServant INFO Master manager not found
