2023-11-09 22:33:20,095 file.manager INFO 2.0.1
2023-11-09 22:33:20,095 file.manager INFO Copyright (C) 2003-2022, Noriaki Ando and OpenRTM development team,
2023-11-09 22:33:20,095 file.manager INFO   Intelligent Systems Research Institute, AIST,
2023-11-09 22:33:20,095 file.manager INFO Copyright (C) 2022, Noriaki Ando and OpenRTM development team,
2023-11-09 22:33:20,095 file.manager INFO   Industrial Cyber-Physical Research Center, AIST,
2023-11-09 22:33:20,095 file.manager INFO   All right reserved.
2023-11-09 22:33:20,095 file.manager INFO Manager starting.
2023-11-09 22:33:20,095 file.manager INFO Starting local logging.
2023-11-09 22:33:20,095 file.manager.namingmanager INFO NameServer connection succeeded: corba/localhost
2023-11-09 22:33:24,185 file.ManagerServant INFO Master manager not found
2023-11-09 22:33:24,185 file.LocalServiceAdmin INFO All the local services are enabled.
2023-11-09 22:33:24,185 file.manager INFO Component type conf file: airphoto_get.conf loaded.
2023-11-09 22:33:24,185 file.ec_base INFO setRate(1000000.000000) done
2023-11-09 22:33:24,185 file.ec_base INFO setRate(1000.000000) done
2023-11-09 22:33:24,185 file.rtobject INFO 1 execution context was created.
2023-11-09 22:33:24,201 file.rtobject INFO Initial active configuration set is default.
2023-11-09 22:33:38,373 file.ManagerServant INFO Master manager not found
2023-11-09 22:33:48,345 file.ManagerServant INFO Master manager not found
2023-11-09 22:33:58,387 file.ManagerServant INFO Master manager not found
2023-11-09 22:34:08,463 file.ManagerServant INFO Master manager not found
2023-11-09 22:34:18,408 file.ManagerServant INFO Master manager not found
2023-11-09 22:34:28,413 file.ManagerServant INFO Master manager not found
2023-11-09 22:34:38,111 file.SdoServiceAdmin WARNING No available SDO service in the factory: 
2023-11-09 22:34:38,111 file.SdoServiceAdmin ERROR type  not exists.
2023-11-09 22:34:38,417 file.ManagerServant INFO Master manager not found
2023-11-09 22:34:48,697 file.ManagerServant INFO Master manager not found
2023-11-09 22:34:58,857 file.ManagerServant INFO Master manager not found
2023-11-09 22:35:08,953 file.ManagerServant INFO Master manager not found
2023-11-09 22:35:18,959 file.ManagerServant INFO Master manager not found
2023-11-09 22:35:29,093 file.ManagerServant INFO Master manager not found
2023-11-09 22:35:39,347 file.ManagerServant INFO Master manager not found
