2023-11-11 13:47:02,495 file.manager INFO 2.0.1
2023-11-11 13:47:02,511 file.manager INFO Copyright (C) 2003-2022, Noriaki Ando and OpenRTM development team,
2023-11-11 13:47:02,511 file.manager INFO   Intelligent Systems Research Institute, AIST,
2023-11-11 13:47:02,511 file.manager INFO Copyright (C) 2022, Noriaki Ando and OpenRTM development team,
2023-11-11 13:47:02,511 file.manager INFO   Industrial Cyber-Physical Research Center, AIST,
2023-11-11 13:47:02,511 file.manager INFO   All right reserved.
2023-11-11 13:47:02,511 file.manager INFO Manager starting.
2023-11-11 13:47:02,511 file.manager INFO Starting local logging.
2023-11-11 13:47:06,564 file.manager.namingmanager INFO NameServer connection failed: corba/localhost
2023-11-11 13:47:10,657 file.ManagerServant INFO Master manager not found
2023-11-11 13:47:10,657 file.LocalServiceAdmin INFO All the local services are enabled.
2023-11-11 13:47:10,664 file.manager INFO Component type conf file: airphoto_get.conf loaded.
2023-11-11 13:47:10,664 file.ec_base INFO setRate(1000000.000000) done
2023-11-11 13:47:10,664 file.ec_base INFO setRate(1000.000000) done
2023-11-11 13:47:10,664 file.rtobject INFO 1 execution context was created.
2023-11-11 13:47:10,664 file.rtobject INFO Initial active configuration set is default.
2023-11-11 13:47:20,738 file.manager.namingmanager INFO NameServer connection succeeded: corba/localhost
2023-11-11 13:47:20,738 file.manager.namingmanager INFO Connected to a name server: corba/localhost
2023-11-11 13:47:24,810 file.ManagerServant INFO Master manager not found
2023-11-11 13:47:34,888 file.ManagerServant INFO Master manager not found
2023-11-11 13:47:44,887 file.ManagerServant INFO Master manager not found
2023-11-11 13:47:54,924 file.ManagerServant INFO Master manager not found
2023-11-11 13:48:04,979 file.ManagerServant INFO Master manager not found
2023-11-11 13:48:15,017 file.ManagerServant INFO Master manager not found
2023-11-11 13:48:25,032 file.ManagerServant INFO Master manager not found
2023-11-11 13:48:25,954 file.SdoServiceAdmin WARNING No available SDO service in the factory: 
2023-11-11 13:48:25,954 file.SdoServiceAdmin ERROR type  not exists.
