2023-12-10 20:51:55,684 file.manager INFO 2.0.1
2023-12-10 20:51:55,684 file.manager INFO Copyright (C) 2003-2022, Noriaki Ando and OpenRTM development team,
2023-12-10 20:51:55,684 file.manager INFO   Intelligent Systems Research Institute, AIST,
2023-12-10 20:51:55,684 file.manager INFO Copyright (C) 2022, Noriaki Ando and OpenRTM development team,
2023-12-10 20:51:55,684 file.manager INFO   Industrial Cyber-Physical Research Center, AIST,
2023-12-10 20:51:55,684 file.manager INFO   All right reserved.
2023-12-10 20:51:55,684 file.manager INFO Manager starting.
2023-12-10 20:51:55,684 file.manager INFO Starting local logging.
2023-12-10 20:51:58,784 file.manager.namingmanager INFO NameServer connection succeeded: corba/localhost
2023-12-10 20:52:02,861 file.ManagerServant INFO Master manager not found
2023-12-10 20:52:02,861 file.LocalServiceAdmin INFO All the local services are enabled.
2023-12-10 20:52:02,876 file.manager INFO Component type conf file: airphoto_get.conf loaded.
2023-12-10 20:52:02,876 file.ec_base INFO setRate(1000000.000000) done
2023-12-10 20:52:02,876 file.ec_base INFO setRate(1000.000000) done
2023-12-10 20:52:02,876 file.rtobject INFO 1 execution context was created.
2023-12-10 20:52:02,876 file.rtobject INFO Initial active configuration set is default.
2023-12-10 20:52:17,051 file.ManagerServant INFO Master manager not found
2023-12-10 20:52:22,050 file.SdoServiceAdmin WARNING No available SDO service in the factory: 
2023-12-10 20:52:22,050 file.SdoServiceAdmin ERROR type  not exists.
2023-12-10 20:52:27,113 file.ManagerServant INFO Master manager not found
2023-12-10 20:52:37,179 file.ManagerServant INFO Master manager not found
2023-12-10 20:52:47,198 file.ManagerServant INFO Master manager not found
2023-12-10 20:52:57,247 file.ManagerServant INFO Master manager not found
2023-12-10 20:53:07,294 file.ManagerServant INFO Master manager not found
2023-12-10 20:53:17,317 file.ManagerServant INFO Master manager not found
2023-12-10 20:53:27,380 file.ManagerServant INFO Master manager not found
