2023-11-25 13:30:56,070 file.manager INFO 2.0.1
2023-11-25 13:30:56,071 file.manager INFO Copyright (C) 2003-2022, Noriaki Ando and OpenRTM development team,
2023-11-25 13:30:56,071 file.manager INFO   Intelligent Systems Research Institute, AIST,
2023-11-25 13:30:56,071 file.manager INFO Copyright (C) 2022, Noriaki Ando and OpenRTM development team,
2023-11-25 13:30:56,071 file.manager INFO   Industrial Cyber-Physical Research Center, AIST,
2023-11-25 13:30:56,071 file.manager INFO   All right reserved.
2023-11-25 13:30:56,071 file.manager INFO Manager starting.
2023-11-25 13:30:56,071 file.manager INFO Starting local logging.
2023-11-25 13:30:56,079 file.manager.namingmanager INFO NameServer connection succeeded: corba/localhost
2023-11-25 13:31:00,147 file.ManagerServant INFO Master manager not found
2023-11-25 13:31:00,148 file.LocalServiceAdmin INFO All the local services are enabled.
2023-11-25 13:31:00,158 file.manager INFO Component type conf file: airphoto_get.conf loaded.
2023-11-25 13:31:00,160 file.ec_base INFO setRate(1000000.000000) done
2023-11-25 13:31:00,160 file.ec_base INFO setRate(1000.000000) done
2023-11-25 13:31:00,161 file.rtobject INFO 1 execution context was created.
2023-11-25 13:31:00,163 file.rtobject INFO Initial active configuration set is default.
2023-11-25 13:31:14,263 file.ManagerServant INFO Master manager not found
2023-11-25 13:31:24,344 file.ManagerServant INFO Master manager not found
2023-11-25 13:31:34,445 file.ManagerServant INFO Master manager not found
2023-11-25 13:31:44,526 file.ManagerServant INFO Master manager not found
2023-11-25 13:31:54,595 file.ManagerServant INFO Master manager not found
2023-11-25 13:32:04,659 file.ManagerServant INFO Master manager not found
2023-11-25 13:32:14,727 file.ManagerServant INFO Master manager not found
2023-11-25 13:32:16,252 file.SdoServiceAdmin WARNING No available SDO service in the factory: 
2023-11-25 13:32:16,252 file.SdoServiceAdmin ERROR type  not exists.
2023-11-25 13:32:24,776 file.ManagerServant INFO Master manager not found
2023-11-25 13:32:34,877 file.ManagerServant INFO Master manager not found
2023-11-25 13:32:44,928 file.ManagerServant INFO Master manager not found
2023-11-25 13:32:55,004 file.ManagerServant INFO Master manager not found
