2023-11-09 16:38:37,132 file.manager INFO 2.0.1
2023-11-09 16:38:37,132 file.manager INFO Copyright (C) 2003-2022, Noriaki Ando and OpenRTM development team,
2023-11-09 16:38:37,132 file.manager INFO   Intelligent Systems Research Institute, AIST,
2023-11-09 16:38:37,132 file.manager INFO Copyright (C) 2022, Noriaki Ando and OpenRTM development team,
2023-11-09 16:38:37,132 file.manager INFO   Industrial Cyber-Physical Research Center, AIST,
2023-11-09 16:38:37,132 file.manager INFO   All right reserved.
2023-11-09 16:38:37,132 file.manager INFO Manager starting.
2023-11-09 16:38:37,132 file.manager INFO Starting local logging.
2023-11-09 16:38:41,277 file.manager.namingmanager INFO NameServer connection failed: corba/localhost
2023-11-09 16:38:45,347 file.ManagerServant INFO Master manager not found
2023-11-09 16:38:45,347 file.LocalServiceAdmin INFO All the local services are enabled.
2023-11-09 16:38:45,347 file.manager INFO Component type conf file: airphoto_get.conf loaded.
2023-11-09 16:38:45,363 file.ec_base INFO setRate(1000000.000000) done
2023-11-09 16:38:45,363 file.ec_base INFO setRate(1000.000000) done
2023-11-09 16:38:45,363 file.rtobject INFO 1 execution context was created.
2023-11-09 16:38:45,363 file.rtobject INFO Initial active configuration set is default.
2023-11-09 16:38:59,436 file.manager.namingmanager INFO NameServer connection failed: corba/localhost
2023-11-09 16:39:03,513 file.ManagerServant INFO Master manager not found
2023-11-09 16:39:09,489 file.manager.namingmanager INFO NameServer connection failed: corba/localhost
2023-11-09 16:39:13,618 file.ManagerServant INFO Master manager not found
2023-11-09 16:39:19,513 file.manager.namingmanager INFO NameServer connection failed: corba/localhost
2023-11-09 16:39:19,513 file.ManagerServant INFO Master manager not found
2023-11-09 16:39:25,514 file.manager.namingmanager INFO NameServer connection succeeded: corba/localhost
2023-11-09 16:39:25,515 file.manager.namingmanager INFO Connected to a name server: corba/localhost
2023-11-09 16:39:28,039 file.ManagerServant ERROR Not found.
2023-11-09 16:39:35,563 file.ManagerServant ERROR Unknown exception cought.
2023-11-09 16:39:35,563 file.ManagerServant ERROR Traceback (most recent call last):
  File "C:\Users\reore\AppData\Local\Programs\Python\Python311\Lib\site-packages\OpenRTM_aist\ManagerServant.py", line 1631, in updateMasterManager
    if master._non_existent():
       ^^^^^^^^^^^^^^^^^^^^^^
  File "C:\Users\reore\AppData\Local\Programs\Python\Python311\Lib\site-packages\omniORB\CORBA.py", line 559, in _non_existent
    return self._obj.nonExistent()
           ^^^^^^^^^^^^^^^^^^^^^^^
omniORB.CORBA._omni_sys_exc: CORBA.COMM_FAILURE(omniORB.COMM_FAILURE_WaitingForReply, CORBA.COMPLETED_MAYBE)

2023-11-09 16:39:38,863 file.SdoServiceAdmin WARNING No available SDO service in the factory: 
2023-11-09 16:39:38,863 file.SdoServiceAdmin ERROR type  not exists.
