2023-12-10 20:53:55,521 file.manager INFO 2.0.1
2023-12-10 20:53:55,521 file.manager INFO Copyright (C) 2003-2022, Noriaki Ando and OpenRTM development team,
2023-12-10 20:53:55,521 file.manager INFO   Intelligent Systems Research Institute, AIST,
2023-12-10 20:53:55,521 file.manager INFO Copyright (C) 2022, Noriaki Ando and OpenRTM development team,
2023-12-10 20:53:55,521 file.manager INFO   Industrial Cyber-Physical Research Center, AIST,
2023-12-10 20:53:55,521 file.manager INFO   All right reserved.
2023-12-10 20:53:55,521 file.manager INFO Manager starting.
2023-12-10 20:53:55,521 file.manager INFO Starting local logging.
2023-12-10 20:53:55,537 file.manager.namingmanager INFO NameServer connection succeeded: corba/localhost
2023-12-10 20:53:59,614 file.ManagerServant INFO Master manager not found
2023-12-10 20:53:59,614 file.LocalServiceAdmin INFO All the local services are enabled.
2023-12-10 20:53:59,614 file.manager INFO Component type conf file: airphoto_get.conf loaded.
2023-12-10 20:53:59,614 file.ec_base INFO setRate(1000000.000000) done
2023-12-10 20:53:59,614 file.ec_base INFO setRate(1000.000000) done
2023-12-10 20:53:59,614 file.rtobject INFO 1 execution context was created.
2023-12-10 20:53:59,614 file.rtobject INFO Initial active configuration set is default.
2023-12-10 20:54:13,768 file.ManagerServant INFO Master manager not found
2023-12-10 20:54:23,829 file.ManagerServant INFO Master manager not found
2023-12-10 20:54:33,872 file.ManagerServant INFO Master manager not found
2023-12-10 20:54:43,892 file.ManagerServant INFO Master manager not found
2023-12-10 20:54:53,985 file.ManagerServant INFO Master manager not found
2023-12-10 20:55:04,013 file.ManagerServant INFO Master manager not found
2023-12-10 20:55:05,216 file.SdoServiceAdmin WARNING No available SDO service in the factory: 
2023-12-10 20:55:05,216 file.SdoServiceAdmin ERROR type  not exists.
