2023-11-11 13:57:39,859 file.manager INFO 2.0.1
2023-11-11 13:57:39,859 file.manager INFO Copyright (C) 2003-2022, Noriaki Ando and OpenRTM development team,
2023-11-11 13:57:39,859 file.manager INFO   Intelligent Systems Research Institute, AIST,
2023-11-11 13:57:39,859 file.manager INFO Copyright (C) 2022, Noriaki Ando and OpenRTM development team,
2023-11-11 13:57:39,859 file.manager INFO   Industrial Cyber-Physical Research Center, AIST,
2023-11-11 13:57:39,859 file.manager INFO   All right reserved.
2023-11-11 13:57:39,859 file.manager INFO Manager starting.
2023-11-11 13:57:39,859 file.manager INFO Starting local logging.
2023-11-11 13:57:39,874 file.manager.namingmanager INFO NameServer connection succeeded: corba/localhost
2023-11-11 13:57:43,946 file.ManagerServant INFO Master manager not found
2023-11-11 13:57:43,946 file.LocalServiceAdmin INFO All the local services are enabled.
2023-11-11 13:57:43,962 file.manager INFO Component type conf file: airphoto_get.conf loaded.
2023-11-11 13:57:43,962 file.ec_base INFO setRate(1000000.000000) done
2023-11-11 13:57:43,962 file.ec_base INFO setRate(1000.000000) done
2023-11-11 13:57:43,962 file.rtobject INFO 1 execution context was created.
2023-11-11 13:57:43,977 file.rtobject INFO Initial active configuration set is default.
2023-11-11 13:57:58,151 file.ManagerServant INFO Master manager not found
2023-11-11 13:58:08,177 file.ManagerServant INFO Master manager not found
2023-11-11 13:58:18,146 file.ManagerServant INFO Master manager not found
2023-11-11 13:58:28,228 file.ManagerServant INFO Master manager not found
2023-11-11 13:58:38,265 file.ManagerServant INFO Master manager not found
2023-11-11 13:58:48,316 file.ManagerServant INFO Master manager not found
2023-11-11 13:58:58,389 file.ManagerServant INFO Master manager not found
2023-11-11 13:59:08,430 file.ManagerServant INFO Master manager not found
2023-11-11 13:59:18,452 file.ManagerServant INFO Master manager not found
2023-11-11 13:59:20,152 file.SdoServiceAdmin WARNING No available SDO service in the factory: 
2023-11-11 13:59:20,152 file.SdoServiceAdmin ERROR type  not exists.
2023-11-11 13:59:28,549 file.ManagerServant INFO Master manager not found
