2023-11-11 13:12:23,328 file.manager INFO 2.0.1
2023-11-11 13:12:23,328 file.manager INFO Copyright (C) 2003-2022, Noriaki Ando and OpenRTM development team,
2023-11-11 13:12:23,328 file.manager INFO   Intelligent Systems Research Institute, AIST,
2023-11-11 13:12:23,328 file.manager INFO Copyright (C) 2022, Noriaki Ando and OpenRTM development team,
2023-11-11 13:12:23,328 file.manager INFO   Industrial Cyber-Physical Research Center, AIST,
2023-11-11 13:12:23,328 file.manager INFO   All right reserved.
2023-11-11 13:12:23,328 file.manager INFO Manager starting.
2023-11-11 13:12:23,328 file.manager INFO Starting local logging.
2023-11-11 13:12:23,328 file.manager.namingmanager INFO NameServer connection succeeded: corba/localhost
2023-11-11 13:12:27,406 file.ManagerServant INFO Master manager not found
2023-11-11 13:12:27,406 file.LocalServiceAdmin INFO All the local services are enabled.
2023-11-11 13:12:27,406 file.manager INFO Component type conf file: airphoto_get.conf loaded.
2023-11-11 13:12:27,406 file.ec_base INFO setRate(1000000.000000) done
2023-11-11 13:12:27,406 file.ec_base INFO setRate(1000.000000) done
2023-11-11 13:12:27,406 file.rtobject INFO 1 execution context was created.
2023-11-11 13:12:27,422 file.rtobject INFO Initial active configuration set is default.
2023-11-11 13:12:41,528 file.ManagerServant INFO Master manager not found
2023-11-11 13:12:46,816 file.SdoServiceAdmin WARNING No available SDO service in the factory: 
2023-11-11 13:12:46,816 file.SdoServiceAdmin ERROR type  not exists.
2023-11-11 13:12:51,583 file.ManagerServant INFO Master manager not found
2023-11-11 13:13:01,601 file.ManagerServant INFO Master manager not found
2023-11-11 13:13:11,634 file.ManagerServant INFO Master manager not found
2023-11-11 13:13:21,706 file.ManagerServant INFO Master manager not found
2023-11-11 13:13:31,710 file.ManagerServant INFO Master manager not found
2023-11-11 13:13:41,825 file.ManagerServant INFO Master manager not found
2023-11-11 13:13:51,882 file.ManagerServant INFO Master manager not found
2023-11-11 13:14:01,905 file.ManagerServant INFO Master manager not found
2023-11-11 13:14:11,940 file.ManagerServant INFO Master manager not found
2023-11-11 13:14:21,907 file.ManagerServant INFO Master manager not found
2023-11-11 13:14:32,075 file.ManagerServant INFO Master manager not found
