2023-11-11 14:06:07,101 file.manager INFO 2.0.1
2023-11-11 14:06:07,101 file.manager INFO Copyright (C) 2003-2022, Noriaki Ando and OpenRTM development team,
2023-11-11 14:06:07,101 file.manager INFO   Intelligent Systems Research Institute, AIST,
2023-11-11 14:06:07,101 file.manager INFO Copyright (C) 2022, Noriaki Ando and OpenRTM development team,
2023-11-11 14:06:07,101 file.manager INFO   Industrial Cyber-Physical Research Center, AIST,
2023-11-11 14:06:07,101 file.manager INFO   All right reserved.
2023-11-11 14:06:07,101 file.manager INFO Manager starting.
2023-11-11 14:06:07,101 file.manager INFO Starting local logging.
2023-11-11 14:06:07,101 file.manager.namingmanager INFO NameServer connection succeeded: corba/localhost
2023-11-11 14:06:11,192 file.ManagerServant INFO Master manager not found
2023-11-11 14:06:11,195 file.LocalServiceAdmin INFO All the local services are enabled.
2023-11-11 14:06:11,216 file.manager INFO Component type conf file: airphoto_get.conf loaded.
2023-11-11 14:06:11,218 file.ec_base INFO setRate(1000000.000000) done
2023-11-11 14:06:11,218 file.ec_base INFO setRate(1000.000000) done
2023-11-11 14:06:11,219 file.rtobject INFO 1 execution context was created.
2023-11-11 14:06:11,223 file.rtobject INFO Initial active configuration set is default.
2023-11-11 14:06:25,382 file.ManagerServant INFO Master manager not found
2023-11-11 14:06:35,372 file.ManagerServant INFO Master manager not found
2023-11-11 14:06:45,484 file.ManagerServant INFO Master manager not found
2023-11-11 14:06:55,472 file.ManagerServant INFO Master manager not found
2023-11-11 14:07:05,528 file.ManagerServant INFO Master manager not found
2023-11-11 14:07:15,536 file.ManagerServant INFO Master manager not found
2023-11-11 14:07:25,564 file.ManagerServant INFO Master manager not found
2023-11-11 14:07:35,591 file.ManagerServant INFO Master manager not found
2023-11-11 14:07:45,601 file.ManagerServant INFO Master manager not found
2023-11-11 14:07:55,590 file.ManagerServant INFO Master manager not found
2023-11-11 14:08:05,694 file.ManagerServant INFO Master manager not found
2023-11-11 14:08:15,719 file.ManagerServant INFO Master manager not found
2023-11-11 14:08:25,751 file.ManagerServant INFO Master manager not found
2023-11-11 14:08:35,757 file.ManagerServant INFO Master manager not found
2023-11-11 14:08:45,766 file.ManagerServant INFO Master manager not found
2023-11-11 14:08:55,775 file.ManagerServant INFO Master manager not found
2023-11-11 14:09:05,898 file.ManagerServant INFO Master manager not found
2023-11-11 14:09:15,921 file.ManagerServant INFO Master manager not found
2023-11-11 14:09:25,922 file.ManagerServant INFO Master manager not found
2023-11-11 14:09:35,928 file.ManagerServant INFO Master manager not found
2023-11-11 14:09:42,497 file.SdoServiceAdmin WARNING No available SDO service in the factory: 
2023-11-11 14:09:42,498 file.SdoServiceAdmin ERROR type  not exists.
2023-11-11 14:09:45,981 file.ManagerServant INFO Master manager not found
