2023-12-10 22:30:40,798 file.manager INFO 2.0.1
2023-12-10 22:30:40,798 file.manager INFO Copyright (C) 2003-2022, Noriaki Ando and OpenRTM development team,
2023-12-10 22:30:40,798 file.manager INFO   Intelligent Systems Research Institute, AIST,
2023-12-10 22:30:40,798 file.manager INFO Copyright (C) 2022, Noriaki Ando and OpenRTM development team,
2023-12-10 22:30:40,798 file.manager INFO   Industrial Cyber-Physical Research Center, AIST,
2023-12-10 22:30:40,798 file.manager INFO   All right reserved.
2023-12-10 22:30:40,798 file.manager INFO Manager starting.
2023-12-10 22:30:40,798 file.manager INFO Starting local logging.
2023-12-10 22:30:40,813 file.manager.namingmanager INFO NameServer connection succeeded: corba/localhost
2023-12-10 22:30:44,895 file.ManagerServant INFO Master manager not found
2023-12-10 22:30:44,895 file.LocalServiceAdmin INFO All the local services are enabled.
2023-12-10 22:30:44,895 file.manager INFO Component type conf file: airphoto_get.conf loaded.
2023-12-10 22:30:44,895 file.ec_base INFO setRate(1000000.000000) done
2023-12-10 22:30:44,895 file.ec_base INFO setRate(1000.000000) done
2023-12-10 22:30:44,895 file.rtobject INFO 1 execution context was created.
2023-12-10 22:30:44,895 file.rtobject INFO Initial active configuration set is default.
2023-12-10 22:30:59,024 file.ManagerServant INFO Master manager not found
2023-12-10 22:31:09,064 file.ManagerServant INFO Master manager not found
2023-12-10 22:31:19,070 file.ManagerServant INFO Master manager not found
2023-12-10 22:31:29,069 file.ManagerServant INFO Master manager not found
2023-12-10 22:31:39,091 file.ManagerServant INFO Master manager not found
2023-12-10 22:31:49,121 file.ManagerServant INFO Master manager not found
2023-12-10 22:31:59,210 file.ManagerServant INFO Master manager not found
2023-12-10 22:32:09,246 file.ManagerServant INFO Master manager not found
2023-12-10 22:32:19,287 file.ManagerServant INFO Master manager not found
2023-12-10 22:32:26,177 file.rtobject ERROR Traceback (most recent call last):
  File "C:\Users\reore\AppData\Local\Programs\Python\Python311\Lib\site-packages\OpenRTM_aist\DataFlowComponentBase.py", line 123, in on_execute
    ret = self.onExecute(ec_id)
          ^^^^^^^^^^^^^^^^^^^^^
  File "C:\Users\reore\workspace\airphoto_get\airphoto_get.py", line 256, in onExecute
    download_image()
  File "C:\Users\reore\workspace\airphoto_get\airphoto_get.py", line 241, in download_image
    url = html1 + html2 + html3 + html4 + html5 + html6 + html7 + html8 + html9
                                                                          ^^^^^
NameError: name 'html9' is not defined

2023-12-10 22:32:29,273 file.ManagerServant INFO Master manager not found
2023-12-10 22:32:39,325 file.ManagerServant INFO Master manager not found
2023-12-10 22:32:43,798 file.ec_worker ERROR State of the RTC is not ACTIVE_STATE.
2023-12-10 22:32:45,684 file.SdoServiceAdmin WARNING No available SDO service in the factory: 
2023-12-10 22:32:45,685 file.SdoServiceAdmin ERROR type  not exists.
