2023-11-11 13:27:14,107 file.manager INFO 2.0.1
2023-11-11 13:27:14,107 file.manager INFO Copyright (C) 2003-2022, Noriaki Ando and OpenRTM development team,
2023-11-11 13:27:14,119 file.manager INFO   Intelligent Systems Research Institute, AIST,
2023-11-11 13:27:14,119 file.manager INFO Copyright (C) 2022, Noriaki Ando and OpenRTM development team,
2023-11-11 13:27:14,119 file.manager INFO   Industrial Cyber-Physical Research Center, AIST,
2023-11-11 13:27:14,119 file.manager INFO   All right reserved.
2023-11-11 13:27:14,119 file.manager INFO Manager starting.
2023-11-11 13:27:14,119 file.manager INFO Starting local logging.
2023-11-11 13:27:14,123 file.manager.namingmanager INFO NameServer connection succeeded: corba/localhost
2023-11-11 13:27:18,220 file.ManagerServant INFO Master manager not found
2023-11-11 13:27:18,220 file.LocalServiceAdmin INFO All the local services are enabled.
2023-11-11 13:27:18,234 file.manager INFO Component type conf file: airphoto_get.conf loaded.
2023-11-11 13:27:18,234 file.ec_base INFO setRate(1000000.000000) done
2023-11-11 13:27:18,234 file.ec_base INFO setRate(1000.000000) done
2023-11-11 13:27:18,234 file.rtobject INFO 1 execution context was created.
2023-11-11 13:27:18,234 file.rtobject INFO Initial active configuration set is default.
2023-11-11 13:27:32,377 file.ManagerServant INFO Master manager not found
2023-11-11 13:27:42,444 file.ManagerServant INFO Master manager not found
2023-11-11 13:27:52,430 file.ManagerServant INFO Master manager not found
2023-11-11 13:28:02,555 file.ManagerServant INFO Master manager not found
2023-11-11 13:28:12,600 file.ManagerServant INFO Master manager not found
2023-11-11 13:28:22,628 file.ManagerServant INFO Master manager not found
2023-11-11 13:28:32,646 file.ManagerServant INFO Master manager not found
2023-11-11 13:28:42,665 file.ManagerServant INFO Master manager not found
