2023-12-10 21:58:14,187 file.manager INFO 2.0.1
2023-12-10 21:58:14,187 file.manager INFO Copyright (C) 2003-2022, Noriaki Ando and OpenRTM development team,
2023-12-10 21:58:14,187 file.manager INFO   Intelligent Systems Research Institute, AIST,
2023-12-10 21:58:14,187 file.manager INFO Copyright (C) 2022, Noriaki Ando and OpenRTM development team,
2023-12-10 21:58:14,187 file.manager INFO   Industrial Cyber-Physical Research Center, AIST,
2023-12-10 21:58:14,187 file.manager INFO   All right reserved.
2023-12-10 21:58:14,187 file.manager INFO Manager starting.
2023-12-10 21:58:14,187 file.manager INFO Starting local logging.
2023-12-10 21:58:14,187 file.manager.namingmanager INFO NameServer connection succeeded: corba/localhost
2023-12-10 21:58:18,251 file.ManagerServant INFO Master manager not found
2023-12-10 21:58:18,251 file.LocalServiceAdmin INFO All the local services are enabled.
2023-12-10 21:58:18,251 file.manager INFO Component type conf file: airphoto_get.conf loaded.
2023-12-10 21:58:18,251 file.ec_base INFO setRate(1000000.000000) done
2023-12-10 21:58:18,251 file.ec_base INFO setRate(1000.000000) done
2023-12-10 21:58:18,251 file.rtobject INFO 1 execution context was created.
2023-12-10 21:58:18,251 file.rtobject INFO Initial active configuration set is default.
2023-12-10 21:58:32,432 file.ManagerServant INFO Master manager not found
2023-12-10 21:58:42,484 file.ManagerServant INFO Master manager not found
2023-12-10 21:58:52,478 file.ManagerServant INFO Master manager not found
2023-12-10 21:59:02,549 file.ManagerServant INFO Master manager not found
2023-12-10 21:59:12,563 file.ManagerServant INFO Master manager not found
2023-12-10 21:59:22,581 file.ManagerServant INFO Master manager not found
2023-12-10 21:59:29,665 file.SdoServiceAdmin WARNING No available SDO service in the factory: 
2023-12-10 21:59:29,665 file.SdoServiceAdmin ERROR type  not exists.
2023-12-10 21:59:32,578 file.ManagerServant INFO Master manager not found
