2023-12-10 18:16:12,620 file.manager INFO 2.0.1
2023-12-10 18:16:12,620 file.manager INFO Copyright (C) 2003-2022, Noriaki Ando and OpenRTM development team,
2023-12-10 18:16:12,620 file.manager INFO   Intelligent Systems Research Institute, AIST,
2023-12-10 18:16:12,620 file.manager INFO Copyright (C) 2022, Noriaki Ando and OpenRTM development team,
2023-12-10 18:16:12,620 file.manager INFO   Industrial Cyber-Physical Research Center, AIST,
2023-12-10 18:16:12,620 file.manager INFO   All right reserved.
2023-12-10 18:16:12,620 file.manager INFO Manager starting.
2023-12-10 18:16:12,620 file.manager INFO Starting local logging.
2023-12-10 18:16:16,739 file.manager.namingmanager INFO NameServer connection failed: corba/localhost
2023-12-10 18:16:20,843 file.ManagerServant INFO Master manager not found
2023-12-10 18:16:20,843 file.LocalServiceAdmin INFO All the local services are enabled.
2023-12-10 18:16:20,843 file.manager INFO Component type conf file: airphoto_get.conf loaded.
2023-12-10 18:16:20,843 file.ec_base INFO setRate(1000000.000000) done
2023-12-10 18:16:20,843 file.ec_base INFO setRate(1000.000000) done
2023-12-10 18:16:20,843 file.rtobject INFO 1 execution context was created.
2023-12-10 18:16:20,859 file.rtobject INFO Initial active configuration set is default.
2023-12-10 18:16:34,937 file.manager.namingmanager INFO NameServer connection failed: corba/localhost
2023-12-10 18:16:38,994 file.ManagerServant INFO Master manager not found
2023-12-10 18:16:44,970 file.manager.namingmanager INFO NameServer connection failed: corba/localhost
2023-12-10 18:16:49,035 file.ManagerServant INFO Master manager not found
2023-12-10 18:16:55,096 file.manager.namingmanager INFO NameServer connection failed: corba/localhost
2023-12-10 18:16:59,175 file.ManagerServant INFO Master manager not found
2023-12-10 18:17:05,358 file.manager.namingmanager INFO NameServer connection failed: corba/localhost
2023-12-10 18:17:09,525 file.ManagerServant INFO Master manager not found
2023-12-10 18:17:15,269 file.manager.namingmanager INFO NameServer connection failed: corba/localhost
2023-12-10 18:17:19,549 file.ManagerServant INFO Master manager not found
2023-12-10 18:17:25,253 file.manager.namingmanager INFO NameServer connection failed: corba/localhost
2023-12-10 18:17:29,338 file.ManagerServant INFO Master manager not found
2023-12-10 18:17:31,175 file.manager.namingmanager INFO NameServer connection succeeded: corba/localhost
2023-12-10 18:17:31,175 file.manager.namingmanager INFO Connected to a name server: corba/localhost
2023-12-10 18:17:35,248 file.ManagerServant INFO Master manager not found
2023-12-10 18:17:44,054 file.SdoServiceAdmin WARNING No available SDO service in the factory: 
2023-12-10 18:17:44,055 file.SdoServiceAdmin ERROR type  not exists.
2023-12-10 18:17:45,298 file.ManagerServant INFO Master manager not found
2023-12-10 18:17:55,370 file.ManagerServant INFO Master manager not found
2023-12-10 18:18:05,445 file.ManagerServant INFO Master manager not found
2023-12-10 18:18:15,466 file.ManagerServant INFO Master manager not found
2023-12-10 18:18:24,011 file.rtobject ERROR Traceback (most recent call last):
  File "C:\Users\reore\AppData\Local\Programs\Python\Python311\Lib\site-packages\OpenRTM_aist\DataFlowComponentBase.py", line 123, in on_execute
    ret = self.onExecute(ec_id)
          ^^^^^^^^^^^^^^^^^^^^^
  File "C:\Users\reore\workspace\airphoto_get\airphoto_get.py", line 195, in onExecute
    self.lat = float(self.data[0])
                     ^^^^^^^^^
AttributeError: 'airphoto_get' object has no attribute 'data'

2023-12-10 18:18:25,528 file.ManagerServant INFO Master manager not found
2023-12-10 18:18:35,589 file.ManagerServant INFO Master manager not found
2023-12-10 18:18:44,595 file.ec_worker ERROR State of the RTC is not ACTIVE_STATE.
2023-12-10 18:18:45,659 file.ManagerServant INFO Master manager not found
