2023-11-09 16:54:37,386 file.manager INFO 2.0.1
2023-11-09 16:54:37,386 file.manager INFO Copyright (C) 2003-2022, Noriaki Ando and OpenRTM development team,
2023-11-09 16:54:37,386 file.manager INFO   Intelligent Systems Research Institute, AIST,
2023-11-09 16:54:37,386 file.manager INFO Copyright (C) 2022, Noriaki Ando and OpenRTM development team,
2023-11-09 16:54:37,386 file.manager INFO   Industrial Cyber-Physical Research Center, AIST,
2023-11-09 16:54:37,386 file.manager INFO   All right reserved.
2023-11-09 16:54:37,386 file.manager INFO Manager starting.
2023-11-09 16:54:37,386 file.manager INFO Starting local logging.
2023-11-09 16:54:41,458 file.manager.namingmanager INFO NameServer connection failed: corba/localhost
2023-11-09 16:54:41,458 file.LocalServiceAdmin INFO All the local services are enabled.
2023-11-09 16:54:41,473 file.manager INFO Component type conf file: airphoto_get.conf loaded.
2023-11-09 16:54:41,473 file.ec_base INFO setRate(1000000.000000) done
2023-11-09 16:54:41,473 file.ec_base INFO setRate(1000.000000) done
2023-11-09 16:54:41,473 file.rtobject INFO 1 execution context was created.
2023-11-09 16:54:41,473 file.rtobject INFO Initial active configuration set is default.
2023-11-09 16:54:55,544 file.manager.namingmanager INFO NameServer connection failed: corba/localhost
2023-11-09 16:55:02,072 file.manager.namingmanager INFO NameServer connection succeeded: corba/localhost
2023-11-09 16:55:02,072 file.manager.namingmanager INFO Connected to a name server: corba/localhost
2023-11-09 16:56:17,196 file.rtobject ERROR Traceback (most recent call last):
  File "C:\Users\reore\AppData\Local\Programs\Python\Python311\Lib\site-packages\OpenRTM_aist\DataFlowComponentBase.py", line 123, in on_execute
    ret = self.onExecute(ec_id)
          ^^^^^^^^^^^^^^^^^^^^^
  File "C:\Users\reore\workspace\airphoto_get\airphoto_get.py", line 251, in onExecute
    download_image(self.name)
TypeError: airphoto_get.onExecute.<locals>.download_image() takes 0 positional arguments but 1 was given

2023-11-09 16:56:33,072 file.ec_worker ERROR State of the RTC is not ACTIVE_STATE.
2023-11-09 16:56:38,202 file.SdoServiceAdmin WARNING No available SDO service in the factory: 
2023-11-09 16:56:38,202 file.SdoServiceAdmin ERROR type  not exists.
