2023-12-13 01:53:48,622 file.manager INFO 2.0.1
2023-12-13 01:53:48,622 file.manager INFO Copyright (C) 2003-2022, Noriaki Ando and OpenRTM development team,
2023-12-13 01:53:48,622 file.manager INFO   Intelligent Systems Research Institute, AIST,
2023-12-13 01:53:48,622 file.manager INFO Copyright (C) 2022, Noriaki Ando and OpenRTM development team,
2023-12-13 01:53:48,622 file.manager INFO   Industrial Cyber-Physical Research Center, AIST,
2023-12-13 01:53:48,622 file.manager INFO   All right reserved.
2023-12-13 01:53:48,622 file.manager INFO Manager starting.
2023-12-13 01:53:48,622 file.manager INFO Starting local logging.
2023-12-13 01:53:48,622 file.manager.namingmanager INFO NameServer connection succeeded: corba/localhost
2023-12-13 01:53:52,708 file.ManagerServant INFO Master manager not found
2023-12-13 01:53:52,708 file.LocalServiceAdmin INFO All the local services are enabled.
2023-12-13 01:53:52,708 file.manager INFO Component type conf file: airphoto_get.conf loaded.
2023-12-13 01:53:52,724 file.ec_base INFO setRate(1000000.000000) done
2023-12-13 01:53:52,724 file.ec_base INFO setRate(1000.000000) done
2023-12-13 01:53:52,724 file.rtobject INFO 1 execution context was created.
2023-12-13 01:53:52,724 file.rtobject INFO Initial active configuration set is default.
2023-12-13 01:54:06,840 file.ManagerServant INFO Master manager not found
2023-12-13 01:54:16,903 file.ManagerServant INFO Master manager not found
2023-12-13 01:54:23,221 file.SdoServiceAdmin WARNING No available SDO service in the factory: 
2023-12-13 01:54:23,222 file.SdoServiceAdmin ERROR type  not exists.
2023-12-13 01:54:26,970 file.ManagerServant INFO Master manager not found
2023-12-13 01:54:37,059 file.ManagerServant INFO Master manager not found
2023-12-13 01:54:47,108 file.ManagerServant INFO Master manager not found
2023-12-13 01:54:57,172 file.ManagerServant INFO Master manager not found
2023-12-13 01:55:07,249 file.ManagerServant INFO Master manager not found
2023-12-13 01:55:17,340 file.ManagerServant INFO Master manager not found
2023-12-13 01:55:27,435 file.ManagerServant INFO Master manager not found
2023-12-13 01:55:37,476 file.ManagerServant INFO Master manager not found
2023-12-13 01:55:47,500 file.ManagerServant INFO Master manager not found
2023-12-13 01:55:57,546 file.ManagerServant INFO Master manager not found
2023-12-13 01:56:07,586 file.ManagerServant INFO Master manager not found
2023-12-13 01:56:17,600 file.ManagerServant INFO Master manager not found
2023-12-13 01:56:27,647 file.ManagerServant INFO Master manager not found
2023-12-13 01:56:37,699 file.ManagerServant INFO Master manager not found
2023-12-13 01:56:47,760 file.ManagerServant INFO Master manager not found
2023-12-13 01:56:57,826 file.ManagerServant INFO Master manager not found
2023-12-13 02:13:46,446 file.manager INFO 2.0.1
2023-12-13 02:13:46,446 file.manager INFO Copyright (C) 2003-2022, Noriaki Ando and OpenRTM development team,
2023-12-13 02:13:46,446 file.manager INFO   Intelligent Systems Research Institute, AIST,
2023-12-13 02:13:46,446 file.manager INFO Copyright (C) 2022, Noriaki Ando and OpenRTM development team,
2023-12-13 02:13:46,446 file.manager INFO   Industrial Cyber-Physical Research Center, AIST,
2023-12-13 02:13:46,446 file.manager INFO   All right reserved.
2023-12-13 02:13:46,446 file.manager INFO Manager starting.
2023-12-13 02:13:46,446 file.manager INFO Starting local logging.
2023-12-13 02:13:46,461 file.manager.namingmanager INFO NameServer connection succeeded: corba/localhost
2023-12-13 02:13:50,517 file.ManagerServant INFO Master manager not found
2023-12-13 02:13:50,517 file.LocalServiceAdmin INFO All the local services are enabled.
2023-12-13 02:13:50,517 file.manager INFO Component type conf file: airphoto_get.conf loaded.
2023-12-13 02:13:50,517 file.ec_base INFO setRate(1000000.000000) done
2023-12-13 02:13:50,517 file.ec_base INFO setRate(1000.000000) done
2023-12-13 02:13:50,533 file.rtobject INFO 1 execution context was created.
2023-12-13 02:13:50,533 file.rtobject INFO Initial active configuration set is default.
2023-12-13 02:14:04,613 file.ManagerServant INFO Master manager not found
2023-12-13 02:14:14,720 file.ManagerServant INFO Master manager not found
2023-12-13 02:14:24,785 file.ManagerServant INFO Master manager not found
2023-12-13 02:14:34,814 file.ManagerServant INFO Master manager not found
2023-12-13 02:14:44,859 file.ManagerServant INFO Master manager not found
2023-12-13 02:14:54,895 file.ManagerServant INFO Master manager not found
2023-12-13 02:14:59,282 file.SdoServiceAdmin WARNING No available SDO service in the factory: 
2023-12-13 02:14:59,282 file.SdoServiceAdmin ERROR type  not exists.
2023-12-13 02:15:04,932 file.ManagerServant INFO Master manager not found
2023-12-13 02:15:14,974 file.ManagerServant INFO Master manager not found
2023-12-13 02:15:25,056 file.ManagerServant INFO Master manager not found
2023-12-13 02:15:35,072 file.ManagerServant INFO Master manager not found
2023-12-13 02:15:45,118 file.ManagerServant INFO Master manager not found
2023-12-13 02:15:55,170 file.ManagerServant INFO Master manager not found
2023-12-13 02:16:05,249 file.ManagerServant INFO Master manager not found
2023-12-13 02:16:15,286 file.ManagerServant INFO Master manager not found
2023-12-13 02:16:25,322 file.ManagerServant INFO Master manager not found
2023-12-13 02:16:35,416 file.ManagerServant INFO Master manager not found
2023-12-13 02:16:36,185 file.rtobject ERROR Traceback (most recent call last):
  File "C:\Users\reore\AppData\Local\Programs\Python\Python311\Lib\site-packages\OpenRTM_aist\DataFlowComponentBase.py", line 123, in on_execute
    ret = self.onExecute(ec_id)
          ^^^^^^^^^^^^^^^^^^^^^
  File "C:\Users\reore\workspace\airphoto_get\airphoto_get.py", line 276, in onExecute
    download_image()
  File "C:\Users\reore\workspace\airphoto_get\airphoto_get.py", line 264, in download_image
    dst_path = self._output_path + '\\' + str(self.name) + ".jpg"
               ~~~~~~~~~~~~~~~~~~^~~~~~
TypeError: can only concatenate list (not "str") to list

2023-12-13 02:16:45,475 file.ManagerServant INFO Master manager not found
2023-12-13 02:16:45,496 file.ec_worker ERROR State of the RTC is not ACTIVE_STATE.
