2023-12-12 15:19:59,167 file.manager INFO 2.0.1
2023-12-12 15:19:59,167 file.manager INFO Copyright (C) 2003-2022, Noriaki Ando and OpenRTM development team,
2023-12-12 15:19:59,167 file.manager INFO   Intelligent Systems Research Institute, AIST,
2023-12-12 15:19:59,167 file.manager INFO Copyright (C) 2022, Noriaki Ando and OpenRTM development team,
2023-12-12 15:19:59,167 file.manager INFO   Industrial Cyber-Physical Research Center, AIST,
2023-12-12 15:19:59,167 file.manager INFO   All right reserved.
2023-12-12 15:19:59,167 file.manager INFO Manager starting.
2023-12-12 15:19:59,167 file.manager INFO Starting local logging.
2023-12-12 15:19:59,167 file.manager.namingmanager INFO NameServer connection succeeded: corba/localhost
2023-12-12 15:20:03,240 file.ManagerServant INFO Master manager not found
2023-12-12 15:20:03,240 file.LocalServiceAdmin INFO All the local services are enabled.
2023-12-12 15:20:03,240 file.manager INFO Component type conf file: airphoto_get.conf loaded.
2023-12-12 15:20:03,240 file.ec_base INFO setRate(1000000.000000) done
2023-12-12 15:20:03,240 file.ec_base INFO setRate(1000.000000) done
2023-12-12 15:20:03,240 file.rtobject INFO 1 execution context was created.
2023-12-12 15:20:03,240 file.rtobject INFO Initial active configuration set is default.
2023-12-12 15:20:12,518 file.SdoServiceAdmin WARNING No available SDO service in the factory: 
2023-12-12 15:20:12,518 file.SdoServiceAdmin ERROR type  not exists.
2023-12-12 15:20:17,341 file.ManagerServant INFO Master manager not found
2023-12-12 15:20:27,455 file.ManagerServant INFO Master manager not found
2023-12-12 15:20:37,448 file.ManagerServant INFO Master manager not found
2023-12-12 15:20:47,484 file.ManagerServant INFO Master manager not found
2023-12-12 15:20:57,532 file.ManagerServant INFO Master manager not found
2023-12-12 15:21:07,581 file.ManagerServant INFO Master manager not found
2023-12-12 15:21:17,603 file.ManagerServant INFO Master manager not found
2023-12-12 15:21:27,645 file.ManagerServant INFO Master manager not found
