2023-12-12 23:53:12,259 file.manager INFO 2.0.1
2023-12-12 23:53:12,259 file.manager INFO Copyright (C) 2003-2022, Noriaki Ando and OpenRTM development team,
2023-12-12 23:53:12,259 file.manager INFO   Intelligent Systems Research Institute, AIST,
2023-12-12 23:53:12,259 file.manager INFO Copyright (C) 2022, Noriaki Ando and OpenRTM development team,
2023-12-12 23:53:12,259 file.manager INFO   Industrial Cyber-Physical Research Center, AIST,
2023-12-12 23:53:12,259 file.manager INFO   All right reserved.
2023-12-12 23:53:12,259 file.manager INFO Manager starting.
2023-12-12 23:53:12,259 file.manager INFO Starting local logging.
2023-12-12 23:53:12,275 file.manager.namingmanager INFO NameServer connection succeeded: corba/localhost
2023-12-12 23:53:16,352 file.ManagerServant INFO Master manager not found
2023-12-12 23:53:16,352 file.LocalServiceAdmin INFO All the local services are enabled.
2023-12-12 23:53:16,359 file.manager INFO Component type conf file: airphoto_get.conf loaded.
2023-12-12 23:53:16,359 file.ec_base INFO setRate(1000000.000000) done
2023-12-12 23:53:16,359 file.ec_base INFO setRate(1000.000000) done
2023-12-12 23:53:16,359 file.rtobject INFO 1 execution context was created.
2023-12-12 23:53:16,368 file.rtobject INFO Initial active configuration set is default.
2023-12-12 23:53:30,550 file.ManagerServant INFO Master manager not found
2023-12-12 23:53:40,499 file.ManagerServant INFO Master manager not found
2023-12-12 23:53:50,592 file.ManagerServant INFO Master manager not found
2023-12-12 23:54:00,693 file.ManagerServant INFO Master manager not found
2023-12-12 23:54:10,780 file.ManagerServant INFO Master manager not found
2023-12-12 23:54:20,781 file.ManagerServant INFO Master manager not found
2023-12-12 23:54:30,837 file.ManagerServant INFO Master manager not found
2023-12-12 23:54:40,871 file.ManagerServant INFO Master manager not found
2023-12-12 23:54:50,956 file.ManagerServant INFO Master manager not found
2023-12-12 23:55:00,991 file.ManagerServant INFO Master manager not found
2023-12-12 23:55:11,077 file.ManagerServant INFO Master manager not found
2023-12-12 23:55:21,174 file.ManagerServant INFO Master manager not found
2023-12-12 23:55:31,201 file.ManagerServant INFO Master manager not found
2023-12-12 23:55:41,240 file.ManagerServant INFO Master manager not found
2023-12-12 23:55:51,253 file.ManagerServant INFO Master manager not found
2023-12-12 23:56:01,365 file.ManagerServant INFO Master manager not found
2023-12-12 23:56:11,421 file.ManagerServant INFO Master manager not found
2023-12-12 23:56:21,463 file.ManagerServant INFO Master manager not found
2023-12-12 23:56:31,490 file.ManagerServant INFO Master manager not found
