2023-12-10 15:14:27,285 file.manager INFO 2.0.1
2023-12-10 15:14:27,285 file.manager INFO Copyright (C) 2003-2022, Noriaki Ando and OpenRTM development team,
2023-12-10 15:14:27,285 file.manager INFO   Intelligent Systems Research Institute, AIST,
2023-12-10 15:14:27,285 file.manager INFO Copyright (C) 2022, Noriaki Ando and OpenRTM development team,
2023-12-10 15:14:27,285 file.manager INFO   Industrial Cyber-Physical Research Center, AIST,
2023-12-10 15:14:27,285 file.manager INFO   All right reserved.
2023-12-10 15:14:27,285 file.manager INFO Manager starting.
2023-12-10 15:14:27,285 file.manager INFO Starting local logging.
2023-12-10 15:14:27,300 file.manager.namingmanager INFO NameServer connection succeeded: corba/localhost
2023-12-10 15:14:31,451 file.ManagerServant INFO Master manager not found
2023-12-10 15:14:31,451 file.LocalServiceAdmin INFO All the local services are enabled.
2023-12-10 15:14:31,466 file.manager INFO Component type conf file: airphoto_get.conf loaded.
2023-12-10 15:14:31,466 file.ec_base INFO setRate(1000000.000000) done
2023-12-10 15:14:31,466 file.ec_base INFO setRate(1000.000000) done
2023-12-10 15:14:31,466 file.rtobject INFO 1 execution context was created.
2023-12-10 15:14:31,466 file.rtobject INFO Initial active configuration set is default.
2023-12-10 15:14:45,607 file.ManagerServant INFO Master manager not found
2023-12-10 15:14:55,576 file.ManagerServant INFO Master manager not found
2023-12-10 15:15:05,666 file.ManagerServant INFO Master manager not found
2023-12-10 15:15:15,716 file.ManagerServant INFO Master manager not found
2023-12-10 15:15:25,765 file.ManagerServant INFO Master manager not found
2023-12-10 15:15:35,785 file.ManagerServant INFO Master manager not found
2023-12-10 15:15:45,803 file.ManagerServant INFO Master manager not found
2023-12-10 15:15:55,843 file.ManagerServant INFO Master manager not found
2023-12-10 15:16:05,889 file.ManagerServant INFO Master manager not found
2023-12-10 15:16:15,905 file.ManagerServant INFO Master manager not found
