2023-12-12 22:44:55,995 file.manager INFO 2.0.1
2023-12-12 22:44:55,995 file.manager INFO Copyright (C) 2003-2022, Noriaki Ando and OpenRTM development team,
2023-12-12 22:44:55,995 file.manager INFO   Intelligent Systems Research Institute, AIST,
2023-12-12 22:44:55,995 file.manager INFO Copyright (C) 2022, Noriaki Ando and OpenRTM development team,
2023-12-12 22:44:55,995 file.manager INFO   Industrial Cyber-Physical Research Center, AIST,
2023-12-12 22:44:55,995 file.manager INFO   All right reserved.
2023-12-12 22:44:55,995 file.manager INFO Manager starting.
2023-12-12 22:44:55,995 file.manager INFO Starting local logging.
2023-12-12 22:44:56,011 file.manager.namingmanager INFO NameServer connection succeeded: corba/localhost
2023-12-12 22:45:00,066 file.ManagerServant INFO Master manager not found
2023-12-12 22:45:00,066 file.LocalServiceAdmin INFO All the local services are enabled.
2023-12-12 22:45:00,066 file.manager INFO Component type conf file: csv_output.conf loaded.
2023-12-12 22:45:00,066 file.ec_base INFO setRate(1000000.000000) done
2023-12-12 22:45:00,066 file.ec_base INFO setRate(1000.000000) done
2023-12-12 22:45:00,081 file.rtobject INFO 1 execution context was created.
2023-12-12 22:45:00,081 file.rtobject INFO Initial active configuration set is default.
2023-12-12 22:45:14,259 file.ManagerServant INFO Master manager not found
2023-12-12 22:45:24,297 file.ManagerServant INFO Master manager not found
2023-12-12 22:45:34,370 file.ManagerServant INFO Master manager not found
2023-12-12 22:45:44,434 file.ManagerServant INFO Master manager not found
2023-12-12 22:45:54,471 file.ManagerServant INFO Master manager not found
2023-12-12 22:46:04,520 file.ManagerServant INFO Master manager not found
2023-12-12 22:46:14,520 file.ManagerServant INFO Master manager not found
2023-12-12 22:46:24,640 file.ManagerServant INFO Master manager not found
