2023-12-12 23:45:24,406 file.manager INFO 2.0.1
2023-12-12 23:45:24,406 file.manager INFO Copyright (C) 2003-2022, Noriaki Ando and OpenRTM development team,
2023-12-12 23:45:24,406 file.manager INFO   Intelligent Systems Research Institute, AIST,
2023-12-12 23:45:24,406 file.manager INFO Copyright (C) 2022, Noriaki Ando and OpenRTM development team,
2023-12-12 23:45:24,406 file.manager INFO   Industrial Cyber-Physical Research Center, AIST,
2023-12-12 23:45:24,406 file.manager INFO   All right reserved.
2023-12-12 23:45:24,406 file.manager INFO Manager starting.
2023-12-12 23:45:24,406 file.manager INFO Starting local logging.
2023-12-12 23:45:24,421 file.manager.namingmanager INFO NameServer connection succeeded: corba/localhost
2023-12-12 23:45:28,488 file.ManagerServant INFO Master manager not found
2023-12-12 23:45:28,504 file.LocalServiceAdmin INFO All the local services are enabled.
2023-12-12 23:45:28,504 file.manager INFO Component type conf file: csv_output.conf loaded.
2023-12-12 23:45:28,504 file.ec_base INFO setRate(1000000.000000) done
2023-12-12 23:45:28,504 file.ec_base INFO setRate(1000.000000) done
2023-12-12 23:45:28,504 file.rtobject INFO 1 execution context was created.
2023-12-12 23:45:28,504 file.rtobject INFO Initial active configuration set is default.
2023-12-12 23:45:42,603 file.ManagerServant INFO Master manager not found
2023-12-12 23:45:52,677 file.ManagerServant INFO Master manager not found
2023-12-12 23:46:02,738 file.ManagerServant INFO Master manager not found
2023-12-12 23:46:12,774 file.ManagerServant INFO Master manager not found
2023-12-12 23:46:22,844 file.ManagerServant INFO Master manager not found
2023-12-12 23:46:32,910 file.ManagerServant INFO Master manager not found
2023-12-12 23:46:42,962 file.ManagerServant INFO Master manager not found
2023-12-12 23:46:52,997 file.ManagerServant INFO Master manager not found
2023-12-12 23:47:03,046 file.ManagerServant INFO Master manager not found
2023-12-12 23:47:12,020 file.SdoServiceAdmin WARNING No available SDO service in the factory: 
2023-12-12 23:47:12,020 file.SdoServiceAdmin ERROR type  not exists.
2023-12-12 23:47:13,068 file.ManagerServant INFO Master manager not found
2023-12-12 23:47:23,092 file.ManagerServant INFO Master manager not found
2023-12-12 23:47:33,140 file.ManagerServant INFO Master manager not found
2023-12-12 23:47:43,200 file.ManagerServant INFO Master manager not found
2023-12-12 23:47:53,301 file.ManagerServant INFO Master manager not found
2023-12-12 23:48:03,384 file.ManagerServant INFO Master manager not found
2023-12-12 23:48:13,436 file.ManagerServant INFO Master manager not found
2023-12-12 23:48:23,493 file.ManagerServant INFO Master manager not found
2023-12-12 23:48:33,545 file.ManagerServant INFO Master manager not found
2023-12-12 23:48:43,637 file.ManagerServant INFO Master manager not found
2023-12-12 23:48:53,683 file.ManagerServant INFO Master manager not found
2023-12-12 23:49:03,716 file.ManagerServant INFO Master manager not found
2023-12-12 23:49:13,758 file.ManagerServant INFO Master manager not found
2023-12-12 23:49:23,782 file.ManagerServant INFO Master manager not found
2023-12-12 23:49:33,854 file.ManagerServant INFO Master manager not found
2023-12-12 23:49:43,891 file.ManagerServant INFO Master manager not found
2023-12-12 23:49:53,915 file.ManagerServant INFO Master manager not found
2023-12-12 23:50:03,927 file.ManagerServant INFO Master manager not found
2023-12-12 23:50:13,973 file.ManagerServant INFO Master manager not found
2023-12-12 23:50:24,006 file.ManagerServant INFO Master manager not found
2023-12-12 23:50:34,123 file.ManagerServant INFO Master manager not found
2023-12-12 23:50:44,153 file.ManagerServant INFO Master manager not found
2023-12-12 23:50:54,189 file.ManagerServant INFO Master manager not found
2023-12-12 23:51:04,210 file.ManagerServant INFO Master manager not found
2023-12-12 23:51:14,234 file.ManagerServant INFO Master manager not found
2023-12-12 23:51:24,278 file.ManagerServant INFO Master manager not found
2023-12-12 23:51:34,321 file.ManagerServant INFO Master manager not found
2023-12-12 23:51:44,350 file.ManagerServant INFO Master manager not found
2023-12-12 23:51:54,356 file.ManagerServant INFO Master manager not found
2023-12-12 23:52:04,371 file.ManagerServant INFO Master manager not found
2023-12-12 23:52:14,398 file.ManagerServant INFO Master manager not found
2023-12-12 23:52:24,418 file.ManagerServant INFO Master manager not found
2023-12-12 23:52:34,479 file.ManagerServant INFO Master manager not found
2023-12-12 23:52:44,534 file.ManagerServant INFO Master manager not found
2023-12-12 23:52:54,562 file.ManagerServant INFO Master manager not found
2023-12-12 23:53:04,591 file.ManagerServant INFO Master manager not found
