2023-12-13 00:21:22,666 file.manager INFO 2.0.1
2023-12-13 00:21:22,666 file.manager INFO Copyright (C) 2003-2022, Noriaki Ando and OpenRTM development team,
2023-12-13 00:21:22,666 file.manager INFO   Intelligent Systems Research Institute, AIST,
2023-12-13 00:21:22,666 file.manager INFO Copyright (C) 2022, Noriaki Ando and OpenRTM development team,
2023-12-13 00:21:22,666 file.manager INFO   Industrial Cyber-Physical Research Center, AIST,
2023-12-13 00:21:22,666 file.manager INFO   All right reserved.
2023-12-13 00:21:22,666 file.manager INFO Manager starting.
2023-12-13 00:21:22,666 file.manager INFO Starting local logging.
2023-12-13 00:21:22,681 file.manager.namingmanager INFO NameServer connection succeeded: corba/localhost
2023-12-13 00:21:26,733 file.ManagerServant INFO Master manager not found
2023-12-13 00:21:26,733 file.LocalServiceAdmin INFO All the local services are enabled.
2023-12-13 00:21:26,733 file.manager INFO Component type conf file: csv_output.conf loaded.
2023-12-13 00:21:26,733 file.ec_base INFO setRate(1000000.000000) done
2023-12-13 00:21:26,733 file.ec_base INFO setRate(1000.000000) done
2023-12-13 00:21:26,733 file.rtobject INFO 1 execution context was created.
2023-12-13 00:21:26,748 file.rtobject INFO Initial active configuration set is default.
2023-12-13 00:21:40,906 file.ManagerServant INFO Master manager not found
2023-12-13 00:21:51,007 file.ManagerServant INFO Master manager not found
2023-12-13 00:22:01,102 file.ManagerServant INFO Master manager not found
2023-12-13 00:22:03,571 file.SdoServiceAdmin WARNING No available SDO service in the factory: 
2023-12-13 00:22:03,571 file.SdoServiceAdmin ERROR type  not exists.
2023-12-13 00:22:11,140 file.ManagerServant INFO Master manager not found
2023-12-13 00:22:21,164 file.ManagerServant INFO Master manager not found
2023-12-13 00:22:31,188 file.ManagerServant INFO Master manager not found
2023-12-13 00:22:41,246 file.ManagerServant INFO Master manager not found
2023-12-13 00:22:51,301 file.ManagerServant INFO Master manager not found
2023-12-13 00:23:01,369 file.ManagerServant INFO Master manager not found
2023-12-13 00:23:11,396 file.ManagerServant INFO Master manager not found
2023-12-13 00:23:21,443 file.ManagerServant INFO Master manager not found
2023-12-13 00:23:31,521 file.ManagerServant INFO Master manager not found
