2023-12-12 22:28:37,843 file.manager INFO 2.0.1
2023-12-12 22:28:37,843 file.manager INFO Copyright (C) 2003-2022, Noriaki Ando and OpenRTM development team,
2023-12-12 22:28:37,843 file.manager INFO   Intelligent Systems Research Institute, AIST,
2023-12-12 22:28:37,843 file.manager INFO Copyright (C) 2022, Noriaki Ando and OpenRTM development team,
2023-12-12 22:28:37,843 file.manager INFO   Industrial Cyber-Physical Research Center, AIST,
2023-12-12 22:28:37,843 file.manager INFO   All right reserved.
2023-12-12 22:28:37,843 file.manager INFO Manager starting.
2023-12-12 22:28:37,843 file.manager INFO Starting local logging.
2023-12-12 22:28:37,859 file.manager.namingmanager INFO NameServer connection succeeded: corba/localhost
2023-12-12 22:28:41,937 file.ManagerServant INFO Master manager not found
2023-12-12 22:28:41,937 file.LocalServiceAdmin INFO All the local services are enabled.
2023-12-12 22:28:41,937 file.manager INFO Component type conf file: csv_output.conf loaded.
2023-12-12 22:28:41,937 file.ec_base INFO setRate(1000000.000000) done
2023-12-12 22:28:41,937 file.ec_base INFO setRate(1000.000000) done
2023-12-12 22:28:41,937 file.rtobject INFO 1 execution context was created.
2023-12-12 22:28:41,937 file.rtobject INFO Initial active configuration set is default.
2023-12-12 22:28:56,036 file.ManagerServant INFO Master manager not found
2023-12-12 22:29:06,121 file.ManagerServant INFO Master manager not found
2023-12-12 22:29:16,163 file.ManagerServant INFO Master manager not found
2023-12-12 22:29:26,212 file.ManagerServant INFO Master manager not found
2023-12-12 22:29:36,247 file.ManagerServant INFO Master manager not found
2023-12-12 22:29:46,349 file.ManagerServant INFO Master manager not found
2023-12-12 22:29:56,383 file.ManagerServant INFO Master manager not found
2023-12-12 22:30:06,441 file.ManagerServant INFO Master manager not found
2023-12-12 22:30:07,816 file.SdoServiceAdmin WARNING No available SDO service in the factory: 
2023-12-12 22:30:07,816 file.SdoServiceAdmin ERROR type  not exists.
