2023-12-12 22:36:53,655 file.manager INFO 2.0.1
2023-12-12 22:36:53,655 file.manager INFO Copyright (C) 2003-2022, Noriaki Ando and OpenRTM development team,
2023-12-12 22:36:53,655 file.manager INFO   Intelligent Systems Research Institute, AIST,
2023-12-12 22:36:53,655 file.manager INFO Copyright (C) 2022, Noriaki Ando and OpenRTM development team,
2023-12-12 22:36:53,655 file.manager INFO   Industrial Cyber-Physical Research Center, AIST,
2023-12-12 22:36:53,655 file.manager INFO   All right reserved.
2023-12-12 22:36:53,655 file.manager INFO Manager starting.
2023-12-12 22:36:53,655 file.manager INFO Starting local logging.
2023-12-12 22:36:53,655 file.manager.namingmanager INFO NameServer connection succeeded: corba/localhost
2023-12-12 22:36:57,756 file.ManagerServant INFO Master manager not found
2023-12-12 22:36:57,756 file.LocalServiceAdmin INFO All the local services are enabled.
2023-12-12 22:36:57,756 file.manager INFO Component type conf file: csv_output.conf loaded.
2023-12-12 22:36:57,756 file.ec_base INFO setRate(1000000.000000) done
2023-12-12 22:36:57,756 file.ec_base INFO setRate(1000.000000) done
2023-12-12 22:36:57,756 file.rtobject INFO 1 execution context was created.
2023-12-12 22:36:57,756 file.rtobject INFO Initial active configuration set is default.
2023-12-12 22:37:11,874 file.ManagerServant INFO Master manager not found
2023-12-12 22:37:21,912 file.ManagerServant INFO Master manager not found
2023-12-12 22:37:31,952 file.ManagerServant INFO Master manager not found
2023-12-12 22:37:42,014 file.ManagerServant INFO Master manager not found
2023-12-12 22:37:52,097 file.ManagerServant INFO Master manager not found
2023-12-12 22:38:02,125 file.ManagerServant INFO Master manager not found
2023-12-12 22:38:12,162 file.ManagerServant INFO Master manager not found
2023-12-12 22:38:22,222 file.ManagerServant INFO Master manager not found
2023-12-12 22:38:31,164 file.SdoServiceAdmin WARNING No available SDO service in the factory: 
2023-12-12 22:38:31,165 file.SdoServiceAdmin ERROR type  not exists.
2023-12-12 22:38:32,225 file.ManagerServant INFO Master manager not found
2023-12-12 22:38:42,332 file.ManagerServant INFO Master manager not found
2023-12-12 22:38:52,355 file.ManagerServant INFO Master manager not found
2023-12-12 22:39:02,447 file.ManagerServant INFO Master manager not found
2023-12-12 22:39:12,479 file.ManagerServant INFO Master manager not found
