2023-12-13 01:49:26,411 file.manager INFO 2.0.1
2023-12-13 01:49:26,411 file.manager INFO Copyright (C) 2003-2022, Noriaki Ando and OpenRTM development team,
2023-12-13 01:49:26,411 file.manager INFO   Intelligent Systems Research Institute, AIST,
2023-12-13 01:49:26,411 file.manager INFO Copyright (C) 2022, Noriaki Ando and OpenRTM development team,
2023-12-13 01:49:26,411 file.manager INFO   Industrial Cyber-Physical Research Center, AIST,
2023-12-13 01:49:26,411 file.manager INFO   All right reserved.
2023-12-13 01:49:26,411 file.manager INFO Manager starting.
2023-12-13 01:49:26,411 file.manager INFO Starting local logging.
2023-12-13 01:49:26,411 file.manager.namingmanager INFO NameServer connection succeeded: corba/localhost
2023-12-13 01:49:30,493 file.ManagerServant INFO Master manager not found
2023-12-13 01:49:30,493 file.LocalServiceAdmin INFO All the local services are enabled.
2023-12-13 01:49:30,493 file.manager INFO Component type conf file: csv_output.conf loaded.
2023-12-13 01:49:30,508 file.ec_base INFO setRate(1000000.000000) done
2023-12-13 01:49:30,508 file.ec_base INFO setRate(1000.000000) done
2023-12-13 01:49:30,508 file.rtobject INFO 1 execution context was created.
2023-12-13 01:49:30,508 file.rtobject INFO Initial active configuration set is default.
2023-12-13 01:49:44,652 file.ManagerServant INFO Master manager not found
2023-12-13 01:49:54,722 file.ManagerServant INFO Master manager not found
2023-12-13 01:50:04,789 file.ManagerServant INFO Master manager not found
2023-12-13 01:50:14,854 file.ManagerServant INFO Master manager not found
2023-12-13 01:50:24,925 file.ManagerServant INFO Master manager not found
2023-12-13 01:50:34,943 file.ManagerServant INFO Master manager not found
2023-12-13 01:50:44,972 file.ManagerServant INFO Master manager not found
2023-12-13 01:50:55,068 file.ManagerServant INFO Master manager not found
2023-12-13 01:51:05,119 file.ManagerServant INFO Master manager not found
2023-12-13 01:51:15,180 file.ManagerServant INFO Master manager not found
2023-12-13 01:51:25,269 file.ManagerServant INFO Master manager not found
2023-12-13 01:51:27,384 file.SdoServiceAdmin WARNING No available SDO service in the factory: 
2023-12-13 01:51:27,384 file.SdoServiceAdmin ERROR type  not exists.
2023-12-13 01:51:35,302 file.ManagerServant INFO Master manager not found
2023-12-13 01:51:45,355 file.ManagerServant INFO Master manager not found
2023-12-13 01:51:55,436 file.ManagerServant INFO Master manager not found
2023-12-13 01:52:05,489 file.ManagerServant INFO Master manager not found
2023-12-13 01:52:15,546 file.ManagerServant INFO Master manager not found
2023-12-13 01:52:25,609 file.ManagerServant INFO Master manager not found
2023-12-13 01:52:35,654 file.ManagerServant INFO Master manager not found
2023-12-13 01:52:45,816 file.ManagerServant INFO Master manager not found
2023-12-13 01:52:55,901 file.ManagerServant INFO Master manager not found
2023-12-13 01:53:05,838 file.ManagerServant INFO Master manager not found
2023-12-13 01:53:15,804 file.ManagerServant INFO Master manager not found
2023-12-13 01:53:25,806 file.ManagerServant INFO Master manager not found
