2023-12-12 23:02:33,620 file.manager INFO 2.0.1
2023-12-12 23:02:33,620 file.manager INFO Copyright (C) 2003-2022, Noriaki Ando and OpenRTM development team,
2023-12-12 23:02:33,620 file.manager INFO   Intelligent Systems Research Institute, AIST,
2023-12-12 23:02:33,620 file.manager INFO Copyright (C) 2022, Noriaki Ando and OpenRTM development team,
2023-12-12 23:02:33,620 file.manager INFO   Industrial Cyber-Physical Research Center, AIST,
2023-12-12 23:02:33,620 file.manager INFO   All right reserved.
2023-12-12 23:02:33,620 file.manager INFO Manager starting.
2023-12-12 23:02:33,620 file.manager INFO Starting local logging.
2023-12-12 23:02:33,620 file.manager.namingmanager INFO NameServer connection succeeded: corba/localhost
2023-12-12 23:02:37,744 file.ManagerServant INFO Master manager not found
2023-12-12 23:02:37,744 file.LocalServiceAdmin INFO All the local services are enabled.
2023-12-12 23:02:37,759 file.manager INFO Component type conf file: csv_output.conf loaded.
2023-12-12 23:02:37,759 file.ec_base INFO setRate(1000000.000000) done
2023-12-12 23:02:37,759 file.ec_base INFO setRate(1000.000000) done
2023-12-12 23:02:37,759 file.rtobject INFO 1 execution context was created.
2023-12-12 23:02:37,759 file.rtobject INFO Initial active configuration set is default.
2023-12-12 23:02:51,849 file.ManagerServant INFO Master manager not found
2023-12-12 23:03:01,928 file.ManagerServant INFO Master manager not found
2023-12-12 23:03:11,933 file.ManagerServant INFO Master manager not found
2023-12-12 23:03:22,016 file.ManagerServant INFO Master manager not found
2023-12-12 23:03:32,033 file.ManagerServant INFO Master manager not found
2023-12-12 23:03:42,101 file.ManagerServant INFO Master manager not found
2023-12-12 23:03:52,149 file.ManagerServant INFO Master manager not found
2023-12-12 23:04:02,228 file.ManagerServant INFO Master manager not found
2023-12-12 23:04:06,355 file.rtobject ERROR Traceback (most recent call last):
  File "C:\Users\reore\AppData\Local\Programs\Python\Python311\Lib\site-packages\OpenRTM_aist\DataFlowComponentBase.py", line 123, in on_execute
    ret = self.onExecute(ec_id)
          ^^^^^^^^^^^^^^^^^^^^^
  File "C:\Users\reore\workspace\csv_output\csv_output.py", line 188, in onExecute
    blue_points = int(self.flat_list)
                  ^^^^^^^^^^^^^^^^^^^
TypeError: int() argument must be a string, a bytes-like object or a real number, not 'list'

2023-12-12 23:04:12,260 file.ManagerServant INFO Master manager not found
2023-12-12 23:04:22,283 file.ManagerServant INFO Master manager not found
2023-12-12 23:04:22,883 file.ec_worker ERROR State of the RTC is not ACTIVE_STATE.
2023-12-12 23:04:26,079 file.SdoServiceAdmin WARNING No available SDO service in the factory: 
2023-12-12 23:04:26,079 file.SdoServiceAdmin ERROR type  not exists.
