2023-10-25 16:56:39,011 file.manager INFO 2.0.1
2023-10-25 16:56:39,011 file.manager INFO Copyright (C) 2003-2022, Noriaki Ando and OpenRTM development team,
2023-10-25 16:56:39,011 file.manager INFO   Intelligent Systems Research Institute, AIST,
2023-10-25 16:56:39,011 file.manager INFO Copyright (C) 2022, Noriaki Ando and OpenRTM development team,
2023-10-25 16:56:39,011 file.manager INFO   Industrial Cyber-Physical Research Center, AIST,
2023-10-25 16:56:39,011 file.manager INFO   All right reserved.
2023-10-25 16:56:39,011 file.manager INFO Manager starting.
2023-10-25 16:56:39,011 file.manager INFO Starting local logging.
2023-10-25 16:56:39,011 file.manager.namingmanager INFO NameServer connection succeeded: corba/localhost
2023-10-25 16:56:43,114 file.ManagerServant INFO Master manager not found
2023-10-25 16:56:43,114 file.LocalServiceAdmin INFO All the local services are enabled.
2023-10-25 16:56:43,129 file.manager INFO Component type conf file: csv_output.conf loaded.
2023-10-25 16:56:43,129 file.ec_base INFO setRate(1000000.000000) done
2023-10-25 16:56:43,129 file.ec_base INFO setRate(1000.000000) done
2023-10-25 16:56:43,129 file.rtobject INFO 1 execution context was created.
2023-10-25 16:56:43,134 file.rtobject INFO Initial active configuration set is default.
2023-10-25 16:56:57,254 file.ManagerServant INFO Master manager not found
2023-10-25 16:57:07,352 file.ManagerServant INFO Master manager not found
2023-10-25 16:57:17,432 file.ManagerServant INFO Master manager not found
2023-10-25 16:57:27,454 file.ManagerServant INFO Master manager not found
2023-10-25 16:57:37,491 file.ManagerServant INFO Master manager not found
2023-10-25 16:57:47,592 file.ManagerServant INFO Master manager not found
2023-10-25 16:57:57,545 file.ManagerServant INFO Master manager not found
2023-10-25 16:58:02,256 file.SdoServiceAdmin WARNING No available SDO service in the factory: 
2023-10-25 16:58:02,257 file.SdoServiceAdmin ERROR type  not exists.
2023-10-25 16:58:07,569 file.ManagerServant INFO Master manager not found
2023-10-25 16:58:17,638 file.ManagerServant INFO Master manager not found
2023-10-25 16:58:27,713 file.ManagerServant INFO Master manager not found
2023-10-25 16:58:37,772 file.ManagerServant INFO Master manager not found
2023-10-25 16:58:47,810 file.ManagerServant INFO Master manager not found
2023-10-25 16:58:57,904 file.ManagerServant INFO Master manager not found
2023-10-25 16:59:07,996 file.ManagerServant INFO Master manager not found
2023-10-25 16:59:18,059 file.ManagerServant INFO Master manager not found
2023-10-25 16:59:28,105 file.ManagerServant INFO Master manager not found
2023-10-25 16:59:38,186 file.ManagerServant INFO Master manager not found
2023-10-25 16:59:48,247 file.ManagerServant INFO Master manager not found
2023-10-25 16:59:58,275 file.ManagerServant INFO Master manager not found
2023-10-25 17:00:08,303 file.ManagerServant INFO Master manager not found
2023-10-25 17:00:18,282 file.ManagerServant INFO Master manager not found
2023-10-25 17:00:28,416 file.ManagerServant INFO Master manager not found
2023-10-25 17:00:38,389 file.ManagerServant INFO Master manager not found
2023-10-25 17:00:48,487 file.ManagerServant INFO Master manager not found
2023-10-25 17:00:58,573 file.ManagerServant INFO Master manager not found
2023-10-25 17:01:08,665 file.ManagerServant INFO Master manager not found
2023-10-25 17:01:18,705 file.ManagerServant INFO Master manager not found
2023-10-25 17:01:28,816 file.ManagerServant INFO Master manager not found
2023-10-25 17:01:38,797 file.ManagerServant INFO Master manager not found
2023-10-25 17:01:48,844 file.ManagerServant INFO Master manager not found
2023-10-25 17:01:58,903 file.ManagerServant INFO Master manager not found
2023-10-25 17:02:08,959 file.ManagerServant INFO Master manager not found
2023-10-25 17:02:19,017 file.ManagerServant INFO Master manager not found
2023-10-25 17:02:29,144 file.ManagerServant INFO Master manager not found
2023-10-25 17:02:39,204 file.ManagerServant INFO Master manager not found
2023-10-25 17:02:49,479 file.ManagerServant INFO Master manager not found
2023-10-25 17:02:59,275 file.ManagerServant INFO Master manager not found
2023-10-25 17:03:29,386 file.ManagerServant INFO Master manager not found
2023-10-25 17:03:33,606 file.ManagerServant INFO Master manager not found
2023-10-25 17:03:43,766 file.ManagerServant INFO Master manager not found
2023-10-25 17:03:53,830 file.ManagerServant INFO Master manager not found
2023-10-25 17:04:03,978 file.ManagerServant INFO Master manager not found
2023-10-25 17:04:14,020 file.ManagerServant INFO Master manager not found
2023-10-25 17:04:24,091 file.ManagerServant INFO Master manager not found
2023-10-25 17:04:33,951 file.ManagerServant INFO Master manager not found
2023-10-25 17:04:43,983 file.ManagerServant INFO Master manager not found
2023-10-25 17:04:54,313 file.ManagerServant INFO Master manager not found
2023-10-25 17:05:04,232 file.ManagerServant INFO Master manager not found
2023-10-25 17:05:14,278 file.ManagerServant INFO Master manager not found
2023-10-25 17:05:24,292 file.ManagerServant INFO Master manager not found
2023-10-25 17:05:34,343 file.ManagerServant INFO Master manager not found
2023-10-25 17:05:44,406 file.ManagerServant INFO Master manager not found
