2023-12-12 22:56:54,546 file.manager INFO 2.0.1
2023-12-12 22:56:54,546 file.manager INFO Copyright (C) 2003-2022, Noriaki Ando and OpenRTM development team,
2023-12-12 22:56:54,546 file.manager INFO   Intelligent Systems Research Institute, AIST,
2023-12-12 22:56:54,546 file.manager INFO Copyright (C) 2022, Noriaki Ando and OpenRTM development team,
2023-12-12 22:56:54,546 file.manager INFO   Industrial Cyber-Physical Research Center, AIST,
2023-12-12 22:56:54,546 file.manager INFO   All right reserved.
2023-12-12 22:56:54,546 file.manager INFO Manager starting.
2023-12-12 22:56:54,546 file.manager INFO Starting local logging.
2023-12-12 22:56:54,561 file.manager.namingmanager INFO NameServer connection succeeded: corba/localhost
2023-12-12 22:56:58,647 file.ManagerServant INFO Master manager not found
2023-12-12 22:56:58,647 file.LocalServiceAdmin INFO All the local services are enabled.
2023-12-12 22:56:58,647 file.manager INFO Component type conf file: csv_output.conf loaded.
2023-12-12 22:56:58,647 file.ec_base INFO setRate(1000000.000000) done
2023-12-12 22:56:58,647 file.ec_base INFO setRate(1000.000000) done
2023-12-12 22:56:58,647 file.rtobject INFO 1 execution context was created.
2023-12-12 22:56:58,647 file.rtobject INFO Initial active configuration set is default.
2023-12-12 22:57:12,801 file.ManagerServant INFO Master manager not found
2023-12-12 22:57:22,833 file.ManagerServant INFO Master manager not found
2023-12-12 22:57:32,921 file.ManagerServant INFO Master manager not found
2023-12-12 22:57:42,965 file.ManagerServant INFO Master manager not found
2023-12-12 22:57:52,997 file.ManagerServant INFO Master manager not found
2023-12-12 22:58:03,056 file.ManagerServant INFO Master manager not found
2023-12-12 22:58:13,109 file.ManagerServant INFO Master manager not found
2023-12-12 22:58:23,151 file.ManagerServant INFO Master manager not found
2023-12-12 22:58:33,171 file.ManagerServant INFO Master manager not found
2023-12-12 22:58:35,453 file.SdoServiceAdmin WARNING No available SDO service in the factory: 
2023-12-12 22:58:35,453 file.SdoServiceAdmin ERROR type  not exists.
