2023-12-13 01:37:36,350 file.manager INFO 2.0.1
2023-12-13 01:37:36,350 file.manager INFO Copyright (C) 2003-2022, Noriaki Ando and OpenRTM development team,
2023-12-13 01:37:36,350 file.manager INFO   Intelligent Systems Research Institute, AIST,
2023-12-13 01:37:36,350 file.manager INFO Copyright (C) 2022, Noriaki Ando and OpenRTM development team,
2023-12-13 01:37:36,350 file.manager INFO   Industrial Cyber-Physical Research Center, AIST,
2023-12-13 01:37:36,350 file.manager INFO   All right reserved.
2023-12-13 01:37:36,350 file.manager INFO Manager starting.
2023-12-13 01:37:36,350 file.manager INFO Starting local logging.
2023-12-13 01:37:36,365 file.manager.namingmanager INFO NameServer connection succeeded: corba/localhost
2023-12-13 01:37:40,468 file.ManagerServant INFO Master manager not found
2023-12-13 01:37:40,468 file.LocalServiceAdmin INFO All the local services are enabled.
2023-12-13 01:37:40,468 file.manager INFO Component type conf file: csv_output.conf loaded.
2023-12-13 01:37:40,484 file.ec_base INFO setRate(1000000.000000) done
2023-12-13 01:37:40,484 file.ec_base INFO setRate(1000.000000) done
2023-12-13 01:37:40,484 file.rtobject INFO 1 execution context was created.
2023-12-13 01:37:40,484 file.rtobject INFO Initial active configuration set is default.
2023-12-13 01:37:54,697 file.ManagerServant INFO Master manager not found
2023-12-13 01:38:04,712 file.ManagerServant INFO Master manager not found
2023-12-13 01:38:14,709 file.ManagerServant INFO Master manager not found
2023-12-13 01:38:24,754 file.ManagerServant INFO Master manager not found
2023-12-13 01:38:34,811 file.ManagerServant INFO Master manager not found
2023-12-13 01:38:44,870 file.ManagerServant INFO Master manager not found
2023-12-13 01:38:54,935 file.ManagerServant INFO Master manager not found
2023-12-13 01:39:04,983 file.ManagerServant INFO Master manager not found
2023-12-13 01:39:15,014 file.ManagerServant INFO Master manager not found
2023-12-13 01:39:25,069 file.ManagerServant INFO Master manager not found
2023-12-13 01:39:35,133 file.ManagerServant INFO Master manager not found
2023-12-13 01:39:45,166 file.ManagerServant INFO Master manager not found
2023-12-13 01:39:55,254 file.ManagerServant INFO Master manager not found
2023-12-13 01:40:05,303 file.ManagerServant INFO Master manager not found
2023-12-13 01:40:15,325 file.ManagerServant INFO Master manager not found
2023-12-13 01:40:25,385 file.ManagerServant INFO Master manager not found
2023-12-13 01:40:35,445 file.ManagerServant INFO Master manager not found
2023-12-13 01:40:45,500 file.ManagerServant INFO Master manager not found
2023-12-13 01:40:55,567 file.ManagerServant INFO Master manager not found
2023-12-13 01:41:05,661 file.ManagerServant INFO Master manager not found
2023-12-13 01:41:15,678 file.ManagerServant INFO Master manager not found
2023-12-13 01:41:25,792 file.ManagerServant INFO Master manager not found
2023-12-13 01:41:35,840 file.ManagerServant INFO Master manager not found
2023-12-13 01:41:45,861 file.ManagerServant INFO Master manager not found
2023-12-13 01:41:55,877 file.ManagerServant INFO Master manager not found
2023-12-13 01:42:05,878 file.ManagerServant INFO Master manager not found
2023-12-13 01:42:15,882 file.ManagerServant INFO Master manager not found
2023-12-13 01:42:25,913 file.ManagerServant INFO Master manager not found
2023-12-13 01:42:35,966 file.ManagerServant INFO Master manager not found
2023-12-13 01:42:45,992 file.ManagerServant INFO Master manager not found
2023-12-13 01:42:56,002 file.ManagerServant INFO Master manager not found
2023-12-13 01:43:06,011 file.ManagerServant INFO Master manager not found
2023-12-13 01:43:15,978 file.ManagerServant INFO Master manager not found
2023-12-13 01:43:26,119 file.ManagerServant INFO Master manager not found
2023-12-13 01:43:36,165 file.ManagerServant INFO Master manager not found
2023-12-13 01:43:46,151 file.ManagerServant INFO Master manager not found
2023-12-13 01:43:56,230 file.ManagerServant INFO Master manager not found
2023-12-13 01:44:06,268 file.ManagerServant INFO Master manager not found
2023-12-13 01:44:16,322 file.ManagerServant INFO Master manager not found
2023-12-13 01:44:24,102 file.SdoServiceAdmin WARNING No available SDO service in the factory: 
2023-12-13 01:44:24,103 file.SdoServiceAdmin ERROR type  not exists.
2023-12-13 01:44:26,339 file.ManagerServant INFO Master manager not found
