2023-12-13 00:26:09,753 file.manager INFO 2.0.1
2023-12-13 00:26:09,753 file.manager INFO Copyright (C) 2003-2022, Noriaki Ando and OpenRTM development team,
2023-12-13 00:26:09,753 file.manager INFO   Intelligent Systems Research Institute, AIST,
2023-12-13 00:26:09,753 file.manager INFO Copyright (C) 2022, Noriaki Ando and OpenRTM development team,
2023-12-13 00:26:09,753 file.manager INFO   Industrial Cyber-Physical Research Center, AIST,
2023-12-13 00:26:09,753 file.manager INFO   All right reserved.
2023-12-13 00:26:09,753 file.manager INFO Manager starting.
2023-12-13 00:26:09,753 file.manager INFO Starting local logging.
2023-12-13 00:26:09,753 file.manager.namingmanager INFO NameServer connection succeeded: corba/localhost
2023-12-13 00:26:13,841 file.ManagerServant INFO Master manager not found
2023-12-13 00:26:13,841 file.LocalServiceAdmin INFO All the local services are enabled.
2023-12-13 00:26:13,855 file.manager INFO Component type conf file: csv_output.conf loaded.
2023-12-13 00:26:13,855 file.ec_base INFO setRate(1000000.000000) done
2023-12-13 00:26:13,855 file.ec_base INFO setRate(1000.000000) done
2023-12-13 00:26:13,855 file.rtobject INFO 1 execution context was created.
2023-12-13 00:26:13,855 file.rtobject INFO Initial active configuration set is default.
2023-12-13 00:26:28,000 file.ManagerServant INFO Master manager not found
2023-12-13 00:26:38,086 file.ManagerServant INFO Master manager not found
2023-12-13 00:26:48,160 file.ManagerServant INFO Master manager not found
2023-12-13 00:26:58,260 file.ManagerServant INFO Master manager not found
2023-12-13 00:27:08,316 file.ManagerServant INFO Master manager not found
2023-12-13 00:27:18,385 file.ManagerServant INFO Master manager not found
2023-12-13 00:27:28,424 file.ManagerServant INFO Master manager not found
2023-12-13 00:27:38,501 file.ManagerServant INFO Master manager not found
2023-12-13 00:27:48,521 file.ManagerServant INFO Master manager not found
2023-12-13 00:27:58,588 file.ManagerServant INFO Master manager not found
2023-12-13 00:28:08,647 file.ManagerServant INFO Master manager not found
2023-12-13 00:28:18,703 file.ManagerServant INFO Master manager not found
2023-12-13 00:28:28,752 file.ManagerServant INFO Master manager not found
2023-12-13 00:28:38,775 file.ManagerServant INFO Master manager not found
