2023-12-12 23:23:35,901 file.manager INFO 2.0.1
2023-12-12 23:23:35,901 file.manager INFO Copyright (C) 2003-2022, Noriaki Ando and OpenRTM development team,
2023-12-12 23:23:35,901 file.manager INFO   Intelligent Systems Research Institute, AIST,
2023-12-12 23:23:35,901 file.manager INFO Copyright (C) 2022, Noriaki Ando and OpenRTM development team,
2023-12-12 23:23:35,901 file.manager INFO   Industrial Cyber-Physical Research Center, AIST,
2023-12-12 23:23:35,901 file.manager INFO   All right reserved.
2023-12-12 23:23:35,901 file.manager INFO Manager starting.
2023-12-12 23:23:35,901 file.manager INFO Starting local logging.
2023-12-12 23:23:35,932 file.manager.namingmanager INFO NameServer connection succeeded: corba/localhost
2023-12-12 23:23:40,026 file.ManagerServant INFO Master manager not found
2023-12-12 23:23:40,026 file.LocalServiceAdmin INFO All the local services are enabled.
2023-12-12 23:23:40,026 file.manager INFO Component type conf file: csv_output.conf loaded.
2023-12-12 23:23:40,042 file.ec_base INFO setRate(1000000.000000) done
2023-12-12 23:23:40,042 file.ec_base INFO setRate(1000.000000) done
2023-12-12 23:23:40,042 file.rtobject INFO 1 execution context was created.
2023-12-12 23:23:40,042 file.rtobject INFO Initial active configuration set is default.
2023-12-12 23:23:54,131 file.ManagerServant INFO Master manager not found
2023-12-12 23:24:04,169 file.ManagerServant INFO Master manager not found
2023-12-12 23:24:14,214 file.ManagerServant INFO Master manager not found
2023-12-12 23:24:24,273 file.ManagerServant INFO Master manager not found
2023-12-12 23:24:34,306 file.ManagerServant INFO Master manager not found
2023-12-12 23:24:44,344 file.ManagerServant INFO Master manager not found
2023-12-12 23:24:54,395 file.ManagerServant INFO Master manager not found
2023-12-12 23:25:00,242 file.SdoServiceAdmin WARNING No available SDO service in the factory: 
2023-12-12 23:25:00,242 file.SdoServiceAdmin ERROR type  not exists.
2023-12-12 23:25:04,438 file.ManagerServant INFO Master manager not found
2023-12-12 23:25:14,448 file.ManagerServant INFO Master manager not found
