2023-12-13 01:44:45,107 file.manager INFO 2.0.1
2023-12-13 01:44:45,107 file.manager INFO Copyright (C) 2003-2022, Noriaki Ando and OpenRTM development team,
2023-12-13 01:44:45,107 file.manager INFO   Intelligent Systems Research Institute, AIST,
2023-12-13 01:44:45,107 file.manager INFO Copyright (C) 2022, Noriaki Ando and OpenRTM development team,
2023-12-13 01:44:45,107 file.manager INFO   Industrial Cyber-Physical Research Center, AIST,
2023-12-13 01:44:45,107 file.manager INFO   All right reserved.
2023-12-13 01:44:45,107 file.manager INFO Manager starting.
2023-12-13 01:44:45,107 file.manager INFO Starting local logging.
2023-12-13 01:44:45,107 file.manager.namingmanager INFO NameServer connection succeeded: corba/localhost
2023-12-13 01:44:49,236 file.ManagerServant INFO Master manager not found
2023-12-13 01:44:49,236 file.LocalServiceAdmin INFO All the local services are enabled.
2023-12-13 01:44:49,251 file.manager INFO Component type conf file: csv_output.conf loaded.
2023-12-13 01:44:49,251 file.ec_base INFO setRate(1000000.000000) done
2023-12-13 01:44:49,251 file.ec_base INFO setRate(1000.000000) done
2023-12-13 01:44:49,251 file.rtobject INFO 1 execution context was created.
2023-12-13 01:44:49,251 file.rtobject INFO Initial active configuration set is default.
2023-12-13 01:45:03,321 file.ManagerServant INFO Master manager not found
2023-12-13 01:45:13,385 file.ManagerServant INFO Master manager not found
2023-12-13 01:45:23,460 file.ManagerServant INFO Master manager not found
2023-12-13 01:45:33,538 file.ManagerServant INFO Master manager not found
2023-12-13 01:45:43,588 file.ManagerServant INFO Master manager not found
2023-12-13 01:45:53,647 file.ManagerServant INFO Master manager not found
2023-12-13 01:46:03,708 file.ManagerServant INFO Master manager not found
2023-12-13 01:46:13,765 file.ManagerServant INFO Master manager not found
2023-12-13 01:46:16,699 file.SdoServiceAdmin WARNING No available SDO service in the factory: 
2023-12-13 01:46:16,699 file.SdoServiceAdmin ERROR type  not exists.
2023-12-13 01:46:23,815 file.ManagerServant INFO Master manager not found
2023-12-13 01:46:33,891 file.ManagerServant INFO Master manager not found
2023-12-13 01:46:43,962 file.ManagerServant INFO Master manager not found
2023-12-13 01:46:54,030 file.ManagerServant INFO Master manager not found
2023-12-13 01:47:04,131 file.ManagerServant INFO Master manager not found
2023-12-13 01:47:14,198 file.ManagerServant INFO Master manager not found
2023-12-13 01:47:24,243 file.ManagerServant INFO Master manager not found
2023-12-13 01:47:34,311 file.ManagerServant INFO Master manager not found
2023-12-13 01:47:44,330 file.ManagerServant INFO Master manager not found
2023-12-13 01:47:54,400 file.ManagerServant INFO Master manager not found
