2023-11-25 13:31:07,332 file.manager INFO 2.0.1
2023-11-25 13:31:07,332 file.manager INFO Copyright (C) 2003-2022, Noriaki Ando and OpenRTM development team,
2023-11-25 13:31:07,332 file.manager INFO   Intelligent Systems Research Institute, AIST,
2023-11-25 13:31:07,332 file.manager INFO Copyright (C) 2022, Noriaki Ando and OpenRTM development team,
2023-11-25 13:31:07,332 file.manager INFO   Industrial Cyber-Physical Research Center, AIST,
2023-11-25 13:31:07,332 file.manager INFO   All right reserved.
2023-11-25 13:31:07,332 file.manager INFO Manager starting.
2023-11-25 13:31:07,332 file.manager INFO Starting local logging.
2023-11-25 13:31:07,340 file.manager.namingmanager INFO NameServer connection succeeded: corba/localhost
2023-11-25 13:31:11,457 file.ManagerServant INFO Master manager not found
2023-11-25 13:31:11,459 file.LocalServiceAdmin INFO All the local services are enabled.
2023-11-25 13:31:11,477 file.manager INFO Component type conf file: csv_output.conf loaded.
2023-11-25 13:31:11,479 file.ec_base INFO setRate(1000000.000000) done
2023-11-25 13:31:11,479 file.ec_base INFO setRate(1000.000000) done
2023-11-25 13:31:11,479 file.rtobject INFO 1 execution context was created.
2023-11-25 13:31:11,480 file.rtobject INFO Initial active configuration set is default.
2023-11-25 13:31:25,593 file.ManagerServant INFO Master manager not found
2023-11-25 13:31:35,650 file.ManagerServant INFO Master manager not found
2023-11-25 13:31:45,729 file.ManagerServant INFO Master manager not found
2023-11-25 13:31:55,798 file.ManagerServant INFO Master manager not found
2023-11-25 13:32:05,893 file.ManagerServant INFO Master manager not found
2023-11-25 13:32:15,936 file.ManagerServant INFO Master manager not found
2023-11-25 13:32:25,989 file.ManagerServant INFO Master manager not found
2023-11-25 13:32:36,075 file.ManagerServant INFO Master manager not found
2023-11-25 13:32:46,142 file.ManagerServant INFO Master manager not found
2023-11-25 13:32:56,195 file.ManagerServant INFO Master manager not found
2023-11-25 13:32:58,961 file.SdoServiceAdmin WARNING No available SDO service in the factory: 
2023-11-25 13:32:58,962 file.SdoServiceAdmin ERROR type  not exists.
