2023-11-27 03:21:46,761 file.manager INFO 2.0.1
2023-11-27 03:21:46,761 file.manager INFO Copyright (C) 2003-2022, Noriaki Ando and OpenRTM development team,
2023-11-27 03:21:46,761 file.manager INFO   Intelligent Systems Research Institute, AIST,
2023-11-27 03:21:46,761 file.manager INFO Copyright (C) 2022, Noriaki Ando and OpenRTM development team,
2023-11-27 03:21:46,761 file.manager INFO   Industrial Cyber-Physical Research Center, AIST,
2023-11-27 03:21:46,761 file.manager INFO   All right reserved.
2023-11-27 03:21:46,761 file.manager INFO Manager starting.
2023-11-27 03:21:46,761 file.manager INFO Starting local logging.
2023-11-27 03:21:46,776 file.manager.namingmanager INFO NameServer connection succeeded: corba/localhost
2023-11-27 03:21:50,847 file.ManagerServant INFO Master manager not found
2023-11-27 03:21:50,847 file.LocalServiceAdmin INFO All the local services are enabled.
2023-11-27 03:21:50,861 file.manager INFO Component type conf file: csv_output.conf loaded.
2023-11-27 03:21:50,861 file.ec_base INFO setRate(1000000.000000) done
2023-11-27 03:21:50,861 file.ec_base INFO setRate(1000.000000) done
2023-11-27 03:21:50,861 file.rtobject INFO 1 execution context was created.
2023-11-27 03:21:50,861 file.rtobject INFO Initial active configuration set is default.
2023-11-27 03:22:05,039 file.ManagerServant INFO Master manager not found
2023-11-27 03:22:15,143 file.ManagerServant INFO Master manager not found
2023-11-27 03:22:25,131 file.ManagerServant INFO Master manager not found
2023-11-27 03:22:39,317 file.ManagerServant INFO Master manager not found
2023-11-27 03:22:45,222 file.ManagerServant INFO Master manager not found
