2023-12-13 00:55:47,672 file.manager INFO 2.0.1
2023-12-13 00:55:47,687 file.manager INFO Copyright (C) 2003-2022, Noriaki Ando and OpenRTM development team,
2023-12-13 00:55:47,687 file.manager INFO   Intelligent Systems Research Institute, AIST,
2023-12-13 00:55:47,687 file.manager INFO Copyright (C) 2022, Noriaki Ando and OpenRTM development team,
2023-12-13 00:55:47,687 file.manager INFO   Industrial Cyber-Physical Research Center, AIST,
2023-12-13 00:55:47,687 file.manager INFO   All right reserved.
2023-12-13 00:55:47,687 file.manager INFO Manager starting.
2023-12-13 00:55:47,687 file.manager INFO Starting local logging.
2023-12-13 00:55:47,704 file.manager.namingmanager INFO NameServer connection succeeded: corba/localhost
2023-12-13 00:55:51,832 file.ManagerServant INFO Master manager not found
2023-12-13 00:55:51,832 file.LocalServiceAdmin INFO All the local services are enabled.
2023-12-13 00:55:51,832 file.manager INFO Component type conf file: csv_output.conf loaded.
2023-12-13 00:55:51,832 file.ec_base INFO setRate(1000000.000000) done
2023-12-13 00:55:51,832 file.ec_base INFO setRate(1000.000000) done
2023-12-13 00:55:51,832 file.rtobject INFO 1 execution context was created.
2023-12-13 00:55:51,832 file.rtobject INFO Initial active configuration set is default.
2023-12-13 00:56:05,974 file.ManagerServant INFO Master manager not found
2023-12-13 00:56:16,014 file.ManagerServant INFO Master manager not found
2023-12-13 00:56:26,068 file.ManagerServant INFO Master manager not found
2023-12-13 00:56:36,123 file.ManagerServant INFO Master manager not found
2023-12-13 00:56:46,191 file.ManagerServant INFO Master manager not found
2023-12-13 00:56:56,271 file.ManagerServant INFO Master manager not found
2023-12-13 00:57:06,321 file.ManagerServant INFO Master manager not found
2023-12-13 00:57:16,320 file.ManagerServant INFO Master manager not found
2023-12-13 00:57:26,360 file.ManagerServant INFO Master manager not found
2023-12-13 00:57:36,409 file.ManagerServant INFO Master manager not found
2023-12-13 00:57:46,461 file.ManagerServant INFO Master manager not found
2023-12-13 00:57:56,516 file.ManagerServant INFO Master manager not found
2023-12-13 00:58:06,507 file.ManagerServant INFO Master manager not found
