2023-12-12 22:53:23,580 file.manager INFO 2.0.1
2023-12-12 22:53:23,580 file.manager INFO Copyright (C) 2003-2022, Noriaki Ando and OpenRTM development team,
2023-12-12 22:53:23,580 file.manager INFO   Intelligent Systems Research Institute, AIST,
2023-12-12 22:53:23,580 file.manager INFO Copyright (C) 2022, Noriaki Ando and OpenRTM development team,
2023-12-12 22:53:23,580 file.manager INFO   Industrial Cyber-Physical Research Center, AIST,
2023-12-12 22:53:23,580 file.manager INFO   All right reserved.
2023-12-12 22:53:23,580 file.manager INFO Manager starting.
2023-12-12 22:53:23,580 file.manager INFO Starting local logging.
2023-12-12 22:53:23,596 file.manager.namingmanager INFO NameServer connection succeeded: corba/localhost
2023-12-12 22:53:27,695 file.ManagerServant INFO Master manager not found
2023-12-12 22:53:27,695 file.LocalServiceAdmin INFO All the local services are enabled.
2023-12-12 22:53:27,695 file.manager INFO Component type conf file: csv_output.conf loaded.
2023-12-12 22:53:27,695 file.ec_base INFO setRate(1000000.000000) done
2023-12-12 22:53:27,695 file.ec_base INFO setRate(1000.000000) done
2023-12-12 22:53:27,695 file.rtobject INFO 1 execution context was created.
2023-12-12 22:53:27,710 file.rtobject INFO Initial active configuration set is default.
2023-12-12 22:53:41,855 file.ManagerServant INFO Master manager not found
2023-12-12 22:53:51,886 file.ManagerServant INFO Master manager not found
2023-12-12 22:54:01,972 file.ManagerServant INFO Master manager not found
2023-12-12 22:54:12,048 file.ManagerServant INFO Master manager not found
2023-12-12 22:54:22,083 file.ManagerServant INFO Master manager not found
2023-12-12 22:54:32,100 file.ManagerServant INFO Master manager not found
2023-12-12 22:54:42,143 file.ManagerServant INFO Master manager not found
2023-12-12 22:54:52,196 file.ManagerServant INFO Master manager not found
2023-12-12 22:55:02,240 file.ManagerServant INFO Master manager not found
2023-12-12 22:55:12,260 file.ManagerServant INFO Master manager not found
