2023-12-13 02:25:31,098 file.manager INFO 2.0.1
2023-12-13 02:25:31,098 file.manager INFO Copyright (C) 2003-2022, Noriaki Ando and OpenRTM development team,
2023-12-13 02:25:31,098 file.manager INFO   Intelligent Systems Research Institute, AIST,
2023-12-13 02:25:31,098 file.manager INFO Copyright (C) 2022, Noriaki Ando and OpenRTM development team,
2023-12-13 02:25:31,098 file.manager INFO   Industrial Cyber-Physical Research Center, AIST,
2023-12-13 02:25:31,098 file.manager INFO   All right reserved.
2023-12-13 02:25:31,098 file.manager INFO Manager starting.
2023-12-13 02:25:31,098 file.manager INFO Starting local logging.
2023-12-13 02:25:31,113 file.manager.namingmanager INFO NameServer connection succeeded: corba/localhost
2023-12-13 02:25:35,226 file.ManagerServant INFO Master manager not found
2023-12-13 02:25:35,226 file.LocalServiceAdmin INFO All the local services are enabled.
2023-12-13 02:25:35,242 file.manager INFO Component type conf file: csv_output.conf loaded.
2023-12-13 02:25:35,242 file.ec_base INFO setRate(1000000.000000) done
2023-12-13 02:25:35,242 file.ec_base INFO setRate(1000.000000) done
2023-12-13 02:25:35,242 file.rtobject INFO 1 execution context was created.
2023-12-13 02:25:35,242 file.rtobject INFO Initial active configuration set is default.
2023-12-13 02:25:49,361 file.ManagerServant INFO Master manager not found
2023-12-13 02:25:59,386 file.ManagerServant INFO Master manager not found
2023-12-13 02:26:09,421 file.ManagerServant INFO Master manager not found
2023-12-13 02:26:19,481 file.ManagerServant INFO Master manager not found
2023-12-13 02:26:29,492 file.ManagerServant INFO Master manager not found
2023-12-13 02:26:39,527 file.ManagerServant INFO Master manager not found
2023-12-13 02:26:49,557 file.ManagerServant INFO Master manager not found
2023-12-13 02:26:59,644 file.ManagerServant INFO Master manager not found
2023-12-13 02:27:07,161 file.SdoServiceAdmin WARNING No available SDO service in the factory: 
2023-12-13 02:27:07,161 file.SdoServiceAdmin ERROR type  not exists.
2023-12-13 02:27:09,705 file.ManagerServant INFO Master manager not found
2023-12-13 02:27:19,766 file.ManagerServant INFO Master manager not found
2023-12-13 02:27:29,855 file.ManagerServant INFO Master manager not found
2023-12-13 02:27:39,901 file.ManagerServant INFO Master manager not found
2023-12-13 02:27:49,971 file.ManagerServant INFO Master manager not found
2023-12-13 02:28:00,026 file.ManagerServant INFO Master manager not found
2023-12-13 02:28:10,110 file.ManagerServant INFO Master manager not found
2023-12-13 02:28:20,149 file.ManagerServant INFO Master manager not found
2023-12-13 02:28:30,188 file.ManagerServant INFO Master manager not found
2023-12-13 02:28:40,300 file.ManagerServant INFO Master manager not found
