2023-12-12 23:16:16,699 file.manager INFO 2.0.1
2023-12-12 23:16:16,699 file.manager INFO Copyright (C) 2003-2022, Noriaki Ando and OpenRTM development team,
2023-12-12 23:16:16,699 file.manager INFO   Intelligent Systems Research Institute, AIST,
2023-12-12 23:16:16,699 file.manager INFO Copyright (C) 2022, Noriaki Ando and OpenRTM development team,
2023-12-12 23:16:16,699 file.manager INFO   Industrial Cyber-Physical Research Center, AIST,
2023-12-12 23:16:16,699 file.manager INFO   All right reserved.
2023-12-12 23:16:16,699 file.manager INFO Manager starting.
2023-12-12 23:16:16,699 file.manager INFO Starting local logging.
2023-12-12 23:16:20,816 file.manager.namingmanager INFO NameServer connection failed: corba/localhost
2023-12-12 23:16:24,894 file.ManagerServant INFO Master manager not found
2023-12-12 23:16:24,894 file.LocalServiceAdmin INFO All the local services are enabled.
2023-12-12 23:16:24,894 file.manager INFO Component type conf file: csv_output.conf loaded.
2023-12-12 23:16:24,910 file.ec_base INFO setRate(1000000.000000) done
2023-12-12 23:16:24,910 file.ec_base INFO setRate(1000.000000) done
2023-12-12 23:16:24,910 file.rtobject INFO 1 execution context was created.
2023-12-12 23:16:24,910 file.rtobject INFO Initial active configuration set is default.
2023-12-12 23:16:39,063 file.manager.namingmanager INFO NameServer connection failed: corba/localhost
2023-12-12 23:16:43,119 file.ManagerServant INFO Master manager not found
2023-12-12 23:16:45,051 file.manager.namingmanager INFO NameServer connection succeeded: corba/localhost
2023-12-12 23:16:45,051 file.manager.namingmanager INFO Connected to a name server: corba/localhost
2023-12-12 23:16:49,121 file.ManagerServant INFO Master manager not found
2023-12-12 23:16:59,206 file.ManagerServant INFO Master manager not found
2023-12-12 23:17:09,239 file.ManagerServant INFO Master manager not found
2023-12-12 23:17:19,308 file.ManagerServant INFO Master manager not found
2023-12-12 23:17:29,341 file.ManagerServant INFO Master manager not found
2023-12-12 23:17:39,418 file.ManagerServant INFO Master manager not found
2023-12-12 23:17:49,472 file.ManagerServant INFO Master manager not found
2023-12-12 23:17:59,513 file.ManagerServant INFO Master manager not found
2023-12-12 23:18:09,566 file.ManagerServant INFO Master manager not found
2023-12-12 23:18:18,885 file.SdoServiceAdmin WARNING No available SDO service in the factory: 
2023-12-12 23:18:18,885 file.SdoServiceAdmin ERROR type  not exists.
2023-12-12 23:18:19,623 file.ManagerServant INFO Master manager not found
