2023-12-12 22:47:54,124 file.manager INFO 2.0.1
2023-12-12 22:47:54,124 file.manager INFO Copyright (C) 2003-2022, Noriaki Ando and OpenRTM development team,
2023-12-12 22:47:54,124 file.manager INFO   Intelligent Systems Research Institute, AIST,
2023-12-12 22:47:54,124 file.manager INFO Copyright (C) 2022, Noriaki Ando and OpenRTM development team,
2023-12-12 22:47:54,124 file.manager INFO   Industrial Cyber-Physical Research Center, AIST,
2023-12-12 22:47:54,124 file.manager INFO   All right reserved.
2023-12-12 22:47:54,124 file.manager INFO Manager starting.
2023-12-12 22:47:54,124 file.manager INFO Starting local logging.
2023-12-12 22:47:54,140 file.manager.namingmanager INFO NameServer connection succeeded: corba/localhost
2023-12-12 22:47:58,211 file.ManagerServant INFO Master manager not found
2023-12-12 22:47:58,211 file.LocalServiceAdmin INFO All the local services are enabled.
2023-12-12 22:47:58,227 file.manager INFO Component type conf file: csv_output.conf loaded.
2023-12-12 22:47:58,227 file.ec_base INFO setRate(1000000.000000) done
2023-12-12 22:47:58,227 file.ec_base INFO setRate(1000.000000) done
2023-12-12 22:47:58,227 file.rtobject INFO 1 execution context was created.
2023-12-12 22:47:58,227 file.rtobject INFO Initial active configuration set is default.
2023-12-12 22:48:12,373 file.ManagerServant INFO Master manager not found
2023-12-12 22:48:22,411 file.ManagerServant INFO Master manager not found
2023-12-12 22:48:32,492 file.ManagerServant INFO Master manager not found
2023-12-12 22:48:42,545 file.ManagerServant INFO Master manager not found
2023-12-12 22:48:52,617 file.ManagerServant INFO Master manager not found
2023-12-12 22:49:02,646 file.ManagerServant INFO Master manager not found
2023-12-12 22:49:12,711 file.ManagerServant INFO Master manager not found
2023-12-12 22:49:22,773 file.ManagerServant INFO Master manager not found
2023-12-12 22:49:32,824 file.ManagerServant INFO Master manager not found
2023-12-12 22:49:42,823 file.ManagerServant INFO Master manager not found
2023-12-12 22:49:52,919 file.ManagerServant INFO Master manager not found
2023-12-12 22:50:02,980 file.ManagerServant INFO Master manager not found
2023-12-12 22:50:12,958 file.ManagerServant INFO Master manager not found
2023-12-12 22:50:23,048 file.ManagerServant INFO Master manager not found
2023-12-12 22:50:33,163 file.ManagerServant INFO Master manager not found
2023-12-12 22:50:43,183 file.ManagerServant INFO Master manager not found
2023-12-12 22:50:53,243 file.ManagerServant INFO Master manager not found
2023-12-12 22:50:56,105 file.SdoServiceAdmin WARNING No available SDO service in the factory: 
2023-12-12 22:50:56,106 file.SdoServiceAdmin ERROR type  not exists.
