2023-12-12 23:53:07,507 file.manager INFO 2.0.1
2023-12-12 23:53:07,507 file.manager INFO Copyright (C) 2003-2022, Noriaki Ando and OpenRTM development team,
2023-12-12 23:53:07,507 file.manager INFO   Intelligent Systems Research Institute, AIST,
2023-12-12 23:53:07,507 file.manager INFO Copyright (C) 2022, Noriaki Ando and OpenRTM development team,
2023-12-12 23:53:07,507 file.manager INFO   Industrial Cyber-Physical Research Center, AIST,
2023-12-12 23:53:07,507 file.manager INFO   All right reserved.
2023-12-12 23:53:07,507 file.manager INFO Manager starting.
2023-12-12 23:53:07,507 file.manager INFO Starting local logging.
2023-12-12 23:53:07,523 file.manager.namingmanager INFO NameServer connection succeeded: corba/localhost
2023-12-12 23:53:11,622 file.ManagerServant INFO Master manager not found
2023-12-12 23:53:11,622 file.LocalServiceAdmin INFO All the local services are enabled.
2023-12-12 23:53:11,622 file.manager INFO Component type conf file: csv_output.conf loaded.
2023-12-12 23:53:11,622 file.ec_base INFO setRate(1000000.000000) done
2023-12-12 23:53:11,622 file.ec_base INFO setRate(1000.000000) done
2023-12-12 23:53:11,622 file.rtobject INFO 1 execution context was created.
2023-12-12 23:53:11,637 file.rtobject INFO Initial active configuration set is default.
2023-12-12 23:53:25,769 file.ManagerServant INFO Master manager not found
2023-12-12 23:53:35,762 file.ManagerServant INFO Master manager not found
2023-12-12 23:53:45,752 file.ManagerServant INFO Master manager not found
2023-12-12 23:53:55,850 file.ManagerServant INFO Master manager not found
2023-12-12 23:54:05,921 file.ManagerServant INFO Master manager not found
2023-12-12 23:54:16,083 file.ManagerServant INFO Master manager not found
2023-12-12 23:54:26,154 file.ManagerServant INFO Master manager not found
2023-12-12 23:54:36,211 file.ManagerServant INFO Master manager not found
2023-12-12 23:54:46,271 file.ManagerServant INFO Master manager not found
2023-12-12 23:54:56,321 file.ManagerServant INFO Master manager not found
2023-12-12 23:55:06,313 file.ManagerServant INFO Master manager not found
2023-12-12 23:55:16,434 file.ManagerServant INFO Master manager not found
2023-12-12 23:55:26,491 file.ManagerServant INFO Master manager not found
2023-12-12 23:55:36,542 file.ManagerServant INFO Master manager not found
2023-12-12 23:55:46,579 file.ManagerServant INFO Master manager not found
2023-12-12 23:55:56,612 file.ManagerServant INFO Master manager not found
2023-12-12 23:56:06,644 file.ManagerServant INFO Master manager not found
2023-12-12 23:56:16,691 file.ManagerServant INFO Master manager not found
2023-12-12 23:56:26,757 file.ManagerServant INFO Master manager not found
2023-12-12 23:56:36,796 file.ManagerServant INFO Master manager not found
2023-12-12 23:56:37,489 file.SdoServiceAdmin WARNING No available SDO service in the factory: 
2023-12-12 23:56:37,489 file.SdoServiceAdmin ERROR type  not exists.
