2023-12-13 00:59:03,338 file.manager INFO 2.0.1
2023-12-13 00:59:03,338 file.manager INFO Copyright (C) 2003-2022, Noriaki Ando and OpenRTM development team,
2023-12-13 00:59:03,338 file.manager INFO   Intelligent Systems Research Institute, AIST,
2023-12-13 00:59:03,338 file.manager INFO Copyright (C) 2022, Noriaki Ando and OpenRTM development team,
2023-12-13 00:59:03,338 file.manager INFO   Industrial Cyber-Physical Research Center, AIST,
2023-12-13 00:59:03,338 file.manager INFO   All right reserved.
2023-12-13 00:59:03,338 file.manager INFO Manager starting.
2023-12-13 00:59:03,338 file.manager INFO Starting local logging.
2023-12-13 00:59:03,338 file.manager.namingmanager INFO NameServer connection succeeded: corba/localhost
2023-12-13 00:59:07,413 file.ManagerServant INFO Master manager not found
2023-12-13 00:59:07,413 file.LocalServiceAdmin INFO All the local services are enabled.
2023-12-13 00:59:07,413 file.manager INFO Component type conf file: mark_output.conf loaded.
2023-12-13 00:59:07,413 file.ec_base INFO setRate(1000000.000000) done
2023-12-13 00:59:07,413 file.ec_base INFO setRate(1000.000000) done
2023-12-13 00:59:07,413 file.rtobject INFO 1 execution context was created.
2023-12-13 00:59:07,413 file.rtobject INFO Initial active configuration set is default.
2023-12-13 00:59:21,575 file.ManagerServant INFO Master manager not found
2023-12-13 00:59:31,653 file.ManagerServant INFO Master manager not found
2023-12-13 00:59:41,695 file.ManagerServant INFO Master manager not found
2023-12-13 00:59:51,769 file.ManagerServant INFO Master manager not found
2023-12-13 01:00:01,828 file.ManagerServant INFO Master manager not found
2023-12-13 01:00:02,661 file.SdoServiceAdmin WARNING No available SDO service in the factory: 
2023-12-13 01:00:02,662 file.SdoServiceAdmin ERROR type  not exists.
2023-12-13 01:00:11,920 file.ManagerServant INFO Master manager not found
2023-12-13 01:00:22,000 file.ManagerServant INFO Master manager not found
2023-12-13 01:00:32,047 file.ManagerServant INFO Master manager not found
2023-12-13 01:00:42,115 file.ManagerServant INFO Master manager not found
2023-12-13 01:00:52,195 file.ManagerServant INFO Master manager not found
2023-12-13 01:01:02,215 file.ManagerServant INFO Master manager not found
2023-12-13 01:01:12,298 file.ManagerServant INFO Master manager not found
2023-12-13 01:01:22,322 file.ManagerServant INFO Master manager not found
2023-12-13 01:01:32,441 file.ManagerServant INFO Master manager not found
2023-12-13 01:01:42,504 file.ManagerServant INFO Master manager not found
2023-12-13 01:01:52,566 file.ManagerServant INFO Master manager not found
2023-12-13 01:02:02,550 file.ManagerServant INFO Master manager not found
