2023-10-24 16:08:30,897 file.manager INFO 2.0.1
2023-10-24 16:08:30,897 file.manager INFO Copyright (C) 2003-2022, Noriaki Ando and OpenRTM development team,
2023-10-24 16:08:30,897 file.manager INFO   Intelligent Systems Research Institute, AIST,
2023-10-24 16:08:30,897 file.manager INFO Copyright (C) 2022, Noriaki Ando and OpenRTM development team,
2023-10-24 16:08:30,897 file.manager INFO   Industrial Cyber-Physical Research Center, AIST,
2023-10-24 16:08:30,897 file.manager INFO   All right reserved.
2023-10-24 16:08:30,897 file.manager INFO Manager starting.
2023-10-24 16:08:30,897 file.manager INFO Starting local logging.
2023-10-24 16:08:30,908 file.manager.namingmanager INFO NameServer connection succeeded: corba/localhost
2023-10-24 16:08:35,002 file.ManagerServant INFO Master manager not found
2023-10-24 16:08:35,002 file.LocalServiceAdmin INFO All the local services are enabled.
2023-10-24 16:08:35,002 file.manager INFO Component type conf file: mark_output.conf loaded.
2023-10-24 16:08:35,017 file.ec_base INFO setRate(1000000.000000) done
2023-10-24 16:08:35,017 file.ec_base INFO setRate(1000.000000) done
2023-10-24 16:08:35,017 file.rtobject INFO 1 execution context was created.
2023-10-24 16:08:35,017 file.rtobject INFO Initial active configuration set is default.
2023-10-24 16:08:49,153 file.ManagerServant INFO Master manager not found
2023-10-24 16:08:59,269 file.ManagerServant INFO Master manager not found
2023-10-24 16:09:09,367 file.ManagerServant INFO Master manager not found
2023-10-24 16:09:19,342 file.ManagerServant INFO Master manager not found
2023-10-24 16:09:29,399 file.ManagerServant INFO Master manager not found
2023-10-24 16:09:39,440 file.ManagerServant INFO Master manager not found
2023-10-24 16:09:49,501 file.ManagerServant INFO Master manager not found
2023-10-24 16:09:59,544 file.ManagerServant INFO Master manager not found
2023-10-24 16:10:09,555 file.ManagerServant INFO Master manager not found
2023-10-24 16:10:19,603 file.ManagerServant INFO Master manager not found
2023-10-24 16:10:29,674 file.ManagerServant INFO Master manager not found
2023-10-24 16:10:32,332 file.SdoServiceAdmin WARNING No available SDO service in the factory: 
2023-10-24 16:10:32,332 file.SdoServiceAdmin ERROR type  not exists.
2023-10-24 16:10:39,721 file.ManagerServant INFO Master manager not found
2023-10-24 16:10:49,764 file.ManagerServant INFO Master manager not found
2023-10-24 16:10:59,811 file.ManagerServant INFO Master manager not found
2023-10-24 16:11:09,868 file.ManagerServant INFO Master manager not found
2023-10-24 16:11:19,965 file.ManagerServant INFO Master manager not found
2023-10-24 16:11:29,991 file.ManagerServant INFO Master manager not found
2023-10-24 16:11:40,071 file.ManagerServant INFO Master manager not found
2023-10-24 16:11:50,120 file.ManagerServant INFO Master manager not found
2023-10-24 16:12:00,144 file.ManagerServant INFO Master manager not found
2023-10-24 16:12:10,171 file.ManagerServant INFO Master manager not found
2023-10-24 16:12:20,310 file.ManagerServant INFO Master manager not found
2023-10-24 16:12:30,352 file.ManagerServant INFO Master manager not found
2023-10-24 16:12:40,423 file.manager.namingmanager INFO Name server: localhost (corba) disappeared.
2023-10-24 16:12:44,512 file.ManagerServant INFO Master manager not found
2023-10-24 16:12:50,483 file.manager.namingmanager INFO NameServer connection failed: corba/localhost
