2023-11-25 13:31:26,955 file.manager INFO 2.0.1
2023-11-25 13:31:26,955 file.manager INFO Copyright (C) 2003-2022, Noriaki Ando and OpenRTM development team,
2023-11-25 13:31:26,955 file.manager INFO   Intelligent Systems Research Institute, AIST,
2023-11-25 13:31:26,955 file.manager INFO Copyright (C) 2022, Noriaki Ando and OpenRTM development team,
2023-11-25 13:31:26,955 file.manager INFO   Industrial Cyber-Physical Research Center, AIST,
2023-11-25 13:31:26,955 file.manager INFO   All right reserved.
2023-11-25 13:31:26,955 file.manager INFO Manager starting.
2023-11-25 13:31:26,955 file.manager INFO Starting local logging.
2023-11-25 13:31:26,983 file.manager.namingmanager INFO NameServer connection succeeded: corba/localhost
2023-11-25 13:31:31,093 file.ManagerServant INFO Master manager not found
2023-11-25 13:31:31,096 file.LocalServiceAdmin INFO All the local services are enabled.
2023-11-25 13:31:31,118 file.manager INFO Component type conf file: mark_output.conf loaded.
2023-11-25 13:31:31,120 file.ec_base INFO setRate(1000000.000000) done
2023-11-25 13:31:31,121 file.ec_base INFO setRate(1000.000000) done
2023-11-25 13:31:31,121 file.rtobject INFO 1 execution context was created.
2023-11-25 13:31:31,124 file.rtobject INFO Initial active configuration set is default.
2023-11-25 13:31:45,268 file.ManagerServant INFO Master manager not found
2023-11-25 13:31:55,361 file.ManagerServant INFO Master manager not found
2023-11-25 13:32:05,336 file.ManagerServant INFO Master manager not found
2023-11-25 13:32:15,423 file.ManagerServant INFO Master manager not found
2023-11-25 13:32:25,487 file.ManagerServant INFO Master manager not found
2023-11-25 13:32:35,560 file.ManagerServant INFO Master manager not found
2023-11-25 13:32:45,618 file.ManagerServant INFO Master manager not found
2023-11-25 13:32:48,722 file.SdoServiceAdmin WARNING No available SDO service in the factory: 
2023-11-25 13:32:48,722 file.SdoServiceAdmin ERROR type  not exists.
2023-11-25 13:32:55,699 file.ManagerServant INFO Master manager not found
2023-11-25 13:33:05,774 file.ManagerServant INFO Master manager not found
