2023-10-25 16:56:43,799 file.manager INFO 2.0.1
2023-10-25 16:56:43,799 file.manager INFO Copyright (C) 2003-2022, Noriaki Ando and OpenRTM development team,
2023-10-25 16:56:43,799 file.manager INFO   Intelligent Systems Research Institute, AIST,
2023-10-25 16:56:43,799 file.manager INFO Copyright (C) 2022, Noriaki Ando and OpenRTM development team,
2023-10-25 16:56:43,799 file.manager INFO   Industrial Cyber-Physical Research Center, AIST,
2023-10-25 16:56:43,799 file.manager INFO   All right reserved.
2023-10-25 16:56:43,799 file.manager INFO Manager starting.
2023-10-25 16:56:43,799 file.manager INFO Starting local logging.
2023-10-25 16:56:43,799 file.manager.namingmanager INFO NameServer connection succeeded: corba/localhost
2023-10-25 16:56:47,899 file.ManagerServant INFO Master manager not found
2023-10-25 16:56:47,899 file.LocalServiceAdmin INFO All the local services are enabled.
2023-10-25 16:56:47,915 file.manager INFO Component type conf file: mark_output.conf loaded.
2023-10-25 16:56:47,915 file.ec_base INFO setRate(1000000.000000) done
2023-10-25 16:56:47,915 file.ec_base INFO setRate(1000.000000) done
2023-10-25 16:56:47,915 file.rtobject INFO 1 execution context was created.
2023-10-25 16:56:47,915 file.rtobject INFO Initial active configuration set is default.
2023-10-25 16:57:02,023 file.ManagerServant INFO Master manager not found
2023-10-25 16:57:12,123 file.ManagerServant INFO Master manager not found
2023-10-25 16:57:22,145 file.ManagerServant INFO Master manager not found
2023-10-25 16:57:32,162 file.ManagerServant INFO Master manager not found
2023-10-25 16:57:42,246 file.ManagerServant INFO Master manager not found
2023-10-25 16:57:52,302 file.ManagerServant INFO Master manager not found
2023-10-25 16:58:01,091 file.SdoServiceAdmin WARNING No available SDO service in the factory: 
2023-10-25 16:58:01,091 file.SdoServiceAdmin ERROR type  not exists.
2023-10-25 16:58:02,388 file.ManagerServant INFO Master manager not found
2023-10-25 16:58:12,425 file.ManagerServant INFO Master manager not found
2023-10-25 16:58:22,497 file.ManagerServant INFO Master manager not found
2023-10-25 16:58:32,537 file.ManagerServant INFO Master manager not found
2023-10-25 16:58:42,591 file.ManagerServant INFO Master manager not found
2023-10-25 16:58:52,643 file.ManagerServant INFO Master manager not found
2023-10-25 16:59:02,731 file.ManagerServant INFO Master manager not found
2023-10-25 16:59:12,778 file.ManagerServant INFO Master manager not found
2023-10-25 16:59:22,841 file.ManagerServant INFO Master manager not found
2023-10-25 16:59:32,878 file.ManagerServant INFO Master manager not found
2023-10-25 16:59:42,944 file.ManagerServant INFO Master manager not found
2023-10-25 16:59:52,980 file.ManagerServant INFO Master manager not found
2023-10-25 17:00:03,137 file.ManagerServant INFO Master manager not found
2023-10-25 17:00:13,120 file.ManagerServant INFO Master manager not found
2023-10-25 17:00:23,074 file.ManagerServant INFO Master manager not found
2023-10-25 17:00:33,153 file.ManagerServant INFO Master manager not found
2023-10-25 17:00:43,163 file.ManagerServant INFO Master manager not found
2023-10-25 17:00:53,227 file.ManagerServant INFO Master manager not found
2023-10-25 17:01:03,304 file.ManagerServant INFO Master manager not found
2023-10-25 17:01:13,296 file.ManagerServant INFO Master manager not found
2023-10-25 17:01:23,416 file.ManagerServant INFO Master manager not found
2023-10-25 17:01:33,416 file.ManagerServant INFO Master manager not found
2023-10-25 17:01:43,473 file.ManagerServant INFO Master manager not found
2023-10-25 17:01:53,495 file.ManagerServant INFO Master manager not found
2023-10-25 17:02:03,611 file.ManagerServant INFO Master manager not found
2023-10-25 17:02:13,663 file.ManagerServant INFO Master manager not found
2023-10-25 17:02:23,732 file.ManagerServant INFO Master manager not found
2023-10-25 17:02:33,809 file.ManagerServant INFO Master manager not found
2023-10-25 17:02:43,912 file.ManagerServant INFO Master manager not found
2023-10-25 17:02:54,202 file.ManagerServant INFO Master manager not found
2023-10-25 17:03:04,072 file.ManagerServant INFO Master manager not found
2023-10-25 17:03:32,443 file.ManagerServant INFO Master manager not found
2023-10-25 17:03:42,457 file.ManagerServant INFO Master manager not found
2023-10-25 17:03:52,776 file.ManagerServant INFO Master manager not found
2023-10-25 17:04:02,669 file.ManagerServant INFO Master manager not found
2023-10-25 17:04:12,774 file.ManagerServant INFO Master manager not found
2023-10-25 17:04:22,925 file.ManagerServant INFO Master manager not found
2023-10-25 17:04:32,927 file.ManagerServant INFO Master manager not found
2023-10-25 17:04:42,974 file.ManagerServant INFO Master manager not found
2023-10-25 17:04:53,195 file.ManagerServant INFO Master manager not found
2023-10-25 17:05:03,175 file.ManagerServant INFO Master manager not found
2023-10-25 17:05:13,174 file.ManagerServant INFO Master manager not found
2023-10-25 17:05:23,171 file.ManagerServant INFO Master manager not found
2023-10-25 17:05:33,214 file.ManagerServant INFO Master manager not found
2023-10-25 17:05:43,248 file.ManagerServant INFO Master manager not found
