2023-12-13 00:39:39,472 file.manager INFO 2.0.1
2023-12-13 00:39:39,472 file.manager INFO Copyright (C) 2003-2022, Noriaki Ando and OpenRTM development team,
2023-12-13 00:39:39,472 file.manager INFO   Intelligent Systems Research Institute, AIST,
2023-12-13 00:39:39,472 file.manager INFO Copyright (C) 2022, Noriaki Ando and OpenRTM development team,
2023-12-13 00:39:39,472 file.manager INFO   Industrial Cyber-Physical Research Center, AIST,
2023-12-13 00:39:39,472 file.manager INFO   All right reserved.
2023-12-13 00:39:39,472 file.manager INFO Manager starting.
2023-12-13 00:39:39,472 file.manager INFO Starting local logging.
2023-12-13 00:39:39,487 file.manager.namingmanager INFO NameServer connection succeeded: corba/localhost
2023-12-13 00:39:43,554 file.ManagerServant INFO Master manager not found
2023-12-13 00:39:43,554 file.LocalServiceAdmin INFO All the local services are enabled.
2023-12-13 00:39:43,554 file.manager INFO Component type conf file: mark_output.conf loaded.
2023-12-13 00:39:43,554 file.ec_base INFO setRate(1000000.000000) done
2023-12-13 00:39:43,554 file.ec_base INFO setRate(1000.000000) done
2023-12-13 00:39:43,554 file.rtobject INFO 1 execution context was created.
2023-12-13 00:39:43,569 file.rtobject INFO Initial active configuration set is default.
2023-12-13 00:39:57,691 file.ManagerServant INFO Master manager not found
2023-12-13 00:40:07,728 file.ManagerServant INFO Master manager not found
2023-12-13 00:40:17,822 file.ManagerServant INFO Master manager not found
2023-12-13 00:40:27,857 file.ManagerServant INFO Master manager not found
2023-12-13 00:40:31,280 file.SdoServiceAdmin WARNING No available SDO service in the factory: 
2023-12-13 00:40:31,280 file.SdoServiceAdmin ERROR type  not exists.
2023-12-13 00:40:37,912 file.ManagerServant INFO Master manager not found
2023-12-13 00:40:47,922 file.ManagerServant INFO Master manager not found
2023-12-13 00:40:57,957 file.ManagerServant INFO Master manager not found
2023-12-13 00:41:07,985 file.ManagerServant INFO Master manager not found
2023-12-13 00:41:18,063 file.ManagerServant INFO Master manager not found
2023-12-13 00:41:28,128 file.ManagerServant INFO Master manager not found
2023-12-13 00:41:35,591 file.rtobject ERROR Traceback (most recent call last):
  File "C:\Users\reore\AppData\Local\Programs\Python\Python311\Lib\site-packages\OpenRTM_aist\DataFlowComponentBase.py", line 123, in on_execute
    ret = self.onExecute(ec_id)
          ^^^^^^^^^^^^^^^^^^^^^
  File "C:\Users\reore\workspace\mark_output\mark_output.py", line 225, in onExecute
    draw.point(point, fill="blue", width=20)  # ê¬êFÇ≈ì_Çï`âÊ
    ^^^^^^^^^^^^^^^^^^^^^^^^^^^^^^^^^^^^^^^^
TypeError: ImageDraw.point() got an unexpected keyword argument 'width'

2023-12-13 00:41:38,194 file.ManagerServant INFO Master manager not found
2023-12-13 00:41:48,218 file.ManagerServant INFO Master manager not found
2023-12-13 00:41:48,647 file.ec_worker ERROR State of the RTC is not ACTIVE_STATE.
