2023-11-25 14:04:18,700 file.manager INFO 2.0.1
2023-11-25 14:04:18,700 file.manager INFO Copyright (C) 2003-2022, Noriaki Ando and OpenRTM development team,
2023-11-25 14:04:18,700 file.manager INFO   Intelligent Systems Research Institute, AIST,
2023-11-25 14:04:18,700 file.manager INFO Copyright (C) 2022, Noriaki Ando and OpenRTM development team,
2023-11-25 14:04:18,700 file.manager INFO   Industrial Cyber-Physical Research Center, AIST,
2023-11-25 14:04:18,700 file.manager INFO   All right reserved.
2023-11-25 14:04:18,700 file.manager INFO Manager starting.
2023-11-25 14:04:18,700 file.manager INFO Starting local logging.
2023-11-25 14:04:18,700 file.manager.namingmanager INFO NameServer connection succeeded: corba/localhost
2023-11-25 14:04:22,849 file.ManagerServant INFO Master manager not found
2023-11-25 14:04:22,851 file.LocalServiceAdmin INFO All the local services are enabled.
2023-11-25 14:04:22,858 file.manager INFO Component type conf file: mark_output.conf loaded.
2023-11-25 14:04:22,860 file.ec_base INFO setRate(1000000.000000) done
2023-11-25 14:04:22,860 file.ec_base INFO setRate(1000.000000) done
2023-11-25 14:04:22,860 file.rtobject INFO 1 execution context was created.
2023-11-25 14:04:22,862 file.rtobject INFO Initial active configuration set is default.
2023-11-25 14:04:36,972 file.ManagerServant INFO Master manager not found
2023-11-25 14:04:47,039 file.ManagerServant INFO Master manager not found
2023-11-25 14:04:57,079 file.ManagerServant INFO Master manager not found
2023-11-25 14:05:07,152 file.ManagerServant INFO Master manager not found
2023-11-25 14:05:10,176 file.SdoServiceAdmin WARNING No available SDO service in the factory: 
2023-11-25 14:05:10,176 file.SdoServiceAdmin ERROR type  not exists.
2023-11-25 14:05:17,178 file.ManagerServant INFO Master manager not found
2023-11-25 14:05:27,208 file.ManagerServant INFO Master manager not found
2023-11-25 14:05:37,244 file.ManagerServant INFO Master manager not found
2023-11-25 14:05:47,318 file.ManagerServant INFO Master manager not found
2023-11-25 14:05:57,369 file.ManagerServant INFO Master manager not found
2023-11-25 14:06:07,427 file.ManagerServant INFO Master manager not found
2023-11-25 14:06:17,482 file.ManagerServant INFO Master manager not found
2023-11-25 14:06:27,582 file.ManagerServant INFO Master manager not found
2023-11-25 14:06:37,647 file.ManagerServant INFO Master manager not found
2023-11-25 14:06:47,727 file.ManagerServant INFO Master manager not found
2023-11-25 14:06:57,789 file.ManagerServant INFO Master manager not found
2023-11-25 14:07:07,888 file.ManagerServant INFO Master manager not found
2023-11-25 14:07:17,920 file.ManagerServant INFO Master manager not found
2023-11-25 14:07:27,988 file.ManagerServant INFO Master manager not found
2023-11-25 14:07:38,010 file.ManagerServant INFO Master manager not found
2023-11-25 14:07:48,102 file.ManagerServant INFO Master manager not found
2023-11-25 14:07:58,168 file.ManagerServant INFO Master manager not found
2023-11-25 14:08:08,211 file.ManagerServant INFO Master manager not found
2023-11-25 14:08:18,327 file.ManagerServant INFO Master manager not found
2023-11-25 14:08:28,302 file.ManagerServant INFO Master manager not found
2023-11-25 14:08:38,348 file.ManagerServant INFO Master manager not found
2023-11-25 14:08:48,469 file.ManagerServant INFO Master manager not found
2023-11-25 14:08:58,571 file.ManagerServant INFO Master manager not found
2023-11-25 14:09:08,660 file.ManagerServant INFO Master manager not found
2023-11-25 14:09:18,679 file.ManagerServant INFO Master manager not found
2023-11-25 14:09:28,683 file.ManagerServant INFO Master manager not found
2023-11-25 14:09:38,768 file.ManagerServant INFO Master manager not found
2023-11-25 14:09:48,765 file.ManagerServant INFO Master manager not found
2023-11-25 14:09:58,898 file.ManagerServant INFO Master manager not found
2023-11-25 14:10:08,902 file.ManagerServant INFO Master manager not found
2023-11-25 14:10:18,882 file.ManagerServant INFO Master manager not found
2023-11-25 14:10:28,935 file.ManagerServant INFO Master manager not found
2023-11-25 14:10:39,014 file.ManagerServant INFO Master manager not found
2023-11-25 14:10:49,133 file.ManagerServant INFO Master manager not found
2023-11-25 14:10:59,173 file.ManagerServant INFO Master manager not found
2023-11-25 14:11:09,231 file.ManagerServant INFO Master manager not found
2023-11-25 14:11:19,308 file.ManagerServant INFO Master manager not found
2023-11-25 14:11:29,395 file.ManagerServant INFO Master manager not found
2023-11-25 14:11:39,490 file.ManagerServant INFO Master manager not found
2023-11-25 14:11:49,570 file.ManagerServant INFO Master manager not found
2023-11-25 14:11:59,618 file.ManagerServant INFO Master manager not found
2023-11-25 14:12:09,667 file.ManagerServant INFO Master manager not found
2023-11-25 14:12:19,637 file.ManagerServant INFO Master manager not found
2023-11-25 14:12:29,667 file.ManagerServant INFO Master manager not found
