2023-12-13 01:53:46,349 file.manager INFO 2.0.1
2023-12-13 01:53:46,349 file.manager INFO Copyright (C) 2003-2022, Noriaki Ando and OpenRTM development team,
2023-12-13 01:53:46,349 file.manager INFO   Intelligent Systems Research Institute, AIST,
2023-12-13 01:53:46,349 file.manager INFO Copyright (C) 2022, Noriaki Ando and OpenRTM development team,
2023-12-13 01:53:46,349 file.manager INFO   Industrial Cyber-Physical Research Center, AIST,
2023-12-13 01:53:46,349 file.manager INFO   All right reserved.
2023-12-13 01:53:46,349 file.manager INFO Manager starting.
2023-12-13 01:53:46,349 file.manager INFO Starting local logging.
2023-12-13 01:53:46,364 file.manager.namingmanager INFO NameServer connection succeeded: corba/localhost
2023-12-13 01:53:50,452 file.ManagerServant INFO Master manager not found
2023-12-13 01:53:50,452 file.LocalServiceAdmin INFO All the local services are enabled.
2023-12-13 01:53:50,452 file.manager INFO Component type conf file: search_spot.conf loaded.
2023-12-13 01:53:50,452 file.ec_base INFO setRate(1000000.000000) done
2023-12-13 01:53:50,452 file.ec_base INFO setRate(1000.000000) done
2023-12-13 01:53:50,452 file.rtobject INFO 1 execution context was created.
2023-12-13 01:53:50,452 file.rtobject INFO Initial active configuration set is default.
2023-12-13 01:54:04,579 file.ManagerServant INFO Master manager not found
2023-12-13 01:54:14,587 file.ManagerServant INFO Master manager not found
2023-12-13 01:54:24,615 file.ManagerServant INFO Master manager not found
2023-12-13 01:54:34,666 file.ManagerServant INFO Master manager not found
2023-12-13 01:54:36,387 file.SdoServiceAdmin WARNING No available SDO service in the factory: 
2023-12-13 01:54:36,387 file.SdoServiceAdmin ERROR type  not exists.
2023-12-13 01:54:44,717 file.ManagerServant INFO Master manager not found
2023-12-13 01:54:54,797 file.ManagerServant INFO Master manager not found
2023-12-13 01:55:04,869 file.ManagerServant INFO Master manager not found
2023-12-13 01:55:14,916 file.ManagerServant INFO Master manager not found
2023-12-13 01:55:24,994 file.ManagerServant INFO Master manager not found
2023-12-13 01:55:35,079 file.ManagerServant INFO Master manager not found
2023-12-13 01:55:45,166 file.ManagerServant INFO Master manager not found
2023-12-13 01:55:55,224 file.ManagerServant INFO Master manager not found
2023-12-13 01:56:05,277 file.ManagerServant INFO Master manager not found
2023-12-13 01:56:15,331 file.ManagerServant INFO Master manager not found
2023-12-13 01:56:25,394 file.ManagerServant INFO Master manager not found
2023-12-13 01:56:35,432 file.ManagerServant INFO Master manager not found
2023-12-13 01:56:45,430 file.ManagerServant INFO Master manager not found
2023-12-13 01:56:55,530 file.ManagerServant INFO Master manager not found
