2023-12-12 23:53:10,338 file.manager INFO 2.0.1
2023-12-12 23:53:10,338 file.manager INFO Copyright (C) 2003-2022, Noriaki Ando and OpenRTM development team,
2023-12-12 23:53:10,338 file.manager INFO   Intelligent Systems Research Institute, AIST,
2023-12-12 23:53:10,338 file.manager INFO Copyright (C) 2022, Noriaki Ando and OpenRTM development team,
2023-12-12 23:53:10,338 file.manager INFO   Industrial Cyber-Physical Research Center, AIST,
2023-12-12 23:53:10,338 file.manager INFO   All right reserved.
2023-12-12 23:53:10,338 file.manager INFO Manager starting.
2023-12-12 23:53:10,338 file.manager INFO Starting local logging.
2023-12-12 23:53:10,338 file.manager.namingmanager INFO NameServer connection succeeded: corba/localhost
2023-12-12 23:53:14,406 file.ManagerServant INFO Master manager not found
2023-12-12 23:53:14,406 file.LocalServiceAdmin INFO All the local services are enabled.
2023-12-12 23:53:14,406 file.manager INFO Component type conf file: sarch_spot.conf loaded.
2023-12-12 23:53:14,406 file.ec_base INFO setRate(1000000.000000) done
2023-12-12 23:53:14,406 file.ec_base INFO setRate(1000.000000) done
2023-12-12 23:53:14,406 file.rtobject INFO 1 execution context was created.
2023-12-12 23:53:14,422 file.rtobject INFO Initial active configuration set is default.
2023-12-12 23:53:28,562 file.ManagerServant INFO Master manager not found
2023-12-12 23:53:38,630 file.ManagerServant INFO Master manager not found
2023-12-12 23:53:48,714 file.ManagerServant INFO Master manager not found
2023-12-12 23:53:58,814 file.ManagerServant INFO Master manager not found
2023-12-12 23:54:08,892 file.ManagerServant INFO Master manager not found
2023-12-12 23:54:18,972 file.ManagerServant INFO Master manager not found
2023-12-12 23:54:29,019 file.ManagerServant INFO Master manager not found
2023-12-12 23:54:39,083 file.ManagerServant INFO Master manager not found
2023-12-12 23:54:49,149 file.ManagerServant INFO Master manager not found
2023-12-12 23:54:59,211 file.ManagerServant INFO Master manager not found
2023-12-12 23:55:09,204 file.ManagerServant INFO Master manager not found
2023-12-12 23:55:19,266 file.ManagerServant INFO Master manager not found
2023-12-12 23:55:29,377 file.ManagerServant INFO Master manager not found
2023-12-12 23:55:39,442 file.ManagerServant INFO Master manager not found
2023-12-12 23:55:49,474 file.ManagerServant INFO Master manager not found
2023-12-12 23:55:59,579 file.ManagerServant INFO Master manager not found
2023-12-12 23:56:09,601 file.ManagerServant INFO Master manager not found
2023-12-12 23:56:19,713 file.ManagerServant INFO Master manager not found
2023-12-12 23:56:29,635 file.ManagerServant INFO Master manager not found
2023-12-12 23:56:39,672 file.ManagerServant INFO Master manager not found
