2023-12-13 02:13:44,030 file.manager INFO 2.0.1
2023-12-13 02:13:44,030 file.manager INFO Copyright (C) 2003-2022, Noriaki Ando and OpenRTM development team,
2023-12-13 02:13:44,030 file.manager INFO   Intelligent Systems Research Institute, AIST,
2023-12-13 02:13:44,030 file.manager INFO Copyright (C) 2022, Noriaki Ando and OpenRTM development team,
2023-12-13 02:13:44,030 file.manager INFO   Industrial Cyber-Physical Research Center, AIST,
2023-12-13 02:13:44,030 file.manager INFO   All right reserved.
2023-12-13 02:13:44,030 file.manager INFO Manager starting.
2023-12-13 02:13:44,030 file.manager INFO Starting local logging.
2023-12-13 02:13:44,045 file.manager.namingmanager INFO NameServer connection succeeded: corba/localhost
2023-12-13 02:13:48,130 file.ManagerServant INFO Master manager not found
2023-12-13 02:13:48,130 file.LocalServiceAdmin INFO All the local services are enabled.
2023-12-13 02:13:48,130 file.manager INFO Component type conf file: search_spot.conf loaded.
2023-12-13 02:13:48,130 file.ec_base INFO setRate(1000000.000000) done
2023-12-13 02:13:48,130 file.ec_base INFO setRate(1000.000000) done
2023-12-13 02:13:48,130 file.rtobject INFO 1 execution context was created.
2023-12-13 02:13:48,145 file.rtobject INFO Initial active configuration set is default.
2023-12-13 02:14:02,311 file.ManagerServant INFO Master manager not found
2023-12-13 02:14:12,351 file.ManagerServant INFO Master manager not found
2023-12-13 02:14:22,405 file.ManagerServant INFO Master manager not found
2023-12-13 02:14:32,499 file.ManagerServant INFO Master manager not found
2023-12-13 02:14:42,540 file.ManagerServant INFO Master manager not found
2023-12-13 02:14:52,645 file.ManagerServant INFO Master manager not found
2023-12-13 02:15:02,601 file.ManagerServant INFO Master manager not found
2023-12-13 02:15:12,628 file.ManagerServant INFO Master manager not found
2023-12-13 02:15:14,077 file.SdoServiceAdmin WARNING No available SDO service in the factory: 
2023-12-13 02:15:14,077 file.SdoServiceAdmin ERROR type  not exists.
2023-12-13 02:15:22,715 file.ManagerServant INFO Master manager not found
2023-12-13 02:15:32,679 file.ManagerServant INFO Master manager not found
2023-12-13 02:15:42,698 file.ManagerServant INFO Master manager not found
2023-12-13 02:15:52,762 file.ManagerServant INFO Master manager not found
2023-12-13 02:16:02,798 file.ManagerServant INFO Master manager not found
2023-12-13 02:16:12,838 file.ManagerServant INFO Master manager not found
2023-12-13 02:16:22,892 file.ManagerServant INFO Master manager not found
2023-12-13 02:16:32,994 file.ManagerServant INFO Master manager not found
2023-12-13 02:16:43,035 file.ManagerServant INFO Master manager not found
