2023-12-13 02:25:34,079 file.manager INFO 2.0.1
2023-12-13 02:25:34,079 file.manager INFO Copyright (C) 2003-2022, Noriaki Ando and OpenRTM development team,
2023-12-13 02:25:34,079 file.manager INFO   Intelligent Systems Research Institute, AIST,
2023-12-13 02:25:34,079 file.manager INFO Copyright (C) 2022, Noriaki Ando and OpenRTM development team,
2023-12-13 02:25:34,079 file.manager INFO   Industrial Cyber-Physical Research Center, AIST,
2023-12-13 02:25:34,079 file.manager INFO   All right reserved.
2023-12-13 02:25:34,079 file.manager INFO Manager starting.
2023-12-13 02:25:34,079 file.manager INFO Starting local logging.
2023-12-13 02:25:34,095 file.manager.namingmanager INFO NameServer connection succeeded: corba/localhost
2023-12-13 02:25:38,166 file.ManagerServant INFO Master manager not found
2023-12-13 02:25:38,166 file.LocalServiceAdmin INFO All the local services are enabled.
2023-12-13 02:25:38,182 file.manager INFO Component type conf file: search_spot.conf loaded.
2023-12-13 02:25:38,182 file.ec_base INFO setRate(1000000.000000) done
2023-12-13 02:25:38,182 file.ec_base INFO setRate(1000.000000) done
2023-12-13 02:25:38,182 file.rtobject INFO 1 execution context was created.
2023-12-13 02:25:38,182 file.rtobject INFO Initial active configuration set is default.
2023-12-13 02:25:52,264 file.ManagerServant INFO Master manager not found
2023-12-13 02:26:02,379 file.ManagerServant INFO Master manager not found
2023-12-13 02:26:12,438 file.ManagerServant INFO Master manager not found
2023-12-13 02:26:22,460 file.ManagerServant INFO Master manager not found
2023-12-13 02:26:32,486 file.ManagerServant INFO Master manager not found
2023-12-13 02:26:42,534 file.ManagerServant INFO Master manager not found
2023-12-13 02:26:44,017 file.SdoServiceAdmin WARNING No available SDO service in the factory: 
2023-12-13 02:26:44,018 file.SdoServiceAdmin ERROR type  not exists.
2023-12-13 02:26:52,575 file.ManagerServant INFO Master manager not found
2023-12-13 02:27:02,620 file.ManagerServant INFO Master manager not found
2023-12-13 02:27:12,631 file.ManagerServant INFO Master manager not found
2023-12-13 02:27:22,719 file.ManagerServant INFO Master manager not found
2023-12-13 02:27:32,765 file.ManagerServant INFO Master manager not found
2023-12-13 02:27:42,788 file.ManagerServant INFO Master manager not found
2023-12-13 02:27:52,859 file.ManagerServant INFO Master manager not found
2023-12-13 02:28:02,887 file.ManagerServant INFO Master manager not found
2023-12-13 02:28:12,920 file.ManagerServant INFO Master manager not found
2023-12-13 02:28:22,967 file.ManagerServant INFO Master manager not found
2023-12-13 02:28:32,984 file.ManagerServant INFO Master manager not found
2023-12-13 02:28:42,995 file.ManagerServant INFO Master manager not found
