2023-11-25 14:04:30,955 file.manager INFO 2.0.1
2023-11-25 14:04:30,955 file.manager INFO Copyright (C) 2003-2022, Noriaki Ando and OpenRTM development team,
2023-11-25 14:04:30,955 file.manager INFO   Intelligent Systems Research Institute, AIST,
2023-11-25 14:04:30,955 file.manager INFO Copyright (C) 2022, Noriaki Ando and OpenRTM development team,
2023-11-25 14:04:30,955 file.manager INFO   Industrial Cyber-Physical Research Center, AIST,
2023-11-25 14:04:30,955 file.manager INFO   All right reserved.
2023-11-25 14:04:30,955 file.manager INFO Manager starting.
2023-11-25 14:04:30,957 file.manager INFO Starting local logging.
2023-11-25 14:04:30,963 file.manager.namingmanager INFO NameServer connection succeeded: corba/localhost
2023-11-25 14:04:35,066 file.ManagerServant INFO Master manager not found
2023-11-25 14:04:35,069 file.LocalServiceAdmin INFO All the local services are enabled.
2023-11-25 14:04:35,076 file.manager INFO Component type conf file: sarch_spot.conf loaded.
2023-11-25 14:04:35,078 file.ec_base INFO setRate(1000000.000000) done
2023-11-25 14:04:35,078 file.ec_base INFO setRate(1000.000000) done
2023-11-25 14:04:35,079 file.rtobject INFO 1 execution context was created.
2023-11-25 14:04:35,082 file.rtobject INFO Initial active configuration set is default.
2023-11-25 14:04:49,239 file.ManagerServant INFO Master manager not found
2023-11-25 14:04:59,302 file.ManagerServant INFO Master manager not found
2023-11-25 14:05:01,608 file.SdoServiceAdmin WARNING No available SDO service in the factory: 
2023-11-25 14:05:01,608 file.SdoServiceAdmin ERROR type  not exists.
2023-11-25 14:05:09,329 file.ManagerServant INFO Master manager not found
2023-11-25 14:05:19,359 file.ManagerServant INFO Master manager not found
2023-11-25 14:05:29,410 file.ManagerServant INFO Master manager not found
2023-11-25 14:05:39,507 file.ManagerServant INFO Master manager not found
2023-11-25 14:05:49,581 file.ManagerServant INFO Master manager not found
2023-11-25 14:05:59,537 file.ManagerServant INFO Master manager not found
2023-11-25 14:06:09,602 file.ManagerServant INFO Master manager not found
2023-11-25 14:06:19,629 file.ManagerServant INFO Master manager not found
2023-11-25 14:06:29,704 file.ManagerServant INFO Master manager not found
2023-11-25 14:06:39,764 file.ManagerServant INFO Master manager not found
2023-11-25 14:06:49,791 file.ManagerServant INFO Master manager not found
2023-11-25 14:06:59,827 file.ManagerServant INFO Master manager not found
2023-11-25 14:07:09,894 file.ManagerServant INFO Master manager not found
2023-11-25 14:07:19,968 file.ManagerServant INFO Master manager not found
2023-11-25 14:07:30,008 file.ManagerServant INFO Master manager not found
2023-11-25 14:07:40,076 file.ManagerServant INFO Master manager not found
2023-11-25 14:07:50,035 file.ManagerServant INFO Master manager not found
2023-11-25 14:08:00,168 file.ManagerServant INFO Master manager not found
2023-11-25 14:08:10,139 file.ManagerServant INFO Master manager not found
2023-11-25 14:08:20,219 file.ManagerServant INFO Master manager not found
2023-11-25 14:08:30,228 file.ManagerServant INFO Master manager not found
2023-11-25 14:08:40,306 file.ManagerServant INFO Master manager not found
2023-11-25 14:08:50,350 file.ManagerServant INFO Master manager not found
2023-11-25 14:09:00,471 file.ManagerServant INFO Master manager not found
2023-11-25 14:09:10,566 file.ManagerServant INFO Master manager not found
2023-11-25 14:09:20,611 file.ManagerServant INFO Master manager not found
2023-11-25 14:09:30,664 file.ManagerServant INFO Master manager not found
2023-11-25 14:09:40,679 file.ManagerServant INFO Master manager not found
2023-11-25 14:09:50,745 file.ManagerServant INFO Master manager not found
2023-11-25 14:10:00,816 file.ManagerServant INFO Master manager not found
2023-11-25 14:10:10,903 file.ManagerServant INFO Master manager not found
2023-11-25 14:10:20,989 file.ManagerServant INFO Master manager not found
2023-11-25 14:10:31,049 file.ManagerServant INFO Master manager not found
2023-11-25 14:10:41,121 file.ManagerServant INFO Master manager not found
2023-11-25 14:10:51,189 file.ManagerServant INFO Master manager not found
2023-11-25 14:11:01,316 file.ManagerServant INFO Master manager not found
2023-11-25 14:11:11,314 file.ManagerServant INFO Master manager not found
2023-11-25 14:11:21,420 file.ManagerServant INFO Master manager not found
2023-11-25 14:11:31,532 file.ManagerServant INFO Master manager not found
2023-11-25 14:11:41,560 file.ManagerServant INFO Master manager not found
2023-11-25 14:11:51,613 file.ManagerServant INFO Master manager not found
2023-11-25 14:12:01,704 file.ManagerServant INFO Master manager not found
2023-11-25 14:12:11,764 file.ManagerServant INFO Master manager not found
2023-11-25 14:12:21,858 file.ManagerServant INFO Master manager not found
2023-11-25 14:12:31,933 file.ManagerServant INFO Master manager not found
