2023-12-12 21:44:06,674 file.manager INFO 2.0.1
2023-12-12 21:44:06,674 file.manager INFO Copyright (C) 2003-2022, Noriaki Ando and OpenRTM development team,
2023-12-12 21:44:06,674 file.manager INFO   Intelligent Systems Research Institute, AIST,
2023-12-12 21:44:06,674 file.manager INFO Copyright (C) 2022, Noriaki Ando and OpenRTM development team,
2023-12-12 21:44:06,674 file.manager INFO   Industrial Cyber-Physical Research Center, AIST,
2023-12-12 21:44:06,674 file.manager INFO   All right reserved.
2023-12-12 21:44:06,674 file.manager INFO Manager starting.
2023-12-12 21:44:06,674 file.manager INFO Starting local logging.
2023-12-12 21:44:06,684 file.manager.namingmanager INFO NameServer connection succeeded: corba/localhost
2023-12-12 21:44:10,761 file.ManagerServant INFO Master manager not found
2023-12-12 21:44:10,761 file.LocalServiceAdmin INFO All the local services are enabled.
2023-12-12 21:44:10,776 file.manager INFO Component type conf file: sarch_spot.conf loaded.
2023-12-12 21:44:10,776 file.ec_base INFO setRate(1000000.000000) done
2023-12-12 21:44:10,776 file.ec_base INFO setRate(1000.000000) done
2023-12-12 21:44:10,776 file.rtobject INFO 1 execution context was created.
2023-12-12 21:44:10,783 file.rtobject INFO Initial active configuration set is default.
2023-12-12 21:44:24,931 file.ManagerServant INFO Master manager not found
2023-12-12 21:44:34,977 file.ManagerServant INFO Master manager not found
2023-12-12 21:44:45,060 file.ManagerServant INFO Master manager not found
2023-12-12 21:44:55,114 file.ManagerServant INFO Master manager not found
2023-12-12 21:45:05,183 file.ManagerServant INFO Master manager not found
2023-12-12 21:45:15,207 file.ManagerServant INFO Master manager not found
2023-12-12 21:45:25,263 file.ManagerServant INFO Master manager not found
2023-12-12 21:45:35,300 file.ManagerServant INFO Master manager not found
2023-12-12 21:45:45,311 file.ManagerServant INFO Master manager not found
2023-12-12 21:45:55,367 file.ManagerServant INFO Master manager not found
2023-12-12 21:46:05,377 file.ManagerServant INFO Master manager not found
2023-12-12 21:46:15,376 file.ManagerServant INFO Master manager not found
2023-12-12 21:46:25,400 file.ManagerServant INFO Master manager not found
2023-12-12 21:46:35,435 file.ManagerServant INFO Master manager not found
2023-12-12 21:46:45,440 file.ManagerServant INFO Master manager not found
2023-12-12 21:46:55,450 file.ManagerServant INFO Master manager not found
2023-12-12 21:47:05,510 file.ManagerServant INFO Master manager not found
2023-12-12 21:47:15,528 file.ManagerServant INFO Master manager not found
2023-12-12 21:47:25,564 file.ManagerServant INFO Master manager not found
2023-12-12 21:47:35,588 file.ManagerServant INFO Master manager not found
2023-12-12 21:47:45,647 file.ManagerServant INFO Master manager not found
2023-12-12 21:47:55,698 file.ManagerServant INFO Master manager not found
2023-12-12 21:48:05,760 file.ManagerServant INFO Master manager not found
2023-12-12 21:48:15,783 file.ManagerServant INFO Master manager not found
2023-12-12 21:48:25,823 file.ManagerServant INFO Master manager not found
2023-12-12 21:48:35,825 file.ManagerServant INFO Master manager not found
2023-12-12 21:48:45,918 file.ManagerServant INFO Master manager not found
2023-12-12 21:48:56,045 file.ManagerServant INFO Master manager not found
2023-12-12 21:49:06,077 file.ManagerServant INFO Master manager not found
