2023-10-25 16:56:58,295 file.manager INFO 2.0.1
2023-10-25 16:56:58,295 file.manager INFO Copyright (C) 2003-2022, Noriaki Ando and OpenRTM development team,
2023-10-25 16:56:58,295 file.manager INFO   Intelligent Systems Research Institute, AIST,
2023-10-25 16:56:58,295 file.manager INFO Copyright (C) 2022, Noriaki Ando and OpenRTM development team,
2023-10-25 16:56:58,295 file.manager INFO   Industrial Cyber-Physical Research Center, AIST,
2023-10-25 16:56:58,295 file.manager INFO   All right reserved.
2023-10-25 16:56:58,295 file.manager INFO Manager starting.
2023-10-25 16:56:58,295 file.manager INFO Starting local logging.
2023-10-25 16:56:58,295 file.manager.namingmanager INFO NameServer connection succeeded: corba/localhost
2023-10-25 16:57:02,398 file.ManagerServant INFO Master manager not found
2023-10-25 16:57:02,398 file.LocalServiceAdmin INFO All the local services are enabled.
2023-10-25 16:57:02,414 file.manager INFO Component type conf file: sarch_spot.conf loaded.
2023-10-25 16:57:02,414 file.ec_base INFO setRate(1000000.000000) done
2023-10-25 16:57:02,414 file.ec_base INFO setRate(1000.000000) done
2023-10-25 16:57:02,414 file.rtobject INFO 1 execution context was created.
2023-10-25 16:57:02,431 file.rtobject INFO Initial active configuration set is default.
2023-10-25 16:57:16,587 file.ManagerServant INFO Master manager not found
2023-10-25 16:57:26,607 file.ManagerServant INFO Master manager not found
2023-10-25 16:57:36,669 file.ManagerServant INFO Master manager not found
2023-10-25 16:57:44,679 file.SdoServiceAdmin WARNING No available SDO service in the factory: 
2023-10-25 16:57:44,680 file.SdoServiceAdmin ERROR type  not exists.
2023-10-25 16:57:46,725 file.ManagerServant INFO Master manager not found
2023-10-25 16:57:56,765 file.ManagerServant INFO Master manager not found
2023-10-25 16:58:06,815 file.ManagerServant INFO Master manager not found
2023-10-25 16:58:16,918 file.ManagerServant INFO Master manager not found
2023-10-25 16:58:26,967 file.ManagerServant INFO Master manager not found
2023-10-25 16:58:37,027 file.ManagerServant INFO Master manager not found
2023-10-25 16:58:47,071 file.ManagerServant INFO Master manager not found
2023-10-25 16:58:57,103 file.ManagerServant INFO Master manager not found
2023-10-25 16:59:07,175 file.ManagerServant INFO Master manager not found
2023-10-25 16:59:17,173 file.ManagerServant INFO Master manager not found
2023-10-25 16:59:27,265 file.ManagerServant INFO Master manager not found
2023-10-25 16:59:37,360 file.ManagerServant INFO Master manager not found
2023-10-25 16:59:47,360 file.ManagerServant INFO Master manager not found
2023-10-25 16:59:57,415 file.ManagerServant INFO Master manager not found
2023-10-25 17:00:07,432 file.ManagerServant INFO Master manager not found
2023-10-25 17:00:17,529 file.ManagerServant INFO Master manager not found
2023-10-25 17:00:27,581 file.ManagerServant INFO Master manager not found
2023-10-25 17:00:37,562 file.ManagerServant INFO Master manager not found
2023-10-25 17:00:47,657 file.ManagerServant INFO Master manager not found
2023-10-25 17:00:57,635 file.ManagerServant INFO Master manager not found
2023-10-25 17:01:07,715 file.ManagerServant INFO Master manager not found
2023-10-25 17:01:17,800 file.ManagerServant INFO Master manager not found
2023-10-25 17:01:27,880 file.ManagerServant INFO Master manager not found
2023-10-25 17:01:37,966 file.ManagerServant INFO Master manager not found
2023-10-25 17:01:48,045 file.ManagerServant INFO Master manager not found
2023-10-25 17:01:58,095 file.ManagerServant INFO Master manager not found
2023-10-25 17:02:08,191 file.ManagerServant INFO Master manager not found
2023-10-25 17:02:18,162 file.ManagerServant INFO Master manager not found
2023-10-25 17:02:28,242 file.ManagerServant INFO Master manager not found
2023-10-25 17:02:38,322 file.ManagerServant INFO Master manager not found
2023-10-25 17:02:48,474 file.ManagerServant INFO Master manager not found
2023-10-25 17:02:58,359 file.ManagerServant INFO Master manager not found
2023-10-25 17:03:28,472 file.ManagerServant INFO Master manager not found
2023-10-25 17:03:32,669 file.ManagerServant INFO Master manager not found
2023-10-25 17:03:42,678 file.ManagerServant INFO Master manager not found
2023-10-25 17:03:52,785 file.ManagerServant INFO Master manager not found
2023-10-25 17:04:02,907 file.ManagerServant INFO Master manager not found
2023-10-25 17:04:12,929 file.ManagerServant INFO Master manager not found
2023-10-25 17:04:23,062 file.ManagerServant INFO Master manager not found
2023-10-25 17:04:32,926 file.ManagerServant INFO Master manager not found
2023-10-25 17:04:42,977 file.ManagerServant INFO Master manager not found
2023-10-25 17:04:53,208 file.ManagerServant INFO Master manager not found
2023-10-25 17:05:03,175 file.ManagerServant INFO Master manager not found
2023-10-25 17:05:13,266 file.ManagerServant INFO Master manager not found
2023-10-25 17:05:23,260 file.ManagerServant INFO Master manager not found
2023-10-25 17:05:33,324 file.ManagerServant INFO Master manager not found
2023-10-25 17:05:43,388 file.ManagerServant INFO Master manager not found
