2023-12-12 22:01:55,355 file.manager INFO 2.0.1
2023-12-12 22:01:55,355 file.manager INFO Copyright (C) 2003-2022, Noriaki Ando and OpenRTM development team,
2023-12-12 22:01:55,355 file.manager INFO   Intelligent Systems Research Institute, AIST,
2023-12-12 22:01:55,355 file.manager INFO Copyright (C) 2022, Noriaki Ando and OpenRTM development team,
2023-12-12 22:01:55,355 file.manager INFO   Industrial Cyber-Physical Research Center, AIST,
2023-12-12 22:01:55,355 file.manager INFO   All right reserved.
2023-12-12 22:01:55,355 file.manager INFO Manager starting.
2023-12-12 22:01:55,355 file.manager INFO Starting local logging.
2023-12-12 22:01:55,368 file.manager.namingmanager INFO NameServer connection succeeded: corba/localhost
2023-12-12 22:01:59,444 file.ManagerServant INFO Master manager not found
2023-12-12 22:01:59,444 file.LocalServiceAdmin INFO All the local services are enabled.
2023-12-12 22:01:59,459 file.manager INFO Component type conf file: sarch_spot.conf loaded.
2023-12-12 22:01:59,459 file.ec_base INFO setRate(1000000.000000) done
2023-12-12 22:01:59,459 file.ec_base INFO setRate(1000.000000) done
2023-12-12 22:01:59,459 file.rtobject INFO 1 execution context was created.
2023-12-12 22:01:59,475 file.rtobject INFO Initial active configuration set is default.
2023-12-12 22:02:13,649 file.ManagerServant INFO Master manager not found
2023-12-12 22:02:23,672 file.ManagerServant INFO Master manager not found
2023-12-12 22:02:33,767 file.ManagerServant INFO Master manager not found
2023-12-12 22:02:43,849 file.ManagerServant INFO Master manager not found
2023-12-12 22:02:53,898 file.ManagerServant INFO Master manager not found
