2023-12-12 22:05:05,212 file.manager INFO 2.0.1
2023-12-12 22:05:05,212 file.manager INFO Copyright (C) 2003-2022, Noriaki Ando and OpenRTM development team,
2023-12-12 22:05:05,212 file.manager INFO   Intelligent Systems Research Institute, AIST,
2023-12-12 22:05:05,212 file.manager INFO Copyright (C) 2022, Noriaki Ando and OpenRTM development team,
2023-12-12 22:05:05,212 file.manager INFO   Industrial Cyber-Physical Research Center, AIST,
2023-12-12 22:05:05,212 file.manager INFO   All right reserved.
2023-12-12 22:05:05,212 file.manager INFO Manager starting.
2023-12-12 22:05:05,212 file.manager INFO Starting local logging.
2023-12-12 22:05:05,227 file.manager.namingmanager INFO NameServer connection succeeded: corba/localhost
2023-12-12 22:05:09,273 file.ManagerServant INFO Master manager not found
2023-12-12 22:05:09,273 file.LocalServiceAdmin INFO All the local services are enabled.
2023-12-12 22:05:09,273 file.manager INFO Component type conf file: sarch_spot.conf loaded.
2023-12-12 22:05:09,273 file.ec_base INFO setRate(1000000.000000) done
2023-12-12 22:05:09,273 file.ec_base INFO setRate(1000.000000) done
2023-12-12 22:05:09,273 file.rtobject INFO 1 execution context was created.
2023-12-12 22:05:09,273 file.rtobject INFO Initial active configuration set is default.
2023-12-12 22:05:23,378 file.ManagerServant INFO Master manager not found
2023-12-12 22:05:33,421 file.ManagerServant INFO Master manager not found
2023-12-12 22:05:43,495 file.ManagerServant INFO Master manager not found
2023-12-12 22:05:53,537 file.ManagerServant INFO Master manager not found
2023-12-12 22:06:03,570 file.ManagerServant INFO Master manager not found
2023-12-12 22:06:13,567 file.ManagerServant INFO Master manager not found
2023-12-12 22:06:23,610 file.ManagerServant INFO Master manager not found
2023-12-12 22:06:33,651 file.ManagerServant INFO Master manager not found
2023-12-12 22:06:43,685 file.ManagerServant INFO Master manager not found
2023-12-12 22:06:53,684 file.ManagerServant INFO Master manager not found
2023-12-12 22:07:03,845 file.ManagerServant INFO Master manager not found
2023-12-12 22:07:13,822 file.ManagerServant INFO Master manager not found
2023-12-12 22:07:23,828 file.ManagerServant INFO Master manager not found
2023-12-12 22:07:33,863 file.ManagerServant INFO Master manager not found
2023-12-12 22:07:43,937 file.ManagerServant INFO Master manager not found
