2023-12-12 22:56:57,209 file.manager INFO 2.0.1
2023-12-12 22:56:57,209 file.manager INFO Copyright (C) 2003-2022, Noriaki Ando and OpenRTM development team,
2023-12-12 22:56:57,209 file.manager INFO   Intelligent Systems Research Institute, AIST,
2023-12-12 22:56:57,209 file.manager INFO Copyright (C) 2022, Noriaki Ando and OpenRTM development team,
2023-12-12 22:56:57,209 file.manager INFO   Industrial Cyber-Physical Research Center, AIST,
2023-12-12 22:56:57,209 file.manager INFO   All right reserved.
2023-12-12 22:56:57,209 file.manager INFO Manager starting.
2023-12-12 22:56:57,209 file.manager INFO Starting local logging.
2023-12-12 22:56:57,225 file.manager.namingmanager INFO NameServer connection succeeded: corba/localhost
2023-12-12 22:57:01,295 file.ManagerServant INFO Master manager not found
2023-12-12 22:57:01,295 file.LocalServiceAdmin INFO All the local services are enabled.
2023-12-12 22:57:01,302 file.manager INFO Component type conf file: sarch_spot.conf loaded.
2023-12-12 22:57:01,302 file.ec_base INFO setRate(1000000.000000) done
2023-12-12 22:57:01,302 file.ec_base INFO setRate(1000.000000) done
2023-12-12 22:57:01,302 file.rtobject INFO 1 execution context was created.
2023-12-12 22:57:01,302 file.rtobject INFO Initial active configuration set is default.
2023-12-12 22:57:15,430 file.ManagerServant INFO Master manager not found
2023-12-12 22:57:22,639 file.SdoServiceAdmin WARNING No available SDO service in the factory: 
2023-12-12 22:57:22,640 file.SdoServiceAdmin ERROR type  not exists.
2023-12-12 22:57:25,476 file.ManagerServant INFO Master manager not found
2023-12-12 22:57:35,552 file.ManagerServant INFO Master manager not found
2023-12-12 22:57:45,598 file.ManagerServant INFO Master manager not found
2023-12-12 22:57:55,579 file.ManagerServant INFO Master manager not found
2023-12-12 22:58:02,406 file.OutPortConnector ERROR unkown error.
2023-12-12 22:58:05,720 file.ManagerServant INFO Master manager not found
2023-12-12 22:58:15,771 file.ManagerServant INFO Master manager not found
2023-12-12 22:58:25,809 file.ManagerServant INFO Master manager not found
2023-12-12 22:58:35,857 file.ManagerServant INFO Master manager not found
