2023-12-12 17:21:54,038 file.manager INFO 2.0.1
2023-12-12 17:21:54,038 file.manager INFO Copyright (C) 2003-2022, Noriaki Ando and OpenRTM development team,
2023-12-12 17:21:54,038 file.manager INFO   Intelligent Systems Research Institute, AIST,
2023-12-12 17:21:54,038 file.manager INFO Copyright (C) 2022, Noriaki Ando and OpenRTM development team,
2023-12-12 17:21:54,038 file.manager INFO   Industrial Cyber-Physical Research Center, AIST,
2023-12-12 17:21:54,038 file.manager INFO   All right reserved.
2023-12-12 17:21:54,038 file.manager INFO Manager starting.
2023-12-12 17:21:54,038 file.manager INFO Starting local logging.
2023-12-12 17:21:54,038 file.manager.namingmanager INFO NameServer connection succeeded: corba/localhost
2023-12-12 17:21:58,144 file.ManagerServant INFO Master manager not found
2023-12-12 17:21:58,144 file.LocalServiceAdmin INFO All the local services are enabled.
2023-12-12 17:21:58,160 file.manager INFO Component type conf file: sarch_spot.conf loaded.
2023-12-12 17:21:58,160 file.ec_base INFO setRate(1000000.000000) done
2023-12-12 17:21:58,160 file.ec_base INFO setRate(1000.000000) done
2023-12-12 17:21:58,160 file.rtobject INFO 1 execution context was created.
2023-12-12 17:21:58,160 file.rtobject INFO Initial active configuration set is default.
2023-12-12 17:22:12,282 file.ManagerServant INFO Master manager not found
2023-12-12 17:22:22,392 file.ManagerServant INFO Master manager not found
2023-12-12 17:22:32,412 file.ManagerServant INFO Master manager not found
2023-12-12 17:22:42,437 file.ManagerServant INFO Master manager not found
2023-12-12 17:22:46,005 file.rtobject ERROR Traceback (most recent call last):
  File "C:\Users\reore\AppData\Local\Programs\Python\Python311\Lib\site-packages\OpenRTM_aist\DataFlowComponentBase.py", line 123, in on_execute
    ret = self.onExecute(ec_id)
          ^^^^^^^^^^^^^^^^^^^^^
  File "C:\Users\reore\workspace\sarch_spot\sarch_spot.py", line 299, in onExecute
    draw_lines_updated(image_array, center_of_image, 15, specific_color, road_colors, ignore_radius_ratio)
  File "C:\Users\reore\workspace\sarch_spot\sarch_spot.py", line 278, in draw_lines_updated
    if is_desired_color(image_array[y, x], road_colors[0]) or is_desired_color(image_array[y, x], road_colors[1]):
       ^^^^^^^^^^^^^^^^^^^^^^^^^^^^^^^^^^^^^^^^^^^^^^^^^^^
  File "C:\Users\reore\workspace\sarch_spot\sarch_spot.py", line 202, in is_desired_color
    return all(abs(point[i] - color[i]) <= tolerance for i in range(3))
           ^^^^^^^^^^^^^^^^^^^^^^^^^^^^^^^^^^^^^^^^^^^^^^^^^^^^^^^^^^^^
  File "C:\Users\reore\workspace\sarch_spot\sarch_spot.py", line 202, in <genexpr>
    return all(abs(point[i] - color[i]) <= tolerance for i in range(3))
                              ~~~~~^^^
TypeError: 'int' object is not subscriptable

2023-12-12 17:22:52,483 file.ManagerServant INFO Master manager not found
2023-12-12 17:22:54,310 file.ec_worker ERROR State of the RTC is not ACTIVE_STATE.
2023-12-12 17:22:57,571 file.SdoServiceAdmin WARNING No available SDO service in the factory: 
2023-12-12 17:22:57,571 file.SdoServiceAdmin ERROR type  not exists.
