2023-12-12 13:28:20,181 file.manager INFO 2.0.1
2023-12-12 13:28:20,181 file.manager INFO Copyright (C) 2003-2022, Noriaki Ando and OpenRTM development team,
2023-12-12 13:28:20,181 file.manager INFO   Intelligent Systems Research Institute, AIST,
2023-12-12 13:28:20,181 file.manager INFO Copyright (C) 2022, Noriaki Ando and OpenRTM development team,
2023-12-12 13:28:20,181 file.manager INFO   Industrial Cyber-Physical Research Center, AIST,
2023-12-12 13:28:20,181 file.manager INFO   All right reserved.
2023-12-12 13:28:20,181 file.manager INFO Manager starting.
2023-12-12 13:28:20,181 file.manager INFO Starting local logging.
2023-12-12 13:28:20,181 file.manager.namingmanager INFO NameServer connection succeeded: corba/localhost
2023-12-12 13:28:24,266 file.ManagerServant INFO Master manager not found
2023-12-12 13:28:24,266 file.LocalServiceAdmin INFO All the local services are enabled.
2023-12-12 13:28:24,266 file.manager INFO Component type conf file: sarch_spot.conf loaded.
2023-12-12 13:28:24,281 file.ec_base INFO setRate(1000000.000000) done
2023-12-12 13:28:24,281 file.ec_base INFO setRate(1000.000000) done
2023-12-12 13:28:24,281 file.rtobject INFO 1 execution context was created.
2023-12-12 13:28:24,281 file.rtobject INFO Initial active configuration set is default.
2023-12-12 13:28:38,450 file.ManagerServant INFO Master manager not found
2023-12-12 13:28:48,530 file.ManagerServant INFO Master manager not found
2023-12-12 13:28:57,800 file.SdoServiceAdmin WARNING No available SDO service in the factory: 
2023-12-12 13:28:57,800 file.SdoServiceAdmin ERROR type  not exists.
2023-12-12 13:28:58,584 file.ManagerServant INFO Master manager not found
2023-12-12 13:29:08,615 file.ManagerServant INFO Master manager not found
2023-12-12 13:29:18,668 file.ManagerServant INFO Master manager not found
2023-12-12 13:29:28,681 file.ManagerServant INFO Master manager not found
2023-12-12 13:29:38,763 file.ManagerServant INFO Master manager not found
2023-12-12 13:29:48,795 file.ManagerServant INFO Master manager not found
2023-12-12 13:29:58,820 file.ManagerServant INFO Master manager not found
2023-12-12 13:30:08,823 file.ManagerServant INFO Master manager not found
2023-12-12 13:30:18,930 file.ManagerServant INFO Master manager not found
2023-12-12 13:30:28,964 file.ManagerServant INFO Master manager not found
2023-12-12 13:30:39,016 file.ManagerServant INFO Master manager not found
2023-12-12 13:30:49,017 file.ManagerServant INFO Master manager not found
2023-12-12 13:30:59,062 file.ManagerServant INFO Master manager not found
2023-12-12 13:31:09,150 file.ManagerServant INFO Master manager not found
2023-12-12 13:31:19,144 file.ManagerServant INFO Master manager not found
2023-12-12 13:31:29,142 file.ManagerServant INFO Master manager not found
2023-12-12 13:31:39,187 file.ManagerServant INFO Master manager not found
2023-12-12 13:31:49,190 file.ManagerServant INFO Master manager not found
