2023-12-12 21:29:42,030 file.manager INFO 2.0.1
2023-12-12 21:29:42,030 file.manager INFO Copyright (C) 2003-2022, Noriaki Ando and OpenRTM development team,
2023-12-12 21:29:42,030 file.manager INFO   Intelligent Systems Research Institute, AIST,
2023-12-12 21:29:42,030 file.manager INFO Copyright (C) 2022, Noriaki Ando and OpenRTM development team,
2023-12-12 21:29:42,030 file.manager INFO   Industrial Cyber-Physical Research Center, AIST,
2023-12-12 21:29:42,030 file.manager INFO   All right reserved.
2023-12-12 21:29:42,030 file.manager INFO Manager starting.
2023-12-12 21:29:42,030 file.manager INFO Starting local logging.
2023-12-12 21:29:42,030 file.manager.namingmanager INFO NameServer connection succeeded: corba/localhost
2023-12-12 21:29:46,097 file.ManagerServant INFO Master manager not found
2023-12-12 21:29:46,097 file.LocalServiceAdmin INFO All the local services are enabled.
2023-12-12 21:29:46,097 file.manager INFO Component type conf file: sarch_spot.conf loaded.
2023-12-12 21:29:46,097 file.ec_base INFO setRate(1000000.000000) done
2023-12-12 21:29:46,097 file.ec_base INFO setRate(1000.000000) done
2023-12-12 21:29:46,111 file.rtobject INFO 1 execution context was created.
2023-12-12 21:29:46,111 file.rtobject INFO Initial active configuration set is default.
2023-12-12 21:30:00,187 file.ManagerServant INFO Master manager not found
2023-12-12 21:30:10,244 file.ManagerServant INFO Master manager not found
2023-12-12 21:30:20,319 file.ManagerServant INFO Master manager not found
2023-12-12 21:30:30,368 file.ManagerServant INFO Master manager not found
2023-12-12 21:30:40,447 file.ManagerServant INFO Master manager not found
2023-12-12 21:30:50,491 file.ManagerServant INFO Master manager not found
2023-12-12 21:31:00,542 file.ManagerServant INFO Master manager not found
2023-12-12 21:31:10,571 file.ManagerServant INFO Master manager not found
2023-12-12 21:31:20,628 file.ManagerServant INFO Master manager not found
2023-12-12 21:31:30,655 file.ManagerServant INFO Master manager not found
2023-12-12 21:31:40,807 file.ManagerServant INFO Master manager not found
2023-12-12 21:31:50,833 file.ManagerServant INFO Master manager not found
2023-12-12 21:32:00,877 file.ManagerServant INFO Master manager not found
2023-12-12 21:32:10,961 file.ManagerServant INFO Master manager not found
2023-12-12 21:32:20,975 file.ManagerServant INFO Master manager not found
2023-12-12 21:32:26,617 file.SdoServiceAdmin WARNING No available SDO service in the factory: 
2023-12-12 21:32:26,617 file.SdoServiceAdmin ERROR type  not exists.
