2023-12-12 23:02:37,023 file.manager INFO 2.0.1
2023-12-12 23:02:37,039 file.manager INFO Copyright (C) 2003-2022, Noriaki Ando and OpenRTM development team,
2023-12-12 23:02:37,039 file.manager INFO   Intelligent Systems Research Institute, AIST,
2023-12-12 23:02:37,039 file.manager INFO Copyright (C) 2022, Noriaki Ando and OpenRTM development team,
2023-12-12 23:02:37,039 file.manager INFO   Industrial Cyber-Physical Research Center, AIST,
2023-12-12 23:02:37,039 file.manager INFO   All right reserved.
2023-12-12 23:02:37,039 file.manager INFO Manager starting.
2023-12-12 23:02:37,039 file.manager INFO Starting local logging.
2023-12-12 23:02:37,039 file.manager.namingmanager INFO NameServer connection succeeded: corba/localhost
2023-12-12 23:02:41,078 file.ManagerServant INFO Master manager not found
2023-12-12 23:02:41,078 file.LocalServiceAdmin INFO All the local services are enabled.
2023-12-12 23:02:41,078 file.manager INFO Component type conf file: sarch_spot.conf loaded.
2023-12-12 23:02:41,078 file.ec_base INFO setRate(1000000.000000) done
2023-12-12 23:02:41,078 file.ec_base INFO setRate(1000.000000) done
2023-12-12 23:02:41,078 file.rtobject INFO 1 execution context was created.
2023-12-12 23:02:41,078 file.rtobject INFO Initial active configuration set is default.
2023-12-12 23:02:55,217 file.ManagerServant INFO Master manager not found
2023-12-12 23:03:05,316 file.ManagerServant INFO Master manager not found
2023-12-12 23:03:15,380 file.ManagerServant INFO Master manager not found
2023-12-12 23:03:25,446 file.ManagerServant INFO Master manager not found
2023-12-12 23:03:35,483 file.ManagerServant INFO Master manager not found
2023-12-12 23:03:45,563 file.ManagerServant INFO Master manager not found
2023-12-12 23:03:55,589 file.ManagerServant INFO Master manager not found
2023-12-12 23:04:05,661 file.ManagerServant INFO Master manager not found
2023-12-12 23:04:15,701 file.ManagerServant INFO Master manager not found
2023-12-12 23:04:25,748 file.ManagerServant INFO Master manager not found
