2023-12-12 13:23:32,603 file.manager INFO 2.0.1
2023-12-12 13:23:32,603 file.manager INFO Copyright (C) 2003-2022, Noriaki Ando and OpenRTM development team,
2023-12-12 13:23:32,603 file.manager INFO   Intelligent Systems Research Institute, AIST,
2023-12-12 13:23:32,603 file.manager INFO Copyright (C) 2022, Noriaki Ando and OpenRTM development team,
2023-12-12 13:23:32,603 file.manager INFO   Industrial Cyber-Physical Research Center, AIST,
2023-12-12 13:23:32,603 file.manager INFO   All right reserved.
2023-12-12 13:23:32,603 file.manager INFO Manager starting.
2023-12-12 13:23:32,603 file.manager INFO Starting local logging.
2023-12-12 13:23:32,603 file.manager.namingmanager INFO NameServer connection succeeded: corba/localhost
2023-12-12 13:23:36,703 file.ManagerServant INFO Master manager not found
2023-12-12 13:23:36,703 file.LocalServiceAdmin INFO All the local services are enabled.
2023-12-12 13:23:36,703 file.manager INFO Component type conf file: sarch_spot.conf loaded.
2023-12-12 13:23:36,703 file.ec_base INFO setRate(1000000.000000) done
2023-12-12 13:23:36,703 file.ec_base INFO setRate(1000.000000) done
2023-12-12 13:23:36,719 file.rtobject INFO 1 execution context was created.
2023-12-12 13:23:36,719 file.rtobject INFO Initial active configuration set is default.
2023-12-12 13:23:50,822 file.ManagerServant INFO Master manager not found
2023-12-12 13:24:00,887 file.ManagerServant INFO Master manager not found
2023-12-12 13:24:11,000 file.ManagerServant INFO Master manager not found
2023-12-12 13:24:21,004 file.ManagerServant INFO Master manager not found
2023-12-12 13:24:31,061 file.ManagerServant INFO Master manager not found
2023-12-12 13:24:41,140 file.ManagerServant INFO Master manager not found
2023-12-12 13:24:51,238 file.ManagerServant INFO Master manager not found
2023-12-12 13:25:01,385 file.ManagerServant INFO Master manager not found
2023-12-12 13:25:11,388 file.ManagerServant INFO Master manager not found
2023-12-12 13:25:21,411 file.ManagerServant INFO Master manager not found
2023-12-12 13:25:31,456 file.ManagerServant INFO Master manager not found
2023-12-12 13:25:41,503 file.ManagerServant INFO Master manager not found
2023-12-12 13:25:51,548 file.ManagerServant INFO Master manager not found
2023-12-12 13:26:01,592 file.ManagerServant INFO Master manager not found
2023-12-12 13:26:11,629 file.ManagerServant INFO Master manager not found
2023-12-12 13:26:19,057 file.rtobject ERROR Traceback (most recent call last):
  File "C:\Users\reore\AppData\Local\Programs\Python\Python311\Lib\site-packages\OpenRTM_aist\DataFlowComponentBase.py", line 123, in on_execute
    ret = self.onExecute(ec_id)
          ^^^^^^^^^^^^^^^^^^^^^
  File "C:\Users\reore\workspace\sarch_spot\sarch_spot.py", line 204, in onExecute
    image = Image.open(image_path)
            ^^^^^^^^^^^^^^^^^^^^^^
  File "C:\Users\reore\AppData\Local\Programs\Python\Python311\Lib\site-packages\PIL\Image.py", line 3218, in open
    fp = builtins.open(filename, "rb")
         ^^^^^^^^^^^^^^^^^^^^^^^^^^^^^
FileNotFoundError: [Errno 2] No such file or directory: 'Tour Eiffel.jpg'

2023-12-12 13:26:21,699 file.ManagerServant INFO Master manager not found
2023-12-12 13:26:31,721 file.ManagerServant INFO Master manager not found
2023-12-12 13:26:31,807 file.ec_worker ERROR State of the RTC is not ACTIVE_STATE.
