2023-12-12 22:03:11,092 file.manager INFO 2.0.1
2023-12-12 22:03:11,092 file.manager INFO Copyright (C) 2003-2022, Noriaki Ando and OpenRTM development team,
2023-12-12 22:03:11,092 file.manager INFO   Intelligent Systems Research Institute, AIST,
2023-12-12 22:03:11,092 file.manager INFO Copyright (C) 2022, Noriaki Ando and OpenRTM development team,
2023-12-12 22:03:11,092 file.manager INFO   Industrial Cyber-Physical Research Center, AIST,
2023-12-12 22:03:11,092 file.manager INFO   All right reserved.
2023-12-12 22:03:11,092 file.manager INFO Manager starting.
2023-12-12 22:03:11,092 file.manager INFO Starting local logging.
2023-12-12 22:03:11,092 file.manager.namingmanager INFO NameServer connection succeeded: corba/localhost
2023-12-12 22:03:15,167 file.ManagerServant INFO Master manager not found
2023-12-12 22:03:15,167 file.LocalServiceAdmin INFO All the local services are enabled.
2023-12-12 22:03:15,167 file.manager INFO Component type conf file: sarch_spot.conf loaded.
2023-12-12 22:03:15,167 file.ec_base INFO setRate(1000000.000000) done
2023-12-12 22:03:15,167 file.ec_base INFO setRate(1000.000000) done
2023-12-12 22:03:15,182 file.rtobject INFO 1 execution context was created.
2023-12-12 22:03:15,182 file.rtobject INFO Initial active configuration set is default.
2023-12-12 22:03:29,337 file.ManagerServant INFO Master manager not found
2023-12-12 22:03:39,422 file.ManagerServant INFO Master manager not found
2023-12-12 22:03:49,443 file.ManagerServant INFO Master manager not found
2023-12-12 22:03:58,972 file.rtobject ERROR Traceback (most recent call last):
  File "C:\Users\reore\AppData\Local\Programs\Python\Python311\Lib\site-packages\OpenRTM_aist\DataFlowComponentBase.py", line 123, in on_execute
    ret = self.onExecute(ec_id)
          ^^^^^^^^^^^^^^^^^^^^^
  File "C:\Users\reore\workspace\sarch_spot\sarch_spot.py", line 194, in onExecute
    zoom_level = int(input)
                 ^^^^^^^^^^
TypeError: int() argument must be a string, a bytes-like object or a real number, not 'builtin_function_or_method'

2023-12-12 22:03:59,462 file.ManagerServant INFO Master manager not found
2023-12-12 22:04:09,523 file.ManagerServant INFO Master manager not found
2023-12-12 22:04:13,416 file.ec_worker ERROR State of the RTC is not ACTIVE_STATE.
2023-12-12 22:04:17,518 file.SdoServiceAdmin WARNING No available SDO service in the factory: 
2023-12-12 22:04:17,518 file.SdoServiceAdmin ERROR type  not exists.
2023-12-12 22:04:19,547 file.ManagerServant INFO Master manager not found
