2023-12-13 00:55:46,209 file.manager INFO 2.0.1
2023-12-13 00:55:46,209 file.manager INFO Copyright (C) 2003-2022, Noriaki Ando and OpenRTM development team,
2023-12-13 00:55:46,209 file.manager INFO   Intelligent Systems Research Institute, AIST,
2023-12-13 00:55:46,209 file.manager INFO Copyright (C) 2022, Noriaki Ando and OpenRTM development team,
2023-12-13 00:55:46,209 file.manager INFO   Industrial Cyber-Physical Research Center, AIST,
2023-12-13 00:55:46,209 file.manager INFO   All right reserved.
2023-12-13 00:55:46,209 file.manager INFO Manager starting.
2023-12-13 00:55:46,209 file.manager INFO Starting local logging.
2023-12-13 00:55:46,209 file.manager.namingmanager INFO NameServer connection succeeded: corba/localhost
2023-12-13 00:55:50,302 file.ManagerServant INFO Master manager not found
2023-12-13 00:55:50,302 file.LocalServiceAdmin INFO All the local services are enabled.
2023-12-13 00:55:50,302 file.manager INFO Component type conf file: mark_output.conf loaded.
2023-12-13 00:55:50,302 file.ec_base INFO setRate(1000000.000000) done
2023-12-13 00:55:50,302 file.ec_base INFO setRate(1000.000000) done
2023-12-13 00:55:50,302 file.rtobject INFO 1 execution context was created.
2023-12-13 00:55:50,302 file.rtobject INFO Initial active configuration set is default.
2023-12-13 00:56:04,439 file.ManagerServant INFO Master manager not found
2023-12-13 00:56:14,502 file.ManagerServant INFO Master manager not found
2023-12-13 00:56:24,574 file.ManagerServant INFO Master manager not found
2023-12-13 00:56:24,829 file.SdoServiceAdmin WARNING No available SDO service in the factory: 
2023-12-13 00:56:24,829 file.SdoServiceAdmin ERROR type  not exists.
2023-12-13 00:56:34,659 file.ManagerServant INFO Master manager not found
2023-12-13 00:56:44,709 file.ManagerServant INFO Master manager not found
2023-12-13 00:56:54,790 file.ManagerServant INFO Master manager not found
2023-12-13 00:57:04,845 file.ManagerServant INFO Master manager not found
2023-12-13 00:57:14,945 file.ManagerServant INFO Master manager not found
2023-12-13 00:57:25,016 file.ManagerServant INFO Master manager not found
2023-12-13 00:57:35,058 file.ManagerServant INFO Master manager not found
2023-12-13 00:57:45,111 file.ManagerServant INFO Master manager not found
2023-12-13 00:57:55,144 file.ManagerServant INFO Master manager not found
2023-12-13 00:58:05,169 file.ManagerServant INFO Master manager not found
