2023-12-13 01:44:43,521 file.manager INFO 2.0.1
2023-12-13 01:44:43,521 file.manager INFO Copyright (C) 2003-2022, Noriaki Ando and OpenRTM development team,
2023-12-13 01:44:43,521 file.manager INFO   Intelligent Systems Research Institute, AIST,
2023-12-13 01:44:43,521 file.manager INFO Copyright (C) 2022, Noriaki Ando and OpenRTM development team,
2023-12-13 01:44:43,521 file.manager INFO   Industrial Cyber-Physical Research Center, AIST,
2023-12-13 01:44:43,521 file.manager INFO   All right reserved.
2023-12-13 01:44:43,521 file.manager INFO Manager starting.
2023-12-13 01:44:43,521 file.manager INFO Starting local logging.
2023-12-13 01:44:43,552 file.manager.namingmanager INFO NameServer connection succeeded: corba/localhost
2023-12-13 01:44:47,648 file.ManagerServant INFO Master manager not found
2023-12-13 01:44:47,648 file.LocalServiceAdmin INFO All the local services are enabled.
2023-12-13 01:44:47,648 file.manager INFO Component type conf file: mark_output.conf loaded.
2023-12-13 01:44:47,648 file.ec_base INFO setRate(1000000.000000) done
2023-12-13 01:44:47,648 file.ec_base INFO setRate(1000.000000) done
2023-12-13 01:44:47,648 file.rtobject INFO 1 execution context was created.
2023-12-13 01:44:47,648 file.rtobject INFO Initial active configuration set is default.
2023-12-13 01:45:01,772 file.ManagerServant INFO Master manager not found
2023-12-13 01:45:11,834 file.ManagerServant INFO Master manager not found
2023-12-13 01:45:21,904 file.ManagerServant INFO Master manager not found
2023-12-13 01:45:31,968 file.ManagerServant INFO Master manager not found
2023-12-13 01:45:42,028 file.ManagerServant INFO Master manager not found
2023-12-13 01:45:52,107 file.ManagerServant INFO Master manager not found
2023-12-13 01:46:02,158 file.ManagerServant INFO Master manager not found
2023-12-13 01:46:12,201 file.ManagerServant INFO Master manager not found
2023-12-13 01:46:22,238 file.ManagerServant INFO Master manager not found
2023-12-13 01:46:32,311 file.ManagerServant INFO Master manager not found
2023-12-13 01:46:42,399 file.ManagerServant INFO Master manager not found
2023-12-13 01:46:45,461 file.SdoServiceAdmin WARNING No available SDO service in the factory: 
2023-12-13 01:46:45,461 file.SdoServiceAdmin ERROR type  not exists.
2023-12-13 01:46:52,458 file.ManagerServant INFO Master manager not found
2023-12-13 01:47:02,528 file.ManagerServant INFO Master manager not found
2023-12-13 01:47:12,572 file.ManagerServant INFO Master manager not found
2023-12-13 01:47:22,608 file.ManagerServant INFO Master manager not found
2023-12-13 01:47:32,663 file.ManagerServant INFO Master manager not found
2023-12-13 01:47:42,687 file.ManagerServant INFO Master manager not found
2023-12-13 01:47:52,757 file.ManagerServant INFO Master manager not found
