2023-12-13 01:49:24,992 file.manager INFO 2.0.1
2023-12-13 01:49:24,992 file.manager INFO Copyright (C) 2003-2022, Noriaki Ando and OpenRTM development team,
2023-12-13 01:49:24,992 file.manager INFO   Intelligent Systems Research Institute, AIST,
2023-12-13 01:49:24,992 file.manager INFO Copyright (C) 2022, Noriaki Ando and OpenRTM development team,
2023-12-13 01:49:24,992 file.manager INFO   Industrial Cyber-Physical Research Center, AIST,
2023-12-13 01:49:24,992 file.manager INFO   All right reserved.
2023-12-13 01:49:24,992 file.manager INFO Manager starting.
2023-12-13 01:49:24,992 file.manager INFO Starting local logging.
2023-12-13 01:49:25,008 file.manager.namingmanager INFO NameServer connection succeeded: corba/localhost
2023-12-13 01:49:29,083 file.ManagerServant INFO Master manager not found
2023-12-13 01:49:29,083 file.LocalServiceAdmin INFO All the local services are enabled.
2023-12-13 01:49:29,083 file.manager INFO Component type conf file: mark_output.conf loaded.
2023-12-13 01:49:29,083 file.ec_base INFO setRate(1000000.000000) done
2023-12-13 01:49:29,083 file.ec_base INFO setRate(1000.000000) done
2023-12-13 01:49:29,083 file.rtobject INFO 1 execution context was created.
2023-12-13 01:49:29,083 file.rtobject INFO Initial active configuration set is default.
2023-12-13 01:49:43,222 file.ManagerServant INFO Master manager not found
2023-12-13 01:49:53,280 file.ManagerServant INFO Master manager not found
2023-12-13 01:50:03,351 file.ManagerServant INFO Master manager not found
2023-12-13 01:50:13,416 file.ManagerServant INFO Master manager not found
2023-12-13 01:50:23,619 file.ManagerServant INFO Master manager not found
2023-12-13 01:50:33,520 file.ManagerServant INFO Master manager not found
2023-12-13 01:50:43,570 file.ManagerServant INFO Master manager not found
2023-12-13 01:50:53,596 file.ManagerServant INFO Master manager not found
2023-12-13 01:51:03,657 file.ManagerServant INFO Master manager not found
2023-12-13 01:51:13,686 file.ManagerServant INFO Master manager not found
2023-12-13 01:51:16,893 file.SdoServiceAdmin WARNING No available SDO service in the factory: 
2023-12-13 01:51:16,893 file.SdoServiceAdmin ERROR type  not exists.
2023-12-13 01:51:23,765 file.ManagerServant INFO Master manager not found
2023-12-13 01:51:33,815 file.ManagerServant INFO Master manager not found
2023-12-13 01:51:43,870 file.ManagerServant INFO Master manager not found
2023-12-13 01:51:53,993 file.ManagerServant INFO Master manager not found
2023-12-13 01:52:04,039 file.ManagerServant INFO Master manager not found
2023-12-13 01:52:14,096 file.ManagerServant INFO Master manager not found
2023-12-13 01:52:24,148 file.ManagerServant INFO Master manager not found
2023-12-13 01:52:34,194 file.ManagerServant INFO Master manager not found
2023-12-13 01:52:44,372 file.ManagerServant INFO Master manager not found
2023-12-13 01:52:54,399 file.ManagerServant INFO Master manager not found
2023-12-13 01:53:04,431 file.ManagerServant INFO Master manager not found
2023-12-13 01:53:14,475 file.ManagerServant INFO Master manager not found
2023-12-13 01:53:24,393 file.ManagerServant INFO Master manager not found
