2023-12-13 00:21:20,701 file.manager INFO 2.0.1
2023-12-13 00:21:20,701 file.manager INFO Copyright (C) 2003-2022, Noriaki Ando and OpenRTM development team,
2023-12-13 00:21:20,701 file.manager INFO   Intelligent Systems Research Institute, AIST,
2023-12-13 00:21:20,701 file.manager INFO Copyright (C) 2022, Noriaki Ando and OpenRTM development team,
2023-12-13 00:21:20,701 file.manager INFO   Industrial Cyber-Physical Research Center, AIST,
2023-12-13 00:21:20,701 file.manager INFO   All right reserved.
2023-12-13 00:21:20,701 file.manager INFO Manager starting.
2023-12-13 00:21:20,701 file.manager INFO Starting local logging.
2023-12-13 00:21:20,717 file.manager.namingmanager INFO NameServer connection succeeded: corba/localhost
2023-12-13 00:21:24,813 file.ManagerServant INFO Master manager not found
2023-12-13 00:21:24,813 file.LocalServiceAdmin INFO All the local services are enabled.
2023-12-13 00:21:24,828 file.manager INFO Component type conf file: mark_output.conf loaded.
2023-12-13 00:21:24,828 file.ec_base INFO setRate(1000000.000000) done
2023-12-13 00:21:24,828 file.ec_base INFO setRate(1000.000000) done
2023-12-13 00:21:24,828 file.rtobject INFO 1 execution context was created.
2023-12-13 00:21:24,828 file.rtobject INFO Initial active configuration set is default.
2023-12-13 00:21:38,972 file.ManagerServant INFO Master manager not found
2023-12-13 00:21:49,087 file.ManagerServant INFO Master manager not found
2023-12-13 00:21:59,149 file.ManagerServant INFO Master manager not found
2023-12-13 00:22:02,283 file.SdoServiceAdmin WARNING No available SDO service in the factory: 
2023-12-13 00:22:02,283 file.SdoServiceAdmin ERROR type  not exists.
2023-12-13 00:22:09,208 file.ManagerServant INFO Master manager not found
2023-12-13 00:22:19,229 file.ManagerServant INFO Master manager not found
2023-12-13 00:22:29,265 file.ManagerServant INFO Master manager not found
2023-12-13 00:22:39,314 file.ManagerServant INFO Master manager not found
2023-12-13 00:22:49,391 file.ManagerServant INFO Master manager not found
2023-12-13 00:22:59,456 file.ManagerServant INFO Master manager not found
2023-12-13 00:23:05,947 file.SdoServiceAdmin WARNING No available SDO service in the factory: 
2023-12-13 00:23:05,947 file.SdoServiceAdmin ERROR type  not exists.
2023-12-13 00:23:09,506 file.ManagerServant INFO Master manager not found
2023-12-13 00:23:19,565 file.ManagerServant INFO Master manager not found
2023-12-13 00:23:29,611 file.ManagerServant INFO Master manager not found
