2023-12-13 01:53:32,606 file.manager INFO 2.0.1
2023-12-13 01:53:32,606 file.manager INFO Copyright (C) 2003-2022, Noriaki Ando and OpenRTM development team,
2023-12-13 01:53:32,606 file.manager INFO   Intelligent Systems Research Institute, AIST,
2023-12-13 01:53:32,606 file.manager INFO Copyright (C) 2022, Noriaki Ando and OpenRTM development team,
2023-12-13 01:53:32,606 file.manager INFO   Industrial Cyber-Physical Research Center, AIST,
2023-12-13 01:53:32,606 file.manager INFO   All right reserved.
2023-12-13 01:53:32,606 file.manager INFO Manager starting.
2023-12-13 01:53:32,606 file.manager INFO Starting local logging.
2023-12-13 01:53:32,621 file.manager.namingmanager INFO NameServer connection succeeded: corba/localhost
2023-12-13 01:53:36,704 file.ManagerServant INFO Master manager not found
2023-12-13 01:53:36,704 file.LocalServiceAdmin INFO All the local services are enabled.
2023-12-13 01:53:36,704 file.manager INFO Component type conf file: mark_output.conf loaded.
2023-12-13 01:53:36,704 file.ec_base INFO setRate(1000000.000000) done
2023-12-13 01:53:36,704 file.ec_base INFO setRate(1000.000000) done
2023-12-13 01:53:36,704 file.rtobject INFO 1 execution context was created.
2023-12-13 01:53:36,704 file.rtobject INFO Initial active configuration set is default.
2023-12-13 01:53:50,803 file.ManagerServant INFO Master manager not found
2023-12-13 01:54:00,914 file.ManagerServant INFO Master manager not found
2023-12-13 01:54:10,958 file.ManagerServant INFO Master manager not found
2023-12-13 01:54:21,009 file.ManagerServant INFO Master manager not found
2023-12-13 01:54:31,069 file.ManagerServant INFO Master manager not found
2023-12-13 01:54:41,115 file.ManagerServant INFO Master manager not found
2023-12-13 01:54:51,156 file.ManagerServant INFO Master manager not found
2023-12-13 01:55:01,187 file.ManagerServant INFO Master manager not found
2023-12-13 01:55:11,253 file.ManagerServant INFO Master manager not found
2023-12-13 01:55:21,367 file.ManagerServant INFO Master manager not found
2023-12-13 01:55:23,802 file.SdoServiceAdmin WARNING No available SDO service in the factory: 
2023-12-13 01:55:23,802 file.SdoServiceAdmin ERROR type  not exists.
2023-12-13 01:55:31,433 file.ManagerServant INFO Master manager not found
2023-12-13 01:55:41,462 file.ManagerServant INFO Master manager not found
2023-12-13 01:55:51,514 file.ManagerServant INFO Master manager not found
2023-12-13 01:56:01,587 file.ManagerServant INFO Master manager not found
2023-12-13 01:56:11,626 file.ManagerServant INFO Master manager not found
2023-12-13 01:56:21,678 file.ManagerServant INFO Master manager not found
2023-12-13 01:56:31,703 file.ManagerServant INFO Master manager not found
2023-12-13 01:56:41,750 file.ManagerServant INFO Master manager not found
2023-12-13 01:56:51,807 file.ManagerServant INFO Master manager not found
2023-12-13 01:57:01,894 file.ManagerServant INFO Master manager not found
