2023-11-27 03:21:39,876 file.manager INFO 2.0.1
2023-11-27 03:21:39,876 file.manager INFO Copyright (C) 2003-2022, Noriaki Ando and OpenRTM development team,
2023-11-27 03:21:39,876 file.manager INFO   Intelligent Systems Research Institute, AIST,
2023-11-27 03:21:39,876 file.manager INFO Copyright (C) 2022, Noriaki Ando and OpenRTM development team,
2023-11-27 03:21:39,876 file.manager INFO   Industrial Cyber-Physical Research Center, AIST,
2023-11-27 03:21:39,876 file.manager INFO   All right reserved.
2023-11-27 03:21:39,876 file.manager INFO Manager starting.
2023-11-27 03:21:39,876 file.manager INFO Starting local logging.
2023-11-27 03:21:39,885 file.manager.namingmanager INFO NameServer connection succeeded: corba/localhost
2023-11-27 03:21:43,976 file.ManagerServant INFO Master manager not found
2023-11-27 03:21:43,976 file.LocalServiceAdmin INFO All the local services are enabled.
2023-11-27 03:21:43,992 file.manager INFO Component type conf file: mark_output.conf loaded.
2023-11-27 03:21:43,992 file.ec_base INFO setRate(1000000.000000) done
2023-11-27 03:21:43,992 file.ec_base INFO setRate(1000.000000) done
2023-11-27 03:21:43,992 file.rtobject INFO 1 execution context was created.
2023-11-27 03:21:43,992 file.rtobject INFO Initial active configuration set is default.
2023-11-27 03:21:58,075 file.ManagerServant INFO Master manager not found
2023-11-27 03:22:08,133 file.ManagerServant INFO Master manager not found
2023-11-27 03:22:18,200 file.ManagerServant INFO Master manager not found
2023-11-27 03:22:28,208 file.ManagerServant INFO Master manager not found
2023-11-27 03:22:39,318 file.ManagerServant INFO Master manager not found
2023-11-27 03:22:48,393 file.ManagerServant INFO Master manager not found
