2023-11-25 13:46:22,486 file.manager INFO 2.0.1
2023-11-25 13:46:22,486 file.manager INFO Copyright (C) 2003-2022, Noriaki Ando and OpenRTM development team,
2023-11-25 13:46:22,486 file.manager INFO   Intelligent Systems Research Institute, AIST,
2023-11-25 13:46:22,486 file.manager INFO Copyright (C) 2022, Noriaki Ando and OpenRTM development team,
2023-11-25 13:46:22,486 file.manager INFO   Industrial Cyber-Physical Research Center, AIST,
2023-11-25 13:46:22,486 file.manager INFO   All right reserved.
2023-11-25 13:46:22,486 file.manager INFO Manager starting.
2023-11-25 13:46:22,486 file.manager INFO Starting local logging.
2023-11-25 13:46:26,600 file.manager.namingmanager INFO NameServer connection failed: corba/localhost
2023-11-25 13:46:30,705 file.ManagerServant INFO Master manager not found
2023-11-25 13:46:30,705 file.LocalServiceAdmin INFO All the local services are enabled.
2023-11-25 13:46:30,705 file.manager INFO Component type conf file: coordinate_get.conf loaded.
2023-11-25 13:46:30,705 file.ec_base INFO setRate(1000000.000000) done
2023-11-25 13:46:30,705 file.ec_base INFO setRate(1000.000000) done
2023-11-25 13:46:30,705 file.rtobject INFO 1 execution context was created.
2023-11-25 13:46:30,705 file.rtobject INFO Initial active configuration set is default.
2023-11-25 13:46:40,733 file.manager.namingmanager INFO NameServer connection succeeded: corba/localhost
2023-11-25 13:46:40,733 file.manager.namingmanager INFO Connected to a name server: corba/localhost
2023-11-25 13:46:44,822 file.ManagerServant INFO Master manager not found
2023-11-25 13:46:54,898 file.ManagerServant INFO Master manager not found
2023-11-25 13:47:04,904 file.ManagerServant INFO Master manager not found
2023-11-25 13:47:14,963 file.ManagerServant INFO Master manager not found
2023-11-25 13:47:25,011 file.ManagerServant INFO Master manager not found
2023-11-25 13:47:30,246 file.SdoServiceAdmin WARNING No available SDO service in the factory: 
2023-11-25 13:47:30,246 file.SdoServiceAdmin ERROR type  not exists.
