2023-11-11 14:32:17,383 file.manager INFO 2.0.1
2023-11-11 14:32:17,383 file.manager INFO Copyright (C) 2003-2022, Noriaki Ando and OpenRTM development team,
2023-11-11 14:32:17,383 file.manager INFO   Intelligent Systems Research Institute, AIST,
2023-11-11 14:32:17,383 file.manager INFO Copyright (C) 2022, Noriaki Ando and OpenRTM development team,
2023-11-11 14:32:17,383 file.manager INFO   Industrial Cyber-Physical Research Center, AIST,
2023-11-11 14:32:17,383 file.manager INFO   All right reserved.
2023-11-11 14:32:17,383 file.manager INFO Manager starting.
2023-11-11 14:32:17,383 file.manager INFO Starting local logging.
2023-11-11 14:32:17,399 file.manager.namingmanager INFO NameServer connection succeeded: corba/localhost
2023-11-11 14:32:21,460 file.ManagerServant INFO Master manager not found
2023-11-11 14:32:21,460 file.LocalServiceAdmin INFO All the local services are enabled.
2023-11-11 14:32:21,460 file.manager INFO Component type conf file: coordinate_get.conf loaded.
2023-11-11 14:32:21,476 file.ec_base INFO setRate(1000000.000000) done
2023-11-11 14:32:21,476 file.ec_base INFO setRate(1000.000000) done
2023-11-11 14:32:21,476 file.rtobject INFO 1 execution context was created.
2023-11-11 14:32:21,476 file.rtobject INFO Initial active configuration set is default.
2023-11-11 14:32:35,568 file.ManagerServant INFO Master manager not found
2023-11-11 14:32:45,666 file.ManagerServant INFO Master manager not found
2023-11-11 14:32:55,737 file.ManagerServant INFO Master manager not found
2023-11-11 14:33:05,844 file.ManagerServant INFO Master manager not found
2023-11-11 14:33:15,938 file.ManagerServant INFO Master manager not found
2023-11-11 14:33:26,035 file.ManagerServant INFO Master manager not found
2023-11-11 14:33:36,055 file.ManagerServant INFO Master manager not found
2023-11-11 14:33:46,070 file.ManagerServant INFO Master manager not found
2023-11-11 14:33:56,148 file.ManagerServant INFO Master manager not found
2023-11-11 14:34:06,210 file.ManagerServant INFO Master manager not found
2023-11-11 14:34:16,247 file.ManagerServant INFO Master manager not found
2023-11-11 14:34:26,244 file.ManagerServant INFO Master manager not found
2023-11-11 14:34:35,710 file.SdoServiceAdmin WARNING No available SDO service in the factory: 
2023-11-11 14:34:35,710 file.SdoServiceAdmin ERROR type  not exists.
2023-11-11 14:34:36,347 file.ManagerServant INFO Master manager not found
