2023-11-09 22:44:24,398 file.manager INFO 2.0.1
2023-11-09 22:44:24,398 file.manager INFO Copyright (C) 2003-2022, Noriaki Ando and OpenRTM development team,
2023-11-09 22:44:24,398 file.manager INFO   Intelligent Systems Research Institute, AIST,
2023-11-09 22:44:24,398 file.manager INFO Copyright (C) 2022, Noriaki Ando and OpenRTM development team,
2023-11-09 22:44:24,398 file.manager INFO   Industrial Cyber-Physical Research Center, AIST,
2023-11-09 22:44:24,398 file.manager INFO   All right reserved.
2023-11-09 22:44:24,398 file.manager INFO Manager starting.
2023-11-09 22:44:24,398 file.manager INFO Starting local logging.
2023-11-09 22:44:28,458 file.manager.namingmanager INFO NameServer connection failed: corba/localhost
2023-11-09 22:44:32,578 file.ManagerServant INFO Master manager not found
2023-11-09 22:44:32,578 file.LocalServiceAdmin INFO All the local services are enabled.
2023-11-09 22:44:32,578 file.manager INFO Component type conf file: coordinate_get.conf loaded.
2023-11-09 22:44:32,578 file.ec_base INFO setRate(1000000.000000) done
2023-11-09 22:44:32,578 file.ec_base INFO setRate(1000.000000) done
2023-11-09 22:44:32,578 file.rtobject INFO 1 execution context was created.
2023-11-09 22:44:32,578 file.rtobject INFO Initial active configuration set is default.
2023-11-09 22:44:46,698 file.manager.namingmanager INFO NameServer connection failed: corba/localhost
2023-11-09 22:44:50,820 file.ManagerServant INFO Master manager not found
2023-11-09 22:44:52,649 file.manager.namingmanager INFO NameServer connection succeeded: corba/localhost
2023-11-09 22:44:52,649 file.manager.namingmanager INFO Connected to a name server: corba/localhost
2023-11-09 22:44:56,723 file.ManagerServant INFO Master manager not found
2023-11-09 22:45:05,242 file.SdoServiceAdmin WARNING No available SDO service in the factory: 
2023-11-09 22:45:05,242 file.SdoServiceAdmin ERROR type  not exists.
2023-11-09 22:45:06,817 file.ManagerServant INFO Master manager not found
2023-11-09 22:45:16,867 file.ManagerServant INFO Master manager not found
2023-11-09 22:45:26,889 file.ManagerServant INFO Master manager not found
2023-11-09 22:45:36,901 file.ManagerServant INFO Master manager not found
2023-11-09 22:45:43,907 file.OutPortConnector ERROR unkown error.
2023-11-09 22:45:46,973 file.ManagerServant INFO Master manager not found
2023-11-09 22:45:56,993 file.ManagerServant INFO Master manager not found
