2023-11-09 16:54:35,847 file.manager INFO 2.0.1
2023-11-09 16:54:35,847 file.manager INFO Copyright (C) 2003-2022, Noriaki Ando and OpenRTM development team,
2023-11-09 16:54:35,847 file.manager INFO   Intelligent Systems Research Institute, AIST,
2023-11-09 16:54:35,847 file.manager INFO Copyright (C) 2022, Noriaki Ando and OpenRTM development team,
2023-11-09 16:54:35,847 file.manager INFO   Industrial Cyber-Physical Research Center, AIST,
2023-11-09 16:54:35,847 file.manager INFO   All right reserved.
2023-11-09 16:54:35,847 file.manager INFO Manager starting.
2023-11-09 16:54:35,847 file.manager INFO Starting local logging.
2023-11-09 16:54:39,904 file.manager.namingmanager INFO NameServer connection failed: corba/localhost
2023-11-09 16:54:39,904 file.LocalServiceAdmin INFO All the local services are enabled.
2023-11-09 16:54:39,920 file.manager INFO Component type conf file: coordinate_get.conf loaded.
2023-11-09 16:54:39,920 file.ec_base INFO setRate(1000000.000000) done
2023-11-09 16:54:39,920 file.ec_base INFO setRate(1000.000000) done
2023-11-09 16:54:39,920 file.rtobject INFO 1 execution context was created.
2023-11-09 16:54:39,920 file.rtobject INFO Initial active configuration set is default.
2023-11-09 16:54:54,006 file.manager.namingmanager INFO NameServer connection failed: corba/localhost
2023-11-09 16:55:02,038 file.manager.namingmanager INFO NameServer connection succeeded: corba/localhost
2023-11-09 16:55:02,038 file.manager.namingmanager INFO Connected to a name server: corba/localhost
2023-11-09 16:56:06,454 file.OutPortConnector ERROR unkown error.
2023-11-09 16:56:06,454 file.OutPortConnector ERROR unkown error.
2023-11-09 16:56:35,294 file.SdoServiceAdmin WARNING No available SDO service in the factory: 
2023-11-09 16:56:35,294 file.SdoServiceAdmin ERROR type  not exists.
