2023-11-11 14:57:55,909 file.manager INFO 2.0.1
2023-11-11 14:57:55,909 file.manager INFO Copyright (C) 2003-2022, Noriaki Ando and OpenRTM development team,
2023-11-11 14:57:55,909 file.manager INFO   Intelligent Systems Research Institute, AIST,
2023-11-11 14:57:55,909 file.manager INFO Copyright (C) 2022, Noriaki Ando and OpenRTM development team,
2023-11-11 14:57:55,909 file.manager INFO   Industrial Cyber-Physical Research Center, AIST,
2023-11-11 14:57:55,909 file.manager INFO   All right reserved.
2023-11-11 14:57:55,909 file.manager INFO Manager starting.
2023-11-11 14:57:55,909 file.manager INFO Starting local logging.
2023-11-11 14:57:55,909 file.manager.namingmanager INFO NameServer connection succeeded: corba/localhost
2023-11-11 14:57:59,971 file.ManagerServant INFO Master manager not found
2023-11-11 14:57:59,971 file.LocalServiceAdmin INFO All the local services are enabled.
2023-11-11 14:57:59,986 file.manager INFO Component type conf file: coordinate_get.conf loaded.
2023-11-11 14:57:59,992 file.ec_base INFO setRate(1000000.000000) done
2023-11-11 14:57:59,992 file.ec_base INFO setRate(1000.000000) done
2023-11-11 14:57:59,992 file.rtobject INFO 1 execution context was created.
2023-11-11 14:57:59,992 file.rtobject INFO Initial active configuration set is default.
2023-11-11 14:58:10,258 file.SdoServiceAdmin WARNING No available SDO service in the factory: 
2023-11-11 14:58:10,258 file.SdoServiceAdmin ERROR type  not exists.
2023-11-11 14:58:14,106 file.ManagerServant INFO Master manager not found
2023-11-11 14:58:24,145 file.ManagerServant INFO Master manager not found
2023-11-11 14:58:35,731 file.ManagerServant INFO Master manager not found
2023-11-11 14:58:44,243 file.ManagerServant INFO Master manager not found
2023-11-11 14:58:54,254 file.ManagerServant INFO Master manager not found
2023-11-11 14:59:04,288 file.ManagerServant INFO Master manager not found
2023-11-11 14:59:14,328 file.ManagerServant INFO Master manager not found
2023-11-11 14:59:24,364 file.ManagerServant INFO Master manager not found
2023-11-11 14:59:34,401 file.ManagerServant INFO Master manager not found
2023-11-11 14:59:44,469 file.ManagerServant INFO Master manager not found
2023-11-11 14:59:54,517 file.ManagerServant INFO Master manager not found
2023-11-11 15:00:04,561 file.ManagerServant INFO Master manager not found
2023-11-11 15:00:14,606 file.ManagerServant INFO Master manager not found
2023-11-11 15:00:24,748 file.ManagerServant INFO Master manager not found
2023-11-11 15:00:34,761 file.ManagerServant INFO Master manager not found
2023-11-11 15:00:44,752 file.ManagerServant INFO Master manager not found
2023-11-11 15:00:54,792 file.ManagerServant INFO Master manager not found
2023-11-11 15:01:04,818 file.ManagerServant INFO Master manager not found
2023-11-11 15:01:14,838 file.ManagerServant INFO Master manager not found
2023-11-11 15:01:24,938 file.ManagerServant INFO Master manager not found
2023-11-11 15:01:35,037 file.ManagerServant INFO Master manager not found
2023-11-11 15:01:45,059 file.ManagerServant INFO Master manager not found
2023-11-11 15:01:55,069 file.ManagerServant INFO Master manager not found
