2023-11-11 13:57:42,950 file.manager INFO 2.0.1
2023-11-11 13:57:42,950 file.manager INFO Copyright (C) 2003-2022, Noriaki Ando and OpenRTM development team,
2023-11-11 13:57:42,950 file.manager INFO   Intelligent Systems Research Institute, AIST,
2023-11-11 13:57:42,964 file.manager INFO Copyright (C) 2022, Noriaki Ando and OpenRTM development team,
2023-11-11 13:57:42,964 file.manager INFO   Industrial Cyber-Physical Research Center, AIST,
2023-11-11 13:57:42,964 file.manager INFO   All right reserved.
2023-11-11 13:57:42,964 file.manager INFO Manager starting.
2023-11-11 13:57:42,964 file.manager INFO Starting local logging.
2023-11-11 13:57:42,964 file.manager.namingmanager INFO NameServer connection succeeded: corba/localhost
2023-11-11 13:57:47,078 file.ManagerServant INFO Master manager not found
2023-11-11 13:57:47,092 file.LocalServiceAdmin INFO All the local services are enabled.
2023-11-11 13:57:47,092 file.manager INFO Component type conf file: coordinate_get.conf loaded.
2023-11-11 13:57:47,092 file.ec_base INFO setRate(1000000.000000) done
2023-11-11 13:57:47,092 file.ec_base INFO setRate(1000.000000) done
2023-11-11 13:57:47,092 file.rtobject INFO 1 execution context was created.
2023-11-11 13:57:47,108 file.rtobject INFO Initial active configuration set is default.
2023-11-11 13:58:01,296 file.ManagerServant INFO Master manager not found
2023-11-11 13:58:11,284 file.ManagerServant INFO Master manager not found
2023-11-11 13:58:21,336 file.ManagerServant INFO Master manager not found
2023-11-11 13:58:31,438 file.ManagerServant INFO Master manager not found
2023-11-11 13:58:41,464 file.ManagerServant INFO Master manager not found
2023-11-11 13:58:51,518 file.ManagerServant INFO Master manager not found
2023-11-11 13:59:01,141 file.OutPortConnector ERROR unkown error.
2023-11-11 13:59:01,569 file.ManagerServant INFO Master manager not found
2023-11-11 13:59:11,582 file.ManagerServant INFO Master manager not found
2023-11-11 13:59:21,645 file.ManagerServant INFO Master manager not found
2023-11-11 13:59:31,621 file.ManagerServant INFO Master manager not found
