2023-11-11 14:26:57,226 file.manager INFO 2.0.1
2023-11-11 14:26:57,226 file.manager INFO Copyright (C) 2003-2022, Noriaki Ando and OpenRTM development team,
2023-11-11 14:26:57,226 file.manager INFO   Intelligent Systems Research Institute, AIST,
2023-11-11 14:26:57,226 file.manager INFO Copyright (C) 2022, Noriaki Ando and OpenRTM development team,
2023-11-11 14:26:57,226 file.manager INFO   Industrial Cyber-Physical Research Center, AIST,
2023-11-11 14:26:57,226 file.manager INFO   All right reserved.
2023-11-11 14:26:57,226 file.manager INFO Manager starting.
2023-11-11 14:26:57,226 file.manager INFO Starting local logging.
2023-11-11 14:27:01,301 file.manager.namingmanager INFO NameServer connection failed: corba/localhost
2023-11-11 14:27:05,374 file.ManagerServant INFO Master manager not found
2023-11-11 14:27:05,374 file.LocalServiceAdmin INFO All the local services are enabled.
2023-11-11 14:27:05,391 file.manager INFO Component type conf file: coordinate_get.conf loaded.
2023-11-11 14:27:05,391 file.ec_base INFO setRate(1000000.000000) done
2023-11-11 14:27:05,391 file.ec_base INFO setRate(1000.000000) done
2023-11-11 14:27:05,391 file.rtobject INFO 1 execution context was created.
2023-11-11 14:27:05,391 file.rtobject INFO Initial active configuration set is default.
2023-11-11 14:27:15,433 file.manager.namingmanager INFO NameServer connection succeeded: corba/localhost
2023-11-11 14:27:15,433 file.manager.namingmanager INFO Connected to a name server: corba/localhost
2023-11-11 14:27:19,523 file.ManagerServant INFO Master manager not found
2023-11-11 14:27:20,600 file.SdoServiceAdmin WARNING No available SDO service in the factory: 
2023-11-11 14:27:20,601 file.SdoServiceAdmin ERROR type  not exists.
2023-11-11 14:27:29,589 file.ManagerServant INFO Master manager not found
2023-11-11 14:27:39,560 file.ManagerServant INFO Master manager not found
2023-11-11 14:27:49,589 file.ManagerServant INFO Master manager not found
2023-11-11 14:27:59,687 file.ManagerServant INFO Master manager not found
2023-11-11 14:28:09,755 file.ManagerServant INFO Master manager not found
2023-11-11 14:28:19,842 file.ManagerServant INFO Master manager not found
2023-11-11 14:28:29,843 file.ManagerServant INFO Master manager not found
2023-11-11 14:28:39,873 file.ManagerServant INFO Master manager not found
2023-11-11 14:28:49,916 file.ManagerServant INFO Master manager not found
2023-11-11 14:28:59,908 file.ManagerServant INFO Master manager not found
