2023-12-13 02:13:48,369 file.manager INFO 2.0.1
2023-12-13 02:13:48,369 file.manager INFO Copyright (C) 2003-2022, Noriaki Ando and OpenRTM development team,
2023-12-13 02:13:48,369 file.manager INFO   Intelligent Systems Research Institute, AIST,
2023-12-13 02:13:48,369 file.manager INFO Copyright (C) 2022, Noriaki Ando and OpenRTM development team,
2023-12-13 02:13:48,369 file.manager INFO   Industrial Cyber-Physical Research Center, AIST,
2023-12-13 02:13:48,369 file.manager INFO   All right reserved.
2023-12-13 02:13:48,369 file.manager INFO Manager starting.
2023-12-13 02:13:48,369 file.manager INFO Starting local logging.
2023-12-13 02:13:48,385 file.manager.namingmanager INFO NameServer connection succeeded: corba/localhost
2023-12-13 02:13:52,477 file.ManagerServant INFO Master manager not found
2023-12-13 02:13:52,477 file.LocalServiceAdmin INFO All the local services are enabled.
2023-12-13 02:13:52,493 file.manager INFO Component type conf file: coordinate_get.conf loaded.
2023-12-13 02:13:52,497 file.ec_base INFO setRate(1000000.000000) done
2023-12-13 02:13:52,497 file.ec_base INFO setRate(1000.000000) done
2023-12-13 02:13:52,497 file.rtobject INFO 1 execution context was created.
2023-12-13 02:13:52,497 file.rtobject INFO Initial active configuration set is default.
2023-12-13 02:14:06,666 file.ManagerServant INFO Master manager not found
2023-12-13 02:14:16,751 file.ManagerServant INFO Master manager not found
2023-12-13 02:14:26,825 file.ManagerServant INFO Master manager not found
2023-12-13 02:14:36,843 file.ManagerServant INFO Master manager not found
2023-12-13 02:14:46,868 file.ManagerServant INFO Master manager not found
2023-12-13 02:14:56,933 file.ManagerServant INFO Master manager not found
2023-12-13 02:14:58,100 file.SdoServiceAdmin WARNING No available SDO service in the factory: 
2023-12-13 02:14:58,100 file.SdoServiceAdmin ERROR type  not exists.
2023-12-13 02:15:06,962 file.ManagerServant INFO Master manager not found
2023-12-13 02:15:17,009 file.ManagerServant INFO Master manager not found
2023-12-13 02:15:27,048 file.ManagerServant INFO Master manager not found
2023-12-13 02:15:37,126 file.ManagerServant INFO Master manager not found
2023-12-13 02:15:47,173 file.ManagerServant INFO Master manager not found
2023-12-13 02:15:57,241 file.ManagerServant INFO Master manager not found
2023-12-13 02:16:07,283 file.ManagerServant INFO Master manager not found
2023-12-13 02:16:17,339 file.ManagerServant INFO Master manager not found
2023-12-13 02:16:27,367 file.ManagerServant INFO Master manager not found
2023-12-13 02:16:37,474 file.ManagerServant INFO Master manager not found
2023-12-13 02:16:47,497 file.ManagerServant INFO Master manager not found
