2023-11-11 14:06:05,692 file.manager INFO 2.0.1
2023-11-11 14:06:05,692 file.manager INFO Copyright (C) 2003-2022, Noriaki Ando and OpenRTM development team,
2023-11-11 14:06:05,692 file.manager INFO   Intelligent Systems Research Institute, AIST,
2023-11-11 14:06:05,692 file.manager INFO Copyright (C) 2022, Noriaki Ando and OpenRTM development team,
2023-11-11 14:06:05,692 file.manager INFO   Industrial Cyber-Physical Research Center, AIST,
2023-11-11 14:06:05,692 file.manager INFO   All right reserved.
2023-11-11 14:06:05,692 file.manager INFO Manager starting.
2023-11-11 14:06:05,692 file.manager INFO Starting local logging.
2023-11-11 14:06:05,692 file.manager.namingmanager INFO NameServer connection succeeded: corba/localhost
2023-11-11 14:06:09,792 file.ManagerServant INFO Master manager not found
2023-11-11 14:06:09,792 file.LocalServiceAdmin INFO All the local services are enabled.
2023-11-11 14:06:09,806 file.manager INFO Component type conf file: coordinate_get.conf loaded.
2023-11-11 14:06:09,806 file.ec_base INFO setRate(1000000.000000) done
2023-11-11 14:06:09,806 file.ec_base INFO setRate(1000.000000) done
2023-11-11 14:06:09,806 file.rtobject INFO 1 execution context was created.
2023-11-11 14:06:09,822 file.rtobject INFO Initial active configuration set is default.
2023-11-11 14:06:23,993 file.ManagerServant INFO Master manager not found
2023-11-11 14:06:34,073 file.ManagerServant INFO Master manager not found
2023-11-11 14:06:44,086 file.ManagerServant INFO Master manager not found
2023-11-11 14:06:54,076 file.ManagerServant INFO Master manager not found
2023-11-11 14:07:04,136 file.ManagerServant INFO Master manager not found
2023-11-11 14:07:07,273 file.OutPortConnector ERROR unkown error.
2023-11-11 14:07:14,167 file.ManagerServant INFO Master manager not found
2023-11-11 14:07:24,198 file.ManagerServant INFO Master manager not found
2023-11-11 14:07:34,227 file.ManagerServant INFO Master manager not found
2023-11-11 14:07:44,223 file.ManagerServant INFO Master manager not found
2023-11-11 14:07:54,355 file.ManagerServant INFO Master manager not found
2023-11-11 14:08:04,397 file.ManagerServant INFO Master manager not found
2023-11-11 14:08:14,409 file.ManagerServant INFO Master manager not found
2023-11-11 14:08:24,452 file.ManagerServant INFO Master manager not found
2023-11-11 14:08:34,487 file.ManagerServant INFO Master manager not found
2023-11-11 14:08:44,531 file.ManagerServant INFO Master manager not found
2023-11-11 14:08:54,558 file.ManagerServant INFO Master manager not found
2023-11-11 14:09:04,584 file.ManagerServant INFO Master manager not found
2023-11-11 14:09:14,589 file.ManagerServant INFO Master manager not found
2023-11-11 14:09:24,714 file.ManagerServant INFO Master manager not found
2023-11-11 14:09:34,718 file.ManagerServant INFO Master manager not found
2023-11-11 14:09:44,768 file.ManagerServant INFO Master manager not found
