2023-11-11 14:37:11,928 file.manager INFO 2.0.1
2023-11-11 14:37:11,928 file.manager INFO Copyright (C) 2003-2022, Noriaki Ando and OpenRTM development team,
2023-11-11 14:37:11,928 file.manager INFO   Intelligent Systems Research Institute, AIST,
2023-11-11 14:37:11,928 file.manager INFO Copyright (C) 2022, Noriaki Ando and OpenRTM development team,
2023-11-11 14:37:11,928 file.manager INFO   Industrial Cyber-Physical Research Center, AIST,
2023-11-11 14:37:11,928 file.manager INFO   All right reserved.
2023-11-11 14:37:11,928 file.manager INFO Manager starting.
2023-11-11 14:37:11,928 file.manager INFO Starting local logging.
2023-11-11 14:37:16,032 file.manager.namingmanager INFO NameServer connection failed: corba/localhost
2023-11-11 14:37:20,163 file.ManagerServant INFO Master manager not found
2023-11-11 14:37:20,163 file.LocalServiceAdmin INFO All the local services are enabled.
2023-11-11 14:37:20,179 file.manager INFO Component type conf file: coordinate_get.conf loaded.
2023-11-11 14:37:20,179 file.ec_base INFO setRate(1000000.000000) done
2023-11-11 14:37:20,179 file.ec_base INFO setRate(1000.000000) done
2023-11-11 14:37:20,179 file.rtobject INFO 1 execution context was created.
2023-11-11 14:37:20,179 file.rtobject INFO Initial active configuration set is default.
2023-11-11 14:37:30,278 file.manager.namingmanager INFO NameServer connection succeeded: corba/localhost
2023-11-11 14:37:30,278 file.manager.namingmanager INFO Connected to a name server: corba/localhost
2023-11-11 14:37:34,361 file.ManagerServant INFO Master manager not found
2023-11-11 14:37:44,371 file.ManagerServant INFO Master manager not found
2023-11-11 14:37:54,377 file.ManagerServant INFO Master manager not found
2023-11-11 14:38:04,388 file.ManagerServant INFO Master manager not found
2023-11-11 14:38:14,489 file.ManagerServant INFO Master manager not found
2023-11-11 14:38:24,505 file.ManagerServant INFO Master manager not found
2023-11-11 14:38:34,526 file.ManagerServant INFO Master manager not found
2023-11-11 14:38:44,553 file.ManagerServant INFO Master manager not found
