2023-11-25 13:47:44,449 file.manager INFO 2.0.1
2023-11-25 13:47:44,449 file.manager INFO Copyright (C) 2003-2022, Noriaki Ando and OpenRTM development team,
2023-11-25 13:47:44,449 file.manager INFO   Intelligent Systems Research Institute, AIST,
2023-11-25 13:47:44,449 file.manager INFO Copyright (C) 2022, Noriaki Ando and OpenRTM development team,
2023-11-25 13:47:44,449 file.manager INFO   Industrial Cyber-Physical Research Center, AIST,
2023-11-25 13:47:44,449 file.manager INFO   All right reserved.
2023-11-25 13:47:44,449 file.manager INFO Manager starting.
2023-11-25 13:47:44,449 file.manager INFO Starting local logging.
2023-11-25 13:47:44,464 file.manager.namingmanager INFO NameServer connection succeeded: corba/localhost
2023-11-25 13:47:48,514 file.ManagerServant INFO Master manager not found
2023-11-25 13:47:48,525 file.LocalServiceAdmin INFO All the local services are enabled.
2023-11-25 13:47:48,525 file.manager INFO Component type conf file: coordinate_get.conf loaded.
2023-11-25 13:47:48,541 file.ec_base INFO setRate(1000000.000000) done
2023-11-25 13:47:48,541 file.ec_base INFO setRate(1000.000000) done
2023-11-25 13:47:48,541 file.rtobject INFO 1 execution context was created.
2023-11-25 13:47:48,541 file.rtobject INFO Initial active configuration set is default.
2023-11-25 13:48:00,775 file.SdoServiceAdmin WARNING No available SDO service in the factory: 
2023-11-25 13:48:00,775 file.SdoServiceAdmin ERROR type  not exists.
2023-11-25 13:48:02,611 file.ManagerServant INFO Master manager not found
2023-11-25 13:48:12,684 file.ManagerServant INFO Master manager not found
2023-11-25 13:48:22,725 file.ManagerServant INFO Master manager not found
2023-11-25 13:48:32,773 file.ManagerServant INFO Master manager not found
2023-11-25 13:48:42,793 file.ManagerServant INFO Master manager not found
2023-11-25 13:48:52,862 file.ManagerServant INFO Master manager not found
2023-11-25 13:49:02,836 file.ManagerServant INFO Master manager not found
2023-11-25 13:49:12,931 file.ManagerServant INFO Master manager not found
2023-11-25 13:49:23,000 file.ManagerServant INFO Master manager not found
2023-11-25 13:49:33,055 file.ManagerServant INFO Master manager not found
2023-11-25 13:49:43,049 file.ManagerServant INFO Master manager not found
2023-11-25 13:49:53,067 file.ManagerServant INFO Master manager not found
2023-11-25 13:50:03,205 file.ManagerServant INFO Master manager not found
2023-11-25 13:50:13,178 file.ManagerServant INFO Master manager not found
2023-11-25 13:50:23,260 file.ManagerServant INFO Master manager not found
2023-11-25 13:50:33,372 file.ManagerServant INFO Master manager not found
2023-11-25 13:50:43,377 file.ManagerServant INFO Master manager not found
2023-11-25 13:50:53,408 file.ManagerServant INFO Master manager not found
2023-11-25 13:51:03,414 file.ManagerServant INFO Master manager not found
2023-11-25 13:51:13,576 file.ManagerServant INFO Master manager not found
2023-11-25 13:51:23,591 file.ManagerServant INFO Master manager not found
2023-11-25 13:51:33,627 file.ManagerServant INFO Master manager not found
2023-11-25 13:51:43,627 file.ManagerServant INFO Master manager not found
2023-11-25 13:51:53,649 file.ManagerServant INFO Master manager not found
2023-11-25 13:52:03,771 file.ManagerServant INFO Master manager not found
2023-11-25 13:52:13,762 file.ManagerServant INFO Master manager not found
2023-11-25 13:52:23,889 file.ManagerServant INFO Master manager not found
2023-11-25 13:52:33,922 file.ManagerServant INFO Master manager not found
2023-11-25 13:52:44,021 file.ManagerServant INFO Master manager not found
2023-11-25 13:52:54,161 file.ManagerServant INFO Master manager not found
2023-11-25 13:53:04,171 file.ManagerServant INFO Master manager not found
2023-11-25 13:53:14,177 file.ManagerServant INFO Master manager not found
2023-11-25 13:53:24,289 file.ManagerServant INFO Master manager not found
2023-11-25 13:53:34,312 file.ManagerServant INFO Master manager not found
2023-11-25 13:53:44,322 file.ManagerServant INFO Master manager not found
2023-11-25 13:53:54,314 file.ManagerServant INFO Master manager not found
2023-11-25 13:54:04,441 file.ManagerServant INFO Master manager not found
2023-11-25 13:54:14,455 file.ManagerServant INFO Master manager not found
2023-11-25 13:54:24,478 file.ManagerServant INFO Master manager not found
2023-11-25 13:54:34,510 file.ManagerServant INFO Master manager not found
2023-11-25 13:54:44,600 file.ManagerServant INFO Master manager not found
2023-11-25 13:54:54,575 file.ManagerServant INFO Master manager not found
2023-11-25 13:55:04,716 file.ManagerServant INFO Master manager not found
2023-11-25 13:55:14,725 file.ManagerServant INFO Master manager not found
2023-11-25 13:55:24,770 file.ManagerServant INFO Master manager not found
2023-11-25 13:55:34,777 file.ManagerServant INFO Master manager not found
2023-11-25 13:55:44,874 file.ManagerServant INFO Master manager not found
2023-11-25 13:55:54,844 file.ManagerServant INFO Master manager not found
2023-11-25 13:56:04,939 file.ManagerServant INFO Master manager not found
2023-11-25 13:56:14,962 file.ManagerServant INFO Master manager not found
2023-11-25 13:56:25,000 file.ManagerServant INFO Master manager not found
2023-11-25 13:56:35,063 file.ManagerServant INFO Master manager not found
2023-11-25 13:56:45,084 file.ManagerServant INFO Master manager not found
2023-11-25 13:56:55,086 file.ManagerServant INFO Master manager not found
2023-11-25 13:57:05,096 file.ManagerServant INFO Master manager not found
2023-11-25 13:57:15,085 file.ManagerServant INFO Master manager not found
2023-11-25 13:57:25,180 file.ManagerServant INFO Master manager not found
2023-11-25 13:57:35,293 file.ManagerServant INFO Master manager not found
2023-11-25 13:57:45,314 file.ManagerServant INFO Master manager not found
2023-11-25 13:57:55,316 file.ManagerServant INFO Master manager not found
2023-11-25 13:58:05,400 file.ManagerServant INFO Master manager not found
2023-11-25 13:58:15,441 file.ManagerServant INFO Master manager not found
2023-11-25 13:58:25,441 file.ManagerServant INFO Master manager not found
2023-11-25 13:58:35,528 file.ManagerServant INFO Master manager not found
2023-11-25 13:58:45,607 file.ManagerServant INFO Master manager not found
2023-11-25 13:58:55,739 file.ManagerServant INFO Master manager not found
2023-11-25 13:59:05,711 file.ManagerServant INFO Master manager not found
2023-11-25 13:59:15,787 file.ManagerServant INFO Master manager not found
2023-11-25 13:59:25,893 file.ManagerServant INFO Master manager not found
2023-11-25 13:59:35,904 file.ManagerServant INFO Master manager not found
2023-11-25 13:59:45,908 file.ManagerServant INFO Master manager not found
2023-11-25 13:59:56,010 file.ManagerServant INFO Master manager not found
2023-11-25 14:00:06,025 file.ManagerServant INFO Master manager not found
2023-11-25 14:00:16,008 file.ManagerServant INFO Master manager not found
2023-11-25 14:00:26,121 file.ManagerServant INFO Master manager not found
2023-11-25 14:00:36,123 file.ManagerServant INFO Master manager not found
2023-11-25 14:00:46,147 file.ManagerServant INFO Master manager not found
2023-11-25 14:00:56,158 file.ManagerServant INFO Master manager not found
2023-11-25 14:01:06,239 file.ManagerServant INFO Master manager not found
2023-11-25 14:01:16,357 file.ManagerServant INFO Master manager not found
2023-11-25 14:01:26,379 file.ManagerServant INFO Master manager not found
2023-11-25 14:01:36,397 file.ManagerServant INFO Master manager not found
2023-11-25 14:01:46,435 file.ManagerServant INFO Master manager not found
2023-11-25 14:01:56,458 file.ManagerServant INFO Master manager not found
2023-11-25 14:02:06,456 file.ManagerServant INFO Master manager not found
2023-11-25 14:02:16,479 file.ManagerServant INFO Master manager not found
2023-11-25 14:02:26,586 file.ManagerServant INFO Master manager not found
2023-11-25 14:02:36,574 file.ManagerServant INFO Master manager not found
2023-11-25 14:02:46,697 file.ManagerServant INFO Master manager not found
2023-11-25 14:02:56,708 file.ManagerServant INFO Master manager not found
2023-11-25 14:03:06,811 file.ManagerServant INFO Master manager not found
2023-11-25 14:03:16,821 file.ManagerServant INFO Master manager not found
2023-11-25 14:03:26,814 file.ManagerServant INFO Master manager not found
2023-11-25 14:03:36,870 file.ManagerServant INFO Master manager not found
2023-11-25 14:03:44,371 file.ec_worker ERROR State of the RTC is not INACTIVE_STATE.
2023-11-25 14:03:46,900 file.ManagerServant INFO Master manager not found
