2023-11-11 14:16:57,776 file.manager INFO 2.0.1
2023-11-11 14:16:57,776 file.manager INFO Copyright (C) 2003-2022, Noriaki Ando and OpenRTM development team,
2023-11-11 14:16:57,776 file.manager INFO   Intelligent Systems Research Institute, AIST,
2023-11-11 14:16:57,776 file.manager INFO Copyright (C) 2022, Noriaki Ando and OpenRTM development team,
2023-11-11 14:16:57,776 file.manager INFO   Industrial Cyber-Physical Research Center, AIST,
2023-11-11 14:16:57,776 file.manager INFO   All right reserved.
2023-11-11 14:16:57,776 file.manager INFO Manager starting.
2023-11-11 14:16:57,776 file.manager INFO Starting local logging.
2023-11-11 14:16:57,791 file.manager.namingmanager INFO NameServer connection succeeded: corba/localhost
2023-11-11 14:17:01,825 file.ManagerServant INFO Master manager not found
2023-11-11 14:17:01,825 file.LocalServiceAdmin INFO All the local services are enabled.
2023-11-11 14:17:01,841 file.manager INFO Component type conf file: coordinate_get.conf loaded.
2023-11-11 14:17:01,841 file.ec_base INFO setRate(1000000.000000) done
2023-11-11 14:17:01,841 file.ec_base INFO setRate(1000.000000) done
2023-11-11 14:17:01,841 file.rtobject INFO 1 execution context was created.
2023-11-11 14:17:01,841 file.rtobject INFO Initial active configuration set is default.
2023-11-11 14:17:15,960 file.ManagerServant INFO Master manager not found
2023-11-11 14:17:26,014 file.ManagerServant INFO Master manager not found
2023-11-11 14:17:36,060 file.ManagerServant INFO Master manager not found
2023-11-11 14:17:45,517 file.OutPortConnector ERROR unkown error.
2023-11-11 14:17:46,095 file.ManagerServant INFO Master manager not found
2023-11-11 14:17:56,126 file.ManagerServant INFO Master manager not found
2023-11-11 14:18:06,128 file.ManagerServant INFO Master manager not found
