2023-11-11 13:34:36,864 file.manager INFO 2.0.1
2023-11-11 13:34:36,864 file.manager INFO Copyright (C) 2003-2022, Noriaki Ando and OpenRTM development team,
2023-11-11 13:34:36,864 file.manager INFO   Intelligent Systems Research Institute, AIST,
2023-11-11 13:34:36,864 file.manager INFO Copyright (C) 2022, Noriaki Ando and OpenRTM development team,
2023-11-11 13:34:36,864 file.manager INFO   Industrial Cyber-Physical Research Center, AIST,
2023-11-11 13:34:36,864 file.manager INFO   All right reserved.
2023-11-11 13:34:36,864 file.manager INFO Manager starting.
2023-11-11 13:34:36,864 file.manager INFO Starting local logging.
2023-11-11 13:34:36,879 file.manager.namingmanager INFO NameServer connection succeeded: corba/localhost
2023-11-11 13:34:40,975 file.ManagerServant INFO Master manager not found
2023-11-11 13:34:40,975 file.LocalServiceAdmin INFO All the local services are enabled.
2023-11-11 13:34:40,990 file.manager INFO Component type conf file: coordinate_get.conf loaded.
2023-11-11 13:34:40,990 file.ec_base INFO setRate(1000000.000000) done
2023-11-11 13:34:40,990 file.ec_base INFO setRate(1000.000000) done
2023-11-11 13:34:40,990 file.rtobject INFO 1 execution context was created.
2023-11-11 13:34:40,990 file.rtobject INFO Initial active configuration set is default.
2023-11-11 13:34:55,110 file.ManagerServant INFO Master manager not found
2023-11-11 13:35:05,141 file.ManagerServant INFO Master manager not found
2023-11-11 13:35:15,202 file.ManagerServant INFO Master manager not found
2023-11-11 13:35:25,229 file.ManagerServant INFO Master manager not found
2023-11-11 13:35:25,901 file.OutPortConnector ERROR unkown error.
2023-11-11 13:35:35,347 file.ManagerServant INFO Master manager not found
2023-11-11 13:35:45,373 file.ManagerServant INFO Master manager not found
2023-11-11 13:35:55,395 file.ManagerServant INFO Master manager not found
2023-11-11 13:36:05,437 file.ManagerServant INFO Master manager not found
