2023-12-10 13:00:42,836 file.manager INFO 2.0.1
2023-12-10 13:00:42,836 file.manager INFO Copyright (C) 2003-2022, Noriaki Ando and OpenRTM development team,
2023-12-10 13:00:42,836 file.manager INFO   Intelligent Systems Research Institute, AIST,
2023-12-10 13:00:42,836 file.manager INFO Copyright (C) 2022, Noriaki Ando and OpenRTM development team,
2023-12-10 13:00:42,836 file.manager INFO   Industrial Cyber-Physical Research Center, AIST,
2023-12-10 13:00:42,837 file.manager INFO   All right reserved.
2023-12-10 13:00:42,837 file.manager INFO Manager starting.
2023-12-10 13:00:42,837 file.manager INFO Starting local logging.
2023-12-10 13:00:42,847 file.manager.namingmanager INFO NameServer connection succeeded: corba/localhost
2023-12-10 13:00:46,930 file.ManagerServant INFO Master manager not found
2023-12-10 13:00:46,930 file.LocalServiceAdmin INFO All the local services are enabled.
2023-12-10 13:00:46,930 file.manager INFO Component type conf file: airphoto_get.conf loaded.
2023-12-10 13:00:46,930 file.ec_base INFO setRate(1000000.000000) done
2023-12-10 13:00:46,930 file.ec_base INFO setRate(1000.000000) done
2023-12-10 13:00:46,944 file.rtobject INFO 1 execution context was created.
2023-12-10 13:00:46,944 file.rtobject INFO Initial active configuration set is default.
2023-12-10 13:01:01,090 file.ManagerServant INFO Master manager not found
2023-12-10 13:01:11,184 file.ManagerServant INFO Master manager not found
2023-12-10 13:01:21,227 file.ManagerServant INFO Master manager not found
2023-12-10 13:01:31,290 file.ManagerServant INFO Master manager not found
2023-12-10 13:01:41,348 file.ManagerServant INFO Master manager not found
2023-12-10 13:01:51,378 file.ManagerServant INFO Master manager not found
2023-12-10 13:01:54,112 file.SdoServiceAdmin WARNING No available SDO service in the factory: 
2023-12-10 13:01:54,112 file.SdoServiceAdmin ERROR type  not exists.
