2023-12-13 00:33:44,819 file.manager INFO 2.0.1
2023-12-13 00:33:44,819 file.manager INFO Copyright (C) 2003-2022, Noriaki Ando and OpenRTM development team,
2023-12-13 00:33:44,819 file.manager INFO   Intelligent Systems Research Institute, AIST,
2023-12-13 00:33:44,819 file.manager INFO Copyright (C) 2022, Noriaki Ando and OpenRTM development team,
2023-12-13 00:33:44,819 file.manager INFO   Industrial Cyber-Physical Research Center, AIST,
2023-12-13 00:33:44,819 file.manager INFO   All right reserved.
2023-12-13 00:33:44,819 file.manager INFO Manager starting.
2023-12-13 00:33:44,819 file.manager INFO Starting local logging.
2023-12-13 00:33:44,830 file.manager.namingmanager INFO NameServer connection succeeded: corba/localhost
2023-12-13 00:33:48,915 file.ManagerServant INFO Master manager not found
2023-12-13 00:33:48,915 file.LocalServiceAdmin INFO All the local services are enabled.
2023-12-13 00:33:48,915 file.manager INFO Component type conf file: airphoto_get.conf loaded.
2023-12-13 00:33:48,915 file.ec_base INFO setRate(1000000.000000) done
2023-12-13 00:33:48,915 file.ec_base INFO setRate(1000.000000) done
2023-12-13 00:33:48,915 file.rtobject INFO 1 execution context was created.
2023-12-13 00:33:48,915 file.rtobject INFO Initial active configuration set is default.
2023-12-13 00:34:03,101 file.ManagerServant INFO Master manager not found
2023-12-13 00:34:13,135 file.ManagerServant INFO Master manager not found
2023-12-13 00:34:23,242 file.ManagerServant INFO Master manager not found
2023-12-13 00:34:33,279 file.ManagerServant INFO Master manager not found
2023-12-13 00:34:43,349 file.ManagerServant INFO Master manager not found
2023-12-13 00:34:53,414 file.ManagerServant INFO Master manager not found
2023-12-13 00:35:03,459 file.ManagerServant INFO Master manager not found
2023-12-13 00:35:13,521 file.ManagerServant INFO Master manager not found
2023-12-13 00:35:23,542 file.ManagerServant INFO Master manager not found
2023-12-13 00:35:33,593 file.ManagerServant INFO Master manager not found
2023-12-13 00:35:43,646 file.ManagerServant INFO Master manager not found
2023-12-13 00:35:53,647 file.ManagerServant INFO Master manager not found
2023-12-13 00:36:03,794 file.ManagerServant INFO Master manager not found
