2023-12-12 17:21:48,730 file.manager INFO 2.0.1
2023-12-12 17:21:48,730 file.manager INFO Copyright (C) 2003-2022, Noriaki Ando and OpenRTM development team,
2023-12-12 17:21:48,730 file.manager INFO   Intelligent Systems Research Institute, AIST,
2023-12-12 17:21:48,730 file.manager INFO Copyright (C) 2022, Noriaki Ando and OpenRTM development team,
2023-12-12 17:21:48,730 file.manager INFO   Industrial Cyber-Physical Research Center, AIST,
2023-12-12 17:21:48,730 file.manager INFO   All right reserved.
2023-12-12 17:21:48,730 file.manager INFO Manager starting.
2023-12-12 17:21:48,730 file.manager INFO Starting local logging.
2023-12-12 17:21:48,730 file.manager.namingmanager INFO NameServer connection succeeded: corba/localhost
2023-12-12 17:21:52,838 file.ManagerServant INFO Master manager not found
2023-12-12 17:21:52,838 file.LocalServiceAdmin INFO All the local services are enabled.
2023-12-12 17:21:52,838 file.manager INFO Component type conf file: airphoto_get.conf loaded.
2023-12-12 17:21:52,838 file.ec_base INFO setRate(1000000.000000) done
2023-12-12 17:21:52,838 file.ec_base INFO setRate(1000.000000) done
2023-12-12 17:21:52,838 file.rtobject INFO 1 execution context was created.
2023-12-12 17:21:52,838 file.rtobject INFO Initial active configuration set is default.
2023-12-12 17:22:06,964 file.ManagerServant INFO Master manager not found
2023-12-12 17:22:16,990 file.ManagerServant INFO Master manager not found
2023-12-12 17:22:27,110 file.ManagerServant INFO Master manager not found
2023-12-12 17:22:37,173 file.ManagerServant INFO Master manager not found
2023-12-12 17:22:47,210 file.ManagerServant INFO Master manager not found
2023-12-12 17:22:56,782 file.SdoServiceAdmin WARNING No available SDO service in the factory: 
2023-12-12 17:22:56,782 file.SdoServiceAdmin ERROR type  not exists.
2023-12-12 17:22:57,237 file.ManagerServant INFO Master manager not found
