2023-12-10 13:05:17,555 file.manager INFO 2.0.1
2023-12-10 13:05:17,555 file.manager INFO Copyright (C) 2003-2022, Noriaki Ando and OpenRTM development team,
2023-12-10 13:05:17,555 file.manager INFO   Intelligent Systems Research Institute, AIST,
2023-12-10 13:05:17,555 file.manager INFO Copyright (C) 2022, Noriaki Ando and OpenRTM development team,
2023-12-10 13:05:17,555 file.manager INFO   Industrial Cyber-Physical Research Center, AIST,
2023-12-10 13:05:17,555 file.manager INFO   All right reserved.
2023-12-10 13:05:17,555 file.manager INFO Manager starting.
2023-12-10 13:05:17,555 file.manager INFO Starting local logging.
2023-12-10 13:05:17,555 file.manager.namingmanager INFO NameServer connection succeeded: corba/localhost
2023-12-10 13:05:21,640 file.ManagerServant INFO Master manager not found
2023-12-10 13:05:21,640 file.LocalServiceAdmin INFO All the local services are enabled.
2023-12-10 13:05:21,640 file.manager INFO Component type conf file: airphoto_get.conf loaded.
2023-12-10 13:05:21,640 file.ec_base INFO setRate(1000000.000000) done
2023-12-10 13:05:21,640 file.ec_base INFO setRate(1000.000000) done
2023-12-10 13:05:21,640 file.rtobject INFO 1 execution context was created.
2023-12-10 13:05:21,640 file.rtobject INFO Initial active configuration set is default.
2023-12-10 13:05:35,756 file.ManagerServant INFO Master manager not found
2023-12-10 13:05:45,800 file.ManagerServant INFO Master manager not found
2023-12-10 13:05:55,853 file.ManagerServant INFO Master manager not found
2023-12-10 13:06:05,897 file.ManagerServant INFO Master manager not found
2023-12-10 13:06:15,940 file.ManagerServant INFO Master manager not found
2023-12-10 13:06:25,979 file.ManagerServant INFO Master manager not found
2023-12-10 13:06:36,035 file.ManagerServant INFO Master manager not found
2023-12-10 13:06:46,046 file.ManagerServant INFO Master manager not found
2023-12-10 13:06:56,116 file.ManagerServant INFO Master manager not found
2023-12-10 13:07:06,184 file.ManagerServant INFO Master manager not found
2023-12-10 13:07:16,208 file.ManagerServant INFO Master manager not found
2023-12-10 13:07:24,317 file.SdoServiceAdmin WARNING No available SDO service in the factory: 
2023-12-10 13:07:24,317 file.SdoServiceAdmin ERROR type  not exists.
2023-12-10 13:07:26,254 file.ManagerServant INFO Master manager not found
