2023-12-10 20:35:09,465 file.manager INFO 2.0.1
2023-12-10 20:35:09,465 file.manager INFO Copyright (C) 2003-2022, Noriaki Ando and OpenRTM development team,
2023-12-10 20:35:09,465 file.manager INFO   Intelligent Systems Research Institute, AIST,
2023-12-10 20:35:09,465 file.manager INFO Copyright (C) 2022, Noriaki Ando and OpenRTM development team,
2023-12-10 20:35:09,465 file.manager INFO   Industrial Cyber-Physical Research Center, AIST,
2023-12-10 20:35:09,465 file.manager INFO   All right reserved.
2023-12-10 20:35:09,465 file.manager INFO Manager starting.
2023-12-10 20:35:09,465 file.manager INFO Starting local logging.
2023-12-10 20:35:09,481 file.manager.namingmanager INFO NameServer connection succeeded: corba/localhost
2023-12-10 20:35:13,553 file.ManagerServant INFO Master manager not found
2023-12-10 20:35:13,553 file.LocalServiceAdmin INFO All the local services are enabled.
2023-12-10 20:35:13,553 file.manager INFO Component type conf file: airphoto_get.conf loaded.
2023-12-10 20:35:13,553 file.ec_base INFO setRate(1000000.000000) done
2023-12-10 20:35:13,553 file.ec_base INFO setRate(1000.000000) done
2023-12-10 20:35:13,553 file.rtobject INFO 1 execution context was created.
2023-12-10 20:35:13,553 file.rtobject INFO Initial active configuration set is default.
2023-12-10 20:35:27,740 file.ManagerServant INFO Master manager not found
2023-12-10 20:35:37,767 file.ManagerServant INFO Master manager not found
2023-12-10 20:35:47,843 file.ManagerServant INFO Master manager not found
2023-12-10 20:35:57,874 file.ManagerServant INFO Master manager not found
2023-12-10 20:36:07,947 file.ManagerServant INFO Master manager not found
