2023-11-25 14:03:55,512 file.manager INFO 2.0.1
2023-11-25 14:03:55,512 file.manager INFO Copyright (C) 2003-2022, Noriaki Ando and OpenRTM development team,
2023-11-25 14:03:55,512 file.manager INFO   Intelligent Systems Research Institute, AIST,
2023-11-25 14:03:55,512 file.manager INFO Copyright (C) 2022, Noriaki Ando and OpenRTM development team,
2023-11-25 14:03:55,512 file.manager INFO   Industrial Cyber-Physical Research Center, AIST,
2023-11-25 14:03:55,512 file.manager INFO   All right reserved.
2023-11-25 14:03:55,512 file.manager INFO Manager starting.
2023-11-25 14:03:55,512 file.manager INFO Starting local logging.
2023-11-25 14:03:55,512 file.manager.namingmanager INFO NameServer connection succeeded: corba/localhost
2023-11-25 14:03:59,611 file.ManagerServant INFO Master manager not found
2023-11-25 14:03:59,611 file.LocalServiceAdmin INFO All the local services are enabled.
2023-11-25 14:03:59,611 file.manager INFO Component type conf file: airphoto_get.conf loaded.
2023-11-25 14:03:59,611 file.ec_base INFO setRate(1000000.000000) done
2023-11-25 14:03:59,611 file.ec_base INFO setRate(1000.000000) done
2023-11-25 14:03:59,611 file.rtobject INFO 1 execution context was created.
2023-11-25 14:03:59,626 file.rtobject INFO Initial active configuration set is default.
2023-11-25 14:04:13,745 file.ManagerServant INFO Master manager not found
2023-11-25 14:04:23,809 file.ManagerServant INFO Master manager not found
2023-11-25 14:04:33,847 file.ManagerServant INFO Master manager not found
2023-11-25 14:04:43,980 file.ManagerServant INFO Master manager not found
2023-11-25 14:04:52,501 file.SdoServiceAdmin WARNING No available SDO service in the factory: 
2023-11-25 14:04:52,501 file.SdoServiceAdmin ERROR type  not exists.
2023-11-25 14:04:54,025 file.ManagerServant INFO Master manager not found
2023-11-25 14:05:04,076 file.ManagerServant INFO Master manager not found
2023-11-25 14:05:14,122 file.ManagerServant INFO Master manager not found
2023-11-25 14:05:24,175 file.ManagerServant INFO Master manager not found
2023-11-25 14:05:34,191 file.ManagerServant INFO Master manager not found
2023-11-25 14:05:44,259 file.ManagerServant INFO Master manager not found
2023-11-25 14:05:54,322 file.ManagerServant INFO Master manager not found
2023-11-25 14:06:04,396 file.ManagerServant INFO Master manager not found
2023-11-25 14:06:14,498 file.ManagerServant INFO Master manager not found
2023-11-25 14:06:24,522 file.ManagerServant INFO Master manager not found
2023-11-25 14:06:34,610 file.ManagerServant INFO Master manager not found
2023-11-25 14:06:44,619 file.ManagerServant INFO Master manager not found
2023-11-25 14:06:54,683 file.ManagerServant INFO Master manager not found
2023-11-25 14:07:04,769 file.ManagerServant INFO Master manager not found
2023-11-25 14:07:14,778 file.ManagerServant INFO Master manager not found
2023-11-25 14:07:24,793 file.ManagerServant INFO Master manager not found
2023-11-25 14:07:34,906 file.ManagerServant INFO Master manager not found
2023-11-25 14:07:44,884 file.ManagerServant INFO Master manager not found
2023-11-25 14:07:55,007 file.ManagerServant INFO Master manager not found
2023-11-25 14:08:04,999 file.ManagerServant INFO Master manager not found
2023-11-25 14:08:15,064 file.ManagerServant INFO Master manager not found
2023-11-25 14:08:25,196 file.ManagerServant INFO Master manager not found
2023-11-25 14:08:35,178 file.ManagerServant INFO Master manager not found
2023-11-25 14:08:45,263 file.ManagerServant INFO Master manager not found
2023-11-25 14:08:55,382 file.ManagerServant INFO Master manager not found
2023-11-25 14:09:05,350 file.ManagerServant INFO Master manager not found
2023-11-25 14:09:15,424 file.ManagerServant INFO Master manager not found
2023-11-25 14:09:25,473 file.ManagerServant INFO Master manager not found
2023-11-25 14:09:35,558 file.ManagerServant INFO Master manager not found
2023-11-25 14:09:45,644 file.ManagerServant INFO Master manager not found
2023-11-25 14:09:55,691 file.ManagerServant INFO Master manager not found
2023-11-25 14:10:05,762 file.ManagerServant INFO Master manager not found
2023-11-25 14:10:15,815 file.ManagerServant INFO Master manager not found
2023-11-25 14:10:25,900 file.ManagerServant INFO Master manager not found
2023-11-25 14:10:35,966 file.ManagerServant INFO Master manager not found
2023-11-25 14:10:46,057 file.ManagerServant INFO Master manager not found
2023-11-25 14:10:56,141 file.ManagerServant INFO Master manager not found
2023-11-25 14:11:06,258 file.ManagerServant INFO Master manager not found
2023-11-25 14:11:16,360 file.ManagerServant INFO Master manager not found
2023-11-25 14:11:26,446 file.ManagerServant INFO Master manager not found
2023-11-25 14:11:36,537 file.ManagerServant INFO Master manager not found
2023-11-25 14:11:46,619 file.ManagerServant INFO Master manager not found
2023-11-25 14:11:56,687 file.ManagerServant INFO Master manager not found
2023-11-25 14:12:06,822 file.ManagerServant INFO Master manager not found
2023-11-25 14:12:16,878 file.ManagerServant INFO Master manager not found
2023-11-25 14:12:26,958 file.ManagerServant INFO Master manager not found
