2023-12-10 22:16:40,506 file.manager INFO 2.0.1
2023-12-10 22:16:40,506 file.manager INFO Copyright (C) 2003-2022, Noriaki Ando and OpenRTM development team,
2023-12-10 22:16:40,506 file.manager INFO   Intelligent Systems Research Institute, AIST,
2023-12-10 22:16:40,506 file.manager INFO Copyright (C) 2022, Noriaki Ando and OpenRTM development team,
2023-12-10 22:16:40,506 file.manager INFO   Industrial Cyber-Physical Research Center, AIST,
2023-12-10 22:16:40,506 file.manager INFO   All right reserved.
2023-12-10 22:16:40,506 file.manager INFO Manager starting.
2023-12-10 22:16:40,506 file.manager INFO Starting local logging.
2023-12-10 22:16:40,522 file.manager.namingmanager INFO NameServer connection succeeded: corba/localhost
2023-12-10 22:16:44,600 file.ManagerServant INFO Master manager not found
2023-12-10 22:16:44,600 file.LocalServiceAdmin INFO All the local services are enabled.
2023-12-10 22:16:44,600 file.manager INFO Component type conf file: airphoto_get.conf loaded.
2023-12-10 22:16:44,600 file.ec_base INFO setRate(1000000.000000) done
2023-12-10 22:16:44,600 file.ec_base INFO setRate(1000.000000) done
2023-12-10 22:16:44,600 file.rtobject INFO 1 execution context was created.
2023-12-10 22:16:44,600 file.rtobject INFO Initial active configuration set is default.
2023-12-10 22:16:58,787 file.ManagerServant INFO Master manager not found
2023-12-10 22:17:08,835 file.ManagerServant INFO Master manager not found
2023-12-10 22:17:18,882 file.ManagerServant INFO Master manager not found
2023-12-10 22:17:28,953 file.ManagerServant INFO Master manager not found
2023-12-10 22:17:38,996 file.ManagerServant INFO Master manager not found
2023-12-10 22:17:49,001 file.ManagerServant INFO Master manager not found
2023-12-10 22:17:59,094 file.ManagerServant INFO Master manager not found
2023-12-10 22:18:09,082 file.ManagerServant INFO Master manager not found
2023-12-10 22:18:19,157 file.ManagerServant INFO Master manager not found
2023-12-10 22:18:29,211 file.ManagerServant INFO Master manager not found
2023-12-10 22:18:39,242 file.ManagerServant INFO Master manager not found
