2023-11-09 22:44:19,493 file.manager INFO 2.0.1
2023-11-09 22:44:19,508 file.manager INFO Copyright (C) 2003-2022, Noriaki Ando and OpenRTM development team,
2023-11-09 22:44:19,508 file.manager INFO   Intelligent Systems Research Institute, AIST,
2023-11-09 22:44:19,508 file.manager INFO Copyright (C) 2022, Noriaki Ando and OpenRTM development team,
2023-11-09 22:44:19,508 file.manager INFO   Industrial Cyber-Physical Research Center, AIST,
2023-11-09 22:44:19,508 file.manager INFO   All right reserved.
2023-11-09 22:44:19,508 file.manager INFO Manager starting.
2023-11-09 22:44:19,508 file.manager INFO Starting local logging.
2023-11-09 22:44:23,611 file.manager.namingmanager INFO NameServer connection failed: corba/localhost
2023-11-09 22:44:27,672 file.ManagerServant INFO Master manager not found
2023-11-09 22:44:27,672 file.LocalServiceAdmin INFO All the local services are enabled.
2023-11-09 22:44:27,688 file.manager INFO Component type conf file: airphoto_get.conf loaded.
2023-11-09 22:44:27,688 file.ec_base INFO setRate(1000000.000000) done
2023-11-09 22:44:27,688 file.ec_base INFO setRate(1000.000000) done
2023-11-09 22:44:27,688 file.rtobject INFO 1 execution context was created.
2023-11-09 22:44:27,703 file.rtobject INFO Initial active configuration set is default.
2023-11-09 22:44:41,816 file.manager.namingmanager INFO NameServer connection failed: corba/localhost
2023-11-09 22:44:45,855 file.ManagerServant INFO Master manager not found
2023-11-09 22:44:50,869 file.manager.namingmanager INFO NameServer connection succeeded: corba/localhost
2023-11-09 22:44:50,869 file.manager.namingmanager INFO Connected to a name server: corba/localhost
2023-11-09 22:44:54,938 file.ManagerServant INFO Master manager not found
2023-11-09 22:45:01,964 file.ManagerServant INFO Master manager not found
2023-11-09 22:45:12,034 file.ManagerServant INFO Master manager not found
2023-11-09 22:45:22,078 file.ManagerServant INFO Master manager not found
2023-11-09 22:45:32,110 file.ManagerServant INFO Master manager not found
2023-11-09 22:45:42,136 file.ManagerServant INFO Master manager not found
2023-11-09 22:45:52,168 file.ManagerServant INFO Master manager not found
2023-11-09 22:46:02,253 file.ManagerServant INFO Master manager not found
