2023-12-13 00:26:21,556 file.manager INFO 2.0.1
2023-12-13 00:26:21,556 file.manager INFO Copyright (C) 2003-2022, Noriaki Ando and OpenRTM development team,
2023-12-13 00:26:21,571 file.manager INFO   Intelligent Systems Research Institute, AIST,
2023-12-13 00:26:21,571 file.manager INFO Copyright (C) 2022, Noriaki Ando and OpenRTM development team,
2023-12-13 00:26:21,571 file.manager INFO   Industrial Cyber-Physical Research Center, AIST,
2023-12-13 00:26:21,571 file.manager INFO   All right reserved.
2023-12-13 00:26:21,571 file.manager INFO Manager starting.
2023-12-13 00:26:21,571 file.manager INFO Starting local logging.
2023-12-13 00:26:21,571 file.manager.namingmanager INFO NameServer connection succeeded: corba/localhost
2023-12-13 00:26:25,641 file.ManagerServant INFO Master manager not found
2023-12-13 00:26:25,641 file.LocalServiceAdmin INFO All the local services are enabled.
2023-12-13 00:26:25,657 file.manager INFO Component type conf file: airphoto_get.conf loaded.
2023-12-13 00:26:25,657 file.ec_base INFO setRate(1000000.000000) done
2023-12-13 00:26:25,657 file.ec_base INFO setRate(1000.000000) done
2023-12-13 00:26:25,657 file.rtobject INFO 1 execution context was created.
2023-12-13 00:26:25,657 file.rtobject INFO Initial active configuration set is default.
2023-12-13 00:26:39,775 file.ManagerServant INFO Master manager not found
2023-12-13 00:26:49,822 file.ManagerServant INFO Master manager not found
2023-12-13 00:26:59,849 file.ManagerServant INFO Master manager not found
2023-12-13 00:27:09,878 file.ManagerServant INFO Master manager not found
2023-12-13 00:27:19,930 file.ManagerServant INFO Master manager not found
2023-12-13 00:27:30,052 file.ManagerServant INFO Master manager not found
2023-12-13 00:27:40,115 file.ManagerServant INFO Master manager not found
2023-12-13 00:27:50,134 file.ManagerServant INFO Master manager not found
2023-12-13 00:28:00,173 file.ManagerServant INFO Master manager not found
2023-12-13 00:28:10,205 file.ManagerServant INFO Master manager not found
2023-12-13 00:28:20,290 file.ManagerServant INFO Master manager not found
2023-12-13 00:28:30,356 file.ManagerServant INFO Master manager not found
