2023-12-13 00:21:27,333 file.manager INFO 2.0.1
2023-12-13 00:21:27,333 file.manager INFO Copyright (C) 2003-2022, Noriaki Ando and OpenRTM development team,
2023-12-13 00:21:27,333 file.manager INFO   Intelligent Systems Research Institute, AIST,
2023-12-13 00:21:27,333 file.manager INFO Copyright (C) 2022, Noriaki Ando and OpenRTM development team,
2023-12-13 00:21:27,333 file.manager INFO   Industrial Cyber-Physical Research Center, AIST,
2023-12-13 00:21:27,333 file.manager INFO   All right reserved.
2023-12-13 00:21:27,333 file.manager INFO Manager starting.
2023-12-13 00:21:27,333 file.manager INFO Starting local logging.
2023-12-13 00:21:27,349 file.manager.namingmanager INFO NameServer connection succeeded: corba/localhost
2023-12-13 00:21:31,412 file.ManagerServant INFO Master manager not found
2023-12-13 00:21:31,412 file.LocalServiceAdmin INFO All the local services are enabled.
2023-12-13 00:21:31,412 file.manager INFO Component type conf file: airphoto_get.conf loaded.
2023-12-13 00:21:31,428 file.ec_base INFO setRate(1000000.000000) done
2023-12-13 00:21:31,428 file.ec_base INFO setRate(1000.000000) done
2023-12-13 00:21:31,428 file.rtobject INFO 1 execution context was created.
2023-12-13 00:21:31,428 file.rtobject INFO Initial active configuration set is default.
2023-12-13 00:21:45,543 file.ManagerServant INFO Master manager not found
2023-12-13 00:21:55,598 file.ManagerServant INFO Master manager not found
2023-12-13 00:22:05,663 file.ManagerServant INFO Master manager not found
2023-12-13 00:22:15,697 file.ManagerServant INFO Master manager not found
2023-12-13 00:22:25,736 file.ManagerServant INFO Master manager not found
2023-12-13 00:22:35,792 file.ManagerServant INFO Master manager not found
2023-12-13 00:22:38,193 file.SdoServiceAdmin WARNING No available SDO service in the factory: 
2023-12-13 00:22:38,193 file.SdoServiceAdmin ERROR type  not exists.
2023-12-13 00:22:45,875 file.ManagerServant INFO Master manager not found
2023-12-13 00:22:55,921 file.ManagerServant INFO Master manager not found
2023-12-13 00:23:05,975 file.ManagerServant INFO Master manager not found
2023-12-13 00:23:16,021 file.ManagerServant INFO Master manager not found
2023-12-13 00:23:26,093 file.ManagerServant INFO Master manager not found
2023-12-13 00:23:31,224 file.SdoServiceAdmin WARNING No available SDO service in the factory: 
2023-12-13 00:23:31,224 file.SdoServiceAdmin ERROR type  not exists.
