2023-12-12 23:45:34,609 file.manager INFO 2.0.1
2023-12-12 23:45:34,609 file.manager INFO Copyright (C) 2003-2022, Noriaki Ando and OpenRTM development team,
2023-12-12 23:45:34,609 file.manager INFO   Intelligent Systems Research Institute, AIST,
2023-12-12 23:45:34,609 file.manager INFO Copyright (C) 2022, Noriaki Ando and OpenRTM development team,
2023-12-12 23:45:34,609 file.manager INFO   Industrial Cyber-Physical Research Center, AIST,
2023-12-12 23:45:34,609 file.manager INFO   All right reserved.
2023-12-12 23:45:34,609 file.manager INFO Manager starting.
2023-12-12 23:45:34,609 file.manager INFO Starting local logging.
2023-12-12 23:45:34,609 file.manager.namingmanager INFO NameServer connection succeeded: corba/localhost
2023-12-12 23:45:38,665 file.ManagerServant INFO Master manager not found
2023-12-12 23:45:38,665 file.LocalServiceAdmin INFO All the local services are enabled.
2023-12-12 23:45:38,680 file.manager INFO Component type conf file: airphoto_get.conf loaded.
2023-12-12 23:45:38,680 file.ec_base INFO setRate(1000000.000000) done
2023-12-12 23:45:38,680 file.ec_base INFO setRate(1000.000000) done
2023-12-12 23:45:38,680 file.rtobject INFO 1 execution context was created.
2023-12-12 23:45:38,680 file.rtobject INFO Initial active configuration set is default.
2023-12-12 23:45:52,804 file.ManagerServant INFO Master manager not found
2023-12-12 23:46:02,875 file.ManagerServant INFO Master manager not found
2023-12-12 23:46:12,938 file.ManagerServant INFO Master manager not found
2023-12-12 23:46:22,987 file.ManagerServant INFO Master manager not found
2023-12-12 23:46:33,069 file.ManagerServant INFO Master manager not found
2023-12-12 23:46:43,133 file.ManagerServant INFO Master manager not found
2023-12-12 23:46:53,139 file.ManagerServant INFO Master manager not found
2023-12-12 23:47:03,182 file.ManagerServant INFO Master manager not found
2023-12-12 23:47:13,208 file.ManagerServant INFO Master manager not found
2023-12-12 23:47:23,219 file.ManagerServant INFO Master manager not found
2023-12-12 23:47:33,233 file.ManagerServant INFO Master manager not found
2023-12-12 23:47:43,369 file.ManagerServant INFO Master manager not found
2023-12-12 23:47:53,349 file.ManagerServant INFO Master manager not found
2023-12-12 23:48:03,442 file.ManagerServant INFO Master manager not found
2023-12-12 23:48:13,473 file.ManagerServant INFO Master manager not found
2023-12-12 23:48:23,493 file.ManagerServant INFO Master manager not found
2023-12-12 23:48:33,545 file.ManagerServant INFO Master manager not found
2023-12-12 23:48:43,637 file.ManagerServant INFO Master manager not found
2023-12-12 23:48:53,683 file.ManagerServant INFO Master manager not found
2023-12-12 23:49:03,716 file.ManagerServant INFO Master manager not found
2023-12-12 23:49:13,758 file.ManagerServant INFO Master manager not found
2023-12-12 23:49:23,829 file.ManagerServant INFO Master manager not found
2023-12-12 23:49:33,870 file.ManagerServant INFO Master manager not found
2023-12-12 23:49:43,891 file.ManagerServant INFO Master manager not found
2023-12-12 23:49:53,915 file.ManagerServant INFO Master manager not found
2023-12-12 23:50:03,927 file.ManagerServant INFO Master manager not found
2023-12-12 23:50:13,973 file.ManagerServant INFO Master manager not found
2023-12-12 23:50:24,006 file.ManagerServant INFO Master manager not found
2023-12-12 23:50:34,142 file.ManagerServant INFO Master manager not found
2023-12-12 23:50:44,153 file.ManagerServant INFO Master manager not found
2023-12-12 23:50:54,214 file.ManagerServant INFO Master manager not found
2023-12-12 23:51:04,210 file.ManagerServant INFO Master manager not found
2023-12-12 23:51:14,317 file.ManagerServant INFO Master manager not found
2023-12-12 23:51:24,394 file.ManagerServant INFO Master manager not found
2023-12-12 23:51:34,420 file.ManagerServant INFO Master manager not found
2023-12-12 23:51:44,533 file.ManagerServant INFO Master manager not found
2023-12-12 23:51:54,568 file.ManagerServant INFO Master manager not found
2023-12-12 23:52:04,614 file.ManagerServant INFO Master manager not found
2023-12-12 23:52:14,621 file.ManagerServant INFO Master manager not found
2023-12-12 23:52:24,696 file.ManagerServant INFO Master manager not found
2023-12-12 23:52:34,777 file.ManagerServant INFO Master manager not found
2023-12-12 23:52:44,832 file.ManagerServant INFO Master manager not found
2023-12-12 23:52:54,828 file.ManagerServant INFO Master manager not found
