2023-12-13 00:59:11,069 file.manager INFO 2.0.1
2023-12-13 00:59:11,069 file.manager INFO Copyright (C) 2003-2022, Noriaki Ando and OpenRTM development team,
2023-12-13 00:59:11,069 file.manager INFO   Intelligent Systems Research Institute, AIST,
2023-12-13 00:59:11,069 file.manager INFO Copyright (C) 2022, Noriaki Ando and OpenRTM development team,
2023-12-13 00:59:11,069 file.manager INFO   Industrial Cyber-Physical Research Center, AIST,
2023-12-13 00:59:11,069 file.manager INFO   All right reserved.
2023-12-13 00:59:11,069 file.manager INFO Manager starting.
2023-12-13 00:59:11,069 file.manager INFO Starting local logging.
2023-12-13 00:59:11,069 file.manager.namingmanager INFO NameServer connection succeeded: corba/localhost
2023-12-13 00:59:15,145 file.ManagerServant INFO Master manager not found
2023-12-13 00:59:15,145 file.LocalServiceAdmin INFO All the local services are enabled.
2023-12-13 00:59:15,161 file.manager INFO Component type conf file: airphoto_get.conf loaded.
2023-12-13 00:59:15,161 file.ec_base INFO setRate(1000000.000000) done
2023-12-13 00:59:15,161 file.ec_base INFO setRate(1000.000000) done
2023-12-13 00:59:15,161 file.rtobject INFO 1 execution context was created.
2023-12-13 00:59:15,161 file.rtobject INFO Initial active configuration set is default.
2023-12-13 00:59:29,308 file.ManagerServant INFO Master manager not found
2023-12-13 00:59:39,400 file.ManagerServant INFO Master manager not found
2023-12-13 00:59:49,473 file.ManagerServant INFO Master manager not found
2023-12-13 00:59:59,575 file.ManagerServant INFO Master manager not found
2023-12-13 01:00:09,659 file.ManagerServant INFO Master manager not found
2023-12-13 01:00:19,732 file.ManagerServant INFO Master manager not found
2023-12-13 01:00:29,806 file.ManagerServant INFO Master manager not found
2023-12-13 01:00:39,872 file.ManagerServant INFO Master manager not found
2023-12-13 01:00:49,890 file.ManagerServant INFO Master manager not found
2023-12-13 01:00:59,896 file.ManagerServant INFO Master manager not found
2023-12-13 01:01:09,949 file.ManagerServant INFO Master manager not found
2023-12-13 01:01:19,970 file.ManagerServant INFO Master manager not found
2023-12-13 01:01:30,016 file.ManagerServant INFO Master manager not found
2023-12-13 01:01:40,078 file.ManagerServant INFO Master manager not found
2023-12-13 01:01:50,104 file.ManagerServant INFO Master manager not found
2023-12-13 01:02:00,172 file.ManagerServant INFO Master manager not found
2023-12-13 01:02:10,177 file.ManagerServant INFO Master manager not found
