2023-10-24 16:07:49,062 file.manager INFO 2.0.1
2023-10-24 16:07:49,062 file.manager INFO Copyright (C) 2003-2022, Noriaki Ando and OpenRTM development team,
2023-10-24 16:07:49,062 file.manager INFO   Intelligent Systems Research Institute, AIST,
2023-10-24 16:07:49,062 file.manager INFO Copyright (C) 2022, Noriaki Ando and OpenRTM development team,
2023-10-24 16:07:49,062 file.manager INFO   Industrial Cyber-Physical Research Center, AIST,
2023-10-24 16:07:49,062 file.manager INFO   All right reserved.
2023-10-24 16:07:49,062 file.manager INFO Manager starting.
2023-10-24 16:07:49,062 file.manager INFO Starting local logging.
2023-10-24 16:07:49,077 file.manager.namingmanager INFO NameServer connection succeeded: corba/localhost
2023-10-24 16:07:53,165 file.ManagerServant INFO Master manager not found
2023-10-24 16:07:53,165 file.LocalServiceAdmin INFO All the local services are enabled.
2023-10-24 16:07:53,181 file.manager INFO Component type conf file: airphoto_get.conf loaded.
2023-10-24 16:07:53,181 file.ec_base INFO setRate(1000000.000000) done
2023-10-24 16:07:53,181 file.ec_base INFO setRate(1000.000000) done
2023-10-24 16:07:53,181 file.rtobject INFO 1 execution context was created.
2023-10-24 16:07:53,181 file.rtobject INFO Initial active configuration set is default.
2023-10-24 16:08:07,373 file.ManagerServant INFO Master manager not found
2023-10-24 16:08:17,349 file.ManagerServant INFO Master manager not found
2023-10-24 16:08:27,350 file.ManagerServant INFO Master manager not found
2023-10-24 16:08:37,413 file.ManagerServant INFO Master manager not found
2023-10-24 16:08:47,518 file.ManagerServant INFO Master manager not found
2023-10-24 16:08:57,546 file.ManagerServant INFO Master manager not found
2023-10-24 16:09:07,608 file.ManagerServant INFO Master manager not found
2023-10-24 16:09:17,637 file.ManagerServant INFO Master manager not found
2023-10-24 16:09:27,726 file.ManagerServant INFO Master manager not found
2023-10-24 16:09:29,513 file.SdoServiceAdmin WARNING No available SDO service in the factory: 
2023-10-24 16:09:29,514 file.SdoServiceAdmin ERROR type  not exists.
2023-10-24 16:09:37,777 file.ManagerServant INFO Master manager not found
2023-10-24 16:09:47,835 file.ManagerServant INFO Master manager not found
2023-10-24 16:09:57,891 file.ManagerServant INFO Master manager not found
2023-10-24 16:10:07,931 file.ManagerServant INFO Master manager not found
2023-10-24 16:10:17,967 file.ManagerServant INFO Master manager not found
2023-10-24 16:10:28,040 file.ManagerServant INFO Master manager not found
2023-10-24 16:10:38,089 file.ManagerServant INFO Master manager not found
2023-10-24 16:10:48,139 file.ManagerServant INFO Master manager not found
2023-10-24 16:10:58,231 file.ManagerServant INFO Master manager not found
2023-10-24 16:11:08,274 file.ManagerServant INFO Master manager not found
2023-10-24 16:11:18,324 file.ManagerServant INFO Master manager not found
2023-10-24 16:11:28,350 file.ManagerServant INFO Master manager not found
2023-10-24 16:11:38,391 file.ManagerServant INFO Master manager not found
2023-10-24 16:11:48,475 file.ManagerServant INFO Master manager not found
2023-10-24 16:11:58,534 file.ManagerServant INFO Master manager not found
2023-10-24 16:12:08,622 file.ManagerServant INFO Master manager not found
2023-10-24 16:12:18,780 file.ManagerServant INFO Master manager not found
2023-10-24 16:12:28,757 file.ManagerServant INFO Master manager not found
2023-10-24 16:12:38,880 file.ManagerServant INFO Master manager not found
