2023-11-25 13:47:47,253 file.manager INFO 2.0.1
2023-11-25 13:47:47,253 file.manager INFO Copyright (C) 2003-2022, Noriaki Ando and OpenRTM development team,
2023-11-25 13:47:47,253 file.manager INFO   Intelligent Systems Research Institute, AIST,
2023-11-25 13:47:47,253 file.manager INFO Copyright (C) 2022, Noriaki Ando and OpenRTM development team,
2023-11-25 13:47:47,253 file.manager INFO   Industrial Cyber-Physical Research Center, AIST,
2023-11-25 13:47:47,253 file.manager INFO   All right reserved.
2023-11-25 13:47:47,253 file.manager INFO Manager starting.
2023-11-25 13:47:47,253 file.manager INFO Starting local logging.
2023-11-25 13:47:47,253 file.manager.namingmanager INFO NameServer connection succeeded: corba/localhost
2023-11-25 13:47:51,340 file.ManagerServant INFO Master manager not found
2023-11-25 13:47:51,340 file.LocalServiceAdmin INFO All the local services are enabled.
2023-11-25 13:47:51,355 file.manager INFO Component type conf file: airphoto_get.conf loaded.
2023-11-25 13:47:51,355 file.ec_base INFO setRate(1000000.000000) done
2023-11-25 13:47:51,355 file.ec_base INFO setRate(1000.000000) done
2023-11-25 13:47:51,360 file.rtobject INFO 1 execution context was created.
2023-11-25 13:47:51,360 file.rtobject INFO Initial active configuration set is default.
2023-11-25 13:47:59,281 file.SdoServiceAdmin WARNING No available SDO service in the factory: 
2023-11-25 13:47:59,281 file.SdoServiceAdmin ERROR type  not exists.
2023-11-25 13:48:05,461 file.ManagerServant INFO Master manager not found
2023-11-25 13:48:15,515 file.ManagerServant INFO Master manager not found
2023-11-25 13:48:25,577 file.ManagerServant INFO Master manager not found
2023-11-25 13:48:35,652 file.ManagerServant INFO Master manager not found
2023-11-25 13:48:45,710 file.ManagerServant INFO Master manager not found
2023-11-25 13:48:55,722 file.ManagerServant INFO Master manager not found
2023-11-25 13:49:05,806 file.ManagerServant INFO Master manager not found
2023-11-25 13:49:15,809 file.ManagerServant INFO Master manager not found
2023-11-25 13:49:25,912 file.ManagerServant INFO Master manager not found
2023-11-25 13:49:35,941 file.ManagerServant INFO Master manager not found
2023-11-25 13:49:45,949 file.ManagerServant INFO Master manager not found
2023-11-25 13:49:55,987 file.ManagerServant INFO Master manager not found
2023-11-25 13:50:05,977 file.ManagerServant INFO Master manager not found
2023-11-25 13:50:16,082 file.ManagerServant INFO Master manager not found
2023-11-25 13:50:26,179 file.ManagerServant INFO Master manager not found
2023-11-25 13:50:36,195 file.ManagerServant INFO Master manager not found
2023-11-25 13:50:46,208 file.ManagerServant INFO Master manager not found
2023-11-25 13:50:56,311 file.ManagerServant INFO Master manager not found
2023-11-25 13:51:06,310 file.ManagerServant INFO Master manager not found
2023-11-25 13:51:16,325 file.ManagerServant INFO Master manager not found
2023-11-25 13:51:26,342 file.ManagerServant INFO Master manager not found
2023-11-25 13:51:36,342 file.ManagerServant INFO Master manager not found
2023-11-25 13:51:46,446 file.ManagerServant INFO Master manager not found
2023-11-25 13:51:56,515 file.ManagerServant INFO Master manager not found
2023-11-25 13:52:06,672 file.ManagerServant INFO Master manager not found
2023-11-25 13:52:16,678 file.ManagerServant INFO Master manager not found
2023-11-25 13:52:26,721 file.ManagerServant INFO Master manager not found
2023-11-25 13:52:36,712 file.ManagerServant INFO Master manager not found
2023-11-25 13:52:46,792 file.ManagerServant INFO Master manager not found
2023-11-25 13:52:56,932 file.ManagerServant INFO Master manager not found
2023-11-25 13:53:06,946 file.ManagerServant INFO Master manager not found
2023-11-25 13:53:16,940 file.ManagerServant INFO Master manager not found
2023-11-25 13:53:26,966 file.ManagerServant INFO Master manager not found
2023-11-25 13:53:36,956 file.ManagerServant INFO Master manager not found
2023-11-25 13:53:46,992 file.ManagerServant INFO Master manager not found
2023-11-25 13:53:57,022 file.ManagerServant INFO Master manager not found
2023-11-25 13:54:07,061 file.ManagerServant INFO Master manager not found
2023-11-25 13:54:17,090 file.ManagerServant INFO Master manager not found
2023-11-25 13:54:27,104 file.ManagerServant INFO Master manager not found
2023-11-25 13:54:37,134 file.ManagerServant INFO Master manager not found
2023-11-25 13:54:47,149 file.ManagerServant INFO Master manager not found
2023-11-25 13:54:57,243 file.ManagerServant INFO Master manager not found
2023-11-25 13:55:07,283 file.ManagerServant INFO Master manager not found
2023-11-25 13:55:17,395 file.ManagerServant INFO Master manager not found
2023-11-25 13:55:27,426 file.ManagerServant INFO Master manager not found
2023-11-25 13:55:37,447 file.ManagerServant INFO Master manager not found
2023-11-25 13:55:47,486 file.ManagerServant INFO Master manager not found
2023-11-25 13:55:57,504 file.ManagerServant INFO Master manager not found
2023-11-25 13:56:07,484 file.ManagerServant INFO Master manager not found
2023-11-25 13:56:17,595 file.ManagerServant INFO Master manager not found
2023-11-25 13:56:27,606 file.ManagerServant INFO Master manager not found
2023-11-25 13:56:37,599 file.ManagerServant INFO Master manager not found
2023-11-25 13:56:47,618 file.ManagerServant INFO Master manager not found
2023-11-25 13:56:57,619 file.ManagerServant INFO Master manager not found
2023-11-25 13:57:07,687 file.ManagerServant INFO Master manager not found
2023-11-25 13:57:17,785 file.ManagerServant INFO Master manager not found
2023-11-25 13:57:27,806 file.ManagerServant INFO Master manager not found
2023-11-25 13:57:37,849 file.ManagerServant INFO Master manager not found
2023-11-25 13:57:47,883 file.ManagerServant INFO Master manager not found
2023-11-25 13:57:57,878 file.ManagerServant INFO Master manager not found
2023-11-25 13:58:08,018 file.ManagerServant INFO Master manager not found
2023-11-25 13:58:18,047 file.ManagerServant INFO Master manager not found
2023-11-25 13:58:28,074 file.ManagerServant INFO Master manager not found
2023-11-25 13:58:38,055 file.ManagerServant INFO Master manager not found
2023-11-25 13:58:48,180 file.ManagerServant INFO Master manager not found
2023-11-25 13:58:58,163 file.ManagerServant INFO Master manager not found
2023-11-25 13:59:08,154 file.ManagerServant INFO Master manager not found
2023-11-25 13:59:18,246 file.ManagerServant INFO Master manager not found
2023-11-25 13:59:28,295 file.ManagerServant INFO Master manager not found
2023-11-25 13:59:38,294 file.ManagerServant INFO Master manager not found
2023-11-25 13:59:48,428 file.ManagerServant INFO Master manager not found
2023-11-25 13:59:58,445 file.ManagerServant INFO Master manager not found
2023-11-25 14:00:08,492 file.ManagerServant INFO Master manager not found
2023-11-25 14:00:18,539 file.ManagerServant INFO Master manager not found
2023-11-25 14:00:28,535 file.ManagerServant INFO Master manager not found
2023-11-25 14:00:38,583 file.ManagerServant INFO Master manager not found
2023-11-25 14:00:48,586 file.ManagerServant INFO Master manager not found
2023-11-25 14:00:58,681 file.ManagerServant INFO Master manager not found
2023-11-25 14:01:08,701 file.ManagerServant INFO Master manager not found
2023-11-25 14:01:18,742 file.ManagerServant INFO Master manager not found
2023-11-25 14:01:28,763 file.ManagerServant INFO Master manager not found
2023-11-25 14:01:38,772 file.ManagerServant INFO Master manager not found
2023-11-25 14:01:48,872 file.ManagerServant INFO Master manager not found
2023-11-25 14:01:58,904 file.ManagerServant INFO Master manager not found
2023-11-25 14:02:08,943 file.ManagerServant INFO Master manager not found
2023-11-25 14:02:18,929 file.ManagerServant INFO Master manager not found
2023-11-25 14:02:29,053 file.ManagerServant INFO Master manager not found
2023-11-25 14:02:39,046 file.ManagerServant INFO Master manager not found
2023-11-25 14:02:49,060 file.ManagerServant INFO Master manager not found
2023-11-25 14:02:59,141 file.ManagerServant INFO Master manager not found
2023-11-25 14:03:09,190 file.ManagerServant INFO Master manager not found
2023-11-25 14:03:19,199 file.ManagerServant INFO Master manager not found
2023-11-25 14:03:29,237 file.ManagerServant INFO Master manager not found
2023-11-25 14:03:39,259 file.ManagerServant INFO Master manager not found
2023-11-25 14:03:44,386 file.ec_worker ERROR State of the RTC is not INACTIVE_STATE.
2023-11-25 14:03:49,253 file.ManagerServant INFO Master manager not found
