2023-12-12 12:59:52,147 file.manager INFO 2.0.1
2023-12-12 12:59:52,147 file.manager INFO Copyright (C) 2003-2022, Noriaki Ando and OpenRTM development team,
2023-12-12 12:59:52,147 file.manager INFO   Intelligent Systems Research Institute, AIST,
2023-12-12 12:59:52,147 file.manager INFO Copyright (C) 2022, Noriaki Ando and OpenRTM development team,
2023-12-12 12:59:52,147 file.manager INFO   Industrial Cyber-Physical Research Center, AIST,
2023-12-12 12:59:52,147 file.manager INFO   All right reserved.
2023-12-12 12:59:52,147 file.manager INFO Manager starting.
2023-12-12 12:59:52,147 file.manager INFO Starting local logging.
2023-12-12 12:59:52,147 file.manager.namingmanager INFO NameServer connection succeeded: corba/localhost
2023-12-12 12:59:56,230 file.ManagerServant INFO Master manager not found
2023-12-12 12:59:56,230 file.LocalServiceAdmin INFO All the local services are enabled.
2023-12-12 12:59:56,230 file.manager INFO Component type conf file: airphoto_get.conf loaded.
2023-12-12 12:59:56,245 file.ec_base INFO setRate(1000000.000000) done
2023-12-12 12:59:56,245 file.ec_base INFO setRate(1000.000000) done
2023-12-12 12:59:56,245 file.rtobject INFO 1 execution context was created.
2023-12-12 12:59:56,245 file.rtobject INFO Initial active configuration set is default.
2023-12-12 13:00:07,914 file.ec_worker ERROR State of the RTC is not ACTIVE_STATE.
2023-12-12 13:00:10,377 file.ManagerServant INFO Master manager not found
2023-12-12 13:00:20,395 file.ManagerServant INFO Master manager not found
2023-12-12 13:00:30,420 file.ManagerServant INFO Master manager not found
2023-12-12 13:00:40,508 file.ManagerServant INFO Master manager not found
2023-12-12 13:00:50,475 file.ManagerServant INFO Master manager not found
2023-12-12 13:01:00,577 file.ManagerServant INFO Master manager not found
2023-12-12 13:01:10,628 file.ManagerServant INFO Master manager not found
2023-12-12 13:01:20,640 file.ManagerServant INFO Master manager not found
2023-12-12 13:01:30,672 file.ManagerServant INFO Master manager not found
2023-12-12 13:01:40,681 file.ManagerServant INFO Master manager not found
2023-12-12 13:01:50,681 file.ManagerServant INFO Master manager not found
2023-12-12 13:02:00,687 file.ManagerServant INFO Master manager not found
2023-12-12 13:02:10,676 file.ManagerServant INFO Master manager not found
2023-12-12 13:02:20,805 file.ManagerServant INFO Master manager not found
2023-12-12 13:02:26,808 file.SdoServiceAdmin WARNING No available SDO service in the factory: 
2023-12-12 13:02:26,808 file.SdoServiceAdmin ERROR type  not exists.
2023-12-12 13:02:30,821 file.ManagerServant INFO Master manager not found
