2023-12-12 15:16:36,695 file.manager INFO 2.0.1
2023-12-12 15:16:36,695 file.manager INFO Copyright (C) 2003-2022, Noriaki Ando and OpenRTM development team,
2023-12-12 15:16:36,695 file.manager INFO   Intelligent Systems Research Institute, AIST,
2023-12-12 15:16:36,695 file.manager INFO Copyright (C) 2022, Noriaki Ando and OpenRTM development team,
2023-12-12 15:16:36,695 file.manager INFO   Industrial Cyber-Physical Research Center, AIST,
2023-12-12 15:16:36,695 file.manager INFO   All right reserved.
2023-12-12 15:16:36,695 file.manager INFO Manager starting.
2023-12-12 15:16:36,695 file.manager INFO Starting local logging.
2023-12-12 15:16:36,695 file.manager.namingmanager INFO NameServer connection succeeded: corba/localhost
2023-12-12 15:16:40,764 file.ManagerServant INFO Master manager not found
2023-12-12 15:16:40,764 file.LocalServiceAdmin INFO All the local services are enabled.
2023-12-12 15:16:40,776 file.manager INFO Component type conf file: airphoto_get.conf loaded.
2023-12-12 15:16:40,776 file.ec_base INFO setRate(1000000.000000) done
2023-12-12 15:16:40,776 file.ec_base INFO setRate(1000.000000) done
2023-12-12 15:16:40,776 file.rtobject INFO 1 execution context was created.
2023-12-12 15:16:40,776 file.rtobject INFO Initial active configuration set is default.
2023-12-12 15:16:54,990 file.ManagerServant INFO Master manager not found
2023-12-12 15:17:04,956 file.ManagerServant INFO Master manager not found
2023-12-12 15:17:05,872 file.SdoServiceAdmin WARNING No available SDO service in the factory: 
2023-12-12 15:17:05,872 file.SdoServiceAdmin ERROR type  not exists.
2023-12-12 15:17:15,020 file.ManagerServant INFO Master manager not found
2023-12-12 15:17:25,083 file.ManagerServant INFO Master manager not found
2023-12-12 15:17:35,092 file.ManagerServant INFO Master manager not found
2023-12-12 15:17:45,158 file.ManagerServant INFO Master manager not found
2023-12-12 15:17:55,252 file.ManagerServant INFO Master manager not found
