2023-11-09 16:29:28,378 file.manager INFO 2.0.1
2023-11-09 16:29:28,378 file.manager INFO Copyright (C) 2003-2022, Noriaki Ando and OpenRTM development team,
2023-11-09 16:29:28,378 file.manager INFO   Intelligent Systems Research Institute, AIST,
2023-11-09 16:29:28,378 file.manager INFO Copyright (C) 2022, Noriaki Ando and OpenRTM development team,
2023-11-09 16:29:28,378 file.manager INFO   Industrial Cyber-Physical Research Center, AIST,
2023-11-09 16:29:28,378 file.manager INFO   All right reserved.
2023-11-09 16:29:28,378 file.manager INFO Manager starting.
2023-11-09 16:29:28,378 file.manager INFO Starting local logging.
2023-11-09 16:29:28,378 file.manager.namingmanager INFO NameServer connection succeeded: corba/localhost
2023-11-09 16:29:32,472 file.ManagerServant INFO Master manager not found
2023-11-09 16:29:32,488 file.LocalServiceAdmin INFO All the local services are enabled.
2023-11-09 16:29:32,488 file.manager INFO Component type conf file: airphoto_get.conf loaded.
2023-11-09 16:29:32,504 file.ec_base INFO setRate(1000000.000000) done
2023-11-09 16:29:32,504 file.ec_base INFO setRate(1000.000000) done
2023-11-09 16:29:32,504 file.rtobject INFO 1 execution context was created.
2023-11-09 16:29:32,504 file.rtobject INFO Initial active configuration set is default.
2023-11-09 16:29:46,678 file.ManagerServant INFO Master manager not found
2023-11-09 16:29:53,663 file.SdoServiceAdmin WARNING No available SDO service in the factory: 
2023-11-09 16:29:53,663 file.SdoServiceAdmin ERROR type  not exists.
2023-11-09 16:29:56,735 file.ManagerServant INFO Master manager not found
2023-11-09 16:30:06,781 file.ManagerServant INFO Master manager not found
2023-11-09 16:30:16,780 file.ManagerServant INFO Master manager not found
2023-11-09 16:30:26,821 file.ManagerServant INFO Master manager not found
2023-11-09 16:30:36,841 file.ManagerServant INFO Master manager not found
2023-11-09 16:30:46,890 file.ManagerServant INFO Master manager not found
2023-11-09 16:30:56,920 file.ManagerServant INFO Master manager not found
