2023-12-10 20:59:32,304 file.manager INFO 2.0.1
2023-12-10 20:59:32,304 file.manager INFO Copyright (C) 2003-2022, Noriaki Ando and OpenRTM development team,
2023-12-10 20:59:32,304 file.manager INFO   Intelligent Systems Research Institute, AIST,
2023-12-10 20:59:32,304 file.manager INFO Copyright (C) 2022, Noriaki Ando and OpenRTM development team,
2023-12-10 20:59:32,304 file.manager INFO   Industrial Cyber-Physical Research Center, AIST,
2023-12-10 20:59:32,304 file.manager INFO   All right reserved.
2023-12-10 20:59:32,304 file.manager INFO Manager starting.
2023-12-10 20:59:32,304 file.manager INFO Starting local logging.
2023-12-10 20:59:32,304 file.manager.namingmanager INFO NameServer connection succeeded: corba/localhost
2023-12-10 20:59:36,380 file.ManagerServant INFO Master manager not found
2023-12-10 20:59:36,380 file.LocalServiceAdmin INFO All the local services are enabled.
2023-12-10 20:59:36,380 file.manager INFO Component type conf file: airphoto_get.conf loaded.
2023-12-10 20:59:36,380 file.ec_base INFO setRate(1000000.000000) done
2023-12-10 20:59:36,380 file.ec_base INFO setRate(1000.000000) done
2023-12-10 20:59:36,380 file.rtobject INFO 1 execution context was created.
2023-12-10 20:59:36,396 file.rtobject INFO Initial active configuration set is default.
2023-12-10 20:59:48,915 file.SdoServiceAdmin WARNING No available SDO service in the factory: 
2023-12-10 20:59:48,915 file.SdoServiceAdmin ERROR type  not exists.
2023-12-10 20:59:50,488 file.ManagerServant INFO Master manager not found
2023-12-10 21:00:00,560 file.ManagerServant INFO Master manager not found
2023-12-10 21:00:10,636 file.ManagerServant INFO Master manager not found
2023-12-10 21:00:20,646 file.ManagerServant INFO Master manager not found
2023-12-10 21:00:30,683 file.ManagerServant INFO Master manager not found
2023-12-10 21:00:40,723 file.ManagerServant INFO Master manager not found
2023-12-10 21:00:50,759 file.ManagerServant INFO Master manager not found
2023-12-10 21:01:00,779 file.ManagerServant INFO Master manager not found
