2023-12-13 00:39:48,427 file.manager INFO 2.0.1
2023-12-13 00:39:48,427 file.manager INFO Copyright (C) 2003-2022, Noriaki Ando and OpenRTM development team,
2023-12-13 00:39:48,427 file.manager INFO   Intelligent Systems Research Institute, AIST,
2023-12-13 00:39:48,427 file.manager INFO Copyright (C) 2022, Noriaki Ando and OpenRTM development team,
2023-12-13 00:39:48,427 file.manager INFO   Industrial Cyber-Physical Research Center, AIST,
2023-12-13 00:39:48,427 file.manager INFO   All right reserved.
2023-12-13 00:39:48,427 file.manager INFO Manager starting.
2023-12-13 00:39:48,427 file.manager INFO Starting local logging.
2023-12-13 00:39:48,433 file.manager.namingmanager INFO NameServer connection succeeded: corba/localhost
2023-12-13 00:39:52,498 file.ManagerServant INFO Master manager not found
2023-12-13 00:39:52,507 file.LocalServiceAdmin INFO All the local services are enabled.
2023-12-13 00:39:52,507 file.manager INFO Component type conf file: airphoto_get.conf loaded.
2023-12-13 00:39:52,514 file.ec_base INFO setRate(1000000.000000) done
2023-12-13 00:39:52,514 file.ec_base INFO setRate(1000.000000) done
2023-12-13 00:39:52,514 file.rtobject INFO 1 execution context was created.
2023-12-13 00:39:52,514 file.rtobject INFO Initial active configuration set is default.
2023-12-13 00:40:06,638 file.ManagerServant INFO Master manager not found
2023-12-13 00:40:16,685 file.ManagerServant INFO Master manager not found
2023-12-13 00:40:24,790 file.SdoServiceAdmin WARNING No available SDO service in the factory: 
2023-12-13 00:40:24,790 file.SdoServiceAdmin ERROR type  not exists.
2023-12-13 00:40:26,764 file.ManagerServant INFO Master manager not found
2023-12-13 00:40:36,799 file.ManagerServant INFO Master manager not found
2023-12-13 00:40:46,840 file.ManagerServant INFO Master manager not found
2023-12-13 00:40:56,889 file.ManagerServant INFO Master manager not found
2023-12-13 00:41:06,957 file.ManagerServant INFO Master manager not found
2023-12-13 00:41:17,036 file.ManagerServant INFO Master manager not found
2023-12-13 00:41:27,102 file.ManagerServant INFO Master manager not found
2023-12-13 00:41:37,154 file.ManagerServant INFO Master manager not found
2023-12-13 00:41:47,207 file.ManagerServant INFO Master manager not found
