2023-12-13 01:49:31,094 file.manager INFO 2.0.1
2023-12-13 01:49:31,094 file.manager INFO Copyright (C) 2003-2022, Noriaki Ando and OpenRTM development team,
2023-12-13 01:49:31,094 file.manager INFO   Intelligent Systems Research Institute, AIST,
2023-12-13 01:49:31,094 file.manager INFO Copyright (C) 2022, Noriaki Ando and OpenRTM development team,
2023-12-13 01:49:31,094 file.manager INFO   Industrial Cyber-Physical Research Center, AIST,
2023-12-13 01:49:31,094 file.manager INFO   All right reserved.
2023-12-13 01:49:31,094 file.manager INFO Manager starting.
2023-12-13 01:49:31,094 file.manager INFO Starting local logging.
2023-12-13 01:49:31,094 file.manager.namingmanager INFO NameServer connection succeeded: corba/localhost
2023-12-13 01:49:35,170 file.ManagerServant INFO Master manager not found
2023-12-13 01:49:35,170 file.LocalServiceAdmin INFO All the local services are enabled.
2023-12-13 01:49:35,170 file.manager INFO Component type conf file: airphoto_get.conf loaded.
2023-12-13 01:49:35,187 file.ec_base INFO setRate(1000000.000000) done
2023-12-13 01:49:35,187 file.ec_base INFO setRate(1000.000000) done
2023-12-13 01:49:35,187 file.rtobject INFO 1 execution context was created.
2023-12-13 01:49:35,187 file.rtobject INFO Initial active configuration set is default.
2023-12-13 01:49:49,329 file.ManagerServant INFO Master manager not found
2023-12-13 01:49:59,433 file.ManagerServant INFO Master manager not found
2023-12-13 01:50:09,477 file.ManagerServant INFO Master manager not found
2023-12-13 01:50:19,601 file.ManagerServant INFO Master manager not found
2023-12-13 01:50:29,635 file.ManagerServant INFO Master manager not found
2023-12-13 01:50:39,606 file.ManagerServant INFO Master manager not found
2023-12-13 01:50:46,552 file.SdoServiceAdmin WARNING No available SDO service in the factory: 
2023-12-13 01:50:46,552 file.SdoServiceAdmin ERROR type  not exists.
2023-12-13 01:50:49,664 file.ManagerServant INFO Master manager not found
2023-12-13 01:50:59,730 file.ManagerServant INFO Master manager not found
2023-12-13 01:51:09,735 file.ManagerServant INFO Master manager not found
2023-12-13 01:51:19,804 file.ManagerServant INFO Master manager not found
2023-12-13 01:51:29,890 file.ManagerServant INFO Master manager not found
2023-12-13 01:51:39,971 file.ManagerServant INFO Master manager not found
2023-12-13 01:51:50,040 file.ManagerServant INFO Master manager not found
2023-12-13 01:52:00,090 file.ManagerServant INFO Master manager not found
2023-12-13 01:52:10,149 file.ManagerServant INFO Master manager not found
2023-12-13 01:52:20,200 file.ManagerServant INFO Master manager not found
2023-12-13 01:52:30,240 file.ManagerServant INFO Master manager not found
2023-12-13 01:52:40,262 file.ManagerServant INFO Master manager not found
2023-12-13 01:52:50,538 file.ManagerServant INFO Master manager not found
2023-12-13 01:53:00,579 file.ManagerServant INFO Master manager not found
2023-12-13 01:53:10,519 file.ManagerServant INFO Master manager not found
2023-12-13 01:53:20,463 file.ManagerServant INFO Master manager not found
