2023-11-11 14:57:52,934 file.manager INFO 2.0.1
2023-11-11 14:57:52,934 file.manager INFO Copyright (C) 2003-2022, Noriaki Ando and OpenRTM development team,
2023-11-11 14:57:52,934 file.manager INFO   Intelligent Systems Research Institute, AIST,
2023-11-11 14:57:52,934 file.manager INFO Copyright (C) 2022, Noriaki Ando and OpenRTM development team,
2023-11-11 14:57:52,934 file.manager INFO   Industrial Cyber-Physical Research Center, AIST,
2023-11-11 14:57:52,934 file.manager INFO   All right reserved.
2023-11-11 14:57:52,934 file.manager INFO Manager starting.
2023-11-11 14:57:52,934 file.manager INFO Starting local logging.
2023-11-11 14:57:52,950 file.manager.namingmanager INFO NameServer connection succeeded: corba/localhost
2023-11-11 14:57:57,049 file.ManagerServant INFO Master manager not found
2023-11-11 14:57:57,049 file.LocalServiceAdmin INFO All the local services are enabled.
2023-11-11 14:57:57,049 file.manager INFO Component type conf file: airphoto_get.conf loaded.
2023-11-11 14:57:57,049 file.ec_base INFO setRate(1000000.000000) done
2023-11-11 14:57:57,049 file.ec_base INFO setRate(1000.000000) done
2023-11-11 14:57:57,049 file.rtobject INFO 1 execution context was created.
2023-11-11 14:57:57,049 file.rtobject INFO Initial active configuration set is default.
2023-11-11 14:58:11,158 file.ManagerServant INFO Master manager not found
2023-11-11 14:58:21,201 file.ManagerServant INFO Master manager not found
2023-11-11 14:58:31,259 file.ManagerServant INFO Master manager not found
2023-11-11 14:58:41,301 file.ManagerServant INFO Master manager not found
2023-11-11 14:58:51,284 file.ManagerServant INFO Master manager not found
2023-11-11 14:59:01,392 file.ManagerServant INFO Master manager not found
2023-11-11 14:59:11,401 file.ManagerServant INFO Master manager not found
2023-11-11 14:59:21,451 file.ManagerServant INFO Master manager not found
2023-11-11 14:59:31,502 file.ManagerServant INFO Master manager not found
2023-11-11 14:59:41,502 file.ManagerServant INFO Master manager not found
2023-11-11 14:59:51,575 file.ManagerServant INFO Master manager not found
2023-11-11 15:00:01,625 file.ManagerServant INFO Master manager not found
2023-11-11 15:00:11,726 file.ManagerServant INFO Master manager not found
2023-11-11 15:00:21,804 file.ManagerServant INFO Master manager not found
2023-11-11 15:00:31,820 file.ManagerServant INFO Master manager not found
2023-11-11 15:00:41,847 file.ManagerServant INFO Master manager not found
2023-11-11 15:00:51,871 file.ManagerServant INFO Master manager not found
2023-11-11 15:01:01,884 file.ManagerServant INFO Master manager not found
2023-11-11 15:01:11,957 file.ManagerServant INFO Master manager not found
2023-11-11 15:01:21,956 file.ManagerServant INFO Master manager not found
2023-11-11 15:01:31,988 file.ManagerServant INFO Master manager not found
2023-11-11 15:01:41,995 file.ManagerServant INFO Master manager not found
2023-11-11 15:01:52,000 file.ManagerServant INFO Master manager not found
2023-11-11 15:02:00,677 file.SdoServiceAdmin WARNING No available SDO service in the factory: 
2023-11-11 15:02:00,677 file.SdoServiceAdmin ERROR type  not exists.
2023-11-11 15:02:02,024 file.ManagerServant INFO Master manager not found
