2023-12-12 15:25:30,274 file.manager INFO 2.0.1
2023-12-12 15:25:30,274 file.manager INFO Copyright (C) 2003-2022, Noriaki Ando and OpenRTM development team,
2023-12-12 15:25:30,274 file.manager INFO   Intelligent Systems Research Institute, AIST,
2023-12-12 15:25:30,274 file.manager INFO Copyright (C) 2022, Noriaki Ando and OpenRTM development team,
2023-12-12 15:25:30,274 file.manager INFO   Industrial Cyber-Physical Research Center, AIST,
2023-12-12 15:25:30,274 file.manager INFO   All right reserved.
2023-12-12 15:25:30,274 file.manager INFO Manager starting.
2023-12-12 15:25:30,274 file.manager INFO Starting local logging.
2023-12-12 15:25:30,274 file.manager.namingmanager INFO NameServer connection succeeded: corba/localhost
2023-12-12 15:25:34,345 file.ManagerServant INFO Master manager not found
2023-12-12 15:25:34,345 file.LocalServiceAdmin INFO All the local services are enabled.
2023-12-12 15:25:34,345 file.manager INFO Component type conf file: airphoto_get.conf loaded.
2023-12-12 15:25:34,360 file.ec_base INFO setRate(1000000.000000) done
2023-12-12 15:25:34,360 file.ec_base INFO setRate(1000.000000) done
2023-12-12 15:25:34,360 file.rtobject INFO 1 execution context was created.
2023-12-12 15:25:34,376 file.rtobject INFO Initial active configuration set is default.
2023-12-12 15:25:48,479 file.ManagerServant INFO Master manager not found
2023-12-12 15:25:58,567 file.ManagerServant INFO Master manager not found
2023-12-12 15:26:08,625 file.ManagerServant INFO Master manager not found
2023-12-12 15:26:15,450 file.SdoServiceAdmin WARNING No available SDO service in the factory: 
2023-12-12 15:26:15,450 file.SdoServiceAdmin ERROR type  not exists.
2023-12-12 15:26:18,665 file.ManagerServant INFO Master manager not found
2023-12-12 15:26:28,737 file.ManagerServant INFO Master manager not found
2023-12-12 15:26:38,794 file.ManagerServant INFO Master manager not found
2023-12-12 15:26:48,845 file.ManagerServant INFO Master manager not found
2023-12-12 15:26:58,863 file.ManagerServant INFO Master manager not found
2023-12-12 15:27:08,860 file.ManagerServant INFO Master manager not found
