2023-11-11 14:17:01,888 file.manager INFO 2.0.1
2023-11-11 14:17:01,888 file.manager INFO Copyright (C) 2003-2022, Noriaki Ando and OpenRTM development team,
2023-11-11 14:17:01,888 file.manager INFO   Intelligent Systems Research Institute, AIST,
2023-11-11 14:17:01,888 file.manager INFO Copyright (C) 2022, Noriaki Ando and OpenRTM development team,
2023-11-11 14:17:01,888 file.manager INFO   Industrial Cyber-Physical Research Center, AIST,
2023-11-11 14:17:01,888 file.manager INFO   All right reserved.
2023-11-11 14:17:01,888 file.manager INFO Manager starting.
2023-11-11 14:17:01,888 file.manager INFO Starting local logging.
2023-11-11 14:17:01,903 file.manager.namingmanager INFO NameServer connection succeeded: corba/localhost
2023-11-11 14:17:05,978 file.ManagerServant INFO Master manager not found
2023-11-11 14:17:05,978 file.LocalServiceAdmin INFO All the local services are enabled.
2023-11-11 14:17:06,025 file.manager INFO Component type conf file: airphoto_get.conf loaded.
2023-11-11 14:17:06,025 file.ec_base INFO setRate(1000000.000000) done
2023-11-11 14:17:06,025 file.ec_base INFO setRate(1000.000000) done
2023-11-11 14:17:06,025 file.rtobject INFO 1 execution context was created.
2023-11-11 14:17:06,025 file.rtobject INFO Initial active configuration set is default.
2023-11-11 14:17:20,145 file.ManagerServant INFO Master manager not found
2023-11-11 14:17:30,158 file.ManagerServant INFO Master manager not found
2023-11-11 14:17:40,163 file.ManagerServant INFO Master manager not found
2023-11-11 14:17:50,206 file.ManagerServant INFO Master manager not found
2023-11-11 14:18:00,282 file.ManagerServant INFO Master manager not found
2023-11-11 14:18:10,420 file.ManagerServant INFO Master manager not found
