2023-12-12 17:19:38,277 file.manager INFO 2.0.1
2023-12-12 17:19:38,277 file.manager INFO Copyright (C) 2003-2022, Noriaki Ando and OpenRTM development team,
2023-12-12 17:19:38,277 file.manager INFO   Intelligent Systems Research Institute, AIST,
2023-12-12 17:19:38,277 file.manager INFO Copyright (C) 2022, Noriaki Ando and OpenRTM development team,
2023-12-12 17:19:38,277 file.manager INFO   Industrial Cyber-Physical Research Center, AIST,
2023-12-12 17:19:38,277 file.manager INFO   All right reserved.
2023-12-12 17:19:38,277 file.manager INFO Manager starting.
2023-12-12 17:19:38,277 file.manager INFO Starting local logging.
2023-12-12 17:19:42,358 file.manager.namingmanager INFO NameServer connection failed: corba/localhost
2023-12-12 17:19:46,440 file.ManagerServant INFO Master manager not found
2023-12-12 17:19:46,440 file.LocalServiceAdmin INFO All the local services are enabled.
2023-12-12 17:19:46,457 file.manager INFO Component type conf file: airphoto_get.conf loaded.
2023-12-12 17:19:46,457 file.ec_base INFO setRate(1000000.000000) done
2023-12-12 17:19:46,457 file.ec_base INFO setRate(1000.000000) done
2023-12-12 17:19:46,457 file.rtobject INFO 1 execution context was created.
2023-12-12 17:19:46,457 file.rtobject INFO Initial active configuration set is default.
2023-12-12 17:20:00,577 file.manager.namingmanager INFO NameServer connection failed: corba/localhost
2023-12-12 17:20:04,669 file.ManagerServant INFO Master manager not found
2023-12-12 17:20:10,651 file.manager.namingmanager INFO NameServer connection failed: corba/localhost
2023-12-12 17:20:14,757 file.ManagerServant INFO Master manager not found
2023-12-12 17:20:16,708 file.manager.namingmanager INFO NameServer connection succeeded: corba/localhost
2023-12-12 17:20:16,708 file.manager.namingmanager INFO Connected to a name server: corba/localhost
2023-12-12 17:20:20,785 file.ManagerServant INFO Master manager not found
2023-12-12 17:20:30,851 file.ManagerServant INFO Master manager not found
2023-12-12 17:20:40,927 file.ManagerServant INFO Master manager not found
2023-12-12 17:20:50,960 file.ManagerServant INFO Master manager not found
2023-12-12 17:21:00,955 file.ManagerServant INFO Master manager not found
2023-12-12 17:21:11,063 file.ManagerServant INFO Master manager not found
2023-12-12 17:21:21,114 file.ManagerServant INFO Master manager not found
