2023-12-10 22:47:42,023 file.manager INFO 2.0.1
2023-12-10 22:47:42,023 file.manager INFO Copyright (C) 2003-2022, Noriaki Ando and OpenRTM development team,
2023-12-10 22:47:42,023 file.manager INFO   Intelligent Systems Research Institute, AIST,
2023-12-10 22:47:42,023 file.manager INFO Copyright (C) 2022, Noriaki Ando and OpenRTM development team,
2023-12-10 22:47:42,023 file.manager INFO   Industrial Cyber-Physical Research Center, AIST,
2023-12-10 22:47:42,023 file.manager INFO   All right reserved.
2023-12-10 22:47:42,023 file.manager INFO Manager starting.
2023-12-10 22:47:42,023 file.manager INFO Starting local logging.
2023-12-10 22:47:42,033 file.manager.namingmanager INFO NameServer connection succeeded: corba/localhost
2023-12-10 22:47:46,116 file.ManagerServant INFO Master manager not found
2023-12-10 22:47:46,116 file.LocalServiceAdmin INFO All the local services are enabled.
2023-12-10 22:47:46,116 file.manager INFO Component type conf file: airphoto_get.conf loaded.
2023-12-10 22:47:46,116 file.ec_base INFO setRate(1000000.000000) done
2023-12-10 22:47:46,116 file.ec_base INFO setRate(1000.000000) done
2023-12-10 22:47:46,116 file.rtobject INFO 1 execution context was created.
2023-12-10 22:47:46,116 file.rtobject INFO Initial active configuration set is default.
2023-12-10 22:48:00,182 file.ManagerServant INFO Master manager not found
2023-12-10 22:48:10,263 file.ManagerServant INFO Master manager not found
2023-12-10 22:48:20,314 file.ManagerServant INFO Master manager not found
2023-12-10 22:48:30,386 file.ManagerServant INFO Master manager not found
2023-12-10 22:48:40,411 file.ManagerServant INFO Master manager not found
2023-12-10 22:48:50,460 file.ManagerServant INFO Master manager not found
2023-12-10 22:49:00,510 file.ManagerServant INFO Master manager not found
2023-12-10 22:49:10,561 file.ManagerServant INFO Master manager not found
2023-12-10 22:49:20,568 file.ManagerServant INFO Master manager not found
2023-12-10 22:49:30,592 file.ManagerServant INFO Master manager not found
2023-12-10 22:49:40,567 file.ManagerServant INFO Master manager not found
2023-12-10 22:49:50,701 file.ManagerServant INFO Master manager not found
2023-12-10 22:50:00,731 file.ManagerServant INFO Master manager not found
2023-12-10 22:50:10,782 file.ManagerServant INFO Master manager not found
2023-12-10 22:50:20,789 file.ManagerServant INFO Master manager not found
2023-12-10 22:50:30,857 file.ManagerServant INFO Master manager not found
2023-12-10 22:50:40,857 file.ManagerServant INFO Master manager not found
2023-12-10 22:50:50,912 file.ManagerServant INFO Master manager not found
2023-12-10 22:51:00,931 file.ManagerServant INFO Master manager not found
2023-12-10 22:51:10,366 file.SdoServiceAdmin WARNING No available SDO service in the factory: 
2023-12-10 22:51:10,366 file.SdoServiceAdmin ERROR type  not exists.
2023-12-10 22:51:10,955 file.ManagerServant INFO Master manager not found
