2023-12-10 12:39:12,590 file.manager INFO 2.0.1
2023-12-10 12:39:12,590 file.manager INFO Copyright (C) 2003-2022, Noriaki Ando and OpenRTM development team,
2023-12-10 12:39:12,590 file.manager INFO   Intelligent Systems Research Institute, AIST,
2023-12-10 12:39:12,590 file.manager INFO Copyright (C) 2022, Noriaki Ando and OpenRTM development team,
2023-12-10 12:39:12,590 file.manager INFO   Industrial Cyber-Physical Research Center, AIST,
2023-12-10 12:39:12,590 file.manager INFO   All right reserved.
2023-12-10 12:39:12,590 file.manager INFO Manager starting.
2023-12-10 12:39:12,590 file.manager INFO Starting local logging.
2023-12-10 12:39:12,606 file.manager.namingmanager INFO NameServer connection succeeded: corba/localhost
2023-12-10 12:39:16,694 file.ManagerServant INFO Master manager not found
2023-12-10 12:39:16,694 file.LocalServiceAdmin INFO All the local services are enabled.
2023-12-10 12:39:16,711 file.manager INFO Component type conf file: airphoto_get.conf loaded.
2023-12-10 12:39:16,711 file.ec_base INFO setRate(1000000.000000) done
2023-12-10 12:39:16,711 file.ec_base INFO setRate(1000.000000) done
2023-12-10 12:39:16,711 file.rtobject INFO 1 execution context was created.
2023-12-10 12:39:16,711 file.rtobject INFO Initial active configuration set is default.
2023-12-10 12:39:28,655 file.SdoServiceAdmin WARNING No available SDO service in the factory: 
2023-12-10 12:39:28,655 file.SdoServiceAdmin ERROR type  not exists.
2023-12-10 12:39:30,852 file.ManagerServant INFO Master manager not found
2023-12-10 12:39:40,894 file.ManagerServant INFO Master manager not found
2023-12-10 12:39:50,931 file.ManagerServant INFO Master manager not found
2023-12-10 12:40:00,973 file.ManagerServant INFO Master manager not found
2023-12-10 12:40:11,029 file.ManagerServant INFO Master manager not found
2023-12-10 12:40:21,114 file.ManagerServant INFO Master manager not found
2023-12-10 12:40:31,142 file.ManagerServant INFO Master manager not found
2023-12-10 12:40:41,142 file.ManagerServant INFO Master manager not found
2023-12-10 12:40:51,182 file.ManagerServant INFO Master manager not found
2023-12-10 12:41:01,209 file.ManagerServant INFO Master manager not found
2023-12-10 12:41:11,274 file.ManagerServant INFO Master manager not found
2023-12-10 12:41:21,340 file.ManagerServant INFO Master manager not found
2023-12-10 12:41:31,418 file.ManagerServant INFO Master manager not found
2023-12-10 12:41:41,426 file.ManagerServant INFO Master manager not found
