2023-12-12 15:12:55,449 file.manager INFO 2.0.1
2023-12-12 15:12:55,449 file.manager INFO Copyright (C) 2003-2022, Noriaki Ando and OpenRTM development team,
2023-12-12 15:12:55,449 file.manager INFO   Intelligent Systems Research Institute, AIST,
2023-12-12 15:12:55,449 file.manager INFO Copyright (C) 2022, Noriaki Ando and OpenRTM development team,
2023-12-12 15:12:55,449 file.manager INFO   Industrial Cyber-Physical Research Center, AIST,
2023-12-12 15:12:55,449 file.manager INFO   All right reserved.
2023-12-12 15:12:55,449 file.manager INFO Manager starting.
2023-12-12 15:12:55,449 file.manager INFO Starting local logging.
2023-12-12 15:12:59,512 file.manager.namingmanager INFO NameServer connection failed: corba/localhost
2023-12-12 15:13:03,575 file.ManagerServant INFO Master manager not found
2023-12-12 15:13:03,575 file.LocalServiceAdmin INFO All the local services are enabled.
2023-12-12 15:13:03,591 file.manager INFO Component type conf file: airphoto_get.conf loaded.
2023-12-12 15:13:03,591 file.ec_base INFO setRate(1000000.000000) done
2023-12-12 15:13:03,591 file.ec_base INFO setRate(1000.000000) done
2023-12-12 15:13:03,591 file.rtobject INFO 1 execution context was created.
2023-12-12 15:13:03,607 file.rtobject INFO Initial active configuration set is default.
2023-12-12 15:13:17,707 file.manager.namingmanager INFO NameServer connection failed: corba/localhost
2023-12-12 15:13:21,785 file.ManagerServant INFO Master manager not found
2023-12-12 15:13:23,709 file.manager.namingmanager INFO NameServer connection succeeded: corba/localhost
2023-12-12 15:13:23,710 file.manager.namingmanager INFO Connected to a name server: corba/localhost
2023-12-12 15:13:27,773 file.ManagerServant INFO Master manager not found
2023-12-12 15:13:37,820 file.ManagerServant INFO Master manager not found
2023-12-12 15:13:47,843 file.ManagerServant INFO Master manager not found
2023-12-12 15:13:57,936 file.ManagerServant INFO Master manager not found
2023-12-12 15:14:07,976 file.ManagerServant INFO Master manager not found
2023-12-12 15:14:18,024 file.ManagerServant INFO Master manager not found
2023-12-12 15:14:28,057 file.ManagerServant INFO Master manager not found
2023-12-12 15:14:38,102 file.ManagerServant INFO Master manager not found
2023-12-12 15:14:48,157 file.ManagerServant INFO Master manager not found
2023-12-12 15:14:52,330 file.SdoServiceAdmin WARNING No available SDO service in the factory: 
2023-12-12 15:14:52,331 file.SdoServiceAdmin ERROR type  not exists.
2023-12-12 15:14:58,188 file.ManagerServant INFO Master manager not found
