2023-12-10 12:12:04,325 file.manager INFO 2.0.1
2023-12-10 12:12:04,325 file.manager INFO Copyright (C) 2003-2022, Noriaki Ando and OpenRTM development team,
2023-12-10 12:12:04,325 file.manager INFO   Intelligent Systems Research Institute, AIST,
2023-12-10 12:12:04,325 file.manager INFO Copyright (C) 2022, Noriaki Ando and OpenRTM development team,
2023-12-10 12:12:04,325 file.manager INFO   Industrial Cyber-Physical Research Center, AIST,
2023-12-10 12:12:04,325 file.manager INFO   All right reserved.
2023-12-10 12:12:04,325 file.manager INFO Manager starting.
2023-12-10 12:12:04,325 file.manager INFO Starting local logging.
2023-12-10 12:12:04,341 file.manager.namingmanager INFO NameServer connection succeeded: corba/localhost
2023-12-10 12:12:08,435 file.ManagerServant INFO Master manager not found
2023-12-10 12:12:08,435 file.LocalServiceAdmin INFO All the local services are enabled.
2023-12-10 12:12:08,450 file.manager INFO Component type conf file: airphoto_get.conf loaded.
2023-12-10 12:12:08,450 file.ec_base INFO setRate(1000000.000000) done
2023-12-10 12:12:08,450 file.ec_base INFO setRate(1000.000000) done
2023-12-10 12:12:08,450 file.rtobject INFO 1 execution context was created.
2023-12-10 12:12:08,450 file.rtobject INFO Initial active configuration set is default.
2023-12-10 12:12:22,641 file.ManagerServant INFO Master manager not found
2023-12-10 12:12:32,729 file.ManagerServant INFO Master manager not found
2023-12-10 12:12:42,760 file.ManagerServant INFO Master manager not found
2023-12-10 12:12:52,760 file.ManagerServant INFO Master manager not found
2023-12-10 12:13:02,849 file.ManagerServant INFO Master manager not found
2023-12-10 12:13:12,898 file.ManagerServant INFO Master manager not found
2023-12-10 12:13:22,914 file.ManagerServant INFO Master manager not found
2023-12-10 12:13:32,967 file.ManagerServant INFO Master manager not found
2023-12-10 12:13:43,030 file.ManagerServant INFO Master manager not found
2023-12-10 12:13:53,071 file.ManagerServant INFO Master manager not found
