2023-12-12 14:03:14,186 file.manager INFO 2.0.1
2023-12-12 14:03:14,186 file.manager INFO Copyright (C) 2003-2022, Noriaki Ando and OpenRTM development team,
2023-12-12 14:03:14,187 file.manager INFO   Intelligent Systems Research Institute, AIST,
2023-12-12 14:03:14,187 file.manager INFO Copyright (C) 2022, Noriaki Ando and OpenRTM development team,
2023-12-12 14:03:14,187 file.manager INFO   Industrial Cyber-Physical Research Center, AIST,
2023-12-12 14:03:14,187 file.manager INFO   All right reserved.
2023-12-12 14:03:14,187 file.manager INFO Manager starting.
2023-12-12 14:03:14,187 file.manager INFO Starting local logging.
2023-12-12 14:03:14,194 file.manager.namingmanager INFO NameServer connection succeeded: corba/localhost
2023-12-12 14:03:18,309 file.ManagerServant INFO Master manager not found
2023-12-12 14:03:18,310 file.LocalServiceAdmin INFO All the local services are enabled.
2023-12-12 14:03:18,317 file.manager INFO Component type conf file: airphoto_get.conf loaded.
2023-12-12 14:03:18,319 file.ec_base INFO setRate(1000000.000000) done
2023-12-12 14:03:18,319 file.ec_base INFO setRate(1000.000000) done
2023-12-12 14:03:18,320 file.rtobject INFO 1 execution context was created.
2023-12-12 14:03:18,323 file.rtobject INFO Initial active configuration set is default.
2023-12-12 14:03:32,482 file.ManagerServant INFO Master manager not found
2023-12-12 14:03:39,334 file.SdoServiceAdmin WARNING No available SDO service in the factory: 
2023-12-12 14:03:39,334 file.SdoServiceAdmin ERROR type  not exists.
2023-12-12 14:03:42,515 file.ManagerServant INFO Master manager not found
2023-12-12 14:03:52,548 file.ManagerServant INFO Master manager not found
2023-12-12 14:04:02,558 file.ManagerServant INFO Master manager not found
2023-12-12 14:04:12,676 file.ManagerServant INFO Master manager not found
2023-12-12 14:04:22,713 file.ManagerServant INFO Master manager not found
2023-12-12 14:04:32,773 file.ManagerServant INFO Master manager not found
2023-12-12 14:04:42,786 file.ManagerServant INFO Master manager not found
2023-12-12 14:04:52,816 file.ManagerServant INFO Master manager not found
2023-12-12 14:05:02,866 file.ManagerServant INFO Master manager not found
2023-12-12 14:05:12,918 file.ManagerServant INFO Master manager not found
2023-12-12 14:05:22,931 file.ManagerServant INFO Master manager not found
2023-12-12 14:05:32,945 file.ManagerServant INFO Master manager not found
2023-12-12 14:05:42,991 file.ManagerServant INFO Master manager not found
2023-12-12 14:05:53,035 file.ManagerServant INFO Master manager not found
2023-12-12 14:06:03,045 file.ManagerServant INFO Master manager not found
2023-12-12 14:06:13,062 file.ManagerServant INFO Master manager not found
2023-12-12 14:06:23,109 file.ManagerServant INFO Master manager not found
2023-12-12 14:06:33,107 file.ManagerServant INFO Master manager not found
