2023-12-10 22:52:05,202 file.manager INFO 2.0.1
2023-12-10 22:52:05,202 file.manager INFO Copyright (C) 2003-2022, Noriaki Ando and OpenRTM development team,
2023-12-10 22:52:05,202 file.manager INFO   Intelligent Systems Research Institute, AIST,
2023-12-10 22:52:05,202 file.manager INFO Copyright (C) 2022, Noriaki Ando and OpenRTM development team,
2023-12-10 22:52:05,202 file.manager INFO   Industrial Cyber-Physical Research Center, AIST,
2023-12-10 22:52:05,202 file.manager INFO   All right reserved.
2023-12-10 22:52:05,202 file.manager INFO Manager starting.
2023-12-10 22:52:05,202 file.manager INFO Starting local logging.
2023-12-10 22:52:05,218 file.manager.namingmanager INFO NameServer connection succeeded: corba/localhost
2023-12-10 22:52:09,328 file.ManagerServant INFO Master manager not found
2023-12-10 22:52:09,328 file.LocalServiceAdmin INFO All the local services are enabled.
2023-12-10 22:52:09,344 file.manager INFO Component type conf file: airphoto_get.conf loaded.
2023-12-10 22:52:09,344 file.ec_base INFO setRate(1000000.000000) done
2023-12-10 22:52:09,344 file.ec_base INFO setRate(1000.000000) done
2023-12-10 22:52:09,344 file.rtobject INFO 1 execution context was created.
2023-12-10 22:52:09,344 file.rtobject INFO Initial active configuration set is default.
2023-12-10 22:52:23,498 file.ManagerServant INFO Master manager not found
2023-12-10 22:52:33,571 file.ManagerServant INFO Master manager not found
2023-12-10 22:52:43,628 file.ManagerServant INFO Master manager not found
2023-12-10 22:52:53,685 file.ManagerServant INFO Master manager not found
2023-12-10 22:53:03,737 file.ManagerServant INFO Master manager not found
2023-12-10 22:53:13,743 file.ManagerServant INFO Master manager not found
2023-12-10 22:53:23,841 file.ManagerServant INFO Master manager not found
2023-12-10 22:53:33,864 file.ManagerServant INFO Master manager not found
2023-12-10 22:53:43,928 file.ManagerServant INFO Master manager not found
2023-12-10 22:53:53,937 file.ManagerServant INFO Master manager not found
