2023-11-11 14:37:07,689 file.manager INFO 2.0.1
2023-11-11 14:37:07,689 file.manager INFO Copyright (C) 2003-2022, Noriaki Ando and OpenRTM development team,
2023-11-11 14:37:07,705 file.manager INFO   Intelligent Systems Research Institute, AIST,
2023-11-11 14:37:07,705 file.manager INFO Copyright (C) 2022, Noriaki Ando and OpenRTM development team,
2023-11-11 14:37:07,705 file.manager INFO   Industrial Cyber-Physical Research Center, AIST,
2023-11-11 14:37:07,705 file.manager INFO   All right reserved.
2023-11-11 14:37:07,705 file.manager INFO Manager starting.
2023-11-11 14:37:07,705 file.manager INFO Starting local logging.
2023-11-11 14:37:11,787 file.manager.namingmanager INFO NameServer connection failed: corba/localhost
2023-11-11 14:37:15,843 file.ManagerServant INFO Master manager not found
2023-11-11 14:37:15,843 file.LocalServiceAdmin INFO All the local services are enabled.
2023-11-11 14:37:15,843 file.manager INFO Component type conf file: airphoto_get.conf loaded.
2023-11-11 14:37:15,843 file.ec_base INFO setRate(1000000.000000) done
2023-11-11 14:37:15,843 file.ec_base INFO setRate(1000.000000) done
2023-11-11 14:37:15,843 file.rtobject INFO 1 execution context was created.
2023-11-11 14:37:15,857 file.rtobject INFO Initial active configuration set is default.
2023-11-11 14:37:25,954 file.manager.namingmanager INFO NameServer connection succeeded: corba/localhost
2023-11-11 14:37:25,955 file.manager.namingmanager INFO Connected to a name server: corba/localhost
2023-11-11 14:37:30,039 file.ManagerServant INFO Master manager not found
2023-11-11 14:37:40,042 file.ManagerServant INFO Master manager not found
2023-11-11 14:37:50,065 file.ManagerServant INFO Master manager not found
2023-11-11 14:38:00,101 file.ManagerServant INFO Master manager not found
2023-11-11 14:38:10,153 file.ManagerServant INFO Master manager not found
2023-11-11 14:38:20,182 file.ManagerServant INFO Master manager not found
2023-11-11 14:38:30,195 file.ManagerServant INFO Master manager not found
2023-11-11 14:38:40,190 file.ManagerServant INFO Master manager not found
