2023-12-10 20:48:55,399 file.manager INFO 2.0.1
2023-12-10 20:48:55,414 file.manager INFO Copyright (C) 2003-2022, Noriaki Ando and OpenRTM development team,
2023-12-10 20:48:55,414 file.manager INFO   Intelligent Systems Research Institute, AIST,
2023-12-10 20:48:55,414 file.manager INFO Copyright (C) 2022, Noriaki Ando and OpenRTM development team,
2023-12-10 20:48:55,414 file.manager INFO   Industrial Cyber-Physical Research Center, AIST,
2023-12-10 20:48:55,414 file.manager INFO   All right reserved.
2023-12-10 20:48:55,414 file.manager INFO Manager starting.
2023-12-10 20:48:55,414 file.manager INFO Starting local logging.
2023-12-10 20:48:55,414 file.manager.namingmanager INFO NameServer connection succeeded: corba/localhost
2023-12-10 20:48:59,517 file.ManagerServant INFO Master manager not found
2023-12-10 20:48:59,517 file.LocalServiceAdmin INFO All the local services are enabled.
2023-12-10 20:48:59,517 file.manager INFO Component type conf file: airphoto_get.conf loaded.
2023-12-10 20:48:59,536 file.ec_base INFO setRate(1000000.000000) done
2023-12-10 20:48:59,536 file.ec_base INFO setRate(1000.000000) done
2023-12-10 20:48:59,536 file.rtobject INFO 1 execution context was created.
2023-12-10 20:48:59,536 file.rtobject INFO Initial active configuration set is default.
2023-12-10 20:49:13,656 file.ManagerServant INFO Master manager not found
2023-12-10 20:49:23,708 file.ManagerServant INFO Master manager not found
2023-12-10 20:49:33,708 file.ManagerServant INFO Master manager not found
2023-12-10 20:49:43,725 file.ManagerServant INFO Master manager not found
2023-12-10 20:49:53,767 file.ManagerServant INFO Master manager not found
2023-12-10 20:50:03,820 file.ManagerServant INFO Master manager not found
2023-12-10 20:50:13,855 file.ManagerServant INFO Master manager not found
2023-12-10 20:50:22,253 file.SdoServiceAdmin WARNING No available SDO service in the factory: 
2023-12-10 20:50:22,253 file.SdoServiceAdmin ERROR type  not exists.
2023-12-10 20:50:23,897 file.manager.namingmanager INFO Name server: localhost (corba) disappeared.
