2023-12-10 21:48:34,797 file.manager INFO 2.0.1
2023-12-10 21:48:34,797 file.manager INFO Copyright (C) 2003-2022, Noriaki Ando and OpenRTM development team,
2023-12-10 21:48:34,797 file.manager INFO   Intelligent Systems Research Institute, AIST,
2023-12-10 21:48:34,797 file.manager INFO Copyright (C) 2022, Noriaki Ando and OpenRTM development team,
2023-12-10 21:48:34,797 file.manager INFO   Industrial Cyber-Physical Research Center, AIST,
2023-12-10 21:48:34,797 file.manager INFO   All right reserved.
2023-12-10 21:48:34,797 file.manager INFO Manager starting.
2023-12-10 21:48:34,797 file.manager INFO Starting local logging.
2023-12-10 21:48:34,797 file.manager.namingmanager INFO NameServer connection succeeded: corba/localhost
2023-12-10 21:48:38,874 file.ManagerServant INFO Master manager not found
2023-12-10 21:48:38,874 file.LocalServiceAdmin INFO All the local services are enabled.
2023-12-10 21:48:38,874 file.manager INFO Component type conf file: airphoto_get.conf loaded.
2023-12-10 21:48:38,874 file.ec_base INFO setRate(1000000.000000) done
2023-12-10 21:48:38,874 file.ec_base INFO setRate(1000.000000) done
2023-12-10 21:48:38,874 file.rtobject INFO 1 execution context was created.
2023-12-10 21:48:38,874 file.rtobject INFO Initial active configuration set is default.
2023-12-10 21:48:53,000 file.ManagerServant INFO Master manager not found
2023-12-10 21:49:03,087 file.ManagerServant INFO Master manager not found
2023-12-10 21:49:13,143 file.ManagerServant INFO Master manager not found
2023-12-10 21:49:23,228 file.ManagerServant INFO Master manager not found
2023-12-10 21:49:33,271 file.ManagerServant INFO Master manager not found
2023-12-10 21:49:43,286 file.ManagerServant INFO Master manager not found
2023-12-10 21:49:53,295 file.ManagerServant INFO Master manager not found
2023-12-10 21:50:03,377 file.ManagerServant INFO Master manager not found
2023-12-10 21:50:11,315 file.SdoServiceAdmin WARNING No available SDO service in the factory: 
2023-12-10 21:50:11,315 file.SdoServiceAdmin ERROR type  not exists.
2023-12-10 21:50:13,407 file.ManagerServant INFO Master manager not found
