2023-12-13 01:44:50,225 file.manager INFO 2.0.1
2023-12-13 01:44:50,225 file.manager INFO Copyright (C) 2003-2022, Noriaki Ando and OpenRTM development team,
2023-12-13 01:44:50,225 file.manager INFO   Intelligent Systems Research Institute, AIST,
2023-12-13 01:44:50,225 file.manager INFO Copyright (C) 2022, Noriaki Ando and OpenRTM development team,
2023-12-13 01:44:50,225 file.manager INFO   Industrial Cyber-Physical Research Center, AIST,
2023-12-13 01:44:50,225 file.manager INFO   All right reserved.
2023-12-13 01:44:50,225 file.manager INFO Manager starting.
2023-12-13 01:44:50,225 file.manager INFO Starting local logging.
2023-12-13 01:44:50,241 file.manager.namingmanager INFO NameServer connection succeeded: corba/localhost
2023-12-13 01:44:54,303 file.ManagerServant INFO Master manager not found
2023-12-13 01:44:54,303 file.LocalServiceAdmin INFO All the local services are enabled.
2023-12-13 01:44:54,314 file.manager INFO Component type conf file: airphoto_get.conf loaded.
2023-12-13 01:44:54,314 file.ec_base INFO setRate(1000000.000000) done
2023-12-13 01:44:54,314 file.ec_base INFO setRate(1000.000000) done
2023-12-13 01:44:54,314 file.rtobject INFO 1 execution context was created.
2023-12-13 01:44:54,314 file.rtobject INFO Initial active configuration set is default.
2023-12-13 01:45:08,465 file.ManagerServant INFO Master manager not found
2023-12-13 01:45:18,455 file.ManagerServant INFO Master manager not found
2023-12-13 01:45:19,370 file.SdoServiceAdmin WARNING No available SDO service in the factory: 
2023-12-13 01:45:19,371 file.SdoServiceAdmin ERROR type  not exists.
2023-12-13 01:45:28,504 file.ManagerServant INFO Master manager not found
2023-12-13 01:45:38,568 file.ManagerServant INFO Master manager not found
2023-12-13 01:45:48,593 file.ManagerServant INFO Master manager not found
2023-12-13 01:45:58,638 file.ManagerServant INFO Master manager not found
2023-12-13 01:46:08,718 file.ManagerServant INFO Master manager not found
2023-12-13 01:46:18,786 file.ManagerServant INFO Master manager not found
2023-12-13 01:46:28,860 file.ManagerServant INFO Master manager not found
2023-12-13 01:46:38,962 file.ManagerServant INFO Master manager not found
2023-12-13 01:46:49,017 file.ManagerServant INFO Master manager not found
2023-12-13 01:46:59,086 file.ManagerServant INFO Master manager not found
2023-12-13 01:47:09,142 file.ManagerServant INFO Master manager not found
2023-12-13 01:47:19,167 file.ManagerServant INFO Master manager not found
2023-12-13 01:47:29,243 file.ManagerServant INFO Master manager not found
2023-12-13 01:47:39,259 file.ManagerServant INFO Master manager not found
2023-12-13 01:47:49,311 file.ManagerServant INFO Master manager not found
