2023-12-12 13:23:43,601 file.manager INFO 2.0.1
2023-12-12 13:23:43,601 file.manager INFO Copyright (C) 2003-2022, Noriaki Ando and OpenRTM development team,
2023-12-12 13:23:43,601 file.manager INFO   Intelligent Systems Research Institute, AIST,
2023-12-12 13:23:43,601 file.manager INFO Copyright (C) 2022, Noriaki Ando and OpenRTM development team,
2023-12-12 13:23:43,601 file.manager INFO   Industrial Cyber-Physical Research Center, AIST,
2023-12-12 13:23:43,601 file.manager INFO   All right reserved.
2023-12-12 13:23:43,601 file.manager INFO Manager starting.
2023-12-12 13:23:43,601 file.manager INFO Starting local logging.
2023-12-12 13:23:43,601 file.manager.namingmanager INFO NameServer connection succeeded: corba/localhost
2023-12-12 13:23:47,671 file.ManagerServant INFO Master manager not found
2023-12-12 13:23:47,671 file.LocalServiceAdmin INFO All the local services are enabled.
2023-12-12 13:23:47,671 file.manager INFO Component type conf file: airphoto_get.conf loaded.
2023-12-12 13:23:47,671 file.ec_base INFO setRate(1000000.000000) done
2023-12-12 13:23:47,671 file.ec_base INFO setRate(1000.000000) done
2023-12-12 13:23:47,671 file.rtobject INFO 1 execution context was created.
2023-12-12 13:23:47,671 file.rtobject INFO Initial active configuration set is default.
2023-12-12 13:24:01,796 file.ManagerServant INFO Master manager not found
2023-12-12 13:24:11,868 file.ManagerServant INFO Master manager not found
2023-12-12 13:24:21,915 file.ManagerServant INFO Master manager not found
2023-12-12 13:24:31,969 file.ManagerServant INFO Master manager not found
2023-12-12 13:24:41,956 file.ManagerServant INFO Master manager not found
2023-12-12 13:24:52,054 file.ManagerServant INFO Master manager not found
2023-12-12 13:25:02,130 file.ManagerServant INFO Master manager not found
2023-12-12 13:25:12,123 file.ManagerServant INFO Master manager not found
2023-12-12 13:25:22,192 file.ManagerServant INFO Master manager not found
2023-12-12 13:25:32,316 file.ManagerServant INFO Master manager not found
2023-12-12 13:25:42,381 file.ManagerServant INFO Master manager not found
2023-12-12 13:25:52,412 file.ManagerServant INFO Master manager not found
2023-12-12 13:26:02,473 file.ManagerServant INFO Master manager not found
2023-12-12 13:26:12,496 file.ManagerServant INFO Master manager not found
2023-12-12 13:26:22,529 file.ManagerServant INFO Master manager not found
2023-12-12 13:26:32,534 file.ManagerServant INFO Master manager not found
2023-12-12 13:26:34,967 file.SdoServiceAdmin WARNING No available SDO service in the factory: 
2023-12-12 13:26:34,967 file.SdoServiceAdmin ERROR type  not exists.
