2023-12-10 11:54:28,955 file.manager INFO 2.0.1
2023-12-10 11:54:28,955 file.manager INFO Copyright (C) 2003-2022, Noriaki Ando and OpenRTM development team,
2023-12-10 11:54:28,955 file.manager INFO   Intelligent Systems Research Institute, AIST,
2023-12-10 11:54:28,955 file.manager INFO Copyright (C) 2022, Noriaki Ando and OpenRTM development team,
2023-12-10 11:54:28,971 file.manager INFO   Industrial Cyber-Physical Research Center, AIST,
2023-12-10 11:54:28,971 file.manager INFO   All right reserved.
2023-12-10 11:54:28,971 file.manager INFO Manager starting.
2023-12-10 11:54:28,971 file.manager INFO Starting local logging.
2023-12-10 11:54:28,971 file.manager.namingmanager INFO NameServer connection succeeded: corba/localhost
2023-12-10 11:54:33,081 file.ManagerServant INFO Master manager not found
2023-12-10 11:54:33,081 file.LocalServiceAdmin INFO All the local services are enabled.
2023-12-10 11:54:33,081 file.manager INFO Component type conf file: airphoto_get.conf loaded.
2023-12-10 11:54:33,081 file.ec_base INFO setRate(1000000.000000) done
2023-12-10 11:54:33,096 file.ec_base INFO setRate(1000.000000) done
2023-12-10 11:54:33,096 file.rtobject INFO 1 execution context was created.
2023-12-10 11:54:33,096 file.rtobject INFO Initial active configuration set is default.
2023-12-10 11:54:47,225 file.ManagerServant INFO Master manager not found
2023-12-10 11:54:57,250 file.ManagerServant INFO Master manager not found
2023-12-10 11:55:07,259 file.ManagerServant INFO Master manager not found
2023-12-10 11:55:17,283 file.ManagerServant INFO Master manager not found
2023-12-10 11:55:27,338 file.ManagerServant INFO Master manager not found
2023-12-10 11:55:37,371 file.ManagerServant INFO Master manager not found
2023-12-10 11:55:47,390 file.ManagerServant INFO Master manager not found
2023-12-10 11:55:57,452 file.ManagerServant INFO Master manager not found
2023-12-10 11:56:07,150 file.SdoServiceAdmin WARNING No available SDO service in the factory: 
2023-12-10 11:56:07,150 file.SdoServiceAdmin ERROR type  not exists.
2023-12-10 11:56:07,448 file.ManagerServant INFO Master manager not found
