2023-12-10 11:59:21,258 file.manager INFO 2.0.1
2023-12-10 11:59:21,258 file.manager INFO Copyright (C) 2003-2022, Noriaki Ando and OpenRTM development team,
2023-12-10 11:59:21,258 file.manager INFO   Intelligent Systems Research Institute, AIST,
2023-12-10 11:59:21,258 file.manager INFO Copyright (C) 2022, Noriaki Ando and OpenRTM development team,
2023-12-10 11:59:21,258 file.manager INFO   Industrial Cyber-Physical Research Center, AIST,
2023-12-10 11:59:21,258 file.manager INFO   All right reserved.
2023-12-10 11:59:21,258 file.manager INFO Manager starting.
2023-12-10 11:59:21,258 file.manager INFO Starting local logging.
2023-12-10 11:59:21,273 file.manager.namingmanager INFO NameServer connection succeeded: corba/localhost
2023-12-10 11:59:25,379 file.ManagerServant INFO Master manager not found
2023-12-10 11:59:25,388 file.LocalServiceAdmin INFO All the local services are enabled.
2023-12-10 11:59:25,395 file.manager INFO Component type conf file: airphoto_get.conf loaded.
2023-12-10 11:59:25,395 file.ec_base INFO setRate(1000000.000000) done
2023-12-10 11:59:25,395 file.ec_base INFO setRate(1000.000000) done
2023-12-10 11:59:25,395 file.rtobject INFO 1 execution context was created.
2023-12-10 11:59:25,395 file.rtobject INFO Initial active configuration set is default.
2023-12-10 11:59:39,486 file.ManagerServant INFO Master manager not found
2023-12-10 11:59:49,537 file.ManagerServant INFO Master manager not found
2023-12-10 11:59:59,594 file.ManagerServant INFO Master manager not found
2023-12-10 12:00:09,663 file.ManagerServant INFO Master manager not found
2023-12-10 12:00:19,733 file.ManagerServant INFO Master manager not found
