2023-12-10 12:05:22,462 file.manager INFO 2.0.1
2023-12-10 12:05:22,462 file.manager INFO Copyright (C) 2003-2022, Noriaki Ando and OpenRTM development team,
2023-12-10 12:05:22,462 file.manager INFO   Intelligent Systems Research Institute, AIST,
2023-12-10 12:05:22,462 file.manager INFO Copyright (C) 2022, Noriaki Ando and OpenRTM development team,
2023-12-10 12:05:22,462 file.manager INFO   Industrial Cyber-Physical Research Center, AIST,
2023-12-10 12:05:22,462 file.manager INFO   All right reserved.
2023-12-10 12:05:22,462 file.manager INFO Manager starting.
2023-12-10 12:05:22,462 file.manager INFO Starting local logging.
2023-12-10 12:05:22,462 file.manager.namingmanager INFO NameServer connection succeeded: corba/localhost
2023-12-10 12:05:26,596 file.ManagerServant INFO Master manager not found
2023-12-10 12:05:26,596 file.LocalServiceAdmin INFO All the local services are enabled.
2023-12-10 12:05:26,596 file.manager INFO Component type conf file: airphoto_get.conf loaded.
2023-12-10 12:05:26,596 file.ec_base INFO setRate(1000000.000000) done
2023-12-10 12:05:26,596 file.ec_base INFO setRate(1000.000000) done
2023-12-10 12:05:26,596 file.rtobject INFO 1 execution context was created.
2023-12-10 12:05:26,596 file.rtobject INFO Initial active configuration set is default.
2023-12-10 12:05:40,679 file.ManagerServant INFO Master manager not found
2023-12-10 12:05:50,757 file.ManagerServant INFO Master manager not found
2023-12-10 12:06:00,795 file.ManagerServant INFO Master manager not found
2023-12-10 12:06:10,851 file.ManagerServant INFO Master manager not found
2023-12-10 12:06:20,920 file.ManagerServant INFO Master manager not found
2023-12-10 12:06:23,611 file.SdoServiceAdmin WARNING No available SDO service in the factory: 
2023-12-10 12:06:23,612 file.SdoServiceAdmin ERROR type  not exists.
