2023-12-12 15:31:44,110 file.manager INFO 2.0.1
2023-12-12 15:31:44,110 file.manager INFO Copyright (C) 2003-2022, Noriaki Ando and OpenRTM development team,
2023-12-12 15:31:44,110 file.manager INFO   Intelligent Systems Research Institute, AIST,
2023-12-12 15:31:44,110 file.manager INFO Copyright (C) 2022, Noriaki Ando and OpenRTM development team,
2023-12-12 15:31:44,110 file.manager INFO   Industrial Cyber-Physical Research Center, AIST,
2023-12-12 15:31:44,110 file.manager INFO   All right reserved.
2023-12-12 15:31:44,110 file.manager INFO Manager starting.
2023-12-12 15:31:44,110 file.manager INFO Starting local logging.
2023-12-12 15:31:44,110 file.manager.namingmanager INFO NameServer connection succeeded: corba/localhost
2023-12-12 15:31:48,216 file.ManagerServant INFO Master manager not found
2023-12-12 15:31:48,216 file.LocalServiceAdmin INFO All the local services are enabled.
2023-12-12 15:31:48,216 file.manager INFO Component type conf file: airphoto_get.conf loaded.
2023-12-12 15:31:48,216 file.ec_base INFO setRate(1000000.000000) done
2023-12-12 15:31:48,216 file.ec_base INFO setRate(1000.000000) done
2023-12-12 15:31:48,232 file.rtobject INFO 1 execution context was created.
2023-12-12 15:31:48,232 file.rtobject INFO Initial active configuration set is default.
2023-12-12 15:32:02,401 file.ManagerServant INFO Master manager not found
2023-12-12 15:32:12,398 file.ManagerServant INFO Master manager not found
2023-12-12 15:32:22,454 file.ManagerServant INFO Master manager not found
2023-12-12 15:32:32,485 file.ManagerServant INFO Master manager not found
2023-12-12 15:32:42,537 file.ManagerServant INFO Master manager not found
2023-12-12 15:32:52,542 file.ManagerServant INFO Master manager not found
2023-12-12 15:33:02,558 file.ManagerServant INFO Master manager not found
2023-12-12 15:33:12,625 file.ManagerServant INFO Master manager not found
2023-12-12 15:33:22,667 file.ManagerServant INFO Master manager not found
2023-12-12 15:33:32,727 file.ManagerServant INFO Master manager not found
2023-12-12 15:33:42,790 file.ManagerServant INFO Master manager not found
2023-12-12 15:33:52,818 file.ManagerServant INFO Master manager not found
