2023-12-12 22:53:26,195 file.manager INFO 2.0.1
2023-12-12 22:53:26,210 file.manager INFO Copyright (C) 2003-2022, Noriaki Ando and OpenRTM development team,
2023-12-12 22:53:26,210 file.manager INFO   Intelligent Systems Research Institute, AIST,
2023-12-12 22:53:26,210 file.manager INFO Copyright (C) 2022, Noriaki Ando and OpenRTM development team,
2023-12-12 22:53:26,210 file.manager INFO   Industrial Cyber-Physical Research Center, AIST,
2023-12-12 22:53:26,210 file.manager INFO   All right reserved.
2023-12-12 22:53:26,210 file.manager INFO Manager starting.
2023-12-12 22:53:26,210 file.manager INFO Starting local logging.
2023-12-12 22:53:26,210 file.manager.namingmanager INFO NameServer connection succeeded: corba/localhost
2023-12-12 22:53:30,275 file.ManagerServant INFO Master manager not found
2023-12-12 22:53:30,275 file.LocalServiceAdmin INFO All the local services are enabled.
2023-12-12 22:53:30,275 file.manager INFO Component type conf file: sarch_spot.conf loaded.
2023-12-12 22:53:30,275 file.ec_base INFO setRate(1000000.000000) done
2023-12-12 22:53:30,275 file.ec_base INFO setRate(1000.000000) done
2023-12-12 22:53:30,275 file.rtobject INFO 1 execution context was created.
2023-12-12 22:53:30,275 file.rtobject INFO Initial active configuration set is default.
2023-12-12 22:53:44,378 file.ManagerServant INFO Master manager not found
2023-12-12 22:53:54,417 file.ManagerServant INFO Master manager not found
2023-12-12 22:54:04,459 file.ManagerServant INFO Master manager not found
2023-12-12 22:54:14,494 file.ManagerServant INFO Master manager not found
2023-12-12 22:54:24,566 file.ManagerServant INFO Master manager not found
2023-12-12 22:54:34,610 file.ManagerServant INFO Master manager not found
2023-12-12 22:54:36,728 file.OutPortConnector ERROR unkown error.
2023-12-12 22:54:44,629 file.ManagerServant INFO Master manager not found
2023-12-12 22:54:54,694 file.ManagerServant INFO Master manager not found
2023-12-12 22:55:04,746 file.ManagerServant INFO Master manager not found
2023-12-12 22:55:12,859 file.SdoServiceAdmin WARNING No available SDO service in the factory: 
2023-12-12 22:55:12,860 file.SdoServiceAdmin ERROR type  not exists.
2023-12-12 22:55:14,780 file.ManagerServant INFO Master manager not found
