2023-12-12 22:36:56,407 file.manager INFO 2.0.1
2023-12-12 22:36:56,407 file.manager INFO Copyright (C) 2003-2022, Noriaki Ando and OpenRTM development team,
2023-12-12 22:36:56,407 file.manager INFO   Intelligent Systems Research Institute, AIST,
2023-12-12 22:36:56,407 file.manager INFO Copyright (C) 2022, Noriaki Ando and OpenRTM development team,
2023-12-12 22:36:56,407 file.manager INFO   Industrial Cyber-Physical Research Center, AIST,
2023-12-12 22:36:56,407 file.manager INFO   All right reserved.
2023-12-12 22:36:56,407 file.manager INFO Manager starting.
2023-12-12 22:36:56,407 file.manager INFO Starting local logging.
2023-12-12 22:36:56,423 file.manager.namingmanager INFO NameServer connection succeeded: corba/localhost
2023-12-12 22:37:00,524 file.ManagerServant INFO Master manager not found
2023-12-12 22:37:00,524 file.LocalServiceAdmin INFO All the local services are enabled.
2023-12-12 22:37:00,524 file.manager INFO Component type conf file: sarch_spot.conf loaded.
2023-12-12 22:37:00,524 file.ec_base INFO setRate(1000000.000000) done
2023-12-12 22:37:00,524 file.ec_base INFO setRate(1000.000000) done
2023-12-12 22:37:00,524 file.rtobject INFO 1 execution context was created.
2023-12-12 22:37:00,524 file.rtobject INFO Initial active configuration set is default.
2023-12-12 22:37:14,665 file.ManagerServant INFO Master manager not found
2023-12-12 22:37:24,731 file.ManagerServant INFO Master manager not found
2023-12-12 22:37:34,771 file.ManagerServant INFO Master manager not found
2023-12-12 22:37:44,815 file.ManagerServant INFO Master manager not found
2023-12-12 22:37:54,849 file.ManagerServant INFO Master manager not found
2023-12-12 22:38:04,920 file.ManagerServant INFO Master manager not found
2023-12-12 22:38:09,458 file.OutPortConnector ERROR unkown error.
2023-12-12 22:38:14,973 file.ManagerServant INFO Master manager not found
2023-12-12 22:38:25,013 file.ManagerServant INFO Master manager not found
2023-12-12 22:38:35,077 file.ManagerServant INFO Master manager not found
2023-12-12 22:38:45,112 file.ManagerServant INFO Master manager not found
2023-12-12 22:38:55,198 file.ManagerServant INFO Master manager not found
2023-12-12 22:39:05,240 file.ManagerServant INFO Master manager not found
2023-12-12 22:39:15,249 file.ManagerServant INFO Master manager not found
