2023-12-12 22:31:24,299 file.manager INFO 2.0.1
2023-12-12 22:31:24,299 file.manager INFO Copyright (C) 2003-2022, Noriaki Ando and OpenRTM development team,
2023-12-12 22:31:24,299 file.manager INFO   Intelligent Systems Research Institute, AIST,
2023-12-12 22:31:24,299 file.manager INFO Copyright (C) 2022, Noriaki Ando and OpenRTM development team,
2023-12-12 22:31:24,299 file.manager INFO   Industrial Cyber-Physical Research Center, AIST,
2023-12-12 22:31:24,299 file.manager INFO   All right reserved.
2023-12-12 22:31:24,299 file.manager INFO Manager starting.
2023-12-12 22:31:24,299 file.manager INFO Starting local logging.
2023-12-12 22:31:24,299 file.manager.namingmanager INFO NameServer connection succeeded: corba/localhost
2023-12-12 22:31:28,390 file.ManagerServant INFO Master manager not found
2023-12-12 22:31:28,390 file.LocalServiceAdmin INFO All the local services are enabled.
2023-12-12 22:31:28,390 file.manager INFO Component type conf file: sarch_spot.conf loaded.
2023-12-12 22:31:28,390 file.ec_base INFO setRate(1000000.000000) done
2023-12-12 22:31:28,390 file.ec_base INFO setRate(1000.000000) done
2023-12-12 22:31:28,390 file.rtobject INFO 1 execution context was created.
2023-12-12 22:31:28,390 file.rtobject INFO Initial active configuration set is default.
2023-12-12 22:31:42,610 file.ManagerServant INFO Master manager not found
2023-12-12 22:31:52,673 file.ManagerServant INFO Master manager not found
2023-12-12 22:32:02,736 file.ManagerServant INFO Master manager not found
2023-12-12 22:32:12,823 file.ManagerServant INFO Master manager not found
2023-12-12 22:32:22,835 file.ManagerServant INFO Master manager not found
2023-12-12 22:32:32,945 file.ManagerServant INFO Master manager not found
2023-12-12 22:32:43,028 file.ManagerServant INFO Master manager not found
2023-12-12 22:32:51,063 file.OutPortConnector ERROR unkown error.
2023-12-12 22:32:53,109 file.ManagerServant INFO Master manager not found
2023-12-12 22:33:03,164 file.ManagerServant INFO Master manager not found
2023-12-12 22:33:13,212 file.ManagerServant INFO Master manager not found
2023-12-12 22:33:23,269 file.ManagerServant INFO Master manager not found
2023-12-12 22:33:33,292 file.ManagerServant INFO Master manager not found
