2023-12-13 00:33:41,801 file.manager INFO 2.0.1
2023-12-13 00:33:41,801 file.manager INFO Copyright (C) 2003-2022, Noriaki Ando and OpenRTM development team,
2023-12-13 00:33:41,801 file.manager INFO   Intelligent Systems Research Institute, AIST,
2023-12-13 00:33:41,801 file.manager INFO Copyright (C) 2022, Noriaki Ando and OpenRTM development team,
2023-12-13 00:33:41,801 file.manager INFO   Industrial Cyber-Physical Research Center, AIST,
2023-12-13 00:33:41,801 file.manager INFO   All right reserved.
2023-12-13 00:33:41,801 file.manager INFO Manager starting.
2023-12-13 00:33:41,801 file.manager INFO Starting local logging.
2023-12-13 00:33:41,801 file.manager.namingmanager INFO NameServer connection succeeded: corba/localhost
2023-12-13 00:33:45,905 file.ManagerServant INFO Master manager not found
2023-12-13 00:33:45,905 file.LocalServiceAdmin INFO All the local services are enabled.
2023-12-13 00:33:45,920 file.manager INFO Component type conf file: sarch_spot.conf loaded.
2023-12-13 00:33:45,920 file.ec_base INFO setRate(1000000.000000) done
2023-12-13 00:33:45,920 file.ec_base INFO setRate(1000.000000) done
2023-12-13 00:33:45,920 file.rtobject INFO 1 execution context was created.
2023-12-13 00:33:45,928 file.rtobject INFO Initial active configuration set is default.
2023-12-13 00:34:00,089 file.ManagerServant INFO Master manager not found
2023-12-13 00:34:10,040 file.ManagerServant INFO Master manager not found
2023-12-13 00:34:20,103 file.ManagerServant INFO Master manager not found
2023-12-13 00:34:30,161 file.ManagerServant INFO Master manager not found
2023-12-13 00:34:40,277 file.ManagerServant INFO Master manager not found
2023-12-13 00:34:50,307 file.ManagerServant INFO Master manager not found
2023-12-13 00:35:00,368 file.ManagerServant INFO Master manager not found
2023-12-13 00:35:10,439 file.ManagerServant INFO Master manager not found
2023-12-13 00:35:20,475 file.ManagerServant INFO Master manager not found
2023-12-13 00:35:30,539 file.ManagerServant INFO Master manager not found
2023-12-13 00:35:40,566 file.ManagerServant INFO Master manager not found
2023-12-13 00:35:50,623 file.ManagerServant INFO Master manager not found
2023-12-13 00:36:00,682 file.ManagerServant INFO Master manager not found
2023-12-13 00:36:05,353 file.SdoServiceAdmin WARNING No available SDO service in the factory: 
2023-12-13 00:36:05,353 file.SdoServiceAdmin ERROR type  not exists.
