2023-12-13 01:44:47,995 file.manager INFO 2.0.1
2023-12-13 01:44:47,995 file.manager INFO Copyright (C) 2003-2022, Noriaki Ando and OpenRTM development team,
2023-12-13 01:44:47,995 file.manager INFO   Intelligent Systems Research Institute, AIST,
2023-12-13 01:44:47,995 file.manager INFO Copyright (C) 2022, Noriaki Ando and OpenRTM development team,
2023-12-13 01:44:47,995 file.manager INFO   Industrial Cyber-Physical Research Center, AIST,
2023-12-13 01:44:47,995 file.manager INFO   All right reserved.
2023-12-13 01:44:47,995 file.manager INFO Manager starting.
2023-12-13 01:44:47,995 file.manager INFO Starting local logging.
2023-12-13 01:44:48,011 file.manager.namingmanager INFO NameServer connection succeeded: corba/localhost
2023-12-13 01:44:52,067 file.ManagerServant INFO Master manager not found
2023-12-13 01:44:52,067 file.LocalServiceAdmin INFO All the local services are enabled.
2023-12-13 01:44:52,067 file.manager INFO Component type conf file: search_spot.conf loaded.
2023-12-13 01:44:52,067 file.ec_base INFO setRate(1000000.000000) done
2023-12-13 01:44:52,067 file.ec_base INFO setRate(1000.000000) done
2023-12-13 01:44:52,067 file.rtobject INFO 1 execution context was created.
2023-12-13 01:44:52,080 file.rtobject INFO Initial active configuration set is default.
2023-12-13 01:45:06,166 file.ManagerServant INFO Master manager not found
2023-12-13 01:45:16,208 file.ManagerServant INFO Master manager not found
2023-12-13 01:45:26,268 file.ManagerServant INFO Master manager not found
2023-12-13 01:45:36,308 file.ManagerServant INFO Master manager not found
2023-12-13 01:45:46,368 file.ManagerServant INFO Master manager not found
2023-12-13 01:45:56,437 file.ManagerServant INFO Master manager not found
2023-12-13 01:46:06,097 file.SdoServiceAdmin WARNING No available SDO service in the factory: 
2023-12-13 01:46:06,097 file.SdoServiceAdmin ERROR type  not exists.
2023-12-13 01:46:06,499 file.ManagerServant INFO Master manager not found
2023-12-13 01:46:16,566 file.ManagerServant INFO Master manager not found
2023-12-13 01:46:26,607 file.ManagerServant INFO Master manager not found
2023-12-13 01:46:36,676 file.ManagerServant INFO Master manager not found
2023-12-13 01:46:46,749 file.ManagerServant INFO Master manager not found
2023-12-13 01:46:56,783 file.ManagerServant INFO Master manager not found
2023-12-13 01:47:06,879 file.ManagerServant INFO Master manager not found
2023-12-13 01:47:16,939 file.ManagerServant INFO Master manager not found
2023-12-13 01:47:26,994 file.ManagerServant INFO Master manager not found
2023-12-13 01:47:37,044 file.ManagerServant INFO Master manager not found
2023-12-13 01:47:47,046 file.ManagerServant INFO Master manager not found
