2023-12-12 21:34:57,225 file.manager INFO 2.0.1
2023-12-12 21:34:57,225 file.manager INFO Copyright (C) 2003-2022, Noriaki Ando and OpenRTM development team,
2023-12-12 21:34:57,225 file.manager INFO   Intelligent Systems Research Institute, AIST,
2023-12-12 21:34:57,225 file.manager INFO Copyright (C) 2022, Noriaki Ando and OpenRTM development team,
2023-12-12 21:34:57,225 file.manager INFO   Industrial Cyber-Physical Research Center, AIST,
2023-12-12 21:34:57,225 file.manager INFO   All right reserved.
2023-12-12 21:34:57,225 file.manager INFO Manager starting.
2023-12-12 21:34:57,225 file.manager INFO Starting local logging.
2023-12-12 21:34:57,241 file.manager.namingmanager INFO NameServer connection succeeded: corba/localhost
2023-12-12 21:35:01,318 file.ManagerServant INFO Master manager not found
2023-12-12 21:35:01,318 file.LocalServiceAdmin INFO All the local services are enabled.
2023-12-12 21:35:01,318 file.manager INFO Component type conf file: sarch_spot.conf loaded.
2023-12-12 21:35:01,318 file.ec_base INFO setRate(1000000.000000) done
2023-12-12 21:35:01,318 file.ec_base INFO setRate(1000.000000) done
2023-12-12 21:35:01,334 file.rtobject INFO 1 execution context was created.
2023-12-12 21:35:01,334 file.rtobject INFO Initial active configuration set is default.
2023-12-12 21:35:15,419 file.ManagerServant INFO Master manager not found
2023-12-12 21:35:25,453 file.ManagerServant INFO Master manager not found
2023-12-12 21:35:35,578 file.ManagerServant INFO Master manager not found
2023-12-12 21:35:45,555 file.ManagerServant INFO Master manager not found
2023-12-12 21:35:55,601 file.ManagerServant INFO Master manager not found
2023-12-12 21:36:05,623 file.ManagerServant INFO Master manager not found
2023-12-12 21:36:15,660 file.ManagerServant INFO Master manager not found
2023-12-12 21:36:25,711 file.ManagerServant INFO Master manager not found
2023-12-12 21:36:35,711 file.ManagerServant INFO Master manager not found
2023-12-12 21:36:45,742 file.ManagerServant INFO Master manager not found
2023-12-12 21:36:55,778 file.ManagerServant INFO Master manager not found
2023-12-12 21:37:05,829 file.ManagerServant INFO Master manager not found
2023-12-12 21:37:15,865 file.ManagerServant INFO Master manager not found
2023-12-12 21:37:25,887 file.ManagerServant INFO Master manager not found
2023-12-12 21:37:32,910 file.SdoServiceAdmin WARNING No available SDO service in the factory: 
2023-12-12 21:37:32,910 file.SdoServiceAdmin ERROR type  not exists.
2023-12-12 21:37:35,925 file.ManagerServant INFO Master manager not found
