2023-12-12 23:16:22,629 file.manager INFO 2.0.1
2023-12-12 23:16:22,629 file.manager INFO Copyright (C) 2003-2022, Noriaki Ando and OpenRTM development team,
2023-12-12 23:16:22,629 file.manager INFO   Intelligent Systems Research Institute, AIST,
2023-12-12 23:16:22,629 file.manager INFO Copyright (C) 2022, Noriaki Ando and OpenRTM development team,
2023-12-12 23:16:22,629 file.manager INFO   Industrial Cyber-Physical Research Center, AIST,
2023-12-12 23:16:22,629 file.manager INFO   All right reserved.
2023-12-12 23:16:22,629 file.manager INFO Manager starting.
2023-12-12 23:16:22,629 file.manager INFO Starting local logging.
2023-12-12 23:16:26,747 file.manager.namingmanager INFO NameServer connection failed: corba/localhost
2023-12-12 23:16:30,826 file.ManagerServant INFO Master manager not found
2023-12-12 23:16:30,834 file.LocalServiceAdmin INFO All the local services are enabled.
2023-12-12 23:16:30,842 file.manager INFO Component type conf file: sarch_spot.conf loaded.
2023-12-12 23:16:30,842 file.ec_base INFO setRate(1000000.000000) done
2023-12-12 23:16:30,842 file.ec_base INFO setRate(1000.000000) done
2023-12-12 23:16:30,842 file.rtobject INFO 1 execution context was created.
2023-12-12 23:16:30,842 file.rtobject INFO Initial active configuration set is default.
2023-12-12 23:16:43,941 file.manager.namingmanager INFO NameServer connection succeeded: corba/localhost
2023-12-12 23:16:43,941 file.manager.namingmanager INFO Connected to a name server: corba/localhost
2023-12-12 23:16:48,038 file.ManagerServant INFO Master manager not found
2023-12-12 23:16:55,080 file.ManagerServant INFO Master manager not found
2023-12-12 23:17:05,099 file.ManagerServant INFO Master manager not found
2023-12-12 23:17:15,116 file.ManagerServant INFO Master manager not found
2023-12-12 23:17:25,163 file.ManagerServant INFO Master manager not found
2023-12-12 23:17:35,229 file.ManagerServant INFO Master manager not found
2023-12-12 23:17:40,735 file.OutPortConnector ERROR unkown error.
2023-12-12 23:17:45,329 file.ManagerServant INFO Master manager not found
2023-12-12 23:17:55,360 file.ManagerServant INFO Master manager not found
2023-12-12 23:18:05,401 file.ManagerServant INFO Master manager not found
2023-12-12 23:18:15,438 file.ManagerServant INFO Master manager not found
