2023-12-13 00:26:19,372 file.manager INFO 2.0.1
2023-12-13 00:26:19,372 file.manager INFO Copyright (C) 2003-2022, Noriaki Ando and OpenRTM development team,
2023-12-13 00:26:19,372 file.manager INFO   Intelligent Systems Research Institute, AIST,
2023-12-13 00:26:19,372 file.manager INFO Copyright (C) 2022, Noriaki Ando and OpenRTM development team,
2023-12-13 00:26:19,372 file.manager INFO   Industrial Cyber-Physical Research Center, AIST,
2023-12-13 00:26:19,372 file.manager INFO   All right reserved.
2023-12-13 00:26:19,372 file.manager INFO Manager starting.
2023-12-13 00:26:19,372 file.manager INFO Starting local logging.
2023-12-13 00:26:19,372 file.manager.namingmanager INFO NameServer connection succeeded: corba/localhost
2023-12-13 00:26:23,476 file.ManagerServant INFO Master manager not found
2023-12-13 00:26:23,476 file.LocalServiceAdmin INFO All the local services are enabled.
2023-12-13 00:26:23,476 file.manager INFO Component type conf file: sarch_spot.conf loaded.
2023-12-13 00:26:23,476 file.ec_base INFO setRate(1000000.000000) done
2023-12-13 00:26:23,476 file.ec_base INFO setRate(1000.000000) done
2023-12-13 00:26:23,476 file.rtobject INFO 1 execution context was created.
2023-12-13 00:26:23,476 file.rtobject INFO Initial active configuration set is default.
2023-12-13 00:26:37,641 file.ManagerServant INFO Master manager not found
2023-12-13 00:26:47,702 file.ManagerServant INFO Master manager not found
2023-12-13 00:26:57,748 file.ManagerServant INFO Master manager not found
2023-12-13 00:27:07,805 file.ManagerServant INFO Master manager not found
2023-12-13 00:27:17,876 file.ManagerServant INFO Master manager not found
2023-12-13 00:27:27,955 file.ManagerServant INFO Master manager not found
2023-12-13 00:27:38,045 file.ManagerServant INFO Master manager not found
2023-12-13 00:27:48,098 file.ManagerServant INFO Master manager not found
2023-12-13 00:27:58,121 file.ManagerServant INFO Master manager not found
2023-12-13 00:28:08,167 file.ManagerServant INFO Master manager not found
2023-12-13 00:28:18,221 file.ManagerServant INFO Master manager not found
2023-12-13 00:28:28,286 file.ManagerServant INFO Master manager not found
2023-12-13 00:28:38,330 file.ManagerServant INFO Master manager not found
