2023-12-12 22:26:23,219 file.manager INFO 2.0.1
2023-12-12 22:26:23,219 file.manager INFO Copyright (C) 2003-2022, Noriaki Ando and OpenRTM development team,
2023-12-12 22:26:23,219 file.manager INFO   Intelligent Systems Research Institute, AIST,
2023-12-12 22:26:23,219 file.manager INFO Copyright (C) 2022, Noriaki Ando and OpenRTM development team,
2023-12-12 22:26:23,219 file.manager INFO   Industrial Cyber-Physical Research Center, AIST,
2023-12-12 22:26:23,219 file.manager INFO   All right reserved.
2023-12-12 22:26:23,219 file.manager INFO Manager starting.
2023-12-12 22:26:23,219 file.manager INFO Starting local logging.
2023-12-12 22:26:23,235 file.manager.namingmanager INFO NameServer connection succeeded: corba/localhost
2023-12-12 22:26:27,316 file.ManagerServant INFO Master manager not found
2023-12-12 22:26:27,316 file.LocalServiceAdmin INFO All the local services are enabled.
2023-12-12 22:26:27,332 file.manager INFO Component type conf file: sarch_spot.conf loaded.
2023-12-12 22:26:27,332 file.ec_base INFO setRate(1000000.000000) done
2023-12-12 22:26:27,332 file.ec_base INFO setRate(1000.000000) done
2023-12-12 22:26:27,332 file.rtobject INFO 1 execution context was created.
2023-12-12 22:26:27,332 file.rtobject INFO Initial active configuration set is default.
2023-12-12 22:26:41,484 file.ManagerServant INFO Master manager not found
2023-12-12 22:26:51,560 file.ManagerServant INFO Master manager not found
2023-12-12 22:27:01,633 file.ManagerServant INFO Master manager not found
2023-12-12 22:27:11,692 file.ManagerServant INFO Master manager not found
2023-12-12 22:27:21,768 file.ManagerServant INFO Master manager not found
2023-12-12 22:27:31,828 file.ManagerServant INFO Master manager not found
2023-12-12 22:27:41,882 file.ManagerServant INFO Master manager not found
2023-12-12 22:27:44,783 file.SdoServiceAdmin WARNING No available SDO service in the factory: 
2023-12-12 22:27:44,783 file.SdoServiceAdmin ERROR type  not exists.
