2023-12-12 15:34:51,920 file.manager INFO 2.0.1
2023-12-12 15:34:51,920 file.manager INFO Copyright (C) 2003-2022, Noriaki Ando and OpenRTM development team,
2023-12-12 15:34:51,920 file.manager INFO   Intelligent Systems Research Institute, AIST,
2023-12-12 15:34:51,920 file.manager INFO Copyright (C) 2022, Noriaki Ando and OpenRTM development team,
2023-12-12 15:34:51,920 file.manager INFO   Industrial Cyber-Physical Research Center, AIST,
2023-12-12 15:34:51,920 file.manager INFO   All right reserved.
2023-12-12 15:34:51,920 file.manager INFO Manager starting.
2023-12-12 15:34:51,920 file.manager INFO Starting local logging.
2023-12-12 15:34:51,932 file.manager.namingmanager INFO NameServer connection succeeded: corba/localhost
2023-12-12 15:34:56,010 file.ManagerServant INFO Master manager not found
2023-12-12 15:34:56,010 file.LocalServiceAdmin INFO All the local services are enabled.
2023-12-12 15:34:56,010 file.manager INFO Component type conf file: sarch_spot.conf loaded.
2023-12-12 15:34:56,010 file.ec_base INFO setRate(1000000.000000) done
2023-12-12 15:34:56,010 file.ec_base INFO setRate(1000.000000) done
2023-12-12 15:34:56,010 file.rtobject INFO 1 execution context was created.
2023-12-12 15:34:56,010 file.rtobject INFO Initial active configuration set is default.
2023-12-12 15:35:10,110 file.ManagerServant INFO Master manager not found
2023-12-12 15:35:20,169 file.ManagerServant INFO Master manager not found
2023-12-12 15:35:30,229 file.ManagerServant INFO Master manager not found
2023-12-12 15:35:40,258 file.ManagerServant INFO Master manager not found
2023-12-12 15:35:50,279 file.ManagerServant INFO Master manager not found
2023-12-12 15:36:00,329 file.ManagerServant INFO Master manager not found
2023-12-12 15:36:10,376 file.ManagerServant INFO Master manager not found
2023-12-12 15:36:20,425 file.ManagerServant INFO Master manager not found
2023-12-12 15:36:30,425 file.ManagerServant INFO Master manager not found
2023-12-12 15:36:40,537 file.ManagerServant INFO Master manager not found
2023-12-12 15:36:50,591 file.ManagerServant INFO Master manager not found
2023-12-12 15:37:00,593 file.ManagerServant INFO Master manager not found
2023-12-12 15:37:10,637 file.ManagerServant INFO Master manager not found
2023-12-12 15:37:20,669 file.ManagerServant INFO Master manager not found
2023-12-12 15:37:30,694 file.ManagerServant INFO Master manager not found
2023-12-12 15:37:40,732 file.ManagerServant INFO Master manager not found
2023-12-12 15:37:50,762 file.ManagerServant INFO Master manager not found
2023-12-12 15:38:00,795 file.ManagerServant INFO Master manager not found
2023-12-12 15:38:10,831 file.ManagerServant INFO Master manager not found
2023-12-12 15:38:20,831 file.ManagerServant INFO Master manager not found
2023-12-12 15:38:22,193 file.ec_base ERROR The component is not responding.
2023-12-12 15:38:22,194 file.ec_base ERROR Unknown error: Invalid state transition.
