2023-12-12 22:57:02,454 file.manager INFO 2.0.1
2023-12-12 22:57:02,454 file.manager INFO Copyright (C) 2003-2022, Noriaki Ando and OpenRTM development team,
2023-12-12 22:57:02,454 file.manager INFO   Intelligent Systems Research Institute, AIST,
2023-12-12 22:57:02,454 file.manager INFO Copyright (C) 2022, Noriaki Ando and OpenRTM development team,
2023-12-12 22:57:02,454 file.manager INFO   Industrial Cyber-Physical Research Center, AIST,
2023-12-12 22:57:02,454 file.manager INFO   All right reserved.
2023-12-12 22:57:02,454 file.manager INFO Manager starting.
2023-12-12 22:57:02,454 file.manager INFO Starting local logging.
2023-12-12 22:57:02,470 file.manager.namingmanager INFO NameServer connection succeeded: corba/localhost
2023-12-12 22:57:06,588 file.ManagerServant INFO Master manager not found
2023-12-12 22:57:06,588 file.LocalServiceAdmin INFO All the local services are enabled.
2023-12-12 22:57:06,592 file.manager INFO Component type conf file: photospot_enter.conf loaded.
2023-12-12 22:57:06,592 file.ec_base INFO setRate(1000000.000000) done
2023-12-12 22:57:06,592 file.ec_base INFO setRate(1000.000000) done
2023-12-12 22:57:06,592 file.rtobject INFO 1 execution context was created.
2023-12-12 22:57:06,592 file.rtobject INFO Initial active configuration set is default.
2023-12-12 22:57:20,716 file.ManagerServant INFO Master manager not found
2023-12-12 22:57:30,805 file.ManagerServant INFO Master manager not found
2023-12-12 22:57:40,824 file.ManagerServant INFO Master manager not found
2023-12-12 22:57:50,956 file.ManagerServant INFO Master manager not found
2023-12-12 22:58:01,033 file.ManagerServant INFO Master manager not found
2023-12-12 22:58:11,124 file.ManagerServant INFO Master manager not found
2023-12-12 22:58:21,147 file.ManagerServant INFO Master manager not found
2023-12-12 22:58:31,180 file.ManagerServant INFO Master manager not found
2023-12-12 22:58:32,044 file.ec_base ERROR The component is not responding.
2023-12-12 22:58:32,044 file.ec_base ERROR Unknown error: Invalid state transition.
2023-12-12 22:58:33,707 file.SdoServiceAdmin WARNING No available SDO service in the factory: 
2023-12-12 22:58:33,707 file.SdoServiceAdmin ERROR type  not exists.
2023-12-12 22:58:41,215 file.ManagerServant INFO Master manager not found
