2023-12-12 22:53:32,583 file.manager INFO 2.0.1
2023-12-12 22:53:32,583 file.manager INFO Copyright (C) 2003-2022, Noriaki Ando and OpenRTM development team,
2023-12-12 22:53:32,583 file.manager INFO   Intelligent Systems Research Institute, AIST,
2023-12-12 22:53:32,583 file.manager INFO Copyright (C) 2022, Noriaki Ando and OpenRTM development team,
2023-12-12 22:53:32,583 file.manager INFO   Industrial Cyber-Physical Research Center, AIST,
2023-12-12 22:53:32,583 file.manager INFO   All right reserved.
2023-12-12 22:53:32,583 file.manager INFO Manager starting.
2023-12-12 22:53:32,583 file.manager INFO Starting local logging.
2023-12-12 22:53:32,598 file.manager.namingmanager INFO NameServer connection succeeded: corba/localhost
2023-12-12 22:53:36,694 file.ManagerServant INFO Master manager not found
2023-12-12 22:53:36,694 file.LocalServiceAdmin INFO All the local services are enabled.
2023-12-12 22:53:36,705 file.manager INFO Component type conf file: photospot_enter.conf loaded.
2023-12-12 22:53:36,705 file.ec_base INFO setRate(1000000.000000) done
2023-12-12 22:53:36,705 file.ec_base INFO setRate(1000.000000) done
2023-12-12 22:53:36,705 file.rtobject INFO 1 execution context was created.
2023-12-12 22:53:36,705 file.rtobject INFO Initial active configuration set is default.
2023-12-12 22:53:50,836 file.ManagerServant INFO Master manager not found
2023-12-12 22:54:00,853 file.ManagerServant INFO Master manager not found
2023-12-12 22:54:10,925 file.ManagerServant INFO Master manager not found
2023-12-12 22:54:20,980 file.ManagerServant INFO Master manager not found
2023-12-12 22:54:31,058 file.ManagerServant INFO Master manager not found
2023-12-12 22:54:41,085 file.ManagerServant INFO Master manager not found
2023-12-12 22:54:51,154 file.ManagerServant INFO Master manager not found
2023-12-12 22:55:01,201 file.ManagerServant INFO Master manager not found
2023-12-12 22:55:09,750 file.ec_base ERROR The component is not responding.
2023-12-12 22:55:09,750 file.ec_base ERROR Unknown error: Invalid state transition.
2023-12-12 22:55:11,244 file.ManagerServant INFO Master manager not found
