2023-12-10 11:59:26,200 file.manager INFO 2.0.1
2023-12-10 11:59:26,200 file.manager INFO Copyright (C) 2003-2022, Noriaki Ando and OpenRTM development team,
2023-12-10 11:59:26,200 file.manager INFO   Intelligent Systems Research Institute, AIST,
2023-12-10 11:59:26,200 file.manager INFO Copyright (C) 2022, Noriaki Ando and OpenRTM development team,
2023-12-10 11:59:26,200 file.manager INFO   Industrial Cyber-Physical Research Center, AIST,
2023-12-10 11:59:26,200 file.manager INFO   All right reserved.
2023-12-10 11:59:26,200 file.manager INFO Manager starting.
2023-12-10 11:59:26,200 file.manager INFO Starting local logging.
2023-12-10 11:59:26,200 file.manager.namingmanager INFO NameServer connection succeeded: corba/localhost
2023-12-10 11:59:30,308 file.ManagerServant INFO Master manager not found
2023-12-10 11:59:30,314 file.LocalServiceAdmin INFO All the local services are enabled.
2023-12-10 11:59:30,314 file.manager INFO Component type conf file: photospot_enter.conf loaded.
2023-12-10 11:59:30,314 file.ec_base INFO setRate(1000000.000000) done
2023-12-10 11:59:30,314 file.ec_base INFO setRate(1000.000000) done
2023-12-10 11:59:30,314 file.rtobject INFO 1 execution context was created.
2023-12-10 11:59:30,314 file.rtobject INFO Initial active configuration set is default.
2023-12-10 11:59:42,420 file.SdoServiceAdmin WARNING No available SDO service in the factory: 
2023-12-10 11:59:42,421 file.SdoServiceAdmin ERROR type  not exists.
2023-12-10 11:59:44,452 file.ManagerServant INFO Master manager not found
2023-12-10 11:59:54,416 file.ManagerServant INFO Master manager not found
2023-12-10 12:00:04,445 file.ManagerServant INFO Master manager not found
2023-12-10 12:00:08,125 file.OutPortConnector ERROR unkown error.
2023-12-10 12:00:14,514 file.ManagerServant INFO Master manager not found
2023-12-10 12:00:23,025 file.ec_base ERROR The component is not responding.
2023-12-10 12:00:23,025 file.ec_base ERROR Unknown error: Invalid state transition.
2023-12-10 12:00:24,549 file.ManagerServant INFO Master manager not found
