2023-12-12 21:40:01,999 file.manager INFO 2.0.1
2023-12-12 21:40:01,999 file.manager INFO Copyright (C) 2003-2022, Noriaki Ando and OpenRTM development team,
2023-12-12 21:40:01,999 file.manager INFO   Intelligent Systems Research Institute, AIST,
2023-12-12 21:40:01,999 file.manager INFO Copyright (C) 2022, Noriaki Ando and OpenRTM development team,
2023-12-12 21:40:01,999 file.manager INFO   Industrial Cyber-Physical Research Center, AIST,
2023-12-12 21:40:01,999 file.manager INFO   All right reserved.
2023-12-12 21:40:01,999 file.manager INFO Manager starting.
2023-12-12 21:40:01,999 file.manager INFO Starting local logging.
2023-12-12 21:40:01,999 file.manager.namingmanager INFO NameServer connection succeeded: corba/localhost
2023-12-12 21:40:06,116 file.ManagerServant INFO Master manager not found
2023-12-12 21:40:06,116 file.LocalServiceAdmin INFO All the local services are enabled.
2023-12-12 21:40:06,116 file.manager INFO Component type conf file: photospot_enter.conf loaded.
2023-12-12 21:40:06,116 file.ec_base INFO setRate(1000000.000000) done
2023-12-12 21:40:06,116 file.ec_base INFO setRate(1000.000000) done
2023-12-12 21:40:06,116 file.rtobject INFO 1 execution context was created.
2023-12-12 21:40:06,132 file.rtobject INFO Initial active configuration set is default.
2023-12-12 21:40:20,304 file.ManagerServant INFO Master manager not found
2023-12-12 21:40:30,346 file.ManagerServant INFO Master manager not found
2023-12-12 21:40:40,424 file.ManagerServant INFO Master manager not found
2023-12-12 21:40:50,488 file.ManagerServant INFO Master manager not found
2023-12-12 21:41:00,496 file.ManagerServant INFO Master manager not found
2023-12-12 21:41:10,536 file.ManagerServant INFO Master manager not found
2023-12-12 21:41:20,569 file.ManagerServant INFO Master manager not found
2023-12-12 21:41:30,613 file.ManagerServant INFO Master manager not found
2023-12-12 21:41:40,648 file.ManagerServant INFO Master manager not found
2023-12-12 21:41:50,702 file.ManagerServant INFO Master manager not found
2023-12-12 21:42:00,752 file.ManagerServant INFO Master manager not found
2023-12-12 21:42:10,782 file.ManagerServant INFO Master manager not found
2023-12-12 21:42:20,839 file.ManagerServant INFO Master manager not found
2023-12-12 21:42:30,875 file.ManagerServant INFO Master manager not found
2023-12-12 21:42:35,761 file.ec_base ERROR The component is not responding.
2023-12-12 21:42:35,762 file.ec_base ERROR Unknown error: Invalid state transition.
2023-12-12 21:42:37,723 file.SdoServiceAdmin WARNING No available SDO service in the factory: 
2023-12-12 21:42:37,723 file.SdoServiceAdmin ERROR type  not exists.
2023-12-12 21:42:40,905 file.ManagerServant INFO Master manager not found
