2023-12-12 23:02:42,765 file.manager INFO 2.0.1
2023-12-12 23:02:42,765 file.manager INFO Copyright (C) 2003-2022, Noriaki Ando and OpenRTM development team,
2023-12-12 23:02:42,765 file.manager INFO   Intelligent Systems Research Institute, AIST,
2023-12-12 23:02:42,765 file.manager INFO Copyright (C) 2022, Noriaki Ando and OpenRTM development team,
2023-12-12 23:02:42,765 file.manager INFO   Industrial Cyber-Physical Research Center, AIST,
2023-12-12 23:02:42,765 file.manager INFO   All right reserved.
2023-12-12 23:02:42,765 file.manager INFO Manager starting.
2023-12-12 23:02:42,765 file.manager INFO Starting local logging.
2023-12-12 23:02:42,765 file.manager.namingmanager INFO NameServer connection succeeded: corba/localhost
2023-12-12 23:02:46,892 file.ManagerServant INFO Master manager not found
2023-12-12 23:02:46,892 file.LocalServiceAdmin INFO All the local services are enabled.
2023-12-12 23:02:46,892 file.manager INFO Component type conf file: photospot_enter.conf loaded.
2023-12-12 23:02:46,892 file.ec_base INFO setRate(1000000.000000) done
2023-12-12 23:02:46,892 file.ec_base INFO setRate(1000.000000) done
2023-12-12 23:02:46,892 file.rtobject INFO 1 execution context was created.
2023-12-12 23:02:46,892 file.rtobject INFO Initial active configuration set is default.
2023-12-12 23:03:01,036 file.ManagerServant INFO Master manager not found
2023-12-12 23:03:11,152 file.ManagerServant INFO Master manager not found
2023-12-12 23:03:21,221 file.ManagerServant INFO Master manager not found
2023-12-12 23:03:31,236 file.ManagerServant INFO Master manager not found
2023-12-12 23:03:41,294 file.ManagerServant INFO Master manager not found
2023-12-12 23:03:51,326 file.ManagerServant INFO Master manager not found
2023-12-12 23:04:01,430 file.ManagerServant INFO Master manager not found
2023-12-12 23:04:11,492 file.ManagerServant INFO Master manager not found
2023-12-12 23:04:21,532 file.ManagerServant INFO Master manager not found
2023-12-12 23:04:22,868 file.ec_base ERROR The component is not responding.
2023-12-12 23:04:22,868 file.ec_base ERROR Unknown error: Invalid state transition.
