2023-12-10 13:00:53,513 file.manager INFO 2.0.1
2023-12-10 13:00:53,513 file.manager INFO Copyright (C) 2003-2022, Noriaki Ando and OpenRTM development team,
2023-12-10 13:00:53,513 file.manager INFO   Intelligent Systems Research Institute, AIST,
2023-12-10 13:00:53,513 file.manager INFO Copyright (C) 2022, Noriaki Ando and OpenRTM development team,
2023-12-10 13:00:53,513 file.manager INFO   Industrial Cyber-Physical Research Center, AIST,
2023-12-10 13:00:53,513 file.manager INFO   All right reserved.
2023-12-10 13:00:53,513 file.manager INFO Manager starting.
2023-12-10 13:00:53,513 file.manager INFO Starting local logging.
2023-12-10 13:00:53,513 file.manager.namingmanager INFO NameServer connection succeeded: corba/localhost
2023-12-10 13:00:57,622 file.ManagerServant INFO Master manager not found
2023-12-10 13:00:57,622 file.LocalServiceAdmin INFO All the local services are enabled.
2023-12-10 13:00:57,622 file.manager INFO Component type conf file: photospot_enter.conf loaded.
2023-12-10 13:00:57,638 file.ec_base INFO setRate(1000000.000000) done
2023-12-10 13:00:57,638 file.ec_base INFO setRate(1000.000000) done
2023-12-10 13:00:57,638 file.rtobject INFO 1 execution context was created.
2023-12-10 13:00:57,638 file.rtobject INFO Initial active configuration set is default.
2023-12-10 13:01:11,799 file.ManagerServant INFO Master manager not found
2023-12-10 13:01:21,817 file.ManagerServant INFO Master manager not found
2023-12-10 13:01:26,438 file.OutPortConnector ERROR unkown error.
2023-12-10 13:01:31,886 file.ManagerServant INFO Master manager not found
2023-12-10 13:01:41,927 file.ManagerServant INFO Master manager not found
2023-12-10 13:01:51,972 file.ManagerServant INFO Master manager not found
2023-12-10 13:01:56,141 file.ec_base ERROR The component is not responding.
2023-12-10 13:01:56,142 file.ec_base ERROR Unknown error: Invalid state transition.
