2023-12-10 11:57:34,544 file.manager INFO 2.0.1
2023-12-10 11:57:34,545 file.manager INFO Copyright (C) 2003-2022, Noriaki Ando and OpenRTM development team,
2023-12-10 11:57:34,545 file.manager INFO   Intelligent Systems Research Institute, AIST,
2023-12-10 11:57:34,545 file.manager INFO Copyright (C) 2022, Noriaki Ando and OpenRTM development team,
2023-12-10 11:57:34,545 file.manager INFO   Industrial Cyber-Physical Research Center, AIST,
2023-12-10 11:57:34,546 file.manager INFO   All right reserved.
2023-12-10 11:57:34,546 file.manager INFO Manager starting.
2023-12-10 11:57:34,546 file.manager INFO Starting local logging.
2023-12-10 11:57:34,554 file.manager.namingmanager INFO NameServer connection succeeded: corba/localhost
2023-12-10 11:57:38,637 file.ManagerServant INFO Master manager not found
2023-12-10 11:57:38,640 file.LocalServiceAdmin INFO All the local services are enabled.
2023-12-10 11:57:38,647 file.manager INFO Component type conf file: photospot_enter.conf loaded.
2023-12-10 11:57:38,650 file.ec_base INFO setRate(1000000.000000) done
2023-12-10 11:57:38,650 file.ec_base INFO setRate(1000.000000) done
2023-12-10 11:57:38,651 file.rtobject INFO 1 execution context was created.
2023-12-10 11:57:38,652 file.rtobject INFO Initial active configuration set is default.
2023-12-10 11:57:51,770 file.SdoServiceAdmin WARNING No available SDO service in the factory: 
2023-12-10 11:57:51,770 file.SdoServiceAdmin ERROR type  not exists.
2023-12-10 11:57:52,752 file.ManagerServant INFO Master manager not found
2023-12-10 11:58:02,849 file.ManagerServant INFO Master manager not found
