2023-12-12 22:26:29,523 file.manager INFO 2.0.1
2023-12-12 22:26:29,523 file.manager INFO Copyright (C) 2003-2022, Noriaki Ando and OpenRTM development team,
2023-12-12 22:26:29,523 file.manager INFO   Intelligent Systems Research Institute, AIST,
2023-12-12 22:26:29,523 file.manager INFO Copyright (C) 2022, Noriaki Ando and OpenRTM development team,
2023-12-12 22:26:29,523 file.manager INFO   Industrial Cyber-Physical Research Center, AIST,
2023-12-12 22:26:29,523 file.manager INFO   All right reserved.
2023-12-12 22:26:29,523 file.manager INFO Manager starting.
2023-12-12 22:26:29,523 file.manager INFO Starting local logging.
2023-12-12 22:26:29,530 file.manager.namingmanager INFO NameServer connection succeeded: corba/localhost
2023-12-12 22:26:33,602 file.ManagerServant INFO Master manager not found
2023-12-12 22:26:33,602 file.LocalServiceAdmin INFO All the local services are enabled.
2023-12-12 22:26:33,614 file.manager INFO Component type conf file: photospot_enter.conf loaded.
2023-12-12 22:26:33,617 file.ec_base INFO setRate(1000000.000000) done
2023-12-12 22:26:33,617 file.ec_base INFO setRate(1000.000000) done
2023-12-12 22:26:33,617 file.rtobject INFO 1 execution context was created.
2023-12-12 22:26:33,617 file.rtobject INFO Initial active configuration set is default.
2023-12-12 22:26:47,813 file.ManagerServant INFO Master manager not found
2023-12-12 22:26:57,807 file.ManagerServant INFO Master manager not found
2023-12-12 22:27:07,268 file.SdoServiceAdmin WARNING No available SDO service in the factory: 
2023-12-12 22:27:07,269 file.SdoServiceAdmin ERROR type  not exists.
2023-12-12 22:27:07,855 file.ManagerServant INFO Master manager not found
2023-12-12 22:27:17,887 file.ManagerServant INFO Master manager not found
2023-12-12 22:27:27,940 file.ManagerServant INFO Master manager not found
2023-12-12 22:27:38,009 file.ManagerServant INFO Master manager not found
2023-12-12 22:27:40,872 file.ec_base ERROR The component is not responding.
2023-12-12 22:27:40,872 file.ec_base ERROR Unknown error: Invalid state transition.
2023-12-12 22:27:48,059 file.ManagerServant INFO Master manager not found
