2023-11-11 14:32:14,029 file.manager INFO 2.0.1
2023-11-11 14:32:14,029 file.manager INFO Copyright (C) 2003-2022, Noriaki Ando and OpenRTM development team,
2023-11-11 14:32:14,029 file.manager INFO   Intelligent Systems Research Institute, AIST,
2023-11-11 14:32:14,029 file.manager INFO Copyright (C) 2022, Noriaki Ando and OpenRTM development team,
2023-11-11 14:32:14,029 file.manager INFO   Industrial Cyber-Physical Research Center, AIST,
2023-11-11 14:32:14,029 file.manager INFO   All right reserved.
2023-11-11 14:32:14,029 file.manager INFO Manager starting.
2023-11-11 14:32:14,029 file.manager INFO Starting local logging.
2023-11-11 14:32:14,029 file.manager.namingmanager INFO NameServer connection succeeded: corba/localhost
2023-11-11 14:32:18,114 file.ManagerServant INFO Master manager not found
2023-11-11 14:32:18,114 file.LocalServiceAdmin INFO All the local services are enabled.
2023-11-11 14:32:18,114 file.manager INFO Component type conf file: photospot_enter.conf loaded.
2023-11-11 14:32:18,129 file.ec_base INFO setRate(1000000.000000) done
2023-11-11 14:32:18,129 file.ec_base INFO setRate(1000.000000) done
2023-11-11 14:32:18,129 file.rtobject INFO 1 execution context was created.
2023-11-11 14:32:18,129 file.rtobject INFO Initial active configuration set is default.
2023-11-11 14:32:32,257 file.ManagerServant INFO Master manager not found
2023-11-11 14:32:42,315 file.ManagerServant INFO Master manager not found
2023-11-11 14:32:52,410 file.ManagerServant INFO Master manager not found
2023-11-11 14:33:02,493 file.ManagerServant INFO Master manager not found
2023-11-11 14:33:12,593 file.ManagerServant INFO Master manager not found
2023-11-11 14:33:22,565 file.ManagerServant INFO Master manager not found
2023-11-11 14:33:32,668 file.ManagerServant INFO Master manager not found
2023-11-11 14:33:42,743 file.ManagerServant INFO Master manager not found
2023-11-11 14:33:52,824 file.ManagerServant INFO Master manager not found
2023-11-11 14:34:02,829 file.ManagerServant INFO Master manager not found
2023-11-11 14:34:09,106 file.OutPortConnector ERROR unkown error.
2023-11-11 14:34:12,883 file.ManagerServant INFO Master manager not found
2023-11-11 14:34:22,899 file.ManagerServant INFO Master manager not found
2023-11-11 14:34:32,982 file.ManagerServant INFO Master manager not found
2023-11-11 14:34:33,677 file.ec_base ERROR The component is not responding.
2023-11-11 14:34:33,677 file.ec_base ERROR Unknown error: Invalid state transition.
