2023-11-25 13:47:41,089 file.manager INFO 2.0.1
2023-11-25 13:47:41,089 file.manager INFO Copyright (C) 2003-2022, Noriaki Ando and OpenRTM development team,
2023-11-25 13:47:41,089 file.manager INFO   Intelligent Systems Research Institute, AIST,
2023-11-25 13:47:41,089 file.manager INFO Copyright (C) 2022, Noriaki Ando and OpenRTM development team,
2023-11-25 13:47:41,089 file.manager INFO   Industrial Cyber-Physical Research Center, AIST,
2023-11-25 13:47:41,089 file.manager INFO   All right reserved.
2023-11-25 13:47:41,089 file.manager INFO Manager starting.
2023-11-25 13:47:41,089 file.manager INFO Starting local logging.
2023-11-25 13:47:41,089 file.manager.namingmanager INFO NameServer connection succeeded: corba/localhost
2023-11-25 13:47:45,157 file.ManagerServant INFO Master manager not found
2023-11-25 13:47:45,157 file.LocalServiceAdmin INFO All the local services are enabled.
2023-11-25 13:47:45,157 file.manager INFO Component type conf file: photospot_enter.conf loaded.
2023-11-25 13:47:45,172 file.ec_base INFO setRate(1000000.000000) done
2023-11-25 13:47:45,172 file.ec_base INFO setRate(1000.000000) done
2023-11-25 13:47:45,172 file.rtobject INFO 1 execution context was created.
2023-11-25 13:47:45,172 file.rtobject INFO Initial active configuration set is default.
2023-11-25 13:47:59,282 file.ManagerServant INFO Master manager not found
2023-11-25 13:48:09,355 file.ManagerServant INFO Master manager not found
2023-11-25 13:48:19,381 file.ManagerServant INFO Master manager not found
2023-11-25 13:48:21,041 file.OutPortConnector ERROR unkown error.
2023-11-25 13:48:29,409 file.ManagerServant INFO Master manager not found
2023-11-25 13:48:39,477 file.ManagerServant INFO Master manager not found
2023-11-25 13:48:49,532 file.ManagerServant INFO Master manager not found
2023-11-25 13:48:59,515 file.ManagerServant INFO Master manager not found
2023-11-25 13:49:09,657 file.ManagerServant INFO Master manager not found
2023-11-25 13:49:19,710 file.ManagerServant INFO Master manager not found
2023-11-25 13:49:29,714 file.ManagerServant INFO Master manager not found
2023-11-25 13:49:39,780 file.ManagerServant INFO Master manager not found
2023-11-25 13:49:49,809 file.ManagerServant INFO Master manager not found
2023-11-25 13:49:59,848 file.ManagerServant INFO Master manager not found
2023-11-25 13:50:09,895 file.ManagerServant INFO Master manager not found
2023-11-25 13:50:19,939 file.ManagerServant INFO Master manager not found
2023-11-25 13:50:29,926 file.ManagerServant INFO Master manager not found
2023-11-25 13:50:39,931 file.ManagerServant INFO Master manager not found
2023-11-25 13:50:49,955 file.ManagerServant INFO Master manager not found
2023-11-25 13:50:59,960 file.ManagerServant INFO Master manager not found
2023-11-25 13:51:09,975 file.ManagerServant INFO Master manager not found
2023-11-25 13:51:20,050 file.ManagerServant INFO Master manager not found
2023-11-25 13:51:30,199 file.ManagerServant INFO Master manager not found
2023-11-25 13:51:40,258 file.ManagerServant INFO Master manager not found
2023-11-25 13:51:50,278 file.ManagerServant INFO Master manager not found
2023-11-25 13:52:00,325 file.ManagerServant INFO Master manager not found
2023-11-25 13:52:10,439 file.ManagerServant INFO Master manager not found
2023-11-25 13:52:20,457 file.ManagerServant INFO Master manager not found
2023-11-25 13:52:30,449 file.ManagerServant INFO Master manager not found
2023-11-25 13:52:40,488 file.ManagerServant INFO Master manager not found
2023-11-25 13:52:50,530 file.ManagerServant INFO Master manager not found
2023-11-25 13:53:00,545 file.ManagerServant INFO Master manager not found
2023-11-25 13:53:10,654 file.ManagerServant INFO Master manager not found
2023-11-25 13:53:20,665 file.ManagerServant INFO Master manager not found
2023-11-25 13:53:30,674 file.ManagerServant INFO Master manager not found
2023-11-25 13:53:40,675 file.ManagerServant INFO Master manager not found
2023-11-25 13:53:50,803 file.ManagerServant INFO Master manager not found
2023-11-25 13:54:00,798 file.ManagerServant INFO Master manager not found
2023-11-25 13:54:10,813 file.ManagerServant INFO Master manager not found
2023-11-25 13:54:20,843 file.ManagerServant INFO Master manager not found
2023-11-25 13:54:30,963 file.ManagerServant INFO Master manager not found
2023-11-25 13:54:40,940 file.ManagerServant INFO Master manager not found
2023-11-25 13:54:51,030 file.ManagerServant INFO Master manager not found
2023-11-25 13:55:01,045 file.ManagerServant INFO Master manager not found
2023-11-25 13:55:11,094 file.ManagerServant INFO Master manager not found
2023-11-25 13:55:21,141 file.ManagerServant INFO Master manager not found
2023-11-25 13:55:31,184 file.ManagerServant INFO Master manager not found
2023-11-25 13:55:41,175 file.ManagerServant INFO Master manager not found
2023-11-25 13:55:51,222 file.ManagerServant INFO Master manager not found
2023-11-25 13:56:01,237 file.ManagerServant INFO Master manager not found
2023-11-25 13:56:11,264 file.ManagerServant INFO Master manager not found
2023-11-25 13:56:21,280 file.ManagerServant INFO Master manager not found
2023-11-25 13:56:31,318 file.ManagerServant INFO Master manager not found
2023-11-25 13:56:41,363 file.ManagerServant INFO Master manager not found
2023-11-25 13:56:51,390 file.ManagerServant INFO Master manager not found
2023-11-25 13:57:01,413 file.ManagerServant INFO Master manager not found
2023-11-25 13:57:11,415 file.ManagerServant INFO Master manager not found
2023-11-25 13:57:21,529 file.ManagerServant INFO Master manager not found
2023-11-25 13:57:31,571 file.ManagerServant INFO Master manager not found
2023-11-25 13:57:41,623 file.ManagerServant INFO Master manager not found
2023-11-25 13:57:51,667 file.ManagerServant INFO Master manager not found
2023-11-25 13:58:01,714 file.ManagerServant INFO Master manager not found
2023-11-25 13:58:11,758 file.ManagerServant INFO Master manager not found
2023-11-25 13:58:21,800 file.ManagerServant INFO Master manager not found
2023-11-25 13:58:31,858 file.ManagerServant INFO Master manager not found
2023-11-25 13:58:41,883 file.ManagerServant INFO Master manager not found
2023-11-25 13:58:51,888 file.ManagerServant INFO Master manager not found
2023-11-25 13:59:01,914 file.ManagerServant INFO Master manager not found
2023-11-25 13:59:11,936 file.ManagerServant INFO Master manager not found
2023-11-25 13:59:21,935 file.ManagerServant INFO Master manager not found
2023-11-25 13:59:31,950 file.ManagerServant INFO Master manager not found
2023-11-25 13:59:41,994 file.ManagerServant INFO Master manager not found
2023-11-25 13:59:52,034 file.ManagerServant INFO Master manager not found
2023-11-25 14:00:02,083 file.ManagerServant INFO Master manager not found
2023-11-25 14:00:12,124 file.ManagerServant INFO Master manager not found
2023-11-25 14:00:22,150 file.ManagerServant INFO Master manager not found
2023-11-25 14:00:32,187 file.ManagerServant INFO Master manager not found
2023-11-25 14:00:42,292 file.ManagerServant INFO Master manager not found
2023-11-25 14:00:52,320 file.ManagerServant INFO Master manager not found
2023-11-25 14:01:02,339 file.ManagerServant INFO Master manager not found
2023-11-25 14:01:12,386 file.ManagerServant INFO Master manager not found
2023-11-25 14:01:22,387 file.ManagerServant INFO Master manager not found
2023-11-25 14:01:32,434 file.ManagerServant INFO Master manager not found
2023-11-25 14:01:42,443 file.ManagerServant INFO Master manager not found
2023-11-25 14:01:52,466 file.ManagerServant INFO Master manager not found
2023-11-25 14:02:02,438 file.ManagerServant INFO Master manager not found
2023-11-25 14:02:12,517 file.ManagerServant INFO Master manager not found
2023-11-25 14:02:22,543 file.ManagerServant INFO Master manager not found
2023-11-25 14:02:32,592 file.ManagerServant INFO Master manager not found
2023-11-25 14:02:42,619 file.ManagerServant INFO Master manager not found
2023-11-25 14:02:52,627 file.ManagerServant INFO Master manager not found
2023-11-25 14:03:02,687 file.ManagerServant INFO Master manager not found
2023-11-25 14:03:12,699 file.ManagerServant INFO Master manager not found
2023-11-25 14:03:22,734 file.ManagerServant INFO Master manager not found
2023-11-25 14:03:32,769 file.ManagerServant INFO Master manager not found
2023-11-25 14:03:40,917 file.SdoServiceAdmin WARNING No available SDO service in the factory: 
2023-11-25 14:03:40,918 file.SdoServiceAdmin ERROR type  not exists.
2023-11-25 14:03:42,811 file.ManagerServant INFO Master manager not found
2023-11-25 14:03:44,309 file.ec_worker ERROR State of the RTC is not INACTIVE_STATE.
2023-11-25 14:03:45,982 file.ec_base ERROR The component is not responding.
2023-11-25 14:03:45,982 file.ec_base ERROR Unknown error: Invalid state transition.
