2023-11-11 13:46:58,589 file.manager INFO 2.0.1
2023-11-11 13:46:58,589 file.manager INFO Copyright (C) 2003-2022, Noriaki Ando and OpenRTM development team,
2023-11-11 13:46:58,589 file.manager INFO   Intelligent Systems Research Institute, AIST,
2023-11-11 13:46:58,589 file.manager INFO Copyright (C) 2022, Noriaki Ando and OpenRTM development team,
2023-11-11 13:46:58,589 file.manager INFO   Industrial Cyber-Physical Research Center, AIST,
2023-11-11 13:46:58,589 file.manager INFO   All right reserved.
2023-11-11 13:46:58,589 file.manager INFO Manager starting.
2023-11-11 13:46:58,589 file.manager INFO Starting local logging.
2023-11-11 13:47:02,729 file.manager.namingmanager INFO NameServer connection failed: corba/localhost
2023-11-11 13:47:06,877 file.ManagerServant INFO Master manager not found
2023-11-11 13:47:06,877 file.LocalServiceAdmin INFO All the local services are enabled.
2023-11-11 13:47:06,877 file.manager INFO Component type conf file: photospot_enter.conf loaded.
2023-11-11 13:47:06,877 file.ec_base INFO setRate(1000000.000000) done
2023-11-11 13:47:06,877 file.ec_base INFO setRate(1000.000000) done
2023-11-11 13:47:06,877 file.rtobject INFO 1 execution context was created.
2023-11-11 13:47:06,877 file.rtobject INFO Initial active configuration set is default.
2023-11-11 13:47:20,530 file.manager.namingmanager INFO NameServer connection succeeded: corba/localhost
2023-11-11 13:47:20,530 file.manager.namingmanager INFO Connected to a name server: corba/localhost
2023-11-11 13:47:24,631 file.ManagerServant INFO Master manager not found
2023-11-11 13:47:31,037 file.ManagerServant INFO Master manager not found
2023-11-11 13:47:41,120 file.ManagerServant INFO Master manager not found
2023-11-11 13:47:51,182 file.ManagerServant INFO Master manager not found
2023-11-11 13:47:56,109 file.OutPortConnector ERROR unkown error.
2023-11-11 13:48:01,244 file.ManagerServant INFO Master manager not found
2023-11-11 13:48:11,296 file.ManagerServant INFO Master manager not found
2023-11-11 13:48:21,283 file.ManagerServant INFO Master manager not found
2023-11-11 13:48:21,473 file.ec_base ERROR The component is not responding.
2023-11-11 13:48:21,473 file.ec_base ERROR Unknown error: Invalid state transition.
