2023-11-09 22:44:13,774 file.manager INFO 2.0.1
2023-11-09 22:44:13,774 file.manager INFO Copyright (C) 2003-2022, Noriaki Ando and OpenRTM development team,
2023-11-09 22:44:13,774 file.manager INFO   Intelligent Systems Research Institute, AIST,
2023-11-09 22:44:13,774 file.manager INFO Copyright (C) 2022, Noriaki Ando and OpenRTM development team,
2023-11-09 22:44:13,774 file.manager INFO   Industrial Cyber-Physical Research Center, AIST,
2023-11-09 22:44:13,774 file.manager INFO   All right reserved.
2023-11-09 22:44:13,774 file.manager INFO Manager starting.
2023-11-09 22:44:13,774 file.manager INFO Starting local logging.
2023-11-09 22:44:17,884 file.manager.namingmanager INFO NameServer connection failed: corba/localhost
2023-11-09 22:44:22,004 file.ManagerServant INFO Master manager not found
2023-11-09 22:44:22,004 file.LocalServiceAdmin INFO All the local services are enabled.
2023-11-09 22:44:22,004 file.manager INFO Component type conf file: photospot_enter.conf loaded.
2023-11-09 22:44:22,004 file.ec_base INFO setRate(1000000.000000) done
2023-11-09 22:44:22,004 file.ec_base INFO setRate(1000.000000) done
2023-11-09 22:44:22,004 file.rtobject INFO 1 execution context was created.
2023-11-09 22:44:22,004 file.rtobject INFO Initial active configuration set is default.
2023-11-09 22:44:36,165 file.manager.namingmanager INFO NameServer connection failed: corba/localhost
2023-11-09 22:44:40,211 file.ManagerServant INFO Master manager not found
2023-11-09 22:44:46,237 file.manager.namingmanager INFO NameServer connection failed: corba/localhost
2023-11-09 22:44:50,348 file.ManagerServant INFO Master manager not found
2023-11-09 22:44:52,177 file.manager.namingmanager INFO NameServer connection succeeded: corba/localhost
2023-11-09 22:44:52,177 file.manager.namingmanager INFO Connected to a name server: corba/localhost
2023-11-09 22:44:56,268 file.ManagerServant INFO Master manager not found
2023-11-09 22:45:06,353 file.ManagerServant INFO Master manager not found
2023-11-09 22:45:16,385 file.ManagerServant INFO Master manager not found
2023-11-09 22:45:26,419 file.ManagerServant INFO Master manager not found
2023-11-09 22:45:34,981 file.OutPortConnector ERROR unkown error.
2023-11-09 22:45:36,454 file.ManagerServant INFO Master manager not found
2023-11-09 22:45:46,521 file.ManagerServant INFO Master manager not found
2023-11-09 22:45:53,161 file.ec_base ERROR The component is not responding.
2023-11-09 22:45:53,161 file.ec_base ERROR Unknown error: Invalid state transition.
2023-11-09 22:45:54,848 file.SdoServiceAdmin WARNING No available SDO service in the factory: 
2023-11-09 22:45:54,849 file.SdoServiceAdmin ERROR type  not exists.
2023-11-09 22:45:56,545 file.ManagerServant INFO Master manager not found
