2023-12-12 21:29:51,271 file.manager INFO 2.0.1
2023-12-12 21:29:51,271 file.manager INFO Copyright (C) 2003-2022, Noriaki Ando and OpenRTM development team,
2023-12-12 21:29:51,271 file.manager INFO   Intelligent Systems Research Institute, AIST,
2023-12-12 21:29:51,271 file.manager INFO Copyright (C) 2022, Noriaki Ando and OpenRTM development team,
2023-12-12 21:29:51,271 file.manager INFO   Industrial Cyber-Physical Research Center, AIST,
2023-12-12 21:29:51,271 file.manager INFO   All right reserved.
2023-12-12 21:29:51,271 file.manager INFO Manager starting.
2023-12-12 21:29:51,271 file.manager INFO Starting local logging.
2023-12-12 21:29:51,271 file.manager.namingmanager INFO NameServer connection succeeded: corba/localhost
2023-12-12 21:29:55,391 file.ManagerServant INFO Master manager not found
2023-12-12 21:29:55,391 file.LocalServiceAdmin INFO All the local services are enabled.
2023-12-12 21:29:55,391 file.manager INFO Component type conf file: photospot_enter.conf loaded.
2023-12-12 21:29:55,407 file.ec_base INFO setRate(1000000.000000) done
2023-12-12 21:29:55,407 file.ec_base INFO setRate(1000.000000) done
2023-12-12 21:29:55,407 file.rtobject INFO 1 execution context was created.
2023-12-12 21:29:55,410 file.rtobject INFO Initial active configuration set is default.
2023-12-12 21:30:09,528 file.ManagerServant INFO Master manager not found
2023-12-12 21:30:19,597 file.ManagerServant INFO Master manager not found
2023-12-12 21:30:29,661 file.ManagerServant INFO Master manager not found
2023-12-12 21:30:39,754 file.ManagerServant INFO Master manager not found
2023-12-12 21:30:49,814 file.ManagerServant INFO Master manager not found
2023-12-12 21:30:59,851 file.ManagerServant INFO Master manager not found
2023-12-12 21:31:09,919 file.ManagerServant INFO Master manager not found
2023-12-12 21:31:19,942 file.ManagerServant INFO Master manager not found
2023-12-12 21:31:29,988 file.ManagerServant INFO Master manager not found
2023-12-12 21:31:40,040 file.ManagerServant INFO Master manager not found
2023-12-12 21:31:50,094 file.ManagerServant INFO Master manager not found
2023-12-12 21:32:00,152 file.ManagerServant INFO Master manager not found
2023-12-12 21:32:10,231 file.ManagerServant INFO Master manager not found
2023-12-12 21:32:20,252 file.ManagerServant INFO Master manager not found
2023-12-12 21:32:23,624 file.ec_base ERROR The component is not responding.
2023-12-12 21:32:23,624 file.ec_base ERROR Unknown error: Invalid state transition.
