2023-12-13 00:59:16,765 file.manager INFO 2.0.1
2023-12-13 00:59:16,765 file.manager INFO Copyright (C) 2003-2022, Noriaki Ando and OpenRTM development team,
2023-12-13 00:59:16,765 file.manager INFO   Intelligent Systems Research Institute, AIST,
2023-12-13 00:59:16,765 file.manager INFO Copyright (C) 2022, Noriaki Ando and OpenRTM development team,
2023-12-13 00:59:16,765 file.manager INFO   Industrial Cyber-Physical Research Center, AIST,
2023-12-13 00:59:16,765 file.manager INFO   All right reserved.
2023-12-13 00:59:16,765 file.manager INFO Manager starting.
2023-12-13 00:59:16,765 file.manager INFO Starting local logging.
2023-12-13 00:59:16,780 file.manager.namingmanager INFO NameServer connection succeeded: corba/localhost
2023-12-13 00:59:20,851 file.ManagerServant INFO Master manager not found
2023-12-13 00:59:20,851 file.LocalServiceAdmin INFO All the local services are enabled.
2023-12-13 00:59:20,864 file.manager INFO Component type conf file: photospot_enter.conf loaded.
2023-12-13 00:59:20,864 file.ec_base INFO setRate(1000000.000000) done
2023-12-13 00:59:20,864 file.ec_base INFO setRate(1000.000000) done
2023-12-13 00:59:20,864 file.rtobject INFO 1 execution context was created.
2023-12-13 00:59:20,864 file.rtobject INFO Initial active configuration set is default.
2023-12-13 00:59:35,047 file.ManagerServant INFO Master manager not found
2023-12-13 00:59:45,094 file.ManagerServant INFO Master manager not found
2023-12-13 00:59:55,163 file.ManagerServant INFO Master manager not found
2023-12-13 01:00:05,226 file.ManagerServant INFO Master manager not found
2023-12-13 01:00:15,312 file.ManagerServant INFO Master manager not found
2023-12-13 01:00:25,356 file.ManagerServant INFO Master manager not found
2023-12-13 01:00:35,395 file.ManagerServant INFO Master manager not found
2023-12-13 01:00:45,416 file.ManagerServant INFO Master manager not found
2023-12-13 01:00:55,459 file.ManagerServant INFO Master manager not found
2023-12-13 01:01:05,480 file.ManagerServant INFO Master manager not found
2023-12-13 01:01:15,559 file.ManagerServant INFO Master manager not found
2023-12-13 01:01:25,616 file.ManagerServant INFO Master manager not found
2023-12-13 01:01:35,673 file.ManagerServant INFO Master manager not found
2023-12-13 01:01:45,676 file.ManagerServant INFO Master manager not found
2023-12-13 01:01:53,857 file.ec_base ERROR The component is not responding.
2023-12-13 01:01:53,858 file.ec_base ERROR Unknown error: Invalid state transition.
2023-12-13 01:01:55,819 file.ManagerServant INFO Master manager not found
2023-12-13 01:01:56,600 file.SdoServiceAdmin WARNING No available SDO service in the factory: 
2023-12-13 01:01:56,600 file.SdoServiceAdmin ERROR type  not exists.
2023-12-13 01:02:05,786 file.ManagerServant INFO Master manager not found
