2023-12-13 01:38:20,489 file.manager INFO 2.0.1
2023-12-13 01:38:20,489 file.manager INFO Copyright (C) 2003-2022, Noriaki Ando and OpenRTM development team,
2023-12-13 01:38:20,489 file.manager INFO   Intelligent Systems Research Institute, AIST,
2023-12-13 01:38:20,489 file.manager INFO Copyright (C) 2022, Noriaki Ando and OpenRTM development team,
2023-12-13 01:38:20,489 file.manager INFO   Industrial Cyber-Physical Research Center, AIST,
2023-12-13 01:38:20,489 file.manager INFO   All right reserved.
2023-12-13 01:38:20,489 file.manager INFO Manager starting.
2023-12-13 01:38:20,489 file.manager INFO Starting local logging.
2023-12-13 01:38:20,489 file.manager.namingmanager INFO NameServer connection succeeded: corba/localhost
2023-12-13 01:38:24,561 file.ManagerServant INFO Master manager not found
2023-12-13 01:38:24,561 file.LocalServiceAdmin INFO All the local services are enabled.
2023-12-13 01:38:24,561 file.manager INFO Component type conf file: photospot_enter.conf loaded.
2023-12-13 01:38:24,561 file.ec_base INFO setRate(1000000.000000) done
2023-12-13 01:38:24,561 file.ec_base INFO setRate(1000.000000) done
2023-12-13 01:38:24,561 file.rtobject INFO 1 execution context was created.
2023-12-13 01:38:24,577 file.rtobject INFO Initial active configuration set is default.
2023-12-13 01:38:38,710 file.ManagerServant INFO Master manager not found
2023-12-13 01:38:48,762 file.ManagerServant INFO Master manager not found
2023-12-13 01:38:58,813 file.ManagerServant INFO Master manager not found
2023-12-13 01:39:08,840 file.ManagerServant INFO Master manager not found
2023-12-13 01:39:18,887 file.ManagerServant INFO Master manager not found
2023-12-13 01:39:28,963 file.ManagerServant INFO Master manager not found
2023-12-13 01:39:39,039 file.ManagerServant INFO Master manager not found
2023-12-13 01:39:49,080 file.ManagerServant INFO Master manager not found
2023-12-13 01:39:59,112 file.ManagerServant INFO Master manager not found
2023-12-13 01:40:09,268 file.ManagerServant INFO Master manager not found
2023-12-13 01:40:19,253 file.ManagerServant INFO Master manager not found
2023-12-13 01:40:29,306 file.ManagerServant INFO Master manager not found
2023-12-13 01:40:39,329 file.ManagerServant INFO Master manager not found
2023-12-13 01:40:49,403 file.ManagerServant INFO Master manager not found
2023-12-13 01:40:59,476 file.ManagerServant INFO Master manager not found
2023-12-13 01:41:09,499 file.ManagerServant INFO Master manager not found
2023-12-13 01:41:19,623 file.ManagerServant INFO Master manager not found
2023-12-13 01:41:29,688 file.ManagerServant INFO Master manager not found
2023-12-13 01:41:39,739 file.ManagerServant INFO Master manager not found
2023-12-13 01:41:49,853 file.ManagerServant INFO Master manager not found
2023-12-13 01:41:59,873 file.ManagerServant INFO Master manager not found
2023-12-13 01:42:09,891 file.ManagerServant INFO Master manager not found
2023-12-13 01:42:19,994 file.ManagerServant INFO Master manager not found
2023-12-13 01:42:30,022 file.ManagerServant INFO Master manager not found
2023-12-13 01:42:40,080 file.ManagerServant INFO Master manager not found
2023-12-13 01:42:50,095 file.ManagerServant INFO Master manager not found
2023-12-13 01:43:00,189 file.ManagerServant INFO Master manager not found
2023-12-13 01:43:10,229 file.ManagerServant INFO Master manager not found
2023-12-13 01:43:20,245 file.ManagerServant INFO Master manager not found
2023-12-13 01:43:30,403 file.ManagerServant INFO Master manager not found
2023-12-13 01:43:40,443 file.ManagerServant INFO Master manager not found
2023-12-13 01:43:50,499 file.ManagerServant INFO Master manager not found
2023-12-13 01:43:54,072 file.SdoServiceAdmin WARNING No available SDO service in the factory: 
2023-12-13 01:43:54,073 file.SdoServiceAdmin ERROR type  not exists.
2023-12-13 01:44:00,562 file.ManagerServant INFO Master manager not found
2023-12-13 01:44:10,606 file.ManagerServant INFO Master manager not found
2023-12-13 01:44:20,676 file.ManagerServant INFO Master manager not found
2023-12-13 01:44:21,769 file.ec_base ERROR The component is not responding.
2023-12-13 01:44:21,769 file.ec_base ERROR Unknown error: Invalid state transition.
