2023-12-12 22:05:10,703 file.manager INFO 2.0.1
2023-12-12 22:05:10,703 file.manager INFO Copyright (C) 2003-2022, Noriaki Ando and OpenRTM development team,
2023-12-12 22:05:10,703 file.manager INFO   Intelligent Systems Research Institute, AIST,
2023-12-12 22:05:10,703 file.manager INFO Copyright (C) 2022, Noriaki Ando and OpenRTM development team,
2023-12-12 22:05:10,703 file.manager INFO   Industrial Cyber-Physical Research Center, AIST,
2023-12-12 22:05:10,703 file.manager INFO   All right reserved.
2023-12-12 22:05:10,703 file.manager INFO Manager starting.
2023-12-12 22:05:10,703 file.manager INFO Starting local logging.
2023-12-12 22:05:10,703 file.manager.namingmanager INFO NameServer connection succeeded: corba/localhost
2023-12-12 22:05:14,799 file.ManagerServant INFO Master manager not found
2023-12-12 22:05:14,799 file.LocalServiceAdmin INFO All the local services are enabled.
2023-12-12 22:05:14,815 file.manager INFO Component type conf file: photospot_enter.conf loaded.
2023-12-12 22:05:14,815 file.ec_base INFO setRate(1000000.000000) done
2023-12-12 22:05:14,815 file.ec_base INFO setRate(1000.000000) done
2023-12-12 22:05:14,815 file.rtobject INFO 1 execution context was created.
2023-12-12 22:05:14,815 file.rtobject INFO Initial active configuration set is default.
2023-12-12 22:05:28,973 file.ManagerServant INFO Master manager not found
2023-12-12 22:05:39,050 file.ManagerServant INFO Master manager not found
2023-12-12 22:05:49,077 file.ManagerServant INFO Master manager not found
2023-12-12 22:05:59,085 file.ManagerServant INFO Master manager not found
2023-12-12 22:06:09,114 file.ManagerServant INFO Master manager not found
2023-12-12 22:06:19,121 file.ManagerServant INFO Master manager not found
2023-12-12 22:06:29,263 file.ManagerServant INFO Master manager not found
2023-12-12 22:06:39,295 file.ManagerServant INFO Master manager not found
2023-12-12 22:06:49,331 file.ManagerServant INFO Master manager not found
2023-12-12 22:06:59,379 file.ManagerServant INFO Master manager not found
2023-12-12 22:07:09,394 file.ManagerServant INFO Master manager not found
2023-12-12 22:07:19,438 file.ManagerServant INFO Master manager not found
2023-12-12 22:07:29,511 file.ManagerServant INFO Master manager not found
2023-12-12 22:07:39,540 file.ManagerServant INFO Master manager not found
2023-12-12 22:07:49,587 file.ManagerServant INFO Master manager not found
