2023-11-09 16:54:29,579 file.manager INFO 2.0.1
2023-11-09 16:54:29,579 file.manager INFO Copyright (C) 2003-2022, Noriaki Ando and OpenRTM development team,
2023-11-09 16:54:29,579 file.manager INFO   Intelligent Systems Research Institute, AIST,
2023-11-09 16:54:29,579 file.manager INFO Copyright (C) 2022, Noriaki Ando and OpenRTM development team,
2023-11-09 16:54:29,579 file.manager INFO   Industrial Cyber-Physical Research Center, AIST,
2023-11-09 16:54:29,579 file.manager INFO   All right reserved.
2023-11-09 16:54:29,579 file.manager INFO Manager starting.
2023-11-09 16:54:29,579 file.manager INFO Starting local logging.
2023-11-09 16:54:33,667 file.manager.namingmanager INFO NameServer connection failed: corba/localhost
2023-11-09 16:54:33,683 file.LocalServiceAdmin INFO All the local services are enabled.
2023-11-09 16:54:33,683 file.manager INFO Component type conf file: photospot_enter.conf loaded.
2023-11-09 16:54:33,698 file.ec_base INFO setRate(1000000.000000) done
2023-11-09 16:54:33,698 file.ec_base INFO setRate(1000.000000) done
2023-11-09 16:54:33,698 file.rtobject INFO 1 execution context was created.
2023-11-09 16:54:33,698 file.rtobject INFO Initial active configuration set is default.
2023-11-09 16:54:47,800 file.manager.namingmanager INFO NameServer connection failed: corba/localhost
2023-11-09 16:54:57,874 file.manager.namingmanager INFO NameServer connection failed: corba/localhost
2023-11-09 16:55:03,856 file.manager.namingmanager INFO NameServer connection succeeded: corba/localhost
2023-11-09 16:55:03,856 file.manager.namingmanager INFO Connected to a name server: corba/localhost
2023-11-09 16:55:12,433 file.SdoServiceAdmin WARNING No available SDO service in the factory: 
2023-11-09 16:55:12,433 file.SdoServiceAdmin ERROR type  not exists.
2023-11-09 16:55:55,715 file.OutPortConnector ERROR unkown error.
2023-11-09 16:56:33,059 file.ec_base ERROR The component is not responding.
2023-11-09 16:56:33,059 file.ec_base ERROR Unknown error: Invalid state transition.
