2023-11-09 16:34:37,788 file.manager INFO 2.0.1
2023-11-09 16:34:37,788 file.manager INFO Copyright (C) 2003-2022, Noriaki Ando and OpenRTM development team,
2023-11-09 16:34:37,788 file.manager INFO   Intelligent Systems Research Institute, AIST,
2023-11-09 16:34:37,788 file.manager INFO Copyright (C) 2022, Noriaki Ando and OpenRTM development team,
2023-11-09 16:34:37,788 file.manager INFO   Industrial Cyber-Physical Research Center, AIST,
2023-11-09 16:34:37,788 file.manager INFO   All right reserved.
2023-11-09 16:34:37,788 file.manager INFO Manager starting.
2023-11-09 16:34:37,788 file.manager INFO Starting local logging.
2023-11-09 16:34:37,788 file.manager.namingmanager INFO NameServer connection succeeded: corba/localhost
2023-11-09 16:34:41,931 file.ManagerServant INFO Master manager not found
2023-11-09 16:34:41,931 file.LocalServiceAdmin INFO All the local services are enabled.
2023-11-09 16:34:41,931 file.manager INFO Component type conf file: photospot_enter.conf loaded.
2023-11-09 16:34:41,931 file.ec_base INFO setRate(1000000.000000) done
2023-11-09 16:34:41,931 file.ec_base INFO setRate(1000.000000) done
2023-11-09 16:34:41,931 file.rtobject INFO 1 execution context was created.
2023-11-09 16:34:41,931 file.rtobject INFO Initial active configuration set is default.
2023-11-09 16:34:56,135 file.ManagerServant INFO Master manager not found
2023-11-09 16:35:06,134 file.ManagerServant INFO Master manager not found
2023-11-09 16:35:13,099 file.OutPortConnector ERROR unkown error.
2023-11-09 16:35:16,180 file.ManagerServant INFO Master manager not found
2023-11-09 16:35:26,264 file.ManagerServant INFO Master manager not found
2023-11-09 16:35:35,110 file.ec_base ERROR The component is not responding.
2023-11-09 16:35:35,110 file.ec_base ERROR Unknown error: Invalid state transition.
2023-11-09 16:35:36,294 file.ManagerServant INFO Master manager not found
