2023-12-13 02:25:41,927 file.manager INFO 2.0.1
2023-12-13 02:25:41,927 file.manager INFO Copyright (C) 2003-2022, Noriaki Ando and OpenRTM development team,
2023-12-13 02:25:41,927 file.manager INFO   Intelligent Systems Research Institute, AIST,
2023-12-13 02:25:41,927 file.manager INFO Copyright (C) 2022, Noriaki Ando and OpenRTM development team,
2023-12-13 02:25:41,927 file.manager INFO   Industrial Cyber-Physical Research Center, AIST,
2023-12-13 02:25:41,927 file.manager INFO   All right reserved.
2023-12-13 02:25:41,927 file.manager INFO Manager starting.
2023-12-13 02:25:41,927 file.manager INFO Starting local logging.
2023-12-13 02:25:41,934 file.manager.namingmanager INFO NameServer connection succeeded: corba/localhost
2023-12-13 02:25:46,025 file.ManagerServant INFO Master manager not found
2023-12-13 02:25:46,025 file.LocalServiceAdmin INFO All the local services are enabled.
2023-12-13 02:25:46,025 file.manager INFO Component type conf file: photospot_enter.conf loaded.
2023-12-13 02:25:46,025 file.ec_base INFO setRate(1000000.000000) done
2023-12-13 02:25:46,025 file.ec_base INFO setRate(1000.000000) done
2023-12-13 02:25:46,025 file.rtobject INFO 1 execution context was created.
2023-12-13 02:25:46,025 file.rtobject INFO Initial active configuration set is default.
2023-12-13 02:26:00,153 file.ManagerServant INFO Master manager not found
2023-12-13 02:26:10,219 file.ManagerServant INFO Master manager not found
2023-12-13 02:26:20,254 file.ManagerServant INFO Master manager not found
2023-12-13 02:26:30,263 file.ManagerServant INFO Master manager not found
2023-12-13 02:26:40,295 file.ManagerServant INFO Master manager not found
2023-12-13 02:26:50,353 file.ManagerServant INFO Master manager not found
2023-12-13 02:27:00,405 file.ManagerServant INFO Master manager not found
2023-12-13 02:27:10,456 file.ManagerServant INFO Master manager not found
2023-12-13 02:27:20,558 file.ManagerServant INFO Master manager not found
2023-12-13 02:27:30,621 file.ManagerServant INFO Master manager not found
2023-12-13 02:27:40,660 file.ManagerServant INFO Master manager not found
2023-12-13 02:27:50,777 file.ManagerServant INFO Master manager not found
2023-12-13 02:28:00,822 file.ManagerServant INFO Master manager not found
2023-12-13 02:28:10,845 file.ManagerServant INFO Master manager not found
2023-12-13 02:28:15,154 file.ec_base ERROR The component is not responding.
2023-12-13 02:28:15,154 file.ec_base ERROR Unknown error: Invalid state transition.
2023-12-13 02:28:20,875 file.ManagerServant INFO Master manager not found
2023-12-13 02:28:30,936 file.ManagerServant INFO Master manager not found
2023-12-13 02:28:40,941 file.ManagerServant INFO Master manager not found
