2023-11-11 14:53:29,964 file.manager INFO 2.0.1
2023-11-11 14:53:29,964 file.manager INFO Copyright (C) 2003-2022, Noriaki Ando and OpenRTM development team,
2023-11-11 14:53:29,964 file.manager INFO   Intelligent Systems Research Institute, AIST,
2023-11-11 14:53:29,964 file.manager INFO Copyright (C) 2022, Noriaki Ando and OpenRTM development team,
2023-11-11 14:53:29,964 file.manager INFO   Industrial Cyber-Physical Research Center, AIST,
2023-11-11 14:53:29,964 file.manager INFO   All right reserved.
2023-11-11 14:53:29,964 file.manager INFO Manager starting.
2023-11-11 14:53:29,964 file.manager INFO Starting local logging.
2023-11-11 14:53:29,980 file.manager.namingmanager INFO NameServer connection succeeded: corba/localhost
2023-11-11 14:53:34,094 file.ManagerServant INFO Master manager not found
2023-11-11 14:53:34,094 file.LocalServiceAdmin INFO All the local services are enabled.
2023-11-11 14:53:34,094 file.manager INFO Component type conf file: photospot_enter.conf loaded.
2023-11-11 14:53:34,094 file.ec_base INFO setRate(1000000.000000) done
2023-11-11 14:53:34,094 file.ec_base INFO setRate(1000.000000) done
2023-11-11 14:53:34,094 file.rtobject INFO 1 execution context was created.
2023-11-11 14:53:34,094 file.rtobject INFO Initial active configuration set is default.
2023-11-11 14:53:48,242 file.ManagerServant INFO Master manager not found
2023-11-11 14:53:58,305 file.ManagerServant INFO Master manager not found
2023-11-11 14:54:08,348 file.ManagerServant INFO Master manager not found
2023-11-11 14:54:11,984 file.OutPortConnector ERROR unkown error.
2023-11-11 14:54:18,373 file.ManagerServant INFO Master manager not found
2023-11-11 14:54:28,451 file.ManagerServant INFO Master manager not found
2023-11-11 14:54:38,427 file.ManagerServant INFO Master manager not found
2023-11-11 14:54:48,521 file.ManagerServant INFO Master manager not found
2023-11-11 14:54:58,666 file.ManagerServant INFO Master manager not found
2023-11-11 14:55:08,651 file.ManagerServant INFO Master manager not found
2023-11-11 14:55:18,746 file.ManagerServant INFO Master manager not found
2023-11-11 14:55:28,759 file.ManagerServant INFO Master manager not found
2023-11-11 14:55:37,542 file.ec_base ERROR The component is not responding.
2023-11-11 14:55:37,542 file.ec_base ERROR Unknown error: Invalid state transition.
2023-11-11 14:55:38,783 file.ManagerServant INFO Master manager not found
