2023-11-11 14:37:14,791 file.manager INFO 2.0.1
2023-11-11 14:37:14,791 file.manager INFO Copyright (C) 2003-2022, Noriaki Ando and OpenRTM development team,
2023-11-11 14:37:14,791 file.manager INFO   Intelligent Systems Research Institute, AIST,
2023-11-11 14:37:14,791 file.manager INFO Copyright (C) 2022, Noriaki Ando and OpenRTM development team,
2023-11-11 14:37:14,791 file.manager INFO   Industrial Cyber-Physical Research Center, AIST,
2023-11-11 14:37:14,791 file.manager INFO   All right reserved.
2023-11-11 14:37:14,791 file.manager INFO Manager starting.
2023-11-11 14:37:14,791 file.manager INFO Starting local logging.
2023-11-11 14:37:18,381 file.manager.namingmanager INFO NameServer connection succeeded: corba/localhost
2023-11-11 14:37:22,481 file.ManagerServant INFO Master manager not found
2023-11-11 14:37:22,481 file.LocalServiceAdmin INFO All the local services are enabled.
2023-11-11 14:37:22,481 file.manager INFO Component type conf file: photospot_enter.conf loaded.
2023-11-11 14:37:22,481 file.ec_base INFO setRate(1000000.000000) done
2023-11-11 14:37:22,481 file.ec_base INFO setRate(1000.000000) done
2023-11-11 14:37:22,481 file.rtobject INFO 1 execution context was created.
2023-11-11 14:37:22,498 file.rtobject INFO Initial active configuration set is default.
2023-11-11 14:37:36,580 file.ManagerServant INFO Master manager not found
2023-11-11 14:37:46,595 file.ManagerServant INFO Master manager not found
2023-11-11 14:37:56,696 file.ManagerServant INFO Master manager not found
2023-11-11 14:37:57,014 file.OutPortConnector ERROR unkown error.
2023-11-11 14:38:06,736 file.ManagerServant INFO Master manager not found
2023-11-11 14:38:16,786 file.ManagerServant INFO Master manager not found
2023-11-11 14:38:26,821 file.ManagerServant INFO Master manager not found
2023-11-11 14:38:36,818 file.ManagerServant INFO Master manager not found
2023-11-11 14:38:39,743 file.ec_base ERROR The component is not responding.
2023-11-11 14:38:39,744 file.ec_base ERROR Unknown error: Invalid state transition.
2023-11-11 14:38:41,933 file.SdoServiceAdmin WARNING No available SDO service in the factory: 
2023-11-11 14:38:41,933 file.SdoServiceAdmin ERROR type  not exists.
