2023-12-12 21:04:55,322 file.manager INFO 2.0.1
2023-12-12 21:04:55,322 file.manager INFO Copyright (C) 2003-2022, Noriaki Ando and OpenRTM development team,
2023-12-12 21:04:55,322 file.manager INFO   Intelligent Systems Research Institute, AIST,
2023-12-12 21:04:55,322 file.manager INFO Copyright (C) 2022, Noriaki Ando and OpenRTM development team,
2023-12-12 21:04:55,322 file.manager INFO   Industrial Cyber-Physical Research Center, AIST,
2023-12-12 21:04:55,322 file.manager INFO   All right reserved.
2023-12-12 21:04:55,322 file.manager INFO Manager starting.
2023-12-12 21:04:55,322 file.manager INFO Starting local logging.
2023-12-12 21:04:59,394 file.manager.namingmanager INFO NameServer connection failed: corba/localhost
2023-12-12 21:05:03,501 file.ManagerServant INFO Master manager not found
2023-12-12 21:05:03,501 file.LocalServiceAdmin INFO All the local services are enabled.
2023-12-12 21:05:03,510 file.manager INFO Component type conf file: photospot_enter.conf loaded.
2023-12-12 21:05:03,519 file.ec_base INFO setRate(1000000.000000) done
2023-12-12 21:05:03,519 file.ec_base INFO setRate(1000.000000) done
2023-12-12 21:05:03,519 file.rtobject INFO 1 execution context was created.
2023-12-12 21:05:03,519 file.rtobject INFO Initial active configuration set is default.
2023-12-12 21:05:17,603 file.manager.namingmanager INFO NameServer connection failed: corba/localhost
2023-12-12 21:05:21,687 file.ManagerServant INFO Master manager not found
2023-12-12 21:05:27,639 file.manager.namingmanager INFO NameServer connection failed: corba/localhost
2023-12-12 21:05:31,726 file.ManagerServant INFO Master manager not found
2023-12-12 21:05:37,693 file.manager.namingmanager INFO NameServer connection failed: corba/localhost
2023-12-12 21:05:41,791 file.ManagerServant INFO Master manager not found
2023-12-12 21:05:43,730 file.manager.namingmanager INFO NameServer connection succeeded: corba/localhost
2023-12-12 21:05:43,730 file.manager.namingmanager INFO Connected to a name server: corba/localhost
2023-12-12 21:05:47,840 file.ManagerServant INFO Master manager not found
2023-12-12 21:05:57,849 file.ManagerServant INFO Master manager not found
2023-12-12 21:06:07,916 file.ManagerServant INFO Master manager not found
2023-12-12 21:06:18,017 file.ManagerServant INFO Master manager not found
2023-12-12 21:06:28,033 file.ManagerServant INFO Master manager not found
2023-12-12 21:06:38,119 file.ManagerServant INFO Master manager not found
2023-12-12 21:06:48,230 file.ManagerServant INFO Master manager not found
2023-12-12 21:06:58,254 file.ManagerServant INFO Master manager not found
2023-12-12 21:07:08,262 file.ManagerServant INFO Master manager not found
2023-12-12 21:07:18,381 file.ManagerServant INFO Master manager not found
2023-12-12 21:07:28,381 file.ManagerServant INFO Master manager not found
2023-12-12 21:07:37,487 file.ec_base ERROR The component is not responding.
2023-12-12 21:07:37,487 file.ec_base ERROR Unknown error: Invalid state transition.
2023-12-12 21:07:38,537 file.ManagerServant INFO Master manager not found
2023-12-12 21:07:39,696 file.SdoServiceAdmin WARNING No available SDO service in the factory: 
2023-12-12 21:07:39,696 file.SdoServiceAdmin ERROR type  not exists.
2023-12-12 21:07:48,546 file.ManagerServant INFO Master manager not found
2023-12-12 21:07:58,626 file.ManagerServant INFO Master manager not found
2023-12-12 21:08:08,647 file.ManagerServant INFO Master manager not found
