2023-12-12 17:21:36,203 file.manager INFO 2.0.1
2023-12-12 17:21:36,203 file.manager INFO Copyright (C) 2003-2022, Noriaki Ando and OpenRTM development team,
2023-12-12 17:21:36,203 file.manager INFO   Intelligent Systems Research Institute, AIST,
2023-12-12 17:21:36,203 file.manager INFO Copyright (C) 2022, Noriaki Ando and OpenRTM development team,
2023-12-12 17:21:36,203 file.manager INFO   Industrial Cyber-Physical Research Center, AIST,
2023-12-12 17:21:36,203 file.manager INFO   All right reserved.
2023-12-12 17:21:36,203 file.manager INFO Manager starting.
2023-12-12 17:21:36,203 file.manager INFO Starting local logging.
2023-12-12 17:21:36,219 file.manager.namingmanager INFO NameServer connection succeeded: corba/localhost
2023-12-12 17:21:40,289 file.ManagerServant INFO Master manager not found
2023-12-12 17:21:40,289 file.LocalServiceAdmin INFO All the local services are enabled.
2023-12-12 17:21:40,305 file.manager INFO Component type conf file: photospot_enter.conf loaded.
2023-12-12 17:21:40,305 file.ec_base INFO setRate(1000000.000000) done
2023-12-12 17:21:40,305 file.ec_base INFO setRate(1000.000000) done
2023-12-12 17:21:40,305 file.rtobject INFO 1 execution context was created.
2023-12-12 17:21:40,305 file.rtobject INFO Initial active configuration set is default.
2023-12-12 17:21:54,395 file.ManagerServant INFO Master manager not found
2023-12-12 17:22:04,437 file.ManagerServant INFO Master manager not found
2023-12-12 17:22:14,473 file.ManagerServant INFO Master manager not found
2023-12-12 17:22:24,516 file.ManagerServant INFO Master manager not found
2023-12-12 17:22:34,582 file.ManagerServant INFO Master manager not found
2023-12-12 17:22:44,569 file.ManagerServant INFO Master manager not found
2023-12-12 17:22:54,292 file.ec_base ERROR The component is not responding.
2023-12-12 17:22:54,292 file.ec_base ERROR Unknown error: Invalid state transition.
2023-12-12 17:22:54,690 file.ManagerServant INFO Master manager not found
