2023-12-12 23:23:43,134 file.manager INFO 2.0.1
2023-12-12 23:23:43,134 file.manager INFO Copyright (C) 2003-2022, Noriaki Ando and OpenRTM development team,
2023-12-12 23:23:43,134 file.manager INFO   Intelligent Systems Research Institute, AIST,
2023-12-12 23:23:43,134 file.manager INFO Copyright (C) 2022, Noriaki Ando and OpenRTM development team,
2023-12-12 23:23:43,134 file.manager INFO   Industrial Cyber-Physical Research Center, AIST,
2023-12-12 23:23:43,134 file.manager INFO   All right reserved.
2023-12-12 23:23:43,134 file.manager INFO Manager starting.
2023-12-12 23:23:43,134 file.manager INFO Starting local logging.
2023-12-12 23:23:43,148 file.manager.namingmanager INFO NameServer connection succeeded: corba/localhost
2023-12-12 23:23:47,235 file.ManagerServant INFO Master manager not found
2023-12-12 23:23:47,247 file.LocalServiceAdmin INFO All the local services are enabled.
2023-12-12 23:23:47,247 file.manager INFO Component type conf file: photospot_enter.conf loaded.
2023-12-12 23:23:47,247 file.ec_base INFO setRate(1000000.000000) done
2023-12-12 23:23:47,247 file.ec_base INFO setRate(1000.000000) done
2023-12-12 23:23:47,247 file.rtobject INFO 1 execution context was created.
2023-12-12 23:23:47,247 file.rtobject INFO Initial active configuration set is default.
2023-12-12 23:24:01,369 file.ManagerServant INFO Master manager not found
2023-12-12 23:24:11,421 file.ManagerServant INFO Master manager not found
2023-12-12 23:24:21,492 file.ManagerServant INFO Master manager not found
2023-12-12 23:24:31,559 file.ManagerServant INFO Master manager not found
2023-12-12 23:24:41,599 file.ManagerServant INFO Master manager not found
2023-12-12 23:24:51,642 file.ManagerServant INFO Master manager not found
2023-12-12 23:24:57,443 file.ec_base ERROR The component is not responding.
2023-12-12 23:24:57,443 file.ec_base ERROR Unknown error: Invalid state transition.
2023-12-12 23:25:01,673 file.ManagerServant INFO Master manager not found
2023-12-12 23:25:11,725 file.ManagerServant INFO Master manager not found
