2023-12-12 23:07:59,524 file.manager INFO 2.0.1
2023-12-12 23:07:59,524 file.manager INFO Copyright (C) 2003-2022, Noriaki Ando and OpenRTM development team,
2023-12-12 23:07:59,524 file.manager INFO   Intelligent Systems Research Institute, AIST,
2023-12-12 23:07:59,524 file.manager INFO Copyright (C) 2022, Noriaki Ando and OpenRTM development team,
2023-12-12 23:07:59,524 file.manager INFO   Industrial Cyber-Physical Research Center, AIST,
2023-12-12 23:07:59,524 file.manager INFO   All right reserved.
2023-12-12 23:07:59,524 file.manager INFO Manager starting.
2023-12-12 23:07:59,524 file.manager INFO Starting local logging.
2023-12-12 23:07:59,540 file.manager.namingmanager INFO NameServer connection succeeded: corba/localhost
2023-12-12 23:08:03,626 file.ManagerServant INFO Master manager not found
2023-12-12 23:08:03,626 file.LocalServiceAdmin INFO All the local services are enabled.
2023-12-12 23:08:03,634 file.manager INFO Component type conf file: photospot_enter.conf loaded.
2023-12-12 23:08:03,634 file.ec_base INFO setRate(1000000.000000) done
2023-12-12 23:08:03,634 file.ec_base INFO setRate(1000.000000) done
2023-12-12 23:08:03,634 file.rtobject INFO 1 execution context was created.
2023-12-12 23:08:03,634 file.rtobject INFO Initial active configuration set is default.
2023-12-12 23:08:17,726 file.ManagerServant INFO Master manager not found
2023-12-12 23:08:27,774 file.ManagerServant INFO Master manager not found
2023-12-12 23:08:37,828 file.ManagerServant INFO Master manager not found
2023-12-12 23:08:47,872 file.ManagerServant INFO Master manager not found
2023-12-12 23:08:57,919 file.ManagerServant INFO Master manager not found
2023-12-12 23:09:07,957 file.ManagerServant INFO Master manager not found
2023-12-12 23:09:17,940 file.ManagerServant INFO Master manager not found
2023-12-12 23:09:28,049 file.ManagerServant INFO Master manager not found
2023-12-12 23:09:32,055 file.ec_base ERROR The component is not responding.
2023-12-12 23:09:32,056 file.ec_base ERROR Unknown error: Invalid state transition.
2023-12-12 23:09:34,160 file.SdoServiceAdmin WARNING No available SDO service in the factory: 
2023-12-12 23:09:34,160 file.SdoServiceAdmin ERROR type  not exists.
