2023-11-09 22:33:27,548 file.manager INFO 2.0.1
2023-11-09 22:33:27,548 file.manager INFO Copyright (C) 2003-2022, Noriaki Ando and OpenRTM development team,
2023-11-09 22:33:27,548 file.manager INFO   Intelligent Systems Research Institute, AIST,
2023-11-09 22:33:27,548 file.manager INFO Copyright (C) 2022, Noriaki Ando and OpenRTM development team,
2023-11-09 22:33:27,548 file.manager INFO   Industrial Cyber-Physical Research Center, AIST,
2023-11-09 22:33:27,548 file.manager INFO   All right reserved.
2023-11-09 22:33:27,548 file.manager INFO Manager starting.
2023-11-09 22:33:27,548 file.manager INFO Starting local logging.
2023-11-09 22:33:27,580 file.manager.namingmanager INFO NameServer connection succeeded: corba/localhost
2023-11-09 22:33:31,679 file.ManagerServant INFO Master manager not found
2023-11-09 22:33:31,679 file.LocalServiceAdmin INFO All the local services are enabled.
2023-11-09 22:33:31,694 file.manager INFO Component type conf file: photospot_enter.conf loaded.
2023-11-09 22:33:31,694 file.ec_base INFO setRate(1000000.000000) done
2023-11-09 22:33:31,694 file.ec_base INFO setRate(1000.000000) done
2023-11-09 22:33:31,694 file.rtobject INFO 1 execution context was created.
2023-11-09 22:33:31,694 file.rtobject INFO Initial active configuration set is default.
2023-11-09 22:33:45,840 file.ManagerServant INFO Master manager not found
2023-11-09 22:33:55,889 file.ManagerServant INFO Master manager not found
2023-11-09 22:34:05,887 file.ManagerServant INFO Master manager not found
2023-11-09 22:34:06,225 file.OutPortConnector ERROR unkown error.
2023-11-09 22:34:16,057 file.ManagerServant INFO Master manager not found
2023-11-09 22:34:26,113 file.ManagerServant INFO Master manager not found
2023-11-09 22:34:34,425 file.ec_base ERROR The component is not responding.
2023-11-09 22:34:34,425 file.ec_base ERROR Unknown error: Invalid state transition.
2023-11-09 22:34:36,142 file.ManagerServant INFO Master manager not found
2023-11-09 22:34:36,516 file.SdoServiceAdmin WARNING No available SDO service in the factory: 
2023-11-09 22:34:36,516 file.SdoServiceAdmin ERROR type  not exists.
2023-11-09 22:34:46,419 file.ManagerServant INFO Master manager not found
2023-11-09 22:34:56,518 file.ManagerServant INFO Master manager not found
2023-11-09 22:35:06,457 file.ManagerServant INFO Master manager not found
2023-11-09 22:35:16,576 file.ManagerServant INFO Master manager not found
2023-11-09 22:35:26,619 file.ManagerServant INFO Master manager not found
2023-11-09 22:35:36,733 file.ManagerServant INFO Master manager not found
2023-11-09 22:35:46,426 file.ManagerServant INFO Master manager not found
