2023-11-25 13:31:22,320 file.manager INFO 2.0.1
2023-11-25 13:31:22,320 file.manager INFO Copyright (C) 2003-2022, Noriaki Ando and OpenRTM development team,
2023-11-25 13:31:22,320 file.manager INFO   Intelligent Systems Research Institute, AIST,
2023-11-25 13:31:22,320 file.manager INFO Copyright (C) 2022, Noriaki Ando and OpenRTM development team,
2023-11-25 13:31:22,320 file.manager INFO   Industrial Cyber-Physical Research Center, AIST,
2023-11-25 13:31:22,320 file.manager INFO   All right reserved.
2023-11-25 13:31:22,320 file.manager INFO Manager starting.
2023-11-25 13:31:22,320 file.manager INFO Starting local logging.
2023-11-25 13:31:22,335 file.manager.namingmanager INFO NameServer connection succeeded: corba/localhost
2023-11-25 13:31:26,404 file.ManagerServant INFO Master manager not found
2023-11-25 13:31:26,404 file.LocalServiceAdmin INFO All the local services are enabled.
2023-11-25 13:31:26,417 file.manager INFO Component type conf file: sarch_spot.conf loaded.
2023-11-25 13:31:26,417 file.ec_base INFO setRate(1000000.000000) done
2023-11-25 13:31:26,417 file.ec_base INFO setRate(1000.000000) done
2023-11-25 13:31:26,417 file.rtobject INFO 1 execution context was created.
2023-11-25 13:31:26,417 file.rtobject INFO Initial active configuration set is default.
2023-11-25 13:31:40,551 file.ManagerServant INFO Master manager not found
2023-11-25 13:31:50,615 file.ManagerServant INFO Master manager not found
2023-11-25 13:32:00,708 file.ManagerServant INFO Master manager not found
2023-11-25 13:32:10,677 file.ManagerServant INFO Master manager not found
2023-11-25 13:32:20,743 file.ManagerServant INFO Master manager not found
2023-11-25 13:32:30,804 file.ManagerServant INFO Master manager not found
2023-11-25 13:32:38,197 file.SdoServiceAdmin WARNING No available SDO service in the factory: 
2023-11-25 13:32:38,198 file.SdoServiceAdmin ERROR type  not exists.
2023-11-25 13:32:40,853 file.ManagerServant INFO Master manager not found
2023-11-25 13:32:50,899 file.ManagerServant INFO Master manager not found
2023-11-25 13:33:00,998 file.ManagerServant INFO Master manager not found
