2023-10-24 16:08:00,238 file.manager INFO 2.0.1
2023-10-24 16:08:00,238 file.manager INFO Copyright (C) 2003-2022, Noriaki Ando and OpenRTM development team,
2023-10-24 16:08:00,238 file.manager INFO   Intelligent Systems Research Institute, AIST,
2023-10-24 16:08:00,238 file.manager INFO Copyright (C) 2022, Noriaki Ando and OpenRTM development team,
2023-10-24 16:08:00,238 file.manager INFO   Industrial Cyber-Physical Research Center, AIST,
2023-10-24 16:08:00,238 file.manager INFO   All right reserved.
2023-10-24 16:08:00,238 file.manager INFO Manager starting.
2023-10-24 16:08:00,238 file.manager INFO Starting local logging.
2023-10-24 16:08:00,254 file.manager.namingmanager INFO NameServer connection succeeded: corba/localhost
2023-10-24 16:08:04,358 file.ManagerServant INFO Master manager not found
2023-10-24 16:08:04,358 file.LocalServiceAdmin INFO All the local services are enabled.
2023-10-24 16:08:04,373 file.manager INFO Component type conf file: sarch_spot.conf loaded.
2023-10-24 16:08:04,373 file.ec_base INFO setRate(1000000.000000) done
2023-10-24 16:08:04,373 file.ec_base INFO setRate(1000.000000) done
2023-10-24 16:08:04,373 file.rtobject INFO 1 execution context was created.
2023-10-24 16:08:04,373 file.rtobject INFO Initial active configuration set is default.
2023-10-24 16:08:18,473 file.ManagerServant INFO Master manager not found
2023-10-24 16:08:28,480 file.ManagerServant INFO Master manager not found
2023-10-24 16:08:38,547 file.ManagerServant INFO Master manager not found
2023-10-24 16:08:48,648 file.ManagerServant INFO Master manager not found
2023-10-24 16:08:58,650 file.ManagerServant INFO Master manager not found
2023-10-24 16:09:08,735 file.ManagerServant INFO Master manager not found
2023-10-24 16:09:18,750 file.ManagerServant INFO Master manager not found
2023-10-24 16:09:28,817 file.ManagerServant INFO Master manager not found
2023-10-24 16:09:38,904 file.ManagerServant INFO Master manager not found
2023-10-24 16:09:48,968 file.ManagerServant INFO Master manager not found
2023-10-24 16:09:58,985 file.ManagerServant INFO Master manager not found
2023-10-24 16:10:08,622 file.SdoServiceAdmin WARNING No available SDO service in the factory: 
2023-10-24 16:10:08,622 file.SdoServiceAdmin ERROR type  not exists.
2023-10-24 16:10:09,003 file.ManagerServant INFO Master manager not found
2023-10-24 16:10:19,035 file.ManagerServant INFO Master manager not found
2023-10-24 16:10:29,104 file.ManagerServant INFO Master manager not found
2023-10-24 16:10:39,179 file.ManagerServant INFO Master manager not found
2023-10-24 16:10:49,215 file.ManagerServant INFO Master manager not found
2023-10-24 16:10:59,248 file.ManagerServant INFO Master manager not found
2023-10-24 16:11:09,313 file.ManagerServant INFO Master manager not found
2023-10-24 16:11:19,382 file.ManagerServant INFO Master manager not found
2023-10-24 16:11:29,418 file.ManagerServant INFO Master manager not found
2023-10-24 16:11:39,511 file.ManagerServant INFO Master manager not found
2023-10-24 16:11:49,527 file.ManagerServant INFO Master manager not found
2023-10-24 16:11:59,571 file.ManagerServant INFO Master manager not found
2023-10-24 16:12:09,601 file.ManagerServant INFO Master manager not found
2023-10-24 16:12:19,683 file.ManagerServant INFO Master manager not found
2023-10-24 16:12:29,754 file.ManagerServant INFO Master manager not found
2023-10-24 16:12:39,801 file.manager.namingmanager INFO Name server: localhost (corba) disappeared.
2023-10-24 16:12:43,840 file.ManagerServant INFO Master manager not found
2023-10-24 16:12:49,840 file.manager.namingmanager INFO NameServer connection failed: corba/localhost
