2023-12-12 22:31:29,340 file.manager INFO 2.0.1
2023-12-12 22:31:29,340 file.manager INFO Copyright (C) 2003-2022, Noriaki Ando and OpenRTM development team,
2023-12-12 22:31:29,340 file.manager INFO   Intelligent Systems Research Institute, AIST,
2023-12-12 22:31:29,340 file.manager INFO Copyright (C) 2022, Noriaki Ando and OpenRTM development team,
2023-12-12 22:31:29,340 file.manager INFO   Industrial Cyber-Physical Research Center, AIST,
2023-12-12 22:31:29,340 file.manager INFO   All right reserved.
2023-12-12 22:31:29,340 file.manager INFO Manager starting.
2023-12-12 22:31:29,340 file.manager INFO Starting local logging.
2023-12-12 22:31:29,355 file.manager.namingmanager INFO NameServer connection succeeded: corba/localhost
2023-12-12 22:31:33,457 file.ManagerServant INFO Master manager not found
2023-12-12 22:31:33,457 file.LocalServiceAdmin INFO All the local services are enabled.
2023-12-12 22:31:33,466 file.manager INFO Component type conf file: photospot_enter.conf loaded.
2023-12-12 22:31:33,466 file.ec_base INFO setRate(1000000.000000) done
2023-12-12 22:31:33,466 file.ec_base INFO setRate(1000.000000) done
2023-12-12 22:31:33,466 file.rtobject INFO 1 execution context was created.
2023-12-12 22:31:33,466 file.rtobject INFO Initial active configuration set is default.
2023-12-12 22:31:47,565 file.ManagerServant INFO Master manager not found
2023-12-12 22:31:57,615 file.ManagerServant INFO Master manager not found
2023-12-12 22:32:07,603 file.ManagerServant INFO Master manager not found
2023-12-12 22:32:17,746 file.ManagerServant INFO Master manager not found
2023-12-12 22:32:27,831 file.ManagerServant INFO Master manager not found
2023-12-12 22:32:37,892 file.ManagerServant INFO Master manager not found
2023-12-12 22:32:47,925 file.ManagerServant INFO Master manager not found
2023-12-12 22:32:57,958 file.ManagerServant INFO Master manager not found
2023-12-12 22:33:07,983 file.ManagerServant INFO Master manager not found
2023-12-12 22:33:18,018 file.ManagerServant INFO Master manager not found
2023-12-12 22:33:28,083 file.ManagerServant INFO Master manager not found
2023-12-12 22:33:29,782 file.ec_base ERROR The component is not responding.
2023-12-12 22:33:29,783 file.ec_base ERROR Unknown error: Invalid state transition.
