2023-11-11 14:05:59,976 file.manager INFO 2.0.1
2023-11-11 14:05:59,976 file.manager INFO Copyright (C) 2003-2022, Noriaki Ando and OpenRTM development team,
2023-11-11 14:05:59,976 file.manager INFO   Intelligent Systems Research Institute, AIST,
2023-11-11 14:05:59,976 file.manager INFO Copyright (C) 2022, Noriaki Ando and OpenRTM development team,
2023-11-11 14:05:59,976 file.manager INFO   Industrial Cyber-Physical Research Center, AIST,
2023-11-11 14:05:59,976 file.manager INFO   All right reserved.
2023-11-11 14:05:59,976 file.manager INFO Manager starting.
2023-11-11 14:05:59,976 file.manager INFO Starting local logging.
2023-11-11 14:05:59,976 file.manager.namingmanager INFO NameServer connection succeeded: corba/localhost
2023-11-11 14:06:04,087 file.ManagerServant INFO Master manager not found
2023-11-11 14:06:04,087 file.LocalServiceAdmin INFO All the local services are enabled.
2023-11-11 14:06:04,103 file.manager INFO Component type conf file: photospot_enter.conf loaded.
2023-11-11 14:06:04,103 file.ec_base INFO setRate(1000000.000000) done
2023-11-11 14:06:04,103 file.ec_base INFO setRate(1000.000000) done
2023-11-11 14:06:04,103 file.rtobject INFO 1 execution context was created.
2023-11-11 14:06:04,103 file.rtobject INFO Initial active configuration set is default.
2023-11-11 14:06:18,213 file.ManagerServant INFO Master manager not found
2023-11-11 14:06:28,200 file.ManagerServant INFO Master manager not found
2023-11-11 14:06:38,239 file.ManagerServant INFO Master manager not found
2023-11-11 14:06:48,252 file.ManagerServant INFO Master manager not found
2023-11-11 14:06:51,367 file.OutPortConnector ERROR unkown error.
2023-11-11 14:06:58,268 file.ManagerServant INFO Master manager not found
2023-11-11 14:07:08,361 file.ManagerServant INFO Master manager not found
2023-11-11 14:07:18,407 file.ManagerServant INFO Master manager not found
2023-11-11 14:07:28,417 file.ManagerServant INFO Master manager not found
2023-11-11 14:07:38,446 file.ManagerServant INFO Master manager not found
2023-11-11 14:07:48,481 file.ManagerServant INFO Master manager not found
2023-11-11 14:07:58,518 file.ManagerServant INFO Master manager not found
2023-11-11 14:08:08,547 file.ManagerServant INFO Master manager not found
2023-11-11 14:08:18,554 file.ManagerServant INFO Master manager not found
2023-11-11 14:08:28,580 file.ManagerServant INFO Master manager not found
2023-11-11 14:08:38,600 file.ManagerServant INFO Master manager not found
2023-11-11 14:08:48,602 file.ManagerServant INFO Master manager not found
2023-11-11 14:08:58,608 file.ManagerServant INFO Master manager not found
2023-11-11 14:09:08,707 file.ManagerServant INFO Master manager not found
2023-11-11 14:09:18,710 file.ManagerServant INFO Master manager not found
2023-11-11 14:09:28,825 file.ManagerServant INFO Master manager not found
2023-11-11 14:09:36,750 file.ec_base ERROR The component is not responding.
2023-11-11 14:09:36,751 file.ec_base ERROR Unknown error: Invalid state transition.
2023-11-11 14:09:38,855 file.ManagerServant INFO Master manager not found
2023-11-11 14:09:40,005 file.SdoServiceAdmin WARNING No available SDO service in the factory: 
2023-11-11 14:09:40,005 file.SdoServiceAdmin ERROR type  not exists.
