2023-12-10 13:05:22,156 file.manager INFO 2.0.1
2023-12-10 13:05:22,157 file.manager INFO Copyright (C) 2003-2022, Noriaki Ando and OpenRTM development team,
2023-12-10 13:05:22,157 file.manager INFO   Intelligent Systems Research Institute, AIST,
2023-12-10 13:05:22,157 file.manager INFO Copyright (C) 2022, Noriaki Ando and OpenRTM development team,
2023-12-10 13:05:22,157 file.manager INFO   Industrial Cyber-Physical Research Center, AIST,
2023-12-10 13:05:22,157 file.manager INFO   All right reserved.
2023-12-10 13:05:22,157 file.manager INFO Manager starting.
2023-12-10 13:05:22,157 file.manager INFO Starting local logging.
2023-12-10 13:05:22,157 file.manager.namingmanager INFO NameServer connection succeeded: corba/localhost
2023-12-10 13:05:26,258 file.ManagerServant INFO Master manager not found
2023-12-10 13:05:26,258 file.LocalServiceAdmin INFO All the local services are enabled.
2023-12-10 13:05:26,274 file.manager INFO Component type conf file: photospot_enter.conf loaded.
2023-12-10 13:05:26,274 file.ec_base INFO setRate(1000000.000000) done
2023-12-10 13:05:26,274 file.ec_base INFO setRate(1000.000000) done
2023-12-10 13:05:26,274 file.rtobject INFO 1 execution context was created.
2023-12-10 13:05:26,274 file.rtobject INFO Initial active configuration set is default.
2023-12-10 13:05:37,179 file.SdoServiceAdmin WARNING No available SDO service in the factory: 
2023-12-10 13:05:37,179 file.SdoServiceAdmin ERROR type  not exists.
2023-12-10 13:05:40,425 file.ManagerServant INFO Master manager not found
2023-12-10 13:05:50,500 file.ManagerServant INFO Master manager not found
2023-12-10 13:05:55,800 file.OutPortConnector ERROR unkown error.
2023-12-10 13:06:00,557 file.ManagerServant INFO Master manager not found
2023-12-10 13:06:10,614 file.ManagerServant INFO Master manager not found
2023-12-10 13:06:20,661 file.ManagerServant INFO Master manager not found
2023-12-10 13:06:30,696 file.ManagerServant INFO Master manager not found
2023-12-10 13:06:40,721 file.ManagerServant INFO Master manager not found
2023-12-10 13:06:50,746 file.ManagerServant INFO Master manager not found
2023-12-10 13:07:00,765 file.ManagerServant INFO Master manager not found
2023-12-10 13:07:10,759 file.ManagerServant INFO Master manager not found
2023-12-10 13:07:20,879 file.ManagerServant INFO Master manager not found
2023-12-10 13:07:21,719 file.ec_base ERROR The component is not responding.
2023-12-10 13:07:21,719 file.ec_base ERROR Unknown error: Invalid state transition.
