2023-12-12 22:01:46,353 file.manager INFO 2.0.1
2023-12-12 22:01:46,353 file.manager INFO Copyright (C) 2003-2022, Noriaki Ando and OpenRTM development team,
2023-12-12 22:01:46,353 file.manager INFO   Intelligent Systems Research Institute, AIST,
2023-12-12 22:01:46,353 file.manager INFO Copyright (C) 2022, Noriaki Ando and OpenRTM development team,
2023-12-12 22:01:46,353 file.manager INFO   Industrial Cyber-Physical Research Center, AIST,
2023-12-12 22:01:46,353 file.manager INFO   All right reserved.
2023-12-12 22:01:46,353 file.manager INFO Manager starting.
2023-12-12 22:01:46,353 file.manager INFO Starting local logging.
2023-12-12 22:01:46,368 file.manager.namingmanager INFO NameServer connection succeeded: corba/localhost
2023-12-12 22:01:50,490 file.ManagerServant INFO Master manager not found
2023-12-12 22:01:50,490 file.LocalServiceAdmin INFO All the local services are enabled.
2023-12-12 22:01:50,490 file.manager INFO Component type conf file: photospot_enter.conf loaded.
2023-12-12 22:01:50,490 file.ec_base INFO setRate(1000000.000000) done
2023-12-12 22:01:50,490 file.ec_base INFO setRate(1000.000000) done
2023-12-12 22:01:50,490 file.rtobject INFO 1 execution context was created.
2023-12-12 22:01:50,506 file.rtobject INFO Initial active configuration set is default.
2023-12-12 22:02:04,628 file.ManagerServant INFO Master manager not found
2023-12-12 22:02:14,705 file.ManagerServant INFO Master manager not found
2023-12-12 22:02:24,761 file.ManagerServant INFO Master manager not found
2023-12-12 22:02:34,857 file.ManagerServant INFO Master manager not found
2023-12-12 22:02:44,863 file.ManagerServant INFO Master manager not found
2023-12-12 22:02:53,380 file.ec_base ERROR The component is not responding.
2023-12-12 22:02:53,381 file.ec_base ERROR Unknown error: Invalid state transition.
2023-12-12 22:02:54,895 file.ManagerServant INFO Master manager not found
