2023-12-13 00:21:30,954 file.manager INFO 2.0.1
2023-12-13 00:21:30,954 file.manager INFO Copyright (C) 2003-2022, Noriaki Ando and OpenRTM development team,
2023-12-13 00:21:30,954 file.manager INFO   Intelligent Systems Research Institute, AIST,
2023-12-13 00:21:30,954 file.manager INFO Copyright (C) 2022, Noriaki Ando and OpenRTM development team,
2023-12-13 00:21:30,954 file.manager INFO   Industrial Cyber-Physical Research Center, AIST,
2023-12-13 00:21:30,954 file.manager INFO   All right reserved.
2023-12-13 00:21:30,954 file.manager INFO Manager starting.
2023-12-13 00:21:30,954 file.manager INFO Starting local logging.
2023-12-13 00:21:30,954 file.manager.namingmanager INFO NameServer connection succeeded: corba/localhost
2023-12-13 00:21:35,078 file.ManagerServant INFO Master manager not found
2023-12-13 00:21:35,078 file.LocalServiceAdmin INFO All the local services are enabled.
2023-12-13 00:21:35,088 file.manager INFO Component type conf file: photospot_enter.conf loaded.
2023-12-13 00:21:35,088 file.ec_base INFO setRate(1000000.000000) done
2023-12-13 00:21:35,088 file.ec_base INFO setRate(1000.000000) done
2023-12-13 00:21:35,088 file.rtobject INFO 1 execution context was created.
2023-12-13 00:21:35,088 file.rtobject INFO Initial active configuration set is default.
2023-12-13 00:21:49,189 file.ManagerServant INFO Master manager not found
2023-12-13 00:21:59,284 file.ManagerServant INFO Master manager not found
2023-12-13 00:22:09,354 file.ManagerServant INFO Master manager not found
2023-12-13 00:22:19,393 file.ManagerServant INFO Master manager not found
2023-12-13 00:22:29,424 file.ManagerServant INFO Master manager not found
2023-12-13 00:22:39,464 file.ManagerServant INFO Master manager not found
2023-12-13 00:22:49,569 file.ManagerServant INFO Master manager not found
2023-12-13 00:22:59,642 file.ManagerServant INFO Master manager not found
2023-12-13 00:23:09,678 file.ManagerServant INFO Master manager not found
2023-12-13 00:23:19,742 file.ManagerServant INFO Master manager not found
2023-12-13 00:23:29,838 file.ManagerServant INFO Master manager not found
