2023-12-13 02:13:50,077 file.manager INFO 2.0.1
2023-12-13 02:13:50,077 file.manager INFO Copyright (C) 2003-2022, Noriaki Ando and OpenRTM development team,
2023-12-13 02:13:50,077 file.manager INFO   Intelligent Systems Research Institute, AIST,
2023-12-13 02:13:50,077 file.manager INFO Copyright (C) 2022, Noriaki Ando and OpenRTM development team,
2023-12-13 02:13:50,077 file.manager INFO   Industrial Cyber-Physical Research Center, AIST,
2023-12-13 02:13:50,077 file.manager INFO   All right reserved.
2023-12-13 02:13:50,077 file.manager INFO Manager starting.
2023-12-13 02:13:50,077 file.manager INFO Starting local logging.
2023-12-13 02:13:50,085 file.manager.namingmanager INFO NameServer connection succeeded: corba/localhost
2023-12-13 02:13:54,173 file.ManagerServant INFO Master manager not found
2023-12-13 02:13:54,179 file.LocalServiceAdmin INFO All the local services are enabled.
2023-12-13 02:13:54,179 file.manager INFO Component type conf file: photospot_enter.conf loaded.
2023-12-13 02:13:54,189 file.ec_base INFO setRate(1000000.000000) done
2023-12-13 02:13:54,189 file.ec_base INFO setRate(1000.000000) done
2023-12-13 02:13:54,189 file.rtobject INFO 1 execution context was created.
2023-12-13 02:13:54,189 file.rtobject INFO Initial active configuration set is default.
2023-12-13 02:14:08,281 file.ManagerServant INFO Master manager not found
2023-12-13 02:14:15,204 file.SdoServiceAdmin WARNING No available SDO service in the factory: 
2023-12-13 02:14:15,205 file.SdoServiceAdmin ERROR type  not exists.
2023-12-13 02:14:18,352 file.ManagerServant INFO Master manager not found
2023-12-13 02:14:28,406 file.ManagerServant INFO Master manager not found
2023-12-13 02:14:38,471 file.ManagerServant INFO Master manager not found
2023-12-13 02:14:48,504 file.ManagerServant INFO Master manager not found
2023-12-13 02:14:58,596 file.ManagerServant INFO Master manager not found
2023-12-13 02:15:08,561 file.ManagerServant INFO Master manager not found
2023-12-13 02:15:18,578 file.ManagerServant INFO Master manager not found
2023-12-13 02:15:28,639 file.ManagerServant INFO Master manager not found
2023-12-13 02:15:38,743 file.ManagerServant INFO Master manager not found
2023-12-13 02:15:48,777 file.ManagerServant INFO Master manager not found
2023-12-13 02:15:58,867 file.ManagerServant INFO Master manager not found
2023-12-13 02:16:08,902 file.ManagerServant INFO Master manager not found
2023-12-13 02:16:18,965 file.ManagerServant INFO Master manager not found
2023-12-13 02:16:29,017 file.ManagerServant INFO Master manager not found
2023-12-13 02:16:39,097 file.ManagerServant INFO Master manager not found
2023-12-13 02:16:45,485 file.ec_base ERROR The component is not responding.
2023-12-13 02:16:45,485 file.ec_base ERROR Unknown error: Invalid state transition.
2023-12-13 02:16:49,098 file.ManagerServant INFO Master manager not found
