2023-12-12 21:49:21,776 file.manager INFO 2.0.1
2023-12-12 21:49:21,776 file.manager INFO Copyright (C) 2003-2022, Noriaki Ando and OpenRTM development team,
2023-12-12 21:49:21,776 file.manager INFO   Intelligent Systems Research Institute, AIST,
2023-12-12 21:49:21,776 file.manager INFO Copyright (C) 2022, Noriaki Ando and OpenRTM development team,
2023-12-12 21:49:21,776 file.manager INFO   Industrial Cyber-Physical Research Center, AIST,
2023-12-12 21:49:21,776 file.manager INFO   All right reserved.
2023-12-12 21:49:21,776 file.manager INFO Manager starting.
2023-12-12 21:49:21,776 file.manager INFO Starting local logging.
2023-12-12 21:49:21,792 file.manager.namingmanager INFO NameServer connection succeeded: corba/localhost
2023-12-12 21:49:25,927 file.ManagerServant INFO Master manager not found
2023-12-12 21:49:25,927 file.LocalServiceAdmin INFO All the local services are enabled.
2023-12-12 21:49:25,927 file.manager INFO Component type conf file: photospot_enter.conf loaded.
2023-12-12 21:49:25,942 file.ec_base INFO setRate(1000000.000000) done
2023-12-12 21:49:25,942 file.ec_base INFO setRate(1000.000000) done
2023-12-12 21:49:25,942 file.rtobject INFO 1 execution context was created.
2023-12-12 21:49:25,942 file.rtobject INFO Initial active configuration set is default.
2023-12-12 21:49:40,058 file.ManagerServant INFO Master manager not found
2023-12-12 21:49:50,123 file.ManagerServant INFO Master manager not found
2023-12-12 21:50:00,238 file.ManagerServant INFO Master manager not found
2023-12-12 21:50:10,251 file.ManagerServant INFO Master manager not found
2023-12-12 21:50:20,282 file.ManagerServant INFO Master manager not found
2023-12-12 21:50:30,320 file.ManagerServant INFO Master manager not found
2023-12-12 21:50:40,337 file.ManagerServant INFO Master manager not found
2023-12-12 21:50:50,341 file.ManagerServant INFO Master manager not found
2023-12-12 21:51:00,372 file.ManagerServant INFO Master manager not found
2023-12-12 21:51:10,413 file.ManagerServant INFO Master manager not found
2023-12-12 21:51:20,442 file.ManagerServant INFO Master manager not found
2023-12-12 21:51:30,457 file.ManagerServant INFO Master manager not found
2023-12-12 21:51:40,524 file.ManagerServant INFO Master manager not found
2023-12-12 21:51:50,558 file.ManagerServant INFO Master manager not found
2023-12-12 21:52:00,566 file.ManagerServant INFO Master manager not found
2023-12-12 21:52:10,621 file.ManagerServant INFO Master manager not found
2023-12-12 21:52:20,703 file.ManagerServant INFO Master manager not found
2023-12-12 21:52:30,751 file.ManagerServant INFO Master manager not found
2023-12-12 21:52:40,811 file.ManagerServant INFO Master manager not found
2023-12-12 21:52:50,829 file.ManagerServant INFO Master manager not found
2023-12-12 21:53:00,894 file.ManagerServant INFO Master manager not found
2023-12-12 21:53:10,905 file.ManagerServant INFO Master manager not found
2023-12-12 21:53:20,949 file.ManagerServant INFO Master manager not found
2023-12-12 21:53:30,982 file.ManagerServant INFO Master manager not found
2023-12-12 21:53:35,069 file.ec_base ERROR The component is not responding.
2023-12-12 21:53:35,070 file.ec_base ERROR Unknown error: Invalid state transition.
2023-12-12 21:53:41,004 file.ManagerServant INFO Master manager not found
2023-12-12 21:53:51,116 file.ManagerServant INFO Master manager not found
