2023-12-10 15:14:36,295 file.manager INFO 2.0.1
2023-12-10 15:14:36,295 file.manager INFO Copyright (C) 2003-2022, Noriaki Ando and OpenRTM development team,
2023-12-10 15:14:36,295 file.manager INFO   Intelligent Systems Research Institute, AIST,
2023-12-10 15:14:36,295 file.manager INFO Copyright (C) 2022, Noriaki Ando and OpenRTM development team,
2023-12-10 15:14:36,295 file.manager INFO   Industrial Cyber-Physical Research Center, AIST,
2023-12-10 15:14:36,295 file.manager INFO   All right reserved.
2023-12-10 15:14:36,295 file.manager INFO Manager starting.
2023-12-10 15:14:36,295 file.manager INFO Starting local logging.
2023-12-10 15:14:36,295 file.manager.namingmanager INFO NameServer connection succeeded: corba/localhost
2023-12-10 15:14:40,387 file.ManagerServant INFO Master manager not found
2023-12-10 15:14:40,388 file.LocalServiceAdmin INFO All the local services are enabled.
2023-12-10 15:14:40,388 file.manager INFO Component type conf file: photospot_enter.conf loaded.
2023-12-10 15:14:40,388 file.ec_base INFO setRate(1000000.000000) done
2023-12-10 15:14:40,388 file.ec_base INFO setRate(1000.000000) done
2023-12-10 15:14:40,388 file.rtobject INFO 1 execution context was created.
2023-12-10 15:14:40,388 file.rtobject INFO Initial active configuration set is default.
2023-12-10 15:14:54,570 file.ManagerServant INFO Master manager not found
2023-12-10 15:15:04,672 file.ManagerServant INFO Master manager not found
2023-12-10 15:15:14,718 file.ManagerServant INFO Master manager not found
2023-12-10 15:15:24,767 file.ManagerServant INFO Master manager not found
2023-12-10 15:15:34,505 file.OutPortConnector ERROR unkown error.
2023-12-10 15:15:34,857 file.ManagerServant INFO Master manager not found
2023-12-10 15:15:44,974 file.ManagerServant INFO Master manager not found
2023-12-10 15:15:55,018 file.ManagerServant INFO Master manager not found
2023-12-10 15:16:05,079 file.ManagerServant INFO Master manager not found
2023-12-10 15:16:12,894 file.ec_base ERROR The component is not responding.
2023-12-10 15:16:12,895 file.ec_base ERROR Unknown error: Invalid state transition.
2023-12-10 15:16:13,796 file.SdoServiceAdmin WARNING No available SDO service in the factory: 
2023-12-10 15:16:13,796 file.SdoServiceAdmin ERROR type  not exists.
2023-12-10 15:16:15,113 file.ManagerServant INFO Master manager not found
