2023-11-25 13:46:27,887 file.manager INFO 2.0.1
2023-11-25 13:46:27,887 file.manager INFO Copyright (C) 2003-2022, Noriaki Ando and OpenRTM development team,
2023-11-25 13:46:27,887 file.manager INFO   Intelligent Systems Research Institute, AIST,
2023-11-25 13:46:27,887 file.manager INFO Copyright (C) 2022, Noriaki Ando and OpenRTM development team,
2023-11-25 13:46:27,887 file.manager INFO   Industrial Cyber-Physical Research Center, AIST,
2023-11-25 13:46:27,887 file.manager INFO   All right reserved.
2023-11-25 13:46:27,887 file.manager INFO Manager starting.
2023-11-25 13:46:27,887 file.manager INFO Starting local logging.
2023-11-25 13:46:32,002 file.manager.namingmanager INFO NameServer connection succeeded: corba/localhost
2023-11-25 13:46:36,135 file.ManagerServant INFO Master manager not found
2023-11-25 13:46:36,135 file.LocalServiceAdmin INFO All the local services are enabled.
2023-11-25 13:46:36,150 file.manager INFO Component type conf file: photospot_enter.conf loaded.
2023-11-25 13:46:36,150 file.ec_base INFO setRate(1000000.000000) done
2023-11-25 13:46:36,150 file.ec_base INFO setRate(1000.000000) done
2023-11-25 13:46:36,150 file.rtobject INFO 1 execution context was created.
2023-11-25 13:46:36,150 file.rtobject INFO Initial active configuration set is default.
2023-11-25 13:46:50,294 file.ManagerServant INFO Master manager not found
2023-11-25 13:47:00,366 file.ManagerServant INFO Master manager not found
2023-11-25 13:47:06,701 file.OutPortConnector ERROR unkown error.
2023-11-25 13:47:10,374 file.ManagerServant INFO Master manager not found
2023-11-25 13:47:20,482 file.ManagerServant INFO Master manager not found
2023-11-25 13:47:28,026 file.ec_base ERROR The component is not responding.
2023-11-25 13:47:28,027 file.ec_base ERROR Unknown error: Invalid state transition.
2023-11-25 13:47:30,511 file.ManagerServant INFO Master manager not found
