2023-12-12 17:40:24,853 file.manager INFO 2.0.1
2023-12-12 17:40:24,853 file.manager INFO Copyright (C) 2003-2022, Noriaki Ando and OpenRTM development team,
2023-12-12 17:40:24,853 file.manager INFO   Intelligent Systems Research Institute, AIST,
2023-12-12 17:40:24,853 file.manager INFO Copyright (C) 2022, Noriaki Ando and OpenRTM development team,
2023-12-12 17:40:24,853 file.manager INFO   Industrial Cyber-Physical Research Center, AIST,
2023-12-12 17:40:24,853 file.manager INFO   All right reserved.
2023-12-12 17:40:24,853 file.manager INFO Manager starting.
2023-12-12 17:40:24,853 file.manager INFO Starting local logging.
2023-12-12 17:40:24,865 file.manager.namingmanager INFO NameServer connection succeeded: corba/localhost
2023-12-12 17:40:28,942 file.ManagerServant INFO Master manager not found
2023-12-12 17:40:28,942 file.LocalServiceAdmin INFO All the local services are enabled.
2023-12-12 17:40:28,957 file.manager INFO Component type conf file: photospot_enter.conf loaded.
2023-12-12 17:40:28,957 file.ec_base INFO setRate(1000000.000000) done
2023-12-12 17:40:28,957 file.ec_base INFO setRate(1000.000000) done
2023-12-12 17:40:28,957 file.rtobject INFO 1 execution context was created.
2023-12-12 17:40:28,957 file.rtobject INFO Initial active configuration set is default.
2023-12-12 17:40:43,105 file.ManagerServant INFO Master manager not found
2023-12-12 17:40:53,162 file.ManagerServant INFO Master manager not found
2023-12-12 17:41:03,199 file.ManagerServant INFO Master manager not found
2023-12-12 17:41:13,220 file.ManagerServant INFO Master manager not found
2023-12-12 17:41:23,271 file.ManagerServant INFO Master manager not found
2023-12-12 17:41:33,321 file.ManagerServant INFO Master manager not found
2023-12-12 17:41:36,015 file.ec_base ERROR The component is not responding.
2023-12-12 17:41:36,015 file.ec_base ERROR Unknown error: Invalid state transition.
2023-12-12 17:41:37,264 file.SdoServiceAdmin WARNING No available SDO service in the factory: 
2023-12-12 17:41:37,264 file.SdoServiceAdmin ERROR type  not exists.
2023-12-12 17:41:43,382 file.ManagerServant INFO Master manager not found
