2023-12-13 01:49:33,983 file.manager INFO 2.0.1
2023-12-13 01:49:33,983 file.manager INFO Copyright (C) 2003-2022, Noriaki Ando and OpenRTM development team,
2023-12-13 01:49:33,983 file.manager INFO   Intelligent Systems Research Institute, AIST,
2023-12-13 01:49:33,983 file.manager INFO Copyright (C) 2022, Noriaki Ando and OpenRTM development team,
2023-12-13 01:49:33,983 file.manager INFO   Industrial Cyber-Physical Research Center, AIST,
2023-12-13 01:49:33,983 file.manager INFO   All right reserved.
2023-12-13 01:49:33,983 file.manager INFO Manager starting.
2023-12-13 01:49:33,983 file.manager INFO Starting local logging.
2023-12-13 01:49:33,999 file.manager.namingmanager INFO NameServer connection succeeded: corba/localhost
2023-12-13 01:49:38,107 file.ManagerServant INFO Master manager not found
2023-12-13 01:49:38,107 file.LocalServiceAdmin INFO All the local services are enabled.
2023-12-13 01:49:38,107 file.manager INFO Component type conf file: photospot_enter.conf loaded.
2023-12-13 01:49:38,125 file.ec_base INFO setRate(1000000.000000) done
2023-12-13 01:49:38,125 file.ec_base INFO setRate(1000.000000) done
2023-12-13 01:49:38,125 file.rtobject INFO 1 execution context was created.
2023-12-13 01:49:38,125 file.rtobject INFO Initial active configuration set is default.
2023-12-13 01:49:52,263 file.ManagerServant INFO Master manager not found
2023-12-13 01:50:02,351 file.ManagerServant INFO Master manager not found
2023-12-13 01:50:12,399 file.ManagerServant INFO Master manager not found
2023-12-13 01:50:22,573 file.ManagerServant INFO Master manager not found
2023-12-13 01:50:32,572 file.ManagerServant INFO Master manager not found
2023-12-13 01:50:42,600 file.ManagerServant INFO Master manager not found
2023-12-13 01:50:52,673 file.ManagerServant INFO Master manager not found
2023-12-13 01:51:02,761 file.ManagerServant INFO Master manager not found
2023-12-13 01:51:12,856 file.ManagerServant INFO Master manager not found
2023-12-13 01:51:22,913 file.ManagerServant INFO Master manager not found
2023-12-13 01:51:32,953 file.ManagerServant INFO Master manager not found
2023-12-13 01:51:43,002 file.ManagerServant INFO Master manager not found
2023-12-13 01:51:53,063 file.ManagerServant INFO Master manager not found
2023-12-13 01:52:03,094 file.ManagerServant INFO Master manager not found
2023-12-13 01:52:13,172 file.ManagerServant INFO Master manager not found
2023-12-13 01:52:23,230 file.ManagerServant INFO Master manager not found
2023-12-13 01:52:33,280 file.ManagerServant INFO Master manager not found
2023-12-13 01:52:35,550 file.ec_base ERROR The component is not responding.
2023-12-13 01:52:35,551 file.ec_base ERROR Unknown error: Invalid state transition.
2023-12-13 01:52:43,349 file.ManagerServant INFO Master manager not found
2023-12-13 01:52:53,457 file.ManagerServant INFO Master manager not found
2023-12-13 01:53:03,820 file.ManagerServant INFO Master manager not found
2023-12-13 01:53:13,703 file.ManagerServant INFO Master manager not found
2023-12-13 01:53:23,684 file.ManagerServant INFO Master manager not found
