2023-12-10 12:05:26,848 file.manager INFO 2.0.1
2023-12-10 12:05:26,848 file.manager INFO Copyright (C) 2003-2022, Noriaki Ando and OpenRTM development team,
2023-12-10 12:05:26,848 file.manager INFO   Intelligent Systems Research Institute, AIST,
2023-12-10 12:05:26,848 file.manager INFO Copyright (C) 2022, Noriaki Ando and OpenRTM development team,
2023-12-10 12:05:26,848 file.manager INFO   Industrial Cyber-Physical Research Center, AIST,
2023-12-10 12:05:26,848 file.manager INFO   All right reserved.
2023-12-10 12:05:26,848 file.manager INFO Manager starting.
2023-12-10 12:05:26,848 file.manager INFO Starting local logging.
2023-12-10 12:05:26,848 file.manager.namingmanager INFO NameServer connection succeeded: corba/localhost
2023-12-10 12:05:30,932 file.ManagerServant INFO Master manager not found
2023-12-10 12:05:30,948 file.LocalServiceAdmin INFO All the local services are enabled.
2023-12-10 12:05:30,948 file.manager INFO Component type conf file: photospot_enter.conf loaded.
2023-12-10 12:05:30,948 file.ec_base INFO setRate(1000000.000000) done
2023-12-10 12:05:30,948 file.ec_base INFO setRate(1000.000000) done
2023-12-10 12:05:30,948 file.rtobject INFO 1 execution context was created.
2023-12-10 12:05:30,948 file.rtobject INFO Initial active configuration set is default.
2023-12-10 12:05:45,104 file.ManagerServant INFO Master manager not found
2023-12-10 12:05:55,096 file.ManagerServant INFO Master manager not found
2023-12-10 12:06:04,863 file.OutPortConnector ERROR unkown error.
2023-12-10 12:06:05,141 file.ManagerServant INFO Master manager not found
2023-12-10 12:06:15,215 file.ManagerServant INFO Master manager not found
2023-12-10 12:06:25,232 file.ManagerServant INFO Master manager not found
