2023-12-13 01:44:53,336 file.manager INFO 2.0.1
2023-12-13 01:44:53,336 file.manager INFO Copyright (C) 2003-2022, Noriaki Ando and OpenRTM development team,
2023-12-13 01:44:53,336 file.manager INFO   Intelligent Systems Research Institute, AIST,
2023-12-13 01:44:53,336 file.manager INFO Copyright (C) 2022, Noriaki Ando and OpenRTM development team,
2023-12-13 01:44:53,336 file.manager INFO   Industrial Cyber-Physical Research Center, AIST,
2023-12-13 01:44:53,336 file.manager INFO   All right reserved.
2023-12-13 01:44:53,336 file.manager INFO Manager starting.
2023-12-13 01:44:53,336 file.manager INFO Starting local logging.
2023-12-13 01:44:53,345 file.manager.namingmanager INFO NameServer connection succeeded: corba/localhost
2023-12-13 01:44:57,441 file.ManagerServant INFO Master manager not found
2023-12-13 01:44:57,441 file.LocalServiceAdmin INFO All the local services are enabled.
2023-12-13 01:44:57,453 file.manager INFO Component type conf file: photospot_enter.conf loaded.
2023-12-13 01:44:57,453 file.ec_base INFO setRate(1000000.000000) done
2023-12-13 01:44:57,453 file.ec_base INFO setRate(1000.000000) done
2023-12-13 01:44:57,453 file.rtobject INFO 1 execution context was created.
2023-12-13 01:44:57,453 file.rtobject INFO Initial active configuration set is default.
2023-12-13 01:45:11,549 file.ManagerServant INFO Master manager not found
2023-12-13 01:45:21,567 file.ManagerServant INFO Master manager not found
2023-12-13 01:45:31,639 file.ManagerServant INFO Master manager not found
2023-12-13 01:45:41,694 file.ManagerServant INFO Master manager not found
2023-12-13 01:45:50,873 file.SdoServiceAdmin WARNING No available SDO service in the factory: 
2023-12-13 01:45:50,873 file.SdoServiceAdmin ERROR type  not exists.
2023-12-13 01:45:51,753 file.ManagerServant INFO Master manager not found
2023-12-13 01:46:01,835 file.ManagerServant INFO Master manager not found
2023-12-13 01:46:11,911 file.ManagerServant INFO Master manager not found
2023-12-13 01:46:21,987 file.ManagerServant INFO Master manager not found
2023-12-13 01:46:32,087 file.ManagerServant INFO Master manager not found
2023-12-13 01:46:42,215 file.ManagerServant INFO Master manager not found
2023-12-13 01:46:52,275 file.ManagerServant INFO Master manager not found
2023-12-13 01:47:02,342 file.ManagerServant INFO Master manager not found
2023-12-13 01:47:12,400 file.ManagerServant INFO Master manager not found
2023-12-13 01:47:22,451 file.ManagerServant INFO Master manager not found
2023-12-13 01:47:32,506 file.ManagerServant INFO Master manager not found
2023-12-13 01:47:41,454 file.ec_base ERROR The component is not responding.
2023-12-13 01:47:41,454 file.ec_base ERROR Unknown error: Invalid state transition.
2023-12-13 01:47:42,536 file.ManagerServant INFO Master manager not found
2023-12-13 01:47:52,595 file.ManagerServant INFO Master manager not found
