2023-12-12 23:45:37,951 file.manager INFO 2.0.1
2023-12-12 23:45:37,951 file.manager INFO Copyright (C) 2003-2022, Noriaki Ando and OpenRTM development team,
2023-12-12 23:45:37,951 file.manager INFO   Intelligent Systems Research Institute, AIST,
2023-12-12 23:45:37,951 file.manager INFO Copyright (C) 2022, Noriaki Ando and OpenRTM development team,
2023-12-12 23:45:37,951 file.manager INFO   Industrial Cyber-Physical Research Center, AIST,
2023-12-12 23:45:37,951 file.manager INFO   All right reserved.
2023-12-12 23:45:37,951 file.manager INFO Manager starting.
2023-12-12 23:45:37,951 file.manager INFO Starting local logging.
2023-12-12 23:45:37,965 file.manager.namingmanager INFO NameServer connection succeeded: corba/localhost
2023-12-12 23:45:42,037 file.ManagerServant INFO Master manager not found
2023-12-12 23:45:42,037 file.LocalServiceAdmin INFO All the local services are enabled.
2023-12-12 23:45:42,054 file.manager INFO Component type conf file: photospot_enter.conf loaded.
2023-12-12 23:45:42,054 file.ec_base INFO setRate(1000000.000000) done
2023-12-12 23:45:42,054 file.ec_base INFO setRate(1000.000000) done
2023-12-12 23:45:42,054 file.rtobject INFO 1 execution context was created.
2023-12-12 23:45:42,054 file.rtobject INFO Initial active configuration set is default.
2023-12-12 23:45:56,153 file.ManagerServant INFO Master manager not found
2023-12-12 23:46:06,217 file.ManagerServant INFO Master manager not found
2023-12-12 23:46:16,326 file.ManagerServant INFO Master manager not found
2023-12-12 23:46:26,284 file.ManagerServant INFO Master manager not found
2023-12-12 23:46:36,347 file.ManagerServant INFO Master manager not found
2023-12-12 23:46:46,419 file.ManagerServant INFO Master manager not found
2023-12-12 23:46:56,488 file.ManagerServant INFO Master manager not found
2023-12-12 23:47:06,476 file.ManagerServant INFO Master manager not found
2023-12-12 23:47:08,932 file.ec_base ERROR The component is not responding.
2023-12-12 23:47:08,932 file.ec_base ERROR Unknown error: Invalid state transition.
2023-12-12 23:47:16,599 file.ManagerServant INFO Master manager not found
2023-12-12 23:47:26,611 file.ManagerServant INFO Master manager not found
2023-12-12 23:47:36,619 file.ManagerServant INFO Master manager not found
2023-12-12 23:47:46,709 file.ManagerServant INFO Master manager not found
2023-12-12 23:47:56,798 file.ManagerServant INFO Master manager not found
2023-12-12 23:48:06,881 file.ManagerServant INFO Master manager not found
2023-12-12 23:48:16,893 file.ManagerServant INFO Master manager not found
2023-12-12 23:48:26,994 file.ManagerServant INFO Master manager not found
2023-12-12 23:48:37,027 file.ManagerServant INFO Master manager not found
2023-12-12 23:48:47,091 file.ManagerServant INFO Master manager not found
2023-12-12 23:48:57,162 file.ManagerServant INFO Master manager not found
2023-12-12 23:49:07,212 file.ManagerServant INFO Master manager not found
2023-12-12 23:49:17,304 file.ManagerServant INFO Master manager not found
2023-12-12 23:49:27,321 file.ManagerServant INFO Master manager not found
2023-12-12 23:49:37,327 file.ManagerServant INFO Master manager not found
2023-12-12 23:49:47,413 file.ManagerServant INFO Master manager not found
2023-12-12 23:49:57,526 file.ManagerServant INFO Master manager not found
2023-12-12 23:50:07,563 file.ManagerServant INFO Master manager not found
2023-12-12 23:50:17,650 file.ManagerServant INFO Master manager not found
2023-12-12 23:50:27,678 file.ManagerServant INFO Master manager not found
2023-12-12 23:50:37,776 file.ManagerServant INFO Master manager not found
2023-12-12 23:50:47,809 file.ManagerServant INFO Master manager not found
2023-12-12 23:50:57,831 file.ManagerServant INFO Master manager not found
2023-12-12 23:51:07,855 file.ManagerServant INFO Master manager not found
2023-12-12 23:51:17,878 file.ManagerServant INFO Master manager not found
2023-12-12 23:51:27,888 file.ManagerServant INFO Master manager not found
2023-12-12 23:51:37,905 file.ManagerServant INFO Master manager not found
2023-12-12 23:51:47,962 file.ManagerServant INFO Master manager not found
2023-12-12 23:51:57,974 file.ManagerServant INFO Master manager not found
2023-12-12 23:52:08,085 file.ManagerServant INFO Master manager not found
2023-12-12 23:52:18,140 file.ManagerServant INFO Master manager not found
2023-12-12 23:52:28,171 file.ManagerServant INFO Master manager not found
2023-12-12 23:52:38,229 file.ManagerServant INFO Master manager not found
2023-12-12 23:52:48,254 file.ManagerServant INFO Master manager not found
2023-12-12 23:52:58,301 file.ManagerServant INFO Master manager not found
