2023-12-12 17:44:00,031 file.manager INFO 2.0.1
2023-12-12 17:44:00,031 file.manager INFO Copyright (C) 2003-2022, Noriaki Ando and OpenRTM development team,
2023-12-12 17:44:00,031 file.manager INFO   Intelligent Systems Research Institute, AIST,
2023-12-12 17:44:00,031 file.manager INFO Copyright (C) 2022, Noriaki Ando and OpenRTM development team,
2023-12-12 17:44:00,031 file.manager INFO   Industrial Cyber-Physical Research Center, AIST,
2023-12-12 17:44:00,031 file.manager INFO   All right reserved.
2023-12-12 17:44:00,031 file.manager INFO Manager starting.
2023-12-12 17:44:00,031 file.manager INFO Starting local logging.
2023-12-12 17:44:00,031 file.manager.namingmanager INFO NameServer connection succeeded: corba/localhost
2023-12-12 17:44:04,166 file.ManagerServant INFO Master manager not found
2023-12-12 17:44:04,166 file.LocalServiceAdmin INFO All the local services are enabled.
2023-12-12 17:44:04,166 file.manager INFO Component type conf file: photospot_enter.conf loaded.
2023-12-12 17:44:04,181 file.ec_base INFO setRate(1000000.000000) done
2023-12-12 17:44:04,181 file.ec_base INFO setRate(1000.000000) done
2023-12-12 17:44:04,181 file.rtobject INFO 1 execution context was created.
2023-12-12 17:44:04,181 file.rtobject INFO Initial active configuration set is default.
2023-12-12 17:44:18,292 file.ManagerServant INFO Master manager not found
2023-12-12 17:44:28,380 file.ManagerServant INFO Master manager not found
2023-12-12 17:44:38,487 file.ManagerServant INFO Master manager not found
2023-12-12 17:44:48,498 file.ManagerServant INFO Master manager not found
2023-12-12 17:44:58,559 file.ManagerServant INFO Master manager not found
2023-12-12 17:45:08,564 file.ManagerServant INFO Master manager not found
2023-12-12 17:45:18,581 file.ManagerServant INFO Master manager not found
2023-12-12 17:45:28,649 file.ManagerServant INFO Master manager not found
2023-12-12 17:45:38,697 file.ManagerServant INFO Master manager not found
2023-12-12 17:45:48,729 file.ManagerServant INFO Master manager not found
2023-12-12 17:45:58,756 file.ManagerServant INFO Master manager not found
2023-12-12 17:46:08,795 file.ManagerServant INFO Master manager not found
2023-12-12 17:46:18,859 file.ManagerServant INFO Master manager not found
2023-12-12 17:46:28,915 file.ManagerServant INFO Master manager not found
2023-12-12 17:46:38,995 file.ManagerServant INFO Master manager not found
2023-12-12 17:46:48,994 file.ManagerServant INFO Master manager not found
2023-12-12 17:46:59,009 file.ManagerServant INFO Master manager not found
2023-12-12 17:47:09,071 file.ManagerServant INFO Master manager not found
2023-12-12 17:47:19,094 file.ManagerServant INFO Master manager not found
2023-12-12 17:47:29,134 file.ManagerServant INFO Master manager not found
2023-12-12 17:47:39,154 file.ManagerServant INFO Master manager not found
2023-12-12 17:47:49,193 file.ManagerServant INFO Master manager not found
2023-12-12 17:47:53,968 file.ec_base ERROR The component is not responding.
2023-12-12 17:47:53,969 file.ec_base ERROR Unknown error: Invalid state transition.
2023-12-12 17:47:59,242 file.ManagerServant INFO Master manager not found
