2023-12-12 23:16:27,594 file.manager INFO 2.0.1
2023-12-12 23:16:27,594 file.manager INFO Copyright (C) 2003-2022, Noriaki Ando and OpenRTM development team,
2023-12-12 23:16:27,594 file.manager INFO   Intelligent Systems Research Institute, AIST,
2023-12-12 23:16:27,594 file.manager INFO Copyright (C) 2022, Noriaki Ando and OpenRTM development team,
2023-12-12 23:16:27,594 file.manager INFO   Industrial Cyber-Physical Research Center, AIST,
2023-12-12 23:16:27,594 file.manager INFO   All right reserved.
2023-12-12 23:16:27,594 file.manager INFO Manager starting.
2023-12-12 23:16:27,594 file.manager INFO Starting local logging.
2023-12-12 23:16:31,702 file.manager.namingmanager INFO NameServer connection failed: corba/localhost
2023-12-12 23:16:35,807 file.ManagerServant INFO Master manager not found
2023-12-12 23:16:35,807 file.LocalServiceAdmin INFO All the local services are enabled.
2023-12-12 23:16:35,816 file.manager INFO Component type conf file: photospot_enter.conf loaded.
2023-12-12 23:16:35,816 file.ec_base INFO setRate(1000000.000000) done
2023-12-12 23:16:35,816 file.ec_base INFO setRate(1000.000000) done
2023-12-12 23:16:35,826 file.rtobject INFO 1 execution context was created.
2023-12-12 23:16:35,826 file.rtobject INFO Initial active configuration set is default.
2023-12-12 23:16:45,862 file.manager.namingmanager INFO NameServer connection succeeded: corba/localhost
2023-12-12 23:16:45,862 file.manager.namingmanager INFO Connected to a name server: corba/localhost
2023-12-12 23:16:49,953 file.ManagerServant INFO Master manager not found
2023-12-12 23:17:00,004 file.ManagerServant INFO Master manager not found
2023-12-12 23:17:10,040 file.ManagerServant INFO Master manager not found
2023-12-12 23:17:20,117 file.ManagerServant INFO Master manager not found
2023-12-12 23:17:30,164 file.ManagerServant INFO Master manager not found
2023-12-12 23:17:40,196 file.ManagerServant INFO Master manager not found
2023-12-12 23:17:50,248 file.ManagerServant INFO Master manager not found
2023-12-12 23:18:00,273 file.ManagerServant INFO Master manager not found
2023-12-12 23:18:10,329 file.ManagerServant INFO Master manager not found
2023-12-12 23:18:16,427 file.ec_base ERROR The component is not responding.
2023-12-12 23:18:16,427 file.ec_base ERROR Unknown error: Invalid state transition.
2023-12-12 23:18:20,368 file.ManagerServant INFO Master manager not found
