2023-12-13 00:55:58,881 file.manager INFO 2.0.1
2023-12-13 00:55:58,881 file.manager INFO Copyright (C) 2003-2022, Noriaki Ando and OpenRTM development team,
2023-12-13 00:55:58,881 file.manager INFO   Intelligent Systems Research Institute, AIST,
2023-12-13 00:55:58,881 file.manager INFO Copyright (C) 2022, Noriaki Ando and OpenRTM development team,
2023-12-13 00:55:58,881 file.manager INFO   Industrial Cyber-Physical Research Center, AIST,
2023-12-13 00:55:58,881 file.manager INFO   All right reserved.
2023-12-13 00:55:58,881 file.manager INFO Manager starting.
2023-12-13 00:55:58,881 file.manager INFO Starting local logging.
2023-12-13 00:55:58,896 file.manager.namingmanager INFO NameServer connection succeeded: corba/localhost
2023-12-13 00:56:02,978 file.ManagerServant INFO Master manager not found
2023-12-13 00:56:02,978 file.LocalServiceAdmin INFO All the local services are enabled.
2023-12-13 00:56:02,989 file.manager INFO Component type conf file: photospot_enter.conf loaded.
2023-12-13 00:56:02,993 file.ec_base INFO setRate(1000000.000000) done
2023-12-13 00:56:02,993 file.ec_base INFO setRate(1000.000000) done
2023-12-13 00:56:02,993 file.rtobject INFO 1 execution context was created.
2023-12-13 00:56:02,993 file.rtobject INFO Initial active configuration set is default.
2023-12-13 00:56:17,101 file.ManagerServant INFO Master manager not found
2023-12-13 00:56:27,134 file.ManagerServant INFO Master manager not found
2023-12-13 00:56:37,170 file.ManagerServant INFO Master manager not found
2023-12-13 00:56:47,222 file.ManagerServant INFO Master manager not found
2023-12-13 00:56:57,295 file.ManagerServant INFO Master manager not found
2023-12-13 00:57:07,368 file.ManagerServant INFO Master manager not found
2023-12-13 00:57:17,334 file.ManagerServant INFO Master manager not found
2023-12-13 00:57:27,371 file.ManagerServant INFO Master manager not found
2023-12-13 00:57:37,404 file.ManagerServant INFO Master manager not found
2023-12-13 00:57:47,426 file.ManagerServant INFO Master manager not found
2023-12-13 00:57:57,465 file.ManagerServant INFO Master manager not found
2023-12-13 00:58:00,096 file.SdoServiceAdmin WARNING No available SDO service in the factory: 
2023-12-13 00:58:00,096 file.SdoServiceAdmin ERROR type  not exists.
2023-12-13 00:58:02,084 file.ec_base ERROR The component is not responding.
2023-12-13 00:58:02,085 file.ec_base ERROR Unknown error: Invalid state transition.
