2023-12-10 11:43:22,249 file.manager INFO 2.0.1
2023-12-10 11:43:22,249 file.manager INFO Copyright (C) 2003-2022, Noriaki Ando and OpenRTM development team,
2023-12-10 11:43:22,249 file.manager INFO   Intelligent Systems Research Institute, AIST,
2023-12-10 11:43:22,249 file.manager INFO Copyright (C) 2022, Noriaki Ando and OpenRTM development team,
2023-12-10 11:43:22,249 file.manager INFO   Industrial Cyber-Physical Research Center, AIST,
2023-12-10 11:43:22,249 file.manager INFO   All right reserved.
2023-12-10 11:43:22,249 file.manager INFO Manager starting.
2023-12-10 11:43:22,249 file.manager INFO Starting local logging.
2023-12-10 11:43:26,368 file.manager.namingmanager INFO NameServer connection failed: corba/localhost
2023-12-10 11:43:30,493 file.ManagerServant INFO Master manager not found
2023-12-10 11:43:30,493 file.LocalServiceAdmin INFO All the local services are enabled.
2023-12-10 11:43:30,508 file.manager INFO Component type conf file: photospot_enter.conf loaded.
2023-12-10 11:43:30,508 file.ec_base INFO setRate(1000000.000000) done
2023-12-10 11:43:30,508 file.ec_base INFO setRate(1000.000000) done
2023-12-10 11:43:30,508 file.rtobject INFO 1 execution context was created.
2023-12-10 11:43:30,508 file.rtobject INFO Initial active configuration set is default.
2023-12-10 11:43:42,585 file.manager.namingmanager INFO NameServer connection succeeded: corba/localhost
2023-12-10 11:43:42,585 file.manager.namingmanager INFO Connected to a name server: corba/localhost
2023-12-10 11:43:46,656 file.ManagerServant INFO Master manager not found
2023-12-10 11:43:54,696 file.ManagerServant INFO Master manager not found
2023-12-10 11:44:04,731 file.ManagerServant INFO Master manager not found
2023-12-10 11:44:14,812 file.ManagerServant INFO Master manager not found
2023-12-10 11:44:24,835 file.ManagerServant INFO Master manager not found
2023-12-10 11:44:29,028 file.OutPortConnector ERROR unkown error.
2023-12-10 11:44:34,904 file.ManagerServant INFO Master manager not found
2023-12-10 11:44:44,968 file.ManagerServant INFO Master manager not found
2023-12-10 11:44:54,999 file.ManagerServant INFO Master manager not found
2023-12-10 11:45:05,075 file.ManagerServant INFO Master manager not found
2023-12-10 11:45:15,129 file.ManagerServant INFO Master manager not found
2023-12-10 11:45:24,189 file.SdoServiceAdmin WARNING No available SDO service in the factory: 
2023-12-10 11:45:24,189 file.SdoServiceAdmin ERROR type  not exists.
2023-12-10 11:45:25,144 file.ManagerServant INFO Master manager not found
2023-12-10 11:45:26,836 file.ec_base ERROR The component is not responding.
2023-12-10 11:45:26,836 file.ec_base ERROR Unknown error: Invalid state transition.
