2023-12-10 11:54:32,495 file.manager INFO 2.0.1
2023-12-10 11:54:32,495 file.manager INFO Copyright (C) 2003-2022, Noriaki Ando and OpenRTM development team,
2023-12-10 11:54:32,495 file.manager INFO   Intelligent Systems Research Institute, AIST,
2023-12-10 11:54:32,495 file.manager INFO Copyright (C) 2022, Noriaki Ando and OpenRTM development team,
2023-12-10 11:54:32,495 file.manager INFO   Industrial Cyber-Physical Research Center, AIST,
2023-12-10 11:54:32,495 file.manager INFO   All right reserved.
2023-12-10 11:54:32,495 file.manager INFO Manager starting.
2023-12-10 11:54:32,495 file.manager INFO Starting local logging.
2023-12-10 11:54:32,511 file.manager.namingmanager INFO NameServer connection succeeded: corba/localhost
2023-12-10 11:54:36,592 file.ManagerServant INFO Master manager not found
2023-12-10 11:54:36,592 file.LocalServiceAdmin INFO All the local services are enabled.
2023-12-10 11:54:36,592 file.manager INFO Component type conf file: photospot_enter.conf loaded.
2023-12-10 11:54:36,607 file.ec_base INFO setRate(1000000.000000) done
2023-12-10 11:54:36,607 file.ec_base INFO setRate(1000.000000) done
2023-12-10 11:54:36,607 file.rtobject INFO 1 execution context was created.
2023-12-10 11:54:36,607 file.rtobject INFO Initial active configuration set is default.
2023-12-10 11:54:50,737 file.ManagerServant INFO Master manager not found
2023-12-10 11:55:00,791 file.ManagerServant INFO Master manager not found
2023-12-10 11:55:10,838 file.ManagerServant INFO Master manager not found
2023-12-10 11:55:16,510 file.OutPortConnector ERROR unkown error.
2023-12-10 11:55:20,834 file.ManagerServant INFO Master manager not found
2023-12-10 11:55:30,904 file.ManagerServant INFO Master manager not found
2023-12-10 11:55:40,936 file.ManagerServant INFO Master manager not found
2023-12-10 11:55:51,000 file.ManagerServant INFO Master manager not found
2023-12-10 11:56:01,015 file.ManagerServant INFO Master manager not found
2023-12-10 11:56:04,396 file.ec_base ERROR The component is not responding.
2023-12-10 11:56:04,397 file.ec_base ERROR Unknown error: Invalid state transition.
