2023-11-11 14:57:58,896 file.manager INFO 2.0.1
2023-11-11 14:57:58,896 file.manager INFO Copyright (C) 2003-2022, Noriaki Ando and OpenRTM development team,
2023-11-11 14:57:58,896 file.manager INFO   Intelligent Systems Research Institute, AIST,
2023-11-11 14:57:58,896 file.manager INFO Copyright (C) 2022, Noriaki Ando and OpenRTM development team,
2023-11-11 14:57:58,896 file.manager INFO   Industrial Cyber-Physical Research Center, AIST,
2023-11-11 14:57:58,896 file.manager INFO   All right reserved.
2023-11-11 14:57:58,896 file.manager INFO Manager starting.
2023-11-11 14:57:58,896 file.manager INFO Starting local logging.
2023-11-11 14:57:58,912 file.manager.namingmanager INFO NameServer connection succeeded: corba/localhost
2023-11-11 14:58:03,004 file.ManagerServant INFO Master manager not found
2023-11-11 14:58:03,004 file.LocalServiceAdmin INFO All the local services are enabled.
2023-11-11 14:58:03,004 file.manager INFO Component type conf file: photospot_enter.conf loaded.
2023-11-11 14:58:03,019 file.ec_base INFO setRate(1000000.000000) done
2023-11-11 14:58:03,019 file.ec_base INFO setRate(1000.000000) done
2023-11-11 14:58:03,019 file.rtobject INFO 1 execution context was created.
2023-11-11 14:58:03,019 file.rtobject INFO Initial active configuration set is default.
2023-11-11 14:58:08,552 file.SdoServiceAdmin WARNING No available SDO service in the factory: 
2023-11-11 14:58:08,552 file.SdoServiceAdmin ERROR type  not exists.
2023-11-11 14:58:17,134 file.ManagerServant INFO Master manager not found
2023-11-11 14:58:29,757 file.ManagerServant INFO Master manager not found
2023-11-11 14:58:37,211 file.ManagerServant INFO Master manager not found
2023-11-11 14:58:47,212 file.ManagerServant INFO Master manager not found
2023-11-11 14:58:57,277 file.ManagerServant INFO Master manager not found
2023-11-11 14:59:07,317 file.ManagerServant INFO Master manager not found
2023-11-11 14:59:17,368 file.ManagerServant INFO Master manager not found
2023-11-11 14:59:27,387 file.ManagerServant INFO Master manager not found
2023-11-11 14:59:37,429 file.ManagerServant INFO Master manager not found
2023-11-11 14:59:47,474 file.ManagerServant INFO Master manager not found
2023-11-11 14:59:57,548 file.ManagerServant INFO Master manager not found
2023-11-11 15:00:07,626 file.ManagerServant INFO Master manager not found
2023-11-11 15:00:17,683 file.ManagerServant INFO Master manager not found
2023-11-11 15:00:27,743 file.ManagerServant INFO Master manager not found
2023-11-11 15:00:37,845 file.ManagerServant INFO Master manager not found
2023-11-11 15:00:44,164 file.OutPortConnector ERROR unkown error.
2023-11-11 15:00:47,810 file.ManagerServant INFO Master manager not found
2023-11-11 15:00:57,846 file.ManagerServant INFO Master manager not found
2023-11-11 15:01:07,868 file.ManagerServant INFO Master manager not found
2023-11-11 15:01:17,901 file.ManagerServant INFO Master manager not found
2023-11-11 15:01:27,888 file.ManagerServant INFO Master manager not found
2023-11-11 15:01:38,005 file.ManagerServant INFO Master manager not found
2023-11-11 15:01:47,994 file.ManagerServant INFO Master manager not found
2023-11-11 15:01:58,135 file.ManagerServant INFO Master manager not found
2023-11-11 15:01:59,110 file.ec_base ERROR The component is not responding.
2023-11-11 15:01:59,110 file.ec_base ERROR Unknown error: Invalid state transition.
