2023-12-12 22:37:01,749 file.manager INFO 2.0.1
2023-12-12 22:37:01,749 file.manager INFO Copyright (C) 2003-2022, Noriaki Ando and OpenRTM development team,
2023-12-12 22:37:01,749 file.manager INFO   Intelligent Systems Research Institute, AIST,
2023-12-12 22:37:01,749 file.manager INFO Copyright (C) 2022, Noriaki Ando and OpenRTM development team,
2023-12-12 22:37:01,749 file.manager INFO   Industrial Cyber-Physical Research Center, AIST,
2023-12-12 22:37:01,749 file.manager INFO   All right reserved.
2023-12-12 22:37:01,749 file.manager INFO Manager starting.
2023-12-12 22:37:01,749 file.manager INFO Starting local logging.
2023-12-12 22:37:01,749 file.manager.namingmanager INFO NameServer connection succeeded: corba/localhost
2023-12-12 22:37:05,849 file.ManagerServant INFO Master manager not found
2023-12-12 22:37:05,849 file.LocalServiceAdmin INFO All the local services are enabled.
2023-12-12 22:37:05,849 file.manager INFO Component type conf file: photospot_enter.conf loaded.
2023-12-12 22:37:05,849 file.ec_base INFO setRate(1000000.000000) done
2023-12-12 22:37:05,849 file.ec_base INFO setRate(1000.000000) done
2023-12-12 22:37:05,849 file.rtobject INFO 1 execution context was created.
2023-12-12 22:37:05,864 file.rtobject INFO Initial active configuration set is default.
2023-12-12 22:37:20,001 file.ManagerServant INFO Master manager not found
2023-12-12 22:37:30,060 file.ManagerServant INFO Master manager not found
2023-12-12 22:37:40,113 file.ManagerServant INFO Master manager not found
2023-12-12 22:37:50,151 file.ManagerServant INFO Master manager not found
2023-12-12 22:38:00,196 file.ManagerServant INFO Master manager not found
2023-12-12 22:38:10,246 file.ManagerServant INFO Master manager not found
2023-12-12 22:38:20,297 file.ManagerServant INFO Master manager not found
2023-12-12 22:38:27,596 file.ec_base ERROR The component is not responding.
2023-12-12 22:38:27,596 file.ec_base ERROR Unknown error: Invalid state transition.
2023-12-12 22:38:30,290 file.ManagerServant INFO Master manager not found
2023-12-12 22:38:30,392 file.SdoServiceAdmin WARNING No available SDO service in the factory: 
2023-12-12 22:38:30,392 file.SdoServiceAdmin ERROR type  not exists.
2023-12-12 22:38:40,364 file.ManagerServant INFO Master manager not found
2023-12-12 22:38:50,459 file.ManagerServant INFO Master manager not found
2023-12-12 22:39:00,457 file.ManagerServant INFO Master manager not found
2023-12-12 22:39:10,562 file.ManagerServant INFO Master manager not found
