2023-12-12 22:17:03,783 file.manager INFO 2.0.1
2023-12-12 22:17:03,783 file.manager INFO Copyright (C) 2003-2022, Noriaki Ando and OpenRTM development team,
2023-12-12 22:17:03,783 file.manager INFO   Intelligent Systems Research Institute, AIST,
2023-12-12 22:17:03,783 file.manager INFO Copyright (C) 2022, Noriaki Ando and OpenRTM development team,
2023-12-12 22:17:03,783 file.manager INFO   Industrial Cyber-Physical Research Center, AIST,
2023-12-12 22:17:03,783 file.manager INFO   All right reserved.
2023-12-12 22:17:03,783 file.manager INFO Manager starting.
2023-12-12 22:17:03,783 file.manager INFO Starting local logging.
2023-12-12 22:17:07,868 file.manager.namingmanager INFO NameServer connection failed: corba/localhost
2023-12-12 22:17:11,976 file.ManagerServant INFO Master manager not found
2023-12-12 22:17:11,976 file.LocalServiceAdmin INFO All the local services are enabled.
2023-12-12 22:17:11,976 file.manager INFO Component type conf file: photospot_enter.conf loaded.
2023-12-12 22:17:11,989 file.ec_base INFO setRate(1000000.000000) done
2023-12-12 22:17:11,989 file.ec_base INFO setRate(1000.000000) done
2023-12-12 22:17:11,989 file.rtobject INFO 1 execution context was created.
2023-12-12 22:17:11,989 file.rtobject INFO Initial active configuration set is default.
2023-12-12 22:17:22,030 file.manager.namingmanager INFO NameServer connection succeeded: corba/localhost
2023-12-12 22:17:22,030 file.manager.namingmanager INFO Connected to a name server: corba/localhost
2023-12-12 22:17:26,087 file.ManagerServant INFO Master manager not found
2023-12-12 22:17:36,201 file.ManagerServant INFO Master manager not found
2023-12-12 22:17:46,211 file.ManagerServant INFO Master manager not found
2023-12-12 22:17:56,273 file.ManagerServant INFO Master manager not found
2023-12-12 22:18:06,306 file.ManagerServant INFO Master manager not found
2023-12-12 22:18:16,361 file.ManagerServant INFO Master manager not found
2023-12-12 22:18:26,420 file.ManagerServant INFO Master manager not found
2023-12-12 22:18:36,468 file.ManagerServant INFO Master manager not found
2023-12-12 22:18:46,500 file.ManagerServant INFO Master manager not found
2023-12-12 22:18:56,590 file.ManagerServant INFO Master manager not found
2023-12-12 22:19:06,642 file.ManagerServant INFO Master manager not found
2023-12-12 22:19:14,305 file.ec_base ERROR The component is not responding.
2023-12-12 22:19:14,305 file.ec_base ERROR Unknown error: Invalid state transition.
2023-12-12 22:19:16,660 file.ManagerServant INFO Master manager not found
