2023-12-12 23:53:15,599 file.manager INFO 2.0.1
2023-12-12 23:53:15,599 file.manager INFO Copyright (C) 2003-2022, Noriaki Ando and OpenRTM development team,
2023-12-12 23:53:15,599 file.manager INFO   Intelligent Systems Research Institute, AIST,
2023-12-12 23:53:15,599 file.manager INFO Copyright (C) 2022, Noriaki Ando and OpenRTM development team,
2023-12-12 23:53:15,599 file.manager INFO   Industrial Cyber-Physical Research Center, AIST,
2023-12-12 23:53:15,599 file.manager INFO   All right reserved.
2023-12-12 23:53:15,599 file.manager INFO Manager starting.
2023-12-12 23:53:15,599 file.manager INFO Starting local logging.
2023-12-12 23:53:15,614 file.manager.namingmanager INFO NameServer connection succeeded: corba/localhost
2023-12-12 23:53:19,725 file.ManagerServant INFO Master manager not found
2023-12-12 23:53:19,725 file.LocalServiceAdmin INFO All the local services are enabled.
2023-12-12 23:53:19,725 file.manager INFO Component type conf file: photospot_enter.conf loaded.
2023-12-12 23:53:19,725 file.ec_base INFO setRate(1000000.000000) done
2023-12-12 23:53:19,725 file.ec_base INFO setRate(1000.000000) done
2023-12-12 23:53:19,725 file.rtobject INFO 1 execution context was created.
2023-12-12 23:53:19,742 file.rtobject INFO Initial active configuration set is default.
2023-12-12 23:53:33,844 file.ManagerServant INFO Master manager not found
2023-12-12 23:53:43,935 file.ManagerServant INFO Master manager not found
2023-12-12 23:53:53,998 file.ManagerServant INFO Master manager not found
2023-12-12 23:54:04,062 file.ManagerServant INFO Master manager not found
2023-12-12 23:54:14,111 file.ManagerServant INFO Master manager not found
2023-12-12 23:54:24,152 file.ManagerServant INFO Master manager not found
2023-12-12 23:54:34,229 file.ManagerServant INFO Master manager not found
2023-12-12 23:54:44,283 file.ManagerServant INFO Master manager not found
2023-12-12 23:54:54,338 file.ManagerServant INFO Master manager not found
2023-12-12 23:55:04,384 file.ManagerServant INFO Master manager not found
2023-12-12 23:55:14,481 file.ManagerServant INFO Master manager not found
2023-12-12 23:55:24,491 file.ManagerServant INFO Master manager not found
2023-12-12 23:55:34,538 file.ManagerServant INFO Master manager not found
2023-12-12 23:55:44,570 file.ManagerServant INFO Master manager not found
2023-12-12 23:55:54,599 file.ManagerServant INFO Master manager not found
2023-12-12 23:56:04,658 file.ManagerServant INFO Master manager not found
2023-12-12 23:56:14,653 file.ManagerServant INFO Master manager not found
2023-12-12 23:56:24,712 file.ManagerServant INFO Master manager not found
2023-12-12 23:56:34,732 file.ManagerServant INFO Master manager not found
2023-12-12 23:56:35,605 file.ec_base ERROR The component is not responding.
2023-12-12 23:56:35,605 file.ec_base ERROR Unknown error: Invalid state transition.
