2023-12-12 21:43:59,283 file.manager INFO 2.0.1
2023-12-12 21:43:59,283 file.manager INFO Copyright (C) 2003-2022, Noriaki Ando and OpenRTM development team,
2023-12-12 21:43:59,283 file.manager INFO   Intelligent Systems Research Institute, AIST,
2023-12-12 21:43:59,283 file.manager INFO Copyright (C) 2022, Noriaki Ando and OpenRTM development team,
2023-12-12 21:43:59,283 file.manager INFO   Industrial Cyber-Physical Research Center, AIST,
2023-12-12 21:43:59,283 file.manager INFO   All right reserved.
2023-12-12 21:43:59,283 file.manager INFO Manager starting.
2023-12-12 21:43:59,283 file.manager INFO Starting local logging.
2023-12-12 21:43:59,299 file.manager.namingmanager INFO NameServer connection succeeded: corba/localhost
2023-12-12 21:44:03,422 file.ManagerServant INFO Master manager not found
2023-12-12 21:44:03,422 file.LocalServiceAdmin INFO All the local services are enabled.
2023-12-12 21:44:03,438 file.manager INFO Component type conf file: photospot_enter.conf loaded.
2023-12-12 21:44:03,438 file.ec_base INFO setRate(1000000.000000) done
2023-12-12 21:44:03,438 file.ec_base INFO setRate(1000.000000) done
2023-12-12 21:44:03,438 file.rtobject INFO 1 execution context was created.
2023-12-12 21:44:03,438 file.rtobject INFO Initial active configuration set is default.
2023-12-12 21:44:17,525 file.ManagerServant INFO Master manager not found
2023-12-12 21:44:27,569 file.ManagerServant INFO Master manager not found
2023-12-12 21:44:37,625 file.ManagerServant INFO Master manager not found
2023-12-12 21:44:47,686 file.ManagerServant INFO Master manager not found
2023-12-12 21:44:57,730 file.ManagerServant INFO Master manager not found
2023-12-12 21:45:07,797 file.ManagerServant INFO Master manager not found
2023-12-12 21:45:17,815 file.ManagerServant INFO Master manager not found
2023-12-12 21:45:27,834 file.ManagerServant INFO Master manager not found
2023-12-12 21:45:37,892 file.ManagerServant INFO Master manager not found
2023-12-12 21:45:47,914 file.ManagerServant INFO Master manager not found
2023-12-12 21:45:57,956 file.ManagerServant INFO Master manager not found
2023-12-12 21:46:07,992 file.ManagerServant INFO Master manager not found
2023-12-12 21:46:18,043 file.ManagerServant INFO Master manager not found
2023-12-12 21:46:28,072 file.ManagerServant INFO Master manager not found
2023-12-12 21:46:38,088 file.ManagerServant INFO Master manager not found
2023-12-12 21:46:48,123 file.ManagerServant INFO Master manager not found
2023-12-12 21:46:58,129 file.ManagerServant INFO Master manager not found
2023-12-12 21:47:08,115 file.ManagerServant INFO Master manager not found
2023-12-12 21:47:18,223 file.ManagerServant INFO Master manager not found
2023-12-12 21:47:28,256 file.ManagerServant INFO Master manager not found
2023-12-12 21:47:38,289 file.ManagerServant INFO Master manager not found
2023-12-12 21:47:48,341 file.ManagerServant INFO Master manager not found
2023-12-12 21:47:58,367 file.ManagerServant INFO Master manager not found
2023-12-12 21:48:08,440 file.ManagerServant INFO Master manager not found
2023-12-12 21:48:18,488 file.ManagerServant INFO Master manager not found
2023-12-12 21:48:28,541 file.ManagerServant INFO Master manager not found
2023-12-12 21:48:38,558 file.ManagerServant INFO Master manager not found
2023-12-12 21:48:48,600 file.ManagerServant INFO Master manager not found
2023-12-12 21:48:58,669 file.ManagerServant INFO Master manager not found
2023-12-12 21:49:01,674 file.ec_base ERROR The component is not responding.
2023-12-12 21:49:01,674 file.ec_base ERROR Unknown error: Invalid state transition.
