2023-12-10 12:26:56,661 file.manager INFO 2.0.1
2023-12-10 12:26:56,661 file.manager INFO Copyright (C) 2003-2022, Noriaki Ando and OpenRTM development team,
2023-12-10 12:26:56,661 file.manager INFO   Intelligent Systems Research Institute, AIST,
2023-12-10 12:26:56,661 file.manager INFO Copyright (C) 2022, Noriaki Ando and OpenRTM development team,
2023-12-10 12:26:56,661 file.manager INFO   Industrial Cyber-Physical Research Center, AIST,
2023-12-10 12:26:56,661 file.manager INFO   All right reserved.
2023-12-10 12:26:56,661 file.manager INFO Manager starting.
2023-12-10 12:26:56,661 file.manager INFO Starting local logging.
2023-12-10 12:26:56,676 file.manager.namingmanager INFO NameServer connection succeeded: corba/localhost
2023-12-10 12:27:00,806 file.ManagerServant INFO Master manager not found
2023-12-10 12:27:00,806 file.LocalServiceAdmin INFO All the local services are enabled.
2023-12-10 12:27:00,819 file.manager INFO Component type conf file: photospot_enter.conf loaded.
2023-12-10 12:27:00,822 file.ec_base INFO setRate(1000000.000000) done
2023-12-10 12:27:00,822 file.ec_base INFO setRate(1000.000000) done
2023-12-10 12:27:00,822 file.rtobject INFO 1 execution context was created.
2023-12-10 12:27:00,822 file.rtobject INFO Initial active configuration set is default.
2023-12-10 12:27:14,935 file.ManagerServant INFO Master manager not found
2023-12-10 12:27:22,175 file.OutPortConnector ERROR unkown error.
2023-12-10 12:27:24,983 file.ManagerServant INFO Master manager not found
2023-12-10 12:27:35,044 file.ManagerServant INFO Master manager not found
2023-12-10 12:27:45,086 file.ManagerServant INFO Master manager not found
2023-12-10 12:27:55,134 file.ManagerServant INFO Master manager not found
2023-12-10 12:27:55,614 file.ec_base ERROR The component is not responding.
2023-12-10 12:27:55,614 file.ec_base ERROR Unknown error: Invalid state transition.
2023-12-10 12:27:58,015 file.SdoServiceAdmin WARNING No available SDO service in the factory: 
2023-12-10 12:27:58,015 file.SdoServiceAdmin ERROR type  not exists.
