2023-11-25 13:30:45,867 file.manager INFO 2.0.1
2023-11-25 13:30:45,867 file.manager INFO Copyright (C) 2003-2022, Noriaki Ando and OpenRTM development team,
2023-11-25 13:30:45,867 file.manager INFO   Intelligent Systems Research Institute, AIST,
2023-11-25 13:30:45,867 file.manager INFO Copyright (C) 2022, Noriaki Ando and OpenRTM development team,
2023-11-25 13:30:45,867 file.manager INFO   Industrial Cyber-Physical Research Center, AIST,
2023-11-25 13:30:45,867 file.manager INFO   All right reserved.
2023-11-25 13:30:45,867 file.manager INFO Manager starting.
2023-11-25 13:30:45,867 file.manager INFO Starting local logging.
2023-11-25 13:30:45,867 file.manager.namingmanager INFO NameServer connection succeeded: corba/localhost
2023-11-25 13:30:49,989 file.ManagerServant INFO Master manager not found
2023-11-25 13:30:49,989 file.LocalServiceAdmin INFO All the local services are enabled.
2023-11-25 13:30:50,004 file.manager INFO Component type conf file: photospot_enter.conf loaded.
2023-11-25 13:30:50,004 file.ec_base INFO setRate(1000000.000000) done
2023-11-25 13:30:50,004 file.ec_base INFO setRate(1000.000000) done
2023-11-25 13:30:50,004 file.rtobject INFO 1 execution context was created.
2023-11-25 13:30:50,004 file.rtobject INFO Initial active configuration set is default.
2023-11-25 13:31:04,096 file.ManagerServant INFO Master manager not found
2023-11-25 13:31:14,168 file.ManagerServant INFO Master manager not found
2023-11-25 13:31:24,233 file.ManagerServant INFO Master manager not found
2023-11-25 13:31:34,285 file.ManagerServant INFO Master manager not found
2023-11-25 13:31:44,359 file.ManagerServant INFO Master manager not found
2023-11-25 13:31:47,192 file.SdoServiceAdmin WARNING No available SDO service in the factory: 
2023-11-25 13:31:47,192 file.SdoServiceAdmin ERROR type  not exists.
2023-11-25 13:31:54,421 file.ManagerServant INFO Master manager not found
2023-11-25 13:32:04,484 file.ManagerServant INFO Master manager not found
2023-11-25 13:32:14,600 file.ManagerServant INFO Master manager not found
2023-11-25 13:32:24,653 file.ManagerServant INFO Master manager not found
2023-11-25 13:32:34,713 file.ManagerServant INFO Master manager not found
2023-11-25 13:32:44,796 file.ManagerServant INFO Master manager not found
2023-11-25 13:32:54,883 file.ManagerServant INFO Master manager not found
