2023-12-10 12:55:30,152 file.manager INFO 2.0.1
2023-12-10 12:55:30,152 file.manager INFO Copyright (C) 2003-2022, Noriaki Ando and OpenRTM development team,
2023-12-10 12:55:30,152 file.manager INFO   Intelligent Systems Research Institute, AIST,
2023-12-10 12:55:30,152 file.manager INFO Copyright (C) 2022, Noriaki Ando and OpenRTM development team,
2023-12-10 12:55:30,152 file.manager INFO   Industrial Cyber-Physical Research Center, AIST,
2023-12-10 12:55:30,152 file.manager INFO   All right reserved.
2023-12-10 12:55:30,152 file.manager INFO Manager starting.
2023-12-10 12:55:30,152 file.manager INFO Starting local logging.
2023-12-10 12:55:30,168 file.manager.namingmanager INFO NameServer connection succeeded: corba/localhost
2023-12-10 12:55:34,279 file.ManagerServant INFO Master manager not found
2023-12-10 12:55:34,290 file.LocalServiceAdmin INFO All the local services are enabled.
2023-12-10 12:55:34,290 file.manager INFO Component type conf file: photospot_enter.conf loaded.
2023-12-10 12:55:34,290 file.ec_base INFO setRate(1000000.000000) done
2023-12-10 12:55:34,290 file.ec_base INFO setRate(1000.000000) done
2023-12-10 12:55:34,290 file.rtobject INFO 1 execution context was created.
2023-12-10 12:55:34,290 file.rtobject INFO Initial active configuration set is default.
2023-12-10 12:55:48,441 file.ManagerServant INFO Master manager not found
2023-12-10 12:55:58,466 file.ManagerServant INFO Master manager not found
2023-12-10 12:56:05,315 file.OutPortConnector ERROR unkown error.
2023-12-10 12:56:08,470 file.ManagerServant INFO Master manager not found
2023-12-10 12:56:18,526 file.ManagerServant INFO Master manager not found
2023-12-10 12:56:28,537 file.ManagerServant INFO Master manager not found
2023-12-10 12:56:38,643 file.ManagerServant INFO Master manager not found
2023-12-10 12:56:48,705 file.ManagerServant INFO Master manager not found
2023-12-10 12:56:58,684 file.ManagerServant INFO Master manager not found
2023-12-10 12:57:01,982 file.ec_base ERROR The component is not responding.
2023-12-10 12:57:01,982 file.ec_base ERROR Unknown error: Invalid state transition.
2023-12-10 12:57:08,751 file.ManagerServant INFO Master manager not found
